2024/03/06 22:50:30 
INFO: 2024/03/06 22:50:30                - - - - Trace-Network - - - -   
INFO: 2024/03/06 22:50:30 Unique-ID: c8d0dddadd0bbefa0cbdf1816df1e641
INFO: 2024/03/06 22:50:30 --- ALERT
INFO: 2024/03/06 22:50:30 TXNID: 2b588f38-d1bc-40bf-85fc-91397bc98465
INFO: 2024/03/06 22:50:30 ID: e99a18c428cb38d5f260853678922e03
INFO: 2024/03/06 22:50:30 TXNID: 2b588f38-d1bc-40bf-85fc-91397bc98465
INFO: 2024/03/06 22:50:30 NETWORKALERT: e99a18c428cb38d5f260853678922e03
INFO: 2024/03/06 22:50:30 NETWORKID: 2b588f38-d1bc-40bf-85fc-91397bc98465
INFO: 2024/03/06 22:50:30 SOURCEID: GB98MIDL07009312345678
INFO: 2024/03/06 22:50:30 DESTID: GB98MIDL07009312345678
INFO: 2024/03/06 22:50:30 SOURCEBANKID: DEUTDEFF
INFO: 2024/03/06 22:50:30 SOURCEBANKNAME: Barclays
INFO: 2024/03/06 22:50:30 DESTBANKID: DEUTDEFF
INFO: 2024/03/06 22:50:30 DESTBANKNAME: Lloyds
INFO: 2024/03/06 22:50:30 TRACETYPE: FRAUD
INFO: 2024/03/06 22:50:30 PARENTID: e99a18c428cb38d5f260853678922e03
INFO: 2024/03/06 22:50:30 DECISIONDATE: 2017-07-21 17:32:28.001 +0000 UTC
INFO: 2024/03/06 22:50:30 STATUS: false
INFO: 2024/03/06 22:50:30 NEXTPAGINATIONTOKEN: asc:1617275388000:2SKqogOYg2UQRnP1a4oJ66TFHcvfpZpt
INFO: 2024/03/06 22:50:30 PREVIOUSPAGINATIONTOKEN: asc:1617275388000:2SKqogOYg2UQRnP1a4oJ66TFHcvfpZpt
INFO: 2024/03/06 22:50:30 --- TRACE_ACC_ALERT
INFO: 2024/03/06 22:50:30 ID: e99a18c428cb38d5f260853678922e03
INFO: 2024/03/06 22:50:30 NETWORKALERTID: e99a18c428cb38d5f260853678922e03
INFO: 2024/03/06 22:50:30 ACCOUNTID: GB98MIDL07009312345678
INFO: 2024/03/06 22:50:30 NETWORKID: 2b588f38-d1bc-40bf-85fc-91397bc98465
INFO: 2024/03/06 22:50:30 OWNINGBANKID: DEUTDEFF
INFO: 2024/03/06 22:50:30 OWNINGBANKNAME: OwningBank
INFO: 2024/03/06 22:50:30 TIME: 2017-07-21 17:32:28.001 +0000 UTC
INFO: 2024/03/06 22:50:30 --- TRACE_VIZURL 
INFO: 2024/03/06 22:50:30 VIZURL: http://127.0.0.1:8000/financial-crime/visualisations/network
INFO: 2024/03/06 22:50:30 RESPONSE:  Success  
INFO: 2024/03/06 22:50:30 SOURCETXNID: 2b588f38-d1bc-40bf-85fc-91397bc98465
INFO: 2024/03/06 22:50:30 SOURCETXNTYPE: FRAUD
INFO: 2024/03/06 22:50:30 PARENTALERTID: e99a18c428cb38d5f260853678922e03
INFO: 2024/03/06 22:50:30 DECISIONDATE: 2017-07-21 17:32:28.001 +0000 UTC
INFO: 2024/03/06 22:50:30 NETWORKALERTID: e99a18c428cb38d5f260853678922e03
INFO: 2024/03/06 22:50:30 =========================================================================================
2024/03/06 22:50:30 
