2024/03/01 01:54:55 
INFO: 2024/03/01 01:54:55                - - - - Trace-Network - - - -   
INFO: 2024/03/01 01:54:55 Unique-ID: 00efbc0397c21961da3bb1b7217a90c0
INFO: 2024/03/01 01:54:55 --- ALERT
INFO: 2024/03/01 01:54:55 TXNID: 2b588f38-d1bc-40bf-85fc-91397bc98465
INFO: 2024/03/01 01:54:55 ID: e99a18c428cb38d5f260853678922e03
INFO: 2024/03/01 01:54:55 TXNID: 2b588f38-d1bc-40bf-85fc-91397bc98465
INFO: 2024/03/01 01:54:55 NETWORKALERT: e99a18c428cb38d5f260853678922e03
INFO: 2024/03/01 01:54:55 NETWORKID: 2b588f38-d1bc-40bf-85fc-91397bc98465
INFO: 2024/03/01 01:54:55 SOURCEID: GB98MIDL07009312345678
INFO: 2024/03/01 01:54:55 DESTID: GB98MIDL07009312345678
INFO: 2024/03/01 01:54:55 SOURCEBANKID: DEUTDEFF
INFO: 2024/03/01 01:54:55 SOURCEBANKNAME: Barclays
INFO: 2024/03/01 01:54:55 DESTBANKID: DEUTDEFF
INFO: 2024/03/01 01:54:55 DESTBANKNAME: Lloyds
INFO: 2024/03/01 01:54:55 TRACETYPE: FRAUD
INFO: 2024/03/01 01:54:55 PARENTID: e99a18c428cb38d5f260853678922e03
INFO: 2024/03/01 01:54:55 DECISIONDATE: 2017-07-21 17:32:28.001 +0000 UTC
INFO: 2024/03/01 01:54:55 STATUS: false
INFO: 2024/03/01 01:54:55 NEXTPAGINATIONTOKEN: asc:1617275388000:2SKqogOYg2UQRnP1a4oJ66TFHcvfpZpt
INFO: 2024/03/01 01:54:55 PREVIOUSPAGINATIONTOKEN: asc:1617275388000:2SKqogOYg2UQRnP1a4oJ66TFHcvfpZpt
INFO: 2024/03/01 01:54:55 --- TRACE_ACC_ALERT
INFO: 2024/03/01 01:54:55 ID: e99a18c428cb38d5f260853678922e03
INFO: 2024/03/01 01:54:55 NETWORKALERTID: e99a18c428cb38d5f260853678922e03
INFO: 2024/03/01 01:54:55 ACCOUNTID: GB98MIDL07009312345678
INFO: 2024/03/01 01:54:55 NETWORKID: 2b588f38-d1bc-40bf-85fc-91397bc98465
INFO: 2024/03/01 01:54:55 OWNINGBANKID: DEUTDEFF
INFO: 2024/03/01 01:54:55 OWNINGBANKNAME: OwningBank
INFO: 2024/03/01 01:54:55 TIME: 2017-07-21 17:32:28.001 +0000 UTC
INFO: 2024/03/01 01:54:55 --- TRACE_VIZURL 
INFO: 2024/03/01 01:54:55 VIZURL: http://127.0.0.1:8000/financial-crime/visualisations/network
INFO: 2024/03/01 01:54:55 RESPONSE:  Success  
INFO: 2024/03/01 01:54:55 SOURCETXNID: 2b588f38-d1bc-40bf-85fc-91397bc98465
INFO: 2024/03/01 01:54:55 SOURCETXNTYPE: FRAUD
INFO: 2024/03/01 01:54:55 PARENTALERTID: e99a18c428cb38d5f260853678922e03
INFO: 2024/03/01 01:54:55 DECISIONDATE: 2017-07-21 17:32:28.001 +0000 UTC
INFO: 2024/03/01 01:54:55 NETWORKALERTID: e99a18c428cb38d5f260853678922e03
INFO: 2024/03/01 01:54:55 =========================================================================================
2024/03/01 01:54:55 
2024/03/01 01:54:56 
INFO: 2024/03/01 01:54:56                - - - - Trace-Network - - - -   
INFO: 2024/03/01 01:54:56 Unique-ID: cfda9be2541496695bd793f78b8bdc49
INFO: 2024/03/01 01:54:56 --- ALERT
INFO: 2024/03/01 01:54:56 TXNID: 2b588f38-d1bc-40bf-85fc-91397bc98465
INFO: 2024/03/01 01:54:56 ID: e99a18c428cb38d5f260853678922e03
INFO: 2024/03/01 01:54:56 TXNID: 2b588f38-d1bc-40bf-85fc-91397bc98465
INFO: 2024/03/01 01:54:56 NETWORKALERT: e99a18c428cb38d5f260853678922e03
INFO: 2024/03/01 01:54:56 NETWORKID: 2b588f38-d1bc-40bf-85fc-91397bc98465
INFO: 2024/03/01 01:54:56 SOURCEID: GB98MIDL07009312345678
INFO: 2024/03/01 01:54:56 DESTID: GB98MIDL07009312345678
INFO: 2024/03/01 01:54:56 SOURCEBANKID: DEUTDEFF
INFO: 2024/03/01 01:54:56 SOURCEBANKNAME: Barclays
INFO: 2024/03/01 01:54:56 DESTBANKID: DEUTDEFF
INFO: 2024/03/01 01:54:56 DESTBANKNAME: Lloyds
INFO: 2024/03/01 01:54:56 TRACETYPE: FRAUD
INFO: 2024/03/01 01:54:56 PARENTID: e99a18c428cb38d5f260853678922e03
INFO: 2024/03/01 01:54:56 DECISIONDATE: 2017-07-21 17:32:28.001 +0000 UTC
INFO: 2024/03/01 01:54:56 STATUS: false
INFO: 2024/03/01 01:54:56 NEXTPAGINATIONTOKEN: asc:1617275388000:2SKqogOYg2UQRnP1a4oJ66TFHcvfpZpt
INFO: 2024/03/01 01:54:56 PREVIOUSPAGINATIONTOKEN: asc:1617275388000:2SKqogOYg2UQRnP1a4oJ66TFHcvfpZpt
INFO: 2024/03/01 01:54:56 --- TRACE_ACC_ALERT
INFO: 2024/03/01 01:54:56 ID: e99a18c428cb38d5f260853678922e03
INFO: 2024/03/01 01:54:56 NETWORKALERTID: e99a18c428cb38d5f260853678922e03
INFO: 2024/03/01 01:54:56 ACCOUNTID: GB98MIDL07009312345678
INFO: 2024/03/01 01:54:56 NETWORKID: 2b588f38-d1bc-40bf-85fc-91397bc98465
INFO: 2024/03/01 01:54:56 OWNINGBANKID: DEUTDEFF
INFO: 2024/03/01 01:54:56 OWNINGBANKNAME: OwningBank
INFO: 2024/03/01 01:54:56 TIME: 2017-07-21 17:32:28.001 +0000 UTC
INFO: 2024/03/01 01:54:56 --- TRACE_VIZURL 
INFO: 2024/03/01 01:54:56 VIZURL: http://127.0.0.1:8000/financial-crime/visualisations/network
INFO: 2024/03/01 01:54:56 RESPONSE:  Success  
INFO: 2024/03/01 01:54:56 SOURCETXNID: 2b588f38-d1bc-40bf-85fc-91397bc98465
INFO: 2024/03/01 01:54:56 SOURCETXNTYPE: FRAUD
INFO: 2024/03/01 01:54:56 PARENTALERTID: e99a18c428cb38d5f260853678922e03
INFO: 2024/03/01 01:54:56 DECISIONDATE: 2017-07-21 17:32:28.001 +0000 UTC
INFO: 2024/03/01 01:54:56 NETWORKALERTID: e99a18c428cb38d5f260853678922e03
INFO: 2024/03/01 01:54:56 =========================================================================================
2024/03/01 01:54:56 
