2024/03/07 20:00:08 
INFO: 2024/03/07 20:00:08                - - - - Trace-Network - - - -   
INFO: 2024/03/07 20:00:08 Unique-ID: 4026ee38f946d9bbb58754fe0c38a7a0
INFO: 2024/03/07 20:00:08 --- ALERT
INFO: 2024/03/07 20:00:08 TXNID: 2b588f38-d1bc-40bf-85fc-91397bc98465
INFO: 2024/03/07 20:00:08 ID: e99a18c428cb38d5f260853678922e03
INFO: 2024/03/07 20:00:08 TXNID: 2b588f38-d1bc-40bf-85fc-91397bc98465
INFO: 2024/03/07 20:00:08 NETWORKALERT: e99a18c428cb38d5f260853678922e03
INFO: 2024/03/07 20:00:08 NETWORKID: 2b588f38-d1bc-40bf-85fc-91397bc98465
INFO: 2024/03/07 20:00:08 SOURCEID: GB98MIDL07009312345678
INFO: 2024/03/07 20:00:08 DESTID: GB98MIDL07009312345678
INFO: 2024/03/07 20:00:08 SOURCEBANKID: DEUTDEFF
INFO: 2024/03/07 20:00:08 SOURCEBANKNAME: Barclays
INFO: 2024/03/07 20:00:08 DESTBANKID: DEUTDEFF
INFO: 2024/03/07 20:00:08 DESTBANKNAME: Lloyds
INFO: 2024/03/07 20:00:08 TRACETYPE: FRAUD
INFO: 2024/03/07 20:00:08 PARENTID: e99a18c428cb38d5f260853678922e03
INFO: 2024/03/07 20:00:08 DECISIONDATE: 2017-07-21 17:32:28.001 +0000 UTC
INFO: 2024/03/07 20:00:08 STATUS: false
INFO: 2024/03/07 20:00:08 NEXTPAGINATIONTOKEN: asc:1617275388000:2SKqogOYg2UQRnP1a4oJ66TFHcvfpZpt
INFO: 2024/03/07 20:00:08 PREVIOUSPAGINATIONTOKEN: asc:1617275388000:2SKqogOYg2UQRnP1a4oJ66TFHcvfpZpt
INFO: 2024/03/07 20:00:08 --- TRACE_ACC_ALERT
INFO: 2024/03/07 20:00:08 ID: e99a18c428cb38d5f260853678922e03
INFO: 2024/03/07 20:00:08 NETWORKALERTID: e99a18c428cb38d5f260853678922e03
INFO: 2024/03/07 20:00:08 ACCOUNTID: GB98MIDL07009312345678
INFO: 2024/03/07 20:00:08 NETWORKID: 2b588f38-d1bc-40bf-85fc-91397bc98465
INFO: 2024/03/07 20:00:08 OWNINGBANKID: DEUTDEFF
INFO: 2024/03/07 20:00:08 OWNINGBANKNAME: OwningBank
INFO: 2024/03/07 20:00:08 TIME: 2017-07-21 17:32:28.001 +0000 UTC
INFO: 2024/03/07 20:00:08 --- TRACE_VIZURL 
INFO: 2024/03/07 20:00:08 VIZURL: http://127.0.0.1:8000/financial-crime/visualisations/network
INFO: 2024/03/07 20:00:08 RESPONSE:  Success  
INFO: 2024/03/07 20:00:08 SOURCETXNID: 2b588f38-d1bc-40bf-85fc-91397bc98465
INFO: 2024/03/07 20:00:08 SOURCETXNTYPE: FRAUD
INFO: 2024/03/07 20:00:08 PARENTALERTID: e99a18c428cb38d5f260853678922e03
INFO: 2024/03/07 20:00:08 DECISIONDATE: 2017-07-21 17:32:28.001 +0000 UTC
INFO: 2024/03/07 20:00:08 NETWORKALERTID: e99a18c428cb38d5f260853678922e03
INFO: 2024/03/07 20:00:08 =========================================================================================
2024/03/07 20:00:08 
