2024/02/21 16:16:23 
2024/02/21 16:16:23                - - - -  Alert-Transaction - - - -   
2024/02/21 16:16:23 ID: You have exceeded the service rate limit. Maximum allowed: ${rate_limit.output} TPS
2024/02/21 16:16:23 RESPONSE: (Rate Limit Exceeded - 429)
2024/02/21 16:16:23 COUNT: 0
2024/02/21 16:16:23 TXNID: null
2024/02/21 16:16:23 NETWORKALERTID: null
2024/02/21 16:16:23 NETWORKID: null
2024/02/21 16:16:23 TIME: 2024-02-21 16:16:23.53031 +0800 PST m=+920.790074626
2024/02/21 16:16:23 TXNTIME: 2024-02-21 16:16:23.530311 +0800 PST m=+920.790074709
2024/02/21 16:16:23 SOURCEID: null
2024/02/21 16:16:23 DESTID: null
2024/02/21 16:16:23 SOURCEBANKID: null
2024/02/21 16:16:23 SOURCEBANKNAME: null
2024/02/21 16:16:23 DESTBANKID: null
2024/02/21 16:16:23 DESTBANKNAME: null
2024/02/21 16:16:23 VALUE: 0
2024/02/21 16:16:23 REMITINFO: null
2024/02/21 16:16:23 GENERATION: 0
2024/02/21 16:16:23 CURRENCY: null
2024/02/21 16:16:23 SERVICE: null
2024/02/21 16:16:23 DWELLTIME: null
2024/02/21 16:16:23 TRACETYPE: null
2024/02/21 16:16:23 MULESCORE: 0
2024/02/21 16:16:23 PARENTALERTID: null
2024/02/21 16:16:23 MOSTRECENTFEEDBACK: null
2024/02/21 16:16:23 DECISIONDATE: 2024-02-21 16:16:23.530311 +0800 PST m=+920.790074792
2024/02/21 16:16:23 =========================================================================================
2024/02/21 16:16:56 
2024/02/21 16:16:56                - - - -  Alert-Transaction - - - -   
2024/02/21 16:16:56 ID: e99a18c428cb38d5f260853678922e03
2024/02/21 16:16:56 RESPONSE:  Success  
2024/02/21 16:16:56 COUNT: 2
2024/02/21 16:16:56 TXNID: 2b588f38-d1bc-40bf-85fc-91397bc98465
2024/02/21 16:16:56 NETWORKALERTID: e99a18c428cb38d5f260853678922e03
2024/02/21 16:16:56 NETWORKID: 2b588f38-d1bc-40bf-85fc-91397bc98465
2024/02/21 16:16:56 TIME: 2017-07-21 17:32:28.001 +0000 UTC
2024/02/21 16:16:56 TXNTIME: 2017-07-21 17:32:28.001 +0000 UTC
2024/02/21 16:16:56 SOURCEID: GB98MIDL07009312345678
2024/02/21 16:16:56 DESTID: GB98MIDL07009312345678
2024/02/21 16:16:56 SOURCEBANKID: DEUTDEFF
2024/02/21 16:16:56 SOURCEBANKNAME: Barclays
2024/02/21 16:16:56 DESTBANKID: DEUTDEFF
2024/02/21 16:16:56 DESTBANKNAME: Lloyds
2024/02/21 16:16:56 VALUE: 10034
2024/02/21 16:16:56 REMITINFO: rent 10 Main St
2024/02/21 16:16:56 GENERATION: 4
2024/02/21 16:16:56 CURRENCY: GBP
2024/02/21 16:16:56 SERVICE: FPS
2024/02/21 16:16:56 DWELLTIME: 3 years 6 mons 4 days 12:30:05
2024/02/21 16:16:56 TRACETYPE: FRAUD
2024/02/21 16:16:56 MULESCORE: 0.87
2024/02/21 16:16:56 PARENTALERTID: e99a18c428cb38d5f260853678922e03
2024/02/21 16:16:56 MOSTRECENTFEEDBACK: ACTIONED_MULE
2024/02/21 16:16:56 DECISIONDATE: 2017-07-21 17:32:28.001 +0000 UTC
2024/02/21 16:16:56 =========================================================================================
