2024/02/26 14:48:00 
2024/02/26 14:48:00                - - - -  Alert-Transaction - - - -   
2024/02/26 14:48:00 Unique-ID: 635a8e030dd349ab80d90e9d0ba37aa9
2024/02/26 14:48:00 ID: The request contains a bad payload
2024/02/26 14:48:00 RESPONSE: (Bad Request - 400)
2024/02/26 14:48:00 COUNT: 0
2024/02/26 14:48:00 TXNID: null
2024/02/26 14:48:00 NETWORKALERTID: null
2024/02/26 14:48:00 NETWORKID: null
2024/02/26 14:48:00 TIME: 2024-02-26 14:48:00.609524 +0800 PST m=+53.605679126
2024/02/26 14:48:00 TXNTIME: 2024-02-26 14:48:00.609524 +0800 PST m=+53.605679251
2024/02/26 14:48:00 SOURCEID: null
2024/02/26 14:48:00 DESTID: null
2024/02/26 14:48:00 SOURCEBANKID: null
2024/02/26 14:48:00 SOURCEBANKNAME: null
2024/02/26 14:48:00 DESTBANKID: null
2024/02/26 14:48:00 DESTBANKNAME: null
2024/02/26 14:48:00 VALUE: 0
2024/02/26 14:48:00 REMITINFO: null
2024/02/26 14:48:00 GENERATION: 0
2024/02/26 14:48:00 CURRENCY: null
2024/02/26 14:48:00 SERVICE: null
2024/02/26 14:48:00 DWELLTIME: null
2024/02/26 14:48:00 TRACETYPE: null
2024/02/26 14:48:00 MULESCORE: 0
2024/02/26 14:48:00 PARENTALERTID: null
2024/02/26 14:48:00 MOSTRECENTFEEDBACK: null
2024/02/26 14:48:00 DECISIONDATE: 2024-02-26 14:48:00.609524 +0800 PST m=+53.605679334
2024/02/26 14:48:00 =========================================================================================
2024/02/26 14:57:05 
2024/02/26 14:57:05                - - - -  Alert-Transaction - - - -   
2024/02/26 14:57:05 Unique-ID: 39c9547e090df960cf9fc80f4410b33f
2024/02/26 14:57:05 ID: The request contains a bad payload
2024/02/26 14:57:05 RESPONSE: (Bad Request - 400)
2024/02/26 14:57:05 COUNT: 0
2024/02/26 14:57:05 TXNID: null
2024/02/26 14:57:05 NETWORKALERTID: null
2024/02/26 14:57:05 NETWORKID: null
2024/02/26 14:57:05 TIME: 2024-02-26 14:57:05.973697 +0800 PST m=+11.074009959
2024/02/26 14:57:05 TXNTIME: 2024-02-26 14:57:05.973697 +0800 PST m=+11.074010043
2024/02/26 14:57:05 SOURCEID: null
2024/02/26 14:57:05 DESTID: null
2024/02/26 14:57:05 SOURCEBANKID: null
2024/02/26 14:57:05 SOURCEBANKNAME: null
2024/02/26 14:57:05 DESTBANKID: null
2024/02/26 14:57:05 DESTBANKNAME: null
2024/02/26 14:57:05 VALUE: 0
2024/02/26 14:57:05 REMITINFO: null
2024/02/26 14:57:05 GENERATION: 0
2024/02/26 14:57:05 CURRENCY: null
2024/02/26 14:57:05 SERVICE: null
2024/02/26 14:57:05 DWELLTIME: null
2024/02/26 14:57:05 TRACETYPE: null
2024/02/26 14:57:05 MULESCORE: 0
2024/02/26 14:57:05 PARENTALERTID: null
2024/02/26 14:57:05 MOSTRECENTFEEDBACK: null
2024/02/26 14:57:05 DECISIONDATE: 2024-02-26 14:57:05.973698 +0800 PST m=+11.074010126
2024/02/26 14:57:05 =========================================================================================
2024/02/26 14:57:17 
2024/02/26 14:57:17                - - - -  Alert-Transaction - - - -   
2024/02/26 14:57:17 Unique-ID: b9a762ca0eb604ea2f55da23471e06b3
2024/02/26 14:57:17 ID: The request contains a bad payload
2024/02/26 14:57:17 RESPONSE: (Bad Request - 400)
2024/02/26 14:57:17 COUNT: 0
2024/02/26 14:57:17 TXNID: null
2024/02/26 14:57:17 NETWORKALERTID: null
2024/02/26 14:57:17 NETWORKID: null
2024/02/26 14:57:17 TIME: 2024-02-26 14:57:17.98976 +0800 PST m=+23.090342626
2024/02/26 14:57:17 TXNTIME: 2024-02-26 14:57:17.98976 +0800 PST m=+23.090342709
2024/02/26 14:57:17 SOURCEID: null
2024/02/26 14:57:17 DESTID: null
2024/02/26 14:57:17 SOURCEBANKID: null
2024/02/26 14:57:17 SOURCEBANKNAME: null
2024/02/26 14:57:17 DESTBANKID: null
2024/02/26 14:57:17 DESTBANKNAME: null
2024/02/26 14:57:17 VALUE: 0
2024/02/26 14:57:17 REMITINFO: null
2024/02/26 14:57:17 GENERATION: 0
2024/02/26 14:57:17 CURRENCY: null
2024/02/26 14:57:17 SERVICE: null
2024/02/26 14:57:17 DWELLTIME: null
2024/02/26 14:57:17 TRACETYPE: null
2024/02/26 14:57:17 MULESCORE: 0
2024/02/26 14:57:17 PARENTALERTID: null
2024/02/26 14:57:17 MOSTRECENTFEEDBACK: null
2024/02/26 14:57:17 DECISIONDATE: 2024-02-26 14:57:17.98976 +0800 PST m=+23.090342793
2024/02/26 14:57:17 =========================================================================================
2024/02/26 14:57:30 
2024/02/26 14:57:30                - - - -  Alert-Transaction - - - -   
2024/02/26 14:57:30 Unique-ID: 87aa80e377081c337d4c40c3f3a96376
2024/02/26 14:57:30 ID: The request contains a bad payload
2024/02/26 14:57:30 RESPONSE: (Bad Request - 400)
2024/02/26 14:57:30 COUNT: 0
2024/02/26 14:57:30 TXNID: null
2024/02/26 14:57:30 NETWORKALERTID: null
2024/02/26 14:57:30 NETWORKID: null
2024/02/26 14:57:30 TIME: 2024-02-26 14:57:30.911623 +0800 PST m=+36.012496626
2024/02/26 14:57:30 TXNTIME: 2024-02-26 14:57:30.911623 +0800 PST m=+36.012496751
2024/02/26 14:57:30 SOURCEID: null
2024/02/26 14:57:30 DESTID: null
2024/02/26 14:57:30 SOURCEBANKID: null
2024/02/26 14:57:30 SOURCEBANKNAME: null
2024/02/26 14:57:30 DESTBANKID: null
2024/02/26 14:57:30 DESTBANKNAME: null
2024/02/26 14:57:30 VALUE: 0
2024/02/26 14:57:30 REMITINFO: null
2024/02/26 14:57:30 GENERATION: 0
2024/02/26 14:57:30 CURRENCY: null
2024/02/26 14:57:30 SERVICE: null
2024/02/26 14:57:30 DWELLTIME: null
2024/02/26 14:57:30 TRACETYPE: null
2024/02/26 14:57:30 MULESCORE: 0
2024/02/26 14:57:30 PARENTALERTID: null
2024/02/26 14:57:30 MOSTRECENTFEEDBACK: null
2024/02/26 14:57:30 DECISIONDATE: 2024-02-26 14:57:30.911623 +0800 PST m=+36.012496876
2024/02/26 14:57:30 =========================================================================================
2024/02/26 14:57:54 
2024/02/26 14:57:54                - - - -  Alert-Transaction - - - -   
2024/02/26 14:57:54 Unique-ID: 630dfa820d08aa2e9680d32b5bf85166
2024/02/26 14:57:54 ID: The request contains a bad payload
2024/02/26 14:57:54 RESPONSE: (Bad Request - 400)
2024/02/26 14:57:54 COUNT: 0
2024/02/26 14:57:54 TXNID: null
2024/02/26 14:57:54 NETWORKALERTID: null
2024/02/26 14:57:54 NETWORKID: null
2024/02/26 14:57:54 TIME: 2024-02-26 14:57:54.586758 +0800 PST m=+2.996233543
2024/02/26 14:57:54 TXNTIME: 2024-02-26 14:57:54.586758 +0800 PST m=+2.996233668
2024/02/26 14:57:54 SOURCEID: null
2024/02/26 14:57:54 DESTID: null
2024/02/26 14:57:54 SOURCEBANKID: null
2024/02/26 14:57:54 SOURCEBANKNAME: null
2024/02/26 14:57:54 DESTBANKID: null
2024/02/26 14:57:54 DESTBANKNAME: null
2024/02/26 14:57:54 VALUE: 0
2024/02/26 14:57:54 REMITINFO: null
2024/02/26 14:57:54 GENERATION: 0
2024/02/26 14:57:54 CURRENCY: null
2024/02/26 14:57:54 SERVICE: null
2024/02/26 14:57:54 DWELLTIME: null
2024/02/26 14:57:54 TRACETYPE: null
2024/02/26 14:57:54 MULESCORE: 0
2024/02/26 14:57:54 PARENTALERTID: null
2024/02/26 14:57:54 MOSTRECENTFEEDBACK: null
2024/02/26 14:57:54 DECISIONDATE: 2024-02-26 14:57:54.586758 +0800 PST m=+2.996233751
2024/02/26 14:57:54 =========================================================================================
2024/02/26 15:00:33 
2024/02/26 15:00:33                - - - -  Alert-Transaction - - - -   
2024/02/26 15:00:33 Unique-ID: 6014f74ace0f879cbd159327b47fe923
2024/02/26 15:00:33 ID: The request contains a bad payload
2024/02/26 15:00:33 RESPONSE: (Bad Request - 400)
2024/02/26 15:00:33 COUNT: 0
2024/02/26 15:00:33 TXNID: null
2024/02/26 15:00:33 NETWORKALERTID: null
2024/02/26 15:00:33 NETWORKID: null
2024/02/26 15:00:33 TIME: 2024-02-26 15:00:33.469772 +0800 PST m=+7.575571209
2024/02/26 15:00:33 TXNTIME: 2024-02-26 15:00:33.469772 +0800 PST m=+7.575571334
2024/02/26 15:00:33 SOURCEID: null
2024/02/26 15:00:33 DESTID: null
2024/02/26 15:00:33 SOURCEBANKID: null
2024/02/26 15:00:33 SOURCEBANKNAME: null
2024/02/26 15:00:33 DESTBANKID: null
2024/02/26 15:00:33 DESTBANKNAME: null
2024/02/26 15:00:33 VALUE: 0
2024/02/26 15:00:33 REMITINFO: null
2024/02/26 15:00:33 GENERATION: 0
2024/02/26 15:00:33 CURRENCY: null
2024/02/26 15:00:33 SERVICE: null
2024/02/26 15:00:33 DWELLTIME: null
2024/02/26 15:00:33 TRACETYPE: null
2024/02/26 15:00:33 MULESCORE: 0
2024/02/26 15:00:33 PARENTALERTID: null
2024/02/26 15:00:33 MOSTRECENTFEEDBACK: null
2024/02/26 15:00:33 DECISIONDATE: 2024-02-26 15:00:33.469772 +0800 PST m=+7.575571459
2024/02/26 15:00:33 =========================================================================================
2024/02/26 15:04:08 
2024/02/26 15:04:08                - - - -  Alert-Transaction - - - -   
2024/02/26 15:04:08 Unique-ID: ee659d7c9063556a0a55619aabb323be
2024/02/26 15:04:08 ID: The request contains a bad payload
2024/02/26 15:04:08 RESPONSE: (Bad Request - 400)
2024/02/26 15:04:08 COUNT: 0
2024/02/26 15:04:08 TXNID: null
2024/02/26 15:04:08 NETWORKALERTID: null
2024/02/26 15:04:08 NETWORKID: null
2024/02/26 15:04:08 TIME: 2024-02-26 15:04:08.977891 +0800 PST m=+5.107017959
2024/02/26 15:04:08 TXNTIME: 2024-02-26 15:04:08.977891 +0800 PST m=+5.107018084
2024/02/26 15:04:08 SOURCEID: null
2024/02/26 15:04:08 DESTID: null
2024/02/26 15:04:08 SOURCEBANKID: null
2024/02/26 15:04:08 SOURCEBANKNAME: null
2024/02/26 15:04:08 DESTBANKID: null
2024/02/26 15:04:08 DESTBANKNAME: null
2024/02/26 15:04:08 VALUE: 0
2024/02/26 15:04:08 REMITINFO: null
2024/02/26 15:04:08 GENERATION: 0
2024/02/26 15:04:08 CURRENCY: null
2024/02/26 15:04:08 SERVICE: null
2024/02/26 15:04:08 DWELLTIME: null
2024/02/26 15:04:08 TRACETYPE: null
2024/02/26 15:04:08 MULESCORE: 0
2024/02/26 15:04:08 PARENTALERTID: null
2024/02/26 15:04:08 MOSTRECENTFEEDBACK: null
2024/02/26 15:04:08 DECISIONDATE: 2024-02-26 15:04:08.977891 +0800 PST m=+5.107018167
2024/02/26 15:04:08 =========================================================================================
2024/02/26 15:27:25 
2024/02/26 15:27:25                - - - -  Alert-Transaction - - - -   
2024/02/26 15:27:25 Unique-ID: 808d8967e3d9c5d669249d52a708a20c
2024/02/26 15:27:25 ID: The request contains a bad payload
2024/02/26 15:27:25 RESPONSE: (Bad Request - 400)
2024/02/26 15:27:25 COUNT: 0
2024/02/26 15:27:25 TXNID: null
2024/02/26 15:27:25 NETWORKALERTID: null
2024/02/26 15:27:25 NETWORKID: null
2024/02/26 15:27:25 TIME: 2024-02-26 15:27:25.996971 +0800 PST m=+5.413902459
2024/02/26 15:27:25 TXNTIME: 2024-02-26 15:27:25.996972 +0800 PST m=+5.413902584
2024/02/26 15:27:25 SOURCEID: null
2024/02/26 15:27:25 DESTID: null
2024/02/26 15:27:25 SOURCEBANKID: null
2024/02/26 15:27:25 SOURCEBANKNAME: null
2024/02/26 15:27:25 DESTBANKID: null
2024/02/26 15:27:25 DESTBANKNAME: null
2024/02/26 15:27:25 VALUE: 0
2024/02/26 15:27:25 REMITINFO: null
2024/02/26 15:27:25 GENERATION: 0
2024/02/26 15:27:25 CURRENCY: null
2024/02/26 15:27:25 SERVICE: null
2024/02/26 15:27:25 DWELLTIME: null
2024/02/26 15:27:25 TRACETYPE: null
2024/02/26 15:27:25 MULESCORE: 0
2024/02/26 15:27:25 PARENTALERTID: null
2024/02/26 15:27:25 MOSTRECENTFEEDBACK: null
2024/02/26 15:27:25 DECISIONDATE: 2024-02-26 15:27:25.996972 +0800 PST m=+5.413902667
2024/02/26 15:27:25 =========================================================================================
2024/02/26 15:28:58 
2024/02/26 15:28:58                - - - -  Alert-Transaction - - - -   
2024/02/26 15:28:58 Unique-ID: fc5c1856caeb5caf2c024c94e37c667e
2024/02/26 15:28:58 ID: The request contains a bad payload
2024/02/26 15:28:58 RESPONSE: (Bad Request - 400)
2024/02/26 15:28:58 COUNT: 0
2024/02/26 15:28:58 TXNID: null
2024/02/26 15:28:58 NETWORKALERTID: null
2024/02/26 15:28:58 NETWORKID: null
2024/02/26 15:28:58 TIME: 2024-02-26 15:28:58.948148 +0800 PST m=+1.646915543
2024/02/26 15:28:58 TXNTIME: 2024-02-26 15:28:58.948149 +0800 PST m=+1.646915793
2024/02/26 15:28:58 SOURCEID: null
2024/02/26 15:28:58 DESTID: null
2024/02/26 15:28:58 SOURCEBANKID: null
2024/02/26 15:28:58 SOURCEBANKNAME: null
2024/02/26 15:28:58 DESTBANKID: null
2024/02/26 15:28:58 DESTBANKNAME: null
2024/02/26 15:28:58 VALUE: 0
2024/02/26 15:28:58 REMITINFO: null
2024/02/26 15:28:58 GENERATION: 0
2024/02/26 15:28:58 CURRENCY: null
2024/02/26 15:28:58 SERVICE: null
2024/02/26 15:28:58 DWELLTIME: null
2024/02/26 15:28:58 TRACETYPE: null
2024/02/26 15:28:58 MULESCORE: 0
2024/02/26 15:28:58 PARENTALERTID: null
2024/02/26 15:28:58 MOSTRECENTFEEDBACK: null
2024/02/26 15:28:58 DECISIONDATE: 2024-02-26 15:28:58.948149 +0800 PST m=+1.646916001
2024/02/26 15:28:58 =========================================================================================
2024/02/26 15:32:53 
2024/02/26 15:32:53                - - - -  Alert-Transaction - - - -   
2024/02/26 15:32:53 Unique-ID: f15cc8d1ad7979fa3f68cd05129fe1d8
2024/02/26 15:32:53 ID: The request contains a bad payload
2024/02/26 15:32:53 RESPONSE: (Bad Request - 400)
2024/02/26 15:32:53 COUNT: 0
2024/02/26 15:32:53 TXNID: null
2024/02/26 15:32:53 NETWORKALERTID: null
2024/02/26 15:32:53 NETWORKID: null
2024/02/26 15:32:53 TIME: 2024-02-26 15:32:53.04411 +0800 PST m=+2.034097168
2024/02/26 15:32:53 TXNTIME: 2024-02-26 15:32:53.04411 +0800 PST m=+2.034097334
2024/02/26 15:32:53 SOURCEID: null
2024/02/26 15:32:53 DESTID: null
2024/02/26 15:32:53 SOURCEBANKID: null
2024/02/26 15:32:53 SOURCEBANKNAME: null
2024/02/26 15:32:53 DESTBANKID: null
2024/02/26 15:32:53 DESTBANKNAME: null
2024/02/26 15:32:53 VALUE: 0
2024/02/26 15:32:53 REMITINFO: null
2024/02/26 15:32:53 GENERATION: 0
2024/02/26 15:32:53 CURRENCY: null
2024/02/26 15:32:53 SERVICE: null
2024/02/26 15:32:53 DWELLTIME: null
2024/02/26 15:32:53 TRACETYPE: null
2024/02/26 15:32:53 MULESCORE: 0
2024/02/26 15:32:53 PARENTALERTID: null
2024/02/26 15:32:53 MOSTRECENTFEEDBACK: null
2024/02/26 15:32:53 DECISIONDATE: 2024-02-26 15:32:53.04411 +0800 PST m=+2.034097501
2024/02/26 15:32:53 =========================================================================================
2024/02/26 15:33:02 
2024/02/26 15:33:02                - - - -  Alert-Transaction - - - -   
2024/02/26 15:33:02 Unique-ID: 99ff4f0ac526bdbb806a699f68e681f8
2024/02/26 15:33:02 ID: The request contains a bad payload
2024/02/26 15:33:02 RESPONSE: (Bad Request - 400)
2024/02/26 15:33:02 COUNT: 0
2024/02/26 15:33:02 TXNID: null
2024/02/26 15:33:02 NETWORKALERTID: null
2024/02/26 15:33:02 NETWORKID: null
2024/02/26 15:33:02 TIME: 2024-02-26 15:33:02.671301 +0800 PST m=+11.661623043
2024/02/26 15:33:02 TXNTIME: 2024-02-26 15:33:02.671301 +0800 PST m=+11.661623126
2024/02/26 15:33:02 SOURCEID: null
2024/02/26 15:33:02 DESTID: null
2024/02/26 15:33:02 SOURCEBANKID: null
2024/02/26 15:33:02 SOURCEBANKNAME: null
2024/02/26 15:33:02 DESTBANKID: null
2024/02/26 15:33:02 DESTBANKNAME: null
2024/02/26 15:33:02 VALUE: 0
2024/02/26 15:33:02 REMITINFO: null
2024/02/26 15:33:02 GENERATION: 0
2024/02/26 15:33:02 CURRENCY: null
2024/02/26 15:33:02 SERVICE: null
2024/02/26 15:33:02 DWELLTIME: null
2024/02/26 15:33:02 TRACETYPE: null
2024/02/26 15:33:02 MULESCORE: 0
2024/02/26 15:33:02 PARENTALERTID: null
2024/02/26 15:33:02 MOSTRECENTFEEDBACK: null
2024/02/26 15:33:02 DECISIONDATE: 2024-02-26 15:33:02.671301 +0800 PST m=+11.661623209
2024/02/26 15:33:02 =========================================================================================
2024/02/26 15:33:42 
2024/02/26 15:33:42                - - - -  Alert-Transaction - - - -   
2024/02/26 15:33:42 Unique-ID: b77784f35b8195de4006227db5ca49e3
2024/02/26 15:33:42 ID: The request contains a bad payload
2024/02/26 15:33:42 RESPONSE: (Bad Request - 400)
2024/02/26 15:33:42 COUNT: 0
2024/02/26 15:33:42 TXNID: null
2024/02/26 15:33:42 NETWORKALERTID: null
2024/02/26 15:33:42 NETWORKID: null
2024/02/26 15:33:42 TIME: 2024-02-26 15:33:42.259148 +0800 PST m=+2.453931168
2024/02/26 15:33:42 TXNTIME: 2024-02-26 15:33:42.259148 +0800 PST m=+2.453931251
2024/02/26 15:33:42 SOURCEID: null
2024/02/26 15:33:42 DESTID: null
2024/02/26 15:33:42 SOURCEBANKID: null
2024/02/26 15:33:42 SOURCEBANKNAME: null
2024/02/26 15:33:42 DESTBANKID: null
2024/02/26 15:33:42 DESTBANKNAME: null
2024/02/26 15:33:42 VALUE: 0
2024/02/26 15:33:42 REMITINFO: null
2024/02/26 15:33:42 GENERATION: 0
2024/02/26 15:33:42 CURRENCY: null
2024/02/26 15:33:42 SERVICE: null
2024/02/26 15:33:42 DWELLTIME: null
2024/02/26 15:33:42 TRACETYPE: null
2024/02/26 15:33:42 MULESCORE: 0
2024/02/26 15:33:42 PARENTALERTID: null
2024/02/26 15:33:42 MOSTRECENTFEEDBACK: null
2024/02/26 15:33:42 DECISIONDATE: 2024-02-26 15:33:42.259148 +0800 PST m=+2.453931376
2024/02/26 15:33:42 =========================================================================================
2024/02/26 15:33:46 
2024/02/26 15:33:46                - - - -  Alert-Transaction - - - -   
2024/02/26 15:33:46 Unique-ID: d37235f5a1bdfcfa427f08271165be78
2024/02/26 15:33:46 ID: The request contains a bad payload
2024/02/26 15:33:46 RESPONSE: (Bad Request - 400)
2024/02/26 15:33:46 COUNT: 0
2024/02/26 15:33:46 TXNID: null
2024/02/26 15:33:46 NETWORKALERTID: null
2024/02/26 15:33:46 NETWORKID: null
2024/02/26 15:33:46 TIME: 2024-02-26 15:33:46.96813 +0800 PST m=+7.163076584
2024/02/26 15:33:46 TXNTIME: 2024-02-26 15:33:46.96813 +0800 PST m=+7.163076668
2024/02/26 15:33:46 SOURCEID: null
2024/02/26 15:33:46 DESTID: null
2024/02/26 15:33:46 SOURCEBANKID: null
2024/02/26 15:33:46 SOURCEBANKNAME: null
2024/02/26 15:33:46 DESTBANKID: null
2024/02/26 15:33:46 DESTBANKNAME: null
2024/02/26 15:33:46 VALUE: 0
2024/02/26 15:33:46 REMITINFO: null
2024/02/26 15:33:46 GENERATION: 0
2024/02/26 15:33:46 CURRENCY: null
2024/02/26 15:33:46 SERVICE: null
2024/02/26 15:33:46 DWELLTIME: null
2024/02/26 15:33:46 TRACETYPE: null
2024/02/26 15:33:46 MULESCORE: 0
2024/02/26 15:33:46 PARENTALERTID: null
2024/02/26 15:33:46 MOSTRECENTFEEDBACK: null
2024/02/26 15:33:46 DECISIONDATE: 2024-02-26 15:33:46.96813 +0800 PST m=+7.163076793
2024/02/26 15:33:46 =========================================================================================
2024/02/26 15:33:49 
2024/02/26 15:33:49                - - - -  Alert-Transaction - - - -   
2024/02/26 15:33:49 Unique-ID: 90b9ec46320e7f838c86db45bd84a204
2024/02/26 15:33:49 ID: The request contains a bad payload
2024/02/26 15:33:49 RESPONSE: (Bad Request - 400)
2024/02/26 15:33:49 COUNT: 0
2024/02/26 15:33:49 TXNID: null
2024/02/26 15:33:49 NETWORKALERTID: null
2024/02/26 15:33:49 NETWORKID: null
2024/02/26 15:33:49 TIME: 2024-02-26 15:33:49.06093 +0800 PST m=+9.255949376
2024/02/26 15:33:49 TXNTIME: 2024-02-26 15:33:49.06093 +0800 PST m=+9.255949501
2024/02/26 15:33:49 SOURCEID: null
2024/02/26 15:33:49 DESTID: null
2024/02/26 15:33:49 SOURCEBANKID: null
2024/02/26 15:33:49 SOURCEBANKNAME: null
2024/02/26 15:33:49 DESTBANKID: null
2024/02/26 15:33:49 DESTBANKNAME: null
2024/02/26 15:33:49 VALUE: 0
2024/02/26 15:33:49 REMITINFO: null
2024/02/26 15:33:49 GENERATION: 0
2024/02/26 15:33:49 CURRENCY: null
2024/02/26 15:33:49 SERVICE: null
2024/02/26 15:33:49 DWELLTIME: null
2024/02/26 15:33:49 TRACETYPE: null
2024/02/26 15:33:49 MULESCORE: 0
2024/02/26 15:33:49 PARENTALERTID: null
2024/02/26 15:33:49 MOSTRECENTFEEDBACK: null
2024/02/26 15:33:49 DECISIONDATE: 2024-02-26 15:33:49.06093 +0800 PST m=+9.255949626
2024/02/26 15:33:49 =========================================================================================
2024/02/26 15:33:53 
2024/02/26 15:33:53                - - - -  Alert-Transaction - - - -   
2024/02/26 15:33:53 Unique-ID: 2f43af6c47085612b1072fc817300b4e
2024/02/26 15:33:53 ID: The request contains a bad payload
2024/02/26 15:33:53 RESPONSE: (Bad Request - 400)
2024/02/26 15:33:53 COUNT: 0
2024/02/26 15:33:53 TXNID: null
2024/02/26 15:33:53 NETWORKALERTID: null
2024/02/26 15:33:53 NETWORKID: null
2024/02/26 15:33:53 TIME: 2024-02-26 15:33:53.272711 +0800 PST m=+13.467877168
2024/02/26 15:33:53 TXNTIME: 2024-02-26 15:33:53.272711 +0800 PST m=+13.467877251
2024/02/26 15:33:53 SOURCEID: null
2024/02/26 15:33:53 DESTID: null
2024/02/26 15:33:53 SOURCEBANKID: null
2024/02/26 15:33:53 SOURCEBANKNAME: null
2024/02/26 15:33:53 DESTBANKID: null
2024/02/26 15:33:53 DESTBANKNAME: null
2024/02/26 15:33:53 VALUE: 0
2024/02/26 15:33:53 REMITINFO: null
2024/02/26 15:33:53 GENERATION: 0
2024/02/26 15:33:53 CURRENCY: null
2024/02/26 15:33:53 SERVICE: null
2024/02/26 15:33:53 DWELLTIME: null
2024/02/26 15:33:53 TRACETYPE: null
2024/02/26 15:33:53 MULESCORE: 0
2024/02/26 15:33:53 PARENTALERTID: null
2024/02/26 15:33:53 MOSTRECENTFEEDBACK: null
2024/02/26 15:33:53 DECISIONDATE: 2024-02-26 15:33:53.272711 +0800 PST m=+13.467877376
2024/02/26 15:33:53 =========================================================================================
2024/02/26 15:34:08 
2024/02/26 15:34:08                - - - -  Alert-Transaction - - - -   
2024/02/26 15:34:08 Unique-ID: 8c1c16ae6acaa926f39ca068ecbe04fe
2024/02/26 15:34:08 ID: The request contains a bad payload
2024/02/26 15:34:08 RESPONSE: (Bad Request - 400)
2024/02/26 15:34:08 COUNT: 0
2024/02/26 15:34:08 TXNID: null
2024/02/26 15:34:08 NETWORKALERTID: null
2024/02/26 15:34:08 NETWORKID: null
2024/02/26 15:34:08 TIME: 2024-02-26 15:34:08.716 +0800 PST m=+1.716930709
2024/02/26 15:34:08 TXNTIME: 2024-02-26 15:34:08.716001 +0800 PST m=+1.716930834
2024/02/26 15:34:08 SOURCEID: null
2024/02/26 15:34:08 DESTID: null
2024/02/26 15:34:08 SOURCEBANKID: null
2024/02/26 15:34:08 SOURCEBANKNAME: null
2024/02/26 15:34:08 DESTBANKID: null
2024/02/26 15:34:08 DESTBANKNAME: null
2024/02/26 15:34:08 VALUE: 0
2024/02/26 15:34:08 REMITINFO: null
2024/02/26 15:34:08 GENERATION: 0
2024/02/26 15:34:08 CURRENCY: null
2024/02/26 15:34:08 SERVICE: null
2024/02/26 15:34:08 DWELLTIME: null
2024/02/26 15:34:08 TRACETYPE: null
2024/02/26 15:34:08 MULESCORE: 0
2024/02/26 15:34:08 PARENTALERTID: null
2024/02/26 15:34:08 MOSTRECENTFEEDBACK: null
2024/02/26 15:34:08 DECISIONDATE: 2024-02-26 15:34:08.716001 +0800 PST m=+1.716930917
2024/02/26 15:34:08 =========================================================================================
2024/02/26 15:34:19 
2024/02/26 15:34:19                - - - -  Alert-Transaction - - - -   
2024/02/26 15:34:19 Unique-ID: dcf4ba78877f39929e6d22492055cab2
2024/02/26 15:34:19 ID: The request contains a bad payload
2024/02/26 15:34:19 RESPONSE: (Bad Request - 400)
2024/02/26 15:34:19 COUNT: 0
2024/02/26 15:34:19 TXNID: null
2024/02/26 15:34:19 NETWORKALERTID: null
2024/02/26 15:34:19 NETWORKID: null
2024/02/26 15:34:19 TIME: 2024-02-26 15:34:19.793385 +0800 PST m=+1.463250459
2024/02/26 15:34:19 TXNTIME: 2024-02-26 15:34:19.793385 +0800 PST m=+1.463250542
2024/02/26 15:34:19 SOURCEID: null
2024/02/26 15:34:19 DESTID: null
2024/02/26 15:34:19 SOURCEBANKID: null
2024/02/26 15:34:19 SOURCEBANKNAME: null
2024/02/26 15:34:19 DESTBANKID: null
2024/02/26 15:34:19 DESTBANKNAME: null
2024/02/26 15:34:19 VALUE: 0
2024/02/26 15:34:19 REMITINFO: null
2024/02/26 15:34:19 GENERATION: 0
2024/02/26 15:34:19 CURRENCY: null
2024/02/26 15:34:19 SERVICE: null
2024/02/26 15:34:19 DWELLTIME: null
2024/02/26 15:34:19 TRACETYPE: null
2024/02/26 15:34:19 MULESCORE: 0
2024/02/26 15:34:19 PARENTALERTID: null
2024/02/26 15:34:19 MOSTRECENTFEEDBACK: null
2024/02/26 15:34:19 DECISIONDATE: 2024-02-26 15:34:19.793385 +0800 PST m=+1.463250667
2024/02/26 15:34:19 =========================================================================================
2024/02/26 15:35:08 
2024/02/26 15:35:08                - - - -  Alert-Transaction - - - -   
2024/02/26 15:35:08 Unique-ID: 972c83d7f3ff4c58c8970c32195e5de2
2024/02/26 15:35:08 ID: The request contains a bad payload
2024/02/26 15:35:08 RESPONSE: (Bad Request - 400)
2024/02/26 15:35:08 COUNT: 0
2024/02/26 15:35:08 TXNID: null
2024/02/26 15:35:08 NETWORKALERTID: null
2024/02/26 15:35:08 NETWORKID: null
2024/02/26 15:35:08 TIME: 2024-02-26 15:35:08.610183 +0800 PST m=+11.319467668
2024/02/26 15:35:08 TXNTIME: 2024-02-26 15:35:08.610184 +0800 PST m=+11.319467918
2024/02/26 15:35:08 SOURCEID: null
2024/02/26 15:35:08 DESTID: null
2024/02/26 15:35:08 SOURCEBANKID: null
2024/02/26 15:35:08 SOURCEBANKNAME: null
2024/02/26 15:35:08 DESTBANKID: null
2024/02/26 15:35:08 DESTBANKNAME: null
2024/02/26 15:35:08 VALUE: 0
2024/02/26 15:35:08 REMITINFO: null
2024/02/26 15:35:08 GENERATION: 0
2024/02/26 15:35:08 CURRENCY: null
2024/02/26 15:35:08 SERVICE: null
2024/02/26 15:35:08 DWELLTIME: null
2024/02/26 15:35:08 TRACETYPE: null
2024/02/26 15:35:08 MULESCORE: 0
2024/02/26 15:35:08 PARENTALERTID: null
2024/02/26 15:35:08 MOSTRECENTFEEDBACK: null
2024/02/26 15:35:08 DECISIONDATE: 2024-02-26 15:35:08.610184 +0800 PST m=+11.319468168
2024/02/26 15:35:08 =========================================================================================
2024/02/26 15:35:29 
2024/02/26 15:35:29                - - - -  Alert-Transaction - - - -   
2024/02/26 15:35:29 Unique-ID: 4587df7946f20fea06643d9e4d746ba5
2024/02/26 15:35:29 ID: The request contains a bad payload
2024/02/26 15:35:29 RESPONSE: (Bad Request - 400)
2024/02/26 15:35:29 COUNT: 0
2024/02/26 15:35:29 TXNID: null
2024/02/26 15:35:29 NETWORKALERTID: null
2024/02/26 15:35:29 NETWORKID: null
2024/02/26 15:35:29 TIME: 2024-02-26 15:35:29.836526 +0800 PST m=+1.850562251
2024/02/26 15:35:29 TXNTIME: 2024-02-26 15:35:29.836527 +0800 PST m=+1.850562376
2024/02/26 15:35:29 SOURCEID: null
2024/02/26 15:35:29 DESTID: null
2024/02/26 15:35:29 SOURCEBANKID: null
2024/02/26 15:35:29 SOURCEBANKNAME: null
2024/02/26 15:35:29 DESTBANKID: null
2024/02/26 15:35:29 DESTBANKNAME: null
2024/02/26 15:35:29 VALUE: 0
2024/02/26 15:35:29 REMITINFO: null
2024/02/26 15:35:29 GENERATION: 0
2024/02/26 15:35:29 CURRENCY: null
2024/02/26 15:35:29 SERVICE: null
2024/02/26 15:35:29 DWELLTIME: null
2024/02/26 15:35:29 TRACETYPE: null
2024/02/26 15:35:29 MULESCORE: 0
2024/02/26 15:35:29 PARENTALERTID: null
2024/02/26 15:35:29 MOSTRECENTFEEDBACK: null
2024/02/26 15:35:29 DECISIONDATE: 2024-02-26 15:35:29.836527 +0800 PST m=+1.850562459
2024/02/26 15:35:29 =========================================================================================
2024/02/26 15:39:39 
2024/02/26 15:39:39                - - - -  Alert-Transaction - - - -   
2024/02/26 15:39:39 Unique-ID: 5ac5b021f4742450cc07de3c5c5ef2a1
2024/02/26 15:39:39 ID: The request contains a bad payload
2024/02/26 15:39:39 RESPONSE: (Bad Request - 400)
2024/02/26 15:39:39 COUNT: 0
2024/02/26 15:39:39 TXNID: null
2024/02/26 15:39:39 NETWORKALERTID: null
2024/02/26 15:39:39 NETWORKID: null
2024/02/26 15:39:39 TIME: 2024-02-26 15:39:39.539342 +0800 PST m=+2.876727001
2024/02/26 15:39:39 TXNTIME: 2024-02-26 15:39:39.539343 +0800 PST m=+2.876727251
2024/02/26 15:39:39 SOURCEID: null
2024/02/26 15:39:39 DESTID: null
2024/02/26 15:39:39 SOURCEBANKID: null
2024/02/26 15:39:39 SOURCEBANKNAME: null
2024/02/26 15:39:39 DESTBANKID: null
2024/02/26 15:39:39 DESTBANKNAME: null
2024/02/26 15:39:39 VALUE: 0
2024/02/26 15:39:39 REMITINFO: null
2024/02/26 15:39:39 GENERATION: 0
2024/02/26 15:39:39 CURRENCY: null
2024/02/26 15:39:39 SERVICE: null
2024/02/26 15:39:39 DWELLTIME: null
2024/02/26 15:39:39 TRACETYPE: null
2024/02/26 15:39:39 MULESCORE: 0
2024/02/26 15:39:39 PARENTALERTID: null
2024/02/26 15:39:39 MOSTRECENTFEEDBACK: null
2024/02/26 15:39:39 DECISIONDATE: 2024-02-26 15:39:39.539343 +0800 PST m=+2.876727460
2024/02/26 15:39:39 =========================================================================================
2024/02/26 15:41:24 
2024/02/26 15:41:24                - - - -  Alert-Transaction - - - -   
2024/02/26 15:41:24 Unique-ID: 966700a0fa04fb4c48218d5b48ec30af
2024/02/26 15:41:24 ID: The request contains a bad payload
2024/02/26 15:41:24 RESPONSE: (Bad Request - 400)
2024/02/26 15:41:24 COUNT: 0
2024/02/26 15:41:24 TXNID: null
2024/02/26 15:41:24 NETWORKALERTID: null
2024/02/26 15:41:24 NETWORKID: null
2024/02/26 15:41:24 TIME: 2024-02-26 15:41:24.454529 +0800 PST m=+107.795560043
2024/02/26 15:41:24 TXNTIME: 2024-02-26 15:41:24.454529 +0800 PST m=+107.795560168
2024/02/26 15:41:24 SOURCEID: null
2024/02/26 15:41:24 DESTID: null
2024/02/26 15:41:24 SOURCEBANKID: null
2024/02/26 15:41:24 SOURCEBANKNAME: null
2024/02/26 15:41:24 DESTBANKID: null
2024/02/26 15:41:24 DESTBANKNAME: null
2024/02/26 15:41:24 VALUE: 0
2024/02/26 15:41:24 REMITINFO: null
2024/02/26 15:41:24 GENERATION: 0
2024/02/26 15:41:24 CURRENCY: null
2024/02/26 15:41:24 SERVICE: null
2024/02/26 15:41:24 DWELLTIME: null
2024/02/26 15:41:24 TRACETYPE: null
2024/02/26 15:41:24 MULESCORE: 0
2024/02/26 15:41:24 PARENTALERTID: null
2024/02/26 15:41:24 MOSTRECENTFEEDBACK: null
2024/02/26 15:41:24 DECISIONDATE: 2024-02-26 15:41:24.454529 +0800 PST m=+107.795560251
2024/02/26 15:41:24 =========================================================================================
2024/02/26 15:41:45 
2024/02/26 15:41:45                - - - -  Alert-Transaction - - - -   
2024/02/26 15:41:45 Unique-ID: efabc0386ea099824e6fbf7ebbf410e3
2024/02/26 15:41:45 ID: The request contains a bad payload
2024/02/26 15:41:45 RESPONSE: (Bad Request - 400)
2024/02/26 15:41:45 COUNT: 0
2024/02/26 15:41:45 TXNID: null
2024/02/26 15:41:45 NETWORKALERTID: null
2024/02/26 15:41:45 NETWORKID: null
2024/02/26 15:41:45 TIME: 2024-02-26 15:41:45.754739 +0800 PST m=+15.538169001
2024/02/26 15:41:45 TXNTIME: 2024-02-26 15:41:45.754739 +0800 PST m=+15.538169085
2024/02/26 15:41:45 SOURCEID: null
2024/02/26 15:41:45 DESTID: null
2024/02/26 15:41:45 SOURCEBANKID: null
2024/02/26 15:41:45 SOURCEBANKNAME: null
2024/02/26 15:41:45 DESTBANKID: null
2024/02/26 15:41:45 DESTBANKNAME: null
2024/02/26 15:41:45 VALUE: 0
2024/02/26 15:41:45 REMITINFO: null
2024/02/26 15:41:45 GENERATION: 0
2024/02/26 15:41:45 CURRENCY: null
2024/02/26 15:41:45 SERVICE: null
2024/02/26 15:41:45 DWELLTIME: null
2024/02/26 15:41:45 TRACETYPE: null
2024/02/26 15:41:45 MULESCORE: 0
2024/02/26 15:41:45 PARENTALERTID: null
2024/02/26 15:41:45 MOSTRECENTFEEDBACK: null
2024/02/26 15:41:45 DECISIONDATE: 2024-02-26 15:41:45.754739 +0800 PST m=+15.538169210
2024/02/26 15:41:45 =========================================================================================
2024/02/26 15:44:24 
2024/02/26 15:44:24                - - - -  Alert-Transaction - - - -   
2024/02/26 15:44:24 Unique-ID: 2906ede918be745874f3689895ed87ae
2024/02/26 15:44:24 ID: The request contains a bad payload
2024/02/26 15:44:24 RESPONSE: (Bad Request - 400)
2024/02/26 15:44:24 COUNT: 0
2024/02/26 15:44:24 TXNID: null
2024/02/26 15:44:24 NETWORKALERTID: null
2024/02/26 15:44:24 NETWORKID: null
2024/02/26 15:44:24 TIME: 2024-02-26 15:44:24.373236 +0800 PST m=+2.229031251
2024/02/26 15:44:24 TXNTIME: 2024-02-26 15:44:24.373237 +0800 PST m=+2.229031459
2024/02/26 15:44:24 SOURCEID: null
2024/02/26 15:44:24 DESTID: null
2024/02/26 15:44:24 SOURCEBANKID: null
2024/02/26 15:44:24 SOURCEBANKNAME: null
2024/02/26 15:44:24 DESTBANKID: null
2024/02/26 15:44:24 DESTBANKNAME: null
2024/02/26 15:44:24 VALUE: 0
2024/02/26 15:44:24 REMITINFO: null
2024/02/26 15:44:24 GENERATION: 0
2024/02/26 15:44:24 CURRENCY: null
2024/02/26 15:44:24 SERVICE: null
2024/02/26 15:44:24 DWELLTIME: null
2024/02/26 15:44:24 TRACETYPE: null
2024/02/26 15:44:24 MULESCORE: 0
2024/02/26 15:44:24 PARENTALERTID: null
2024/02/26 15:44:24 MOSTRECENTFEEDBACK: null
2024/02/26 15:44:24 DECISIONDATE: 2024-02-26 15:44:24.373237 +0800 PST m=+2.229031667
2024/02/26 15:44:24 =========================================================================================
2024/02/26 16:06:59 
2024/02/26 16:06:59                - - - -  Alert-Transaction - - - -   
2024/02/26 16:06:59 Unique-ID: d3e83e5a1c1558a93a66a1cfa421794c
2024/02/26 16:06:59 ID: The request contains a bad payload
2024/02/26 16:06:59 RESPONSE: (Bad Request - 400)
2024/02/26 16:06:59 COUNT: 0
2024/02/26 16:06:59 TXNID: null
2024/02/26 16:06:59 NETWORKALERTID: null
2024/02/26 16:06:59 NETWORKID: null
2024/02/26 16:06:59 TIME: 2024-02-26 16:06:59.987959 +0800 PST m=+7.363224959
2024/02/26 16:06:59 TXNTIME: 2024-02-26 16:06:59.987959 +0800 PST m=+7.363225042
2024/02/26 16:06:59 SOURCEID: null
2024/02/26 16:06:59 DESTID: null
2024/02/26 16:06:59 SOURCEBANKID: null
2024/02/26 16:06:59 SOURCEBANKNAME: null
2024/02/26 16:06:59 DESTBANKID: null
2024/02/26 16:06:59 DESTBANKNAME: null
2024/02/26 16:06:59 VALUE: 0
2024/02/26 16:06:59 REMITINFO: null
2024/02/26 16:06:59 GENERATION: 0
2024/02/26 16:06:59 CURRENCY: null
2024/02/26 16:06:59 SERVICE: null
2024/02/26 16:06:59 DWELLTIME: null
2024/02/26 16:06:59 TRACETYPE: null
2024/02/26 16:06:59 MULESCORE: 0
2024/02/26 16:06:59 PARENTALERTID: null
2024/02/26 16:06:59 MOSTRECENTFEEDBACK: null
2024/02/26 16:06:59 DECISIONDATE: 2024-02-26 16:06:59.987959 +0800 PST m=+7.363225126
2024/02/26 16:06:59 =========================================================================================
2024/02/26 16:41:33 
2024/02/26 16:41:33                - - - -  Alert-Transaction - - - -   
2024/02/26 16:41:33 Unique-ID: 6f9e4c19239bd9c9e15717da38956674
2024/02/26 16:41:33 ID: You have exceeded the service rate limit. Maximum allowed: ${rate_limit.output} TPS
2024/02/26 16:41:33 RESPONSE: (Rate Limit Exceeded - 429)
2024/02/26 16:41:33 COUNT: 0
2024/02/26 16:41:33 TXNID: null
2024/02/26 16:41:33 NETWORKALERTID: null
2024/02/26 16:41:33 NETWORKID: null
2024/02/26 16:41:33 TIME: 2024-02-26 16:41:33.075922 +0800 PST m=+205.476550126
2024/02/26 16:41:33 TXNTIME: 2024-02-26 16:41:33.075922 +0800 PST m=+205.476550210
2024/02/26 16:41:33 SOURCEID: null
2024/02/26 16:41:33 DESTID: null
2024/02/26 16:41:33 SOURCEBANKID: null
2024/02/26 16:41:33 SOURCEBANKNAME: null
2024/02/26 16:41:33 DESTBANKID: null
2024/02/26 16:41:33 DESTBANKNAME: null
2024/02/26 16:41:33 VALUE: 0
2024/02/26 16:41:33 REMITINFO: null
2024/02/26 16:41:33 GENERATION: 0
2024/02/26 16:41:33 CURRENCY: null
2024/02/26 16:41:33 SERVICE: null
2024/02/26 16:41:33 DWELLTIME: null
2024/02/26 16:41:33 TRACETYPE: null
2024/02/26 16:41:33 MULESCORE: 0
2024/02/26 16:41:33 PARENTALERTID: null
2024/02/26 16:41:33 MOSTRECENTFEEDBACK: null
2024/02/26 16:41:33 DECISIONDATE: 2024-02-26 16:41:33.075922 +0800 PST m=+205.476550293
2024/02/26 16:41:33 =========================================================================================
2024/02/26 16:45:37 
2024/02/26 16:45:37                - - - -  Alert-Transaction - - - -   
2024/02/26 16:45:37 Unique-ID: db18d6c5d1c6aee7dd25e775c4c79297
2024/02/26 16:45:37 ID: You have exceeded the service rate limit. Maximum allowed: ${rate_limit.output} TPS
2024/02/26 16:45:37 RESPONSE: (Rate Limit Exceeded - 429)
2024/02/26 16:45:37 COUNT: 0
2024/02/26 16:45:37 TXNID: null
2024/02/26 16:45:37 NETWORKALERTID: null
2024/02/26 16:45:37 NETWORKID: null
2024/02/26 16:45:37 TIME: 2024-02-26 16:45:37.217825 +0800 PST m=+36.198016793
2024/02/26 16:45:37 TXNTIME: 2024-02-26 16:45:37.217825 +0800 PST m=+36.198016876
2024/02/26 16:45:37 SOURCEID: null
2024/02/26 16:45:37 DESTID: null
2024/02/26 16:45:37 SOURCEBANKID: null
2024/02/26 16:45:37 SOURCEBANKNAME: null
2024/02/26 16:45:37 DESTBANKID: null
2024/02/26 16:45:37 DESTBANKNAME: null
2024/02/26 16:45:37 VALUE: 0
2024/02/26 16:45:37 REMITINFO: null
2024/02/26 16:45:37 GENERATION: 0
2024/02/26 16:45:37 CURRENCY: null
2024/02/26 16:45:37 SERVICE: null
2024/02/26 16:45:37 DWELLTIME: null
2024/02/26 16:45:37 TRACETYPE: null
2024/02/26 16:45:37 MULESCORE: 0
2024/02/26 16:45:37 PARENTALERTID: null
2024/02/26 16:45:37 MOSTRECENTFEEDBACK: null
2024/02/26 16:45:37 DECISIONDATE: 2024-02-26 16:45:37.217825 +0800 PST m=+36.198016959
2024/02/26 16:45:37 =========================================================================================
2024/02/26 17:56:50 
2024/02/26 17:56:50                - - - -  Alert-Transaction - - - -   
2024/02/26 17:56:50 Unique-ID: a523629035a5c2a4d067e3fe7e7957c8
2024/02/26 17:56:50 ID: The request contains a bad payload
2024/02/26 17:56:50 RESPONSE: (Bad Request - 400)
2024/02/26 17:56:50 COUNT: 0
2024/02/26 17:56:50 TXNID: null
2024/02/26 17:56:50 NETWORKALERTID: null
2024/02/26 17:56:50 NETWORKID: null
2024/02/26 17:56:50 TIME: 2024-02-26 17:56:50.339018 +0800 PST m=+1.845118168
2024/02/26 17:56:50 TXNTIME: 2024-02-26 17:56:50.339018 +0800 PST m=+1.845118334
2024/02/26 17:56:50 SOURCEID: null
2024/02/26 17:56:50 DESTID: null
2024/02/26 17:56:50 SOURCEBANKID: null
2024/02/26 17:56:50 SOURCEBANKNAME: null
2024/02/26 17:56:50 DESTBANKID: null
2024/02/26 17:56:50 DESTBANKNAME: null
2024/02/26 17:56:50 VALUE: 0
2024/02/26 17:56:50 REMITINFO: null
2024/02/26 17:56:50 GENERATION: 0
2024/02/26 17:56:50 CURRENCY: null
2024/02/26 17:56:50 SERVICE: null
2024/02/26 17:56:50 DWELLTIME: null
2024/02/26 17:56:50 TRACETYPE: null
2024/02/26 17:56:50 MULESCORE: 0
2024/02/26 17:56:50 PARENTALERTID: null
2024/02/26 17:56:50 MOSTRECENTFEEDBACK: null
2024/02/26 17:56:50 DECISIONDATE: 2024-02-26 17:56:50.339018 +0800 PST m=+1.845118418
2024/02/26 17:56:50 =========================================================================================
2024/02/26 17:56:52 
2024/02/26 17:56:52                - - - -  Alert-Transaction - - - -   
2024/02/26 17:56:52 Unique-ID: 8e2382f5a83edc3c9e7e9e4f2511b06f
2024/02/26 17:56:52 ID: The request contains a bad payload
2024/02/26 17:56:52 RESPONSE: (Bad Request - 400)
2024/02/26 17:56:52 COUNT: 0
2024/02/26 17:56:52 TXNID: null
2024/02/26 17:56:52 NETWORKALERTID: null
2024/02/26 17:56:52 NETWORKID: null
2024/02/26 17:56:52 TIME: 2024-02-26 17:56:52.758346 +0800 PST m=+4.264520084
2024/02/26 17:56:52 TXNTIME: 2024-02-26 17:56:52.758346 +0800 PST m=+4.264520209
2024/02/26 17:56:52 SOURCEID: null
2024/02/26 17:56:52 DESTID: null
2024/02/26 17:56:52 SOURCEBANKID: null
2024/02/26 17:56:52 SOURCEBANKNAME: null
2024/02/26 17:56:52 DESTBANKID: null
2024/02/26 17:56:52 DESTBANKNAME: null
2024/02/26 17:56:52 VALUE: 0
2024/02/26 17:56:52 REMITINFO: null
2024/02/26 17:56:52 GENERATION: 0
2024/02/26 17:56:52 CURRENCY: null
2024/02/26 17:56:52 SERVICE: null
2024/02/26 17:56:52 DWELLTIME: null
2024/02/26 17:56:52 TRACETYPE: null
2024/02/26 17:56:52 MULESCORE: 0
2024/02/26 17:56:52 PARENTALERTID: null
2024/02/26 17:56:52 MOSTRECENTFEEDBACK: null
2024/02/26 17:56:52 DECISIONDATE: 2024-02-26 17:56:52.758346 +0800 PST m=+4.264520293
2024/02/26 17:56:52 =========================================================================================
2024/02/26 17:57:57 
2024/02/26 17:57:57                - - - -  Alert-Transaction - - - -   
2024/02/26 17:57:57 Unique-ID: 5902f5be5ab4231fe8819822fa6aa125
2024/02/26 17:57:57 ID: The request contains a bad payload
2024/02/26 17:57:57 RESPONSE: (Bad Request - 400)
2024/02/26 17:57:57 COUNT: 0
2024/02/26 17:57:57 TXNID: null
2024/02/26 17:57:57 NETWORKALERTID: null
2024/02/26 17:57:57 NETWORKID: null
2024/02/26 17:57:57 TIME: 2024-02-26 17:57:57.095134 +0800 PST m=+68.603270251
2024/02/26 17:57:57 TXNTIME: 2024-02-26 17:57:57.095134 +0800 PST m=+68.603270376
2024/02/26 17:57:57 SOURCEID: null
2024/02/26 17:57:57 DESTID: null
2024/02/26 17:57:57 SOURCEBANKID: null
2024/02/26 17:57:57 SOURCEBANKNAME: null
2024/02/26 17:57:57 DESTBANKID: null
2024/02/26 17:57:57 DESTBANKNAME: null
2024/02/26 17:57:57 VALUE: 0
2024/02/26 17:57:57 REMITINFO: null
2024/02/26 17:57:57 GENERATION: 0
2024/02/26 17:57:57 CURRENCY: null
2024/02/26 17:57:57 SERVICE: null
2024/02/26 17:57:57 DWELLTIME: null
2024/02/26 17:57:57 TRACETYPE: null
2024/02/26 17:57:57 MULESCORE: 0
2024/02/26 17:57:57 PARENTALERTID: null
2024/02/26 17:57:57 MOSTRECENTFEEDBACK: null
2024/02/26 17:57:57 DECISIONDATE: 2024-02-26 17:57:57.095134 +0800 PST m=+68.603270459
2024/02/26 17:57:57 =========================================================================================
2024/02/26 18:37:40 
2024/02/26 18:37:40                - - - -  Alert-Transaction - - - -   
2024/02/26 18:37:40 Unique-ID: 65721088d6e8cfae2fb685e5f4b89226
2024/02/26 18:37:40 ID: The request contains a bad payload
2024/02/26 18:37:40 RESPONSE: (Bad Request - 400)
2024/02/26 18:37:40 COUNT: 0
2024/02/26 18:37:40 TXNID: null
2024/02/26 18:37:40 NETWORKALERTID: null
2024/02/26 18:37:40 NETWORKID: null
2024/02/26 18:37:40 TIME: 2024-02-26 18:37:40.579922 +0800 PST m=+7.856565084
2024/02/26 18:37:40 TXNTIME: 2024-02-26 18:37:40.579922 +0800 PST m=+7.856565209
2024/02/26 18:37:40 SOURCEID: null
2024/02/26 18:37:40 DESTID: null
2024/02/26 18:37:40 SOURCEBANKID: null
2024/02/26 18:37:40 SOURCEBANKNAME: null
2024/02/26 18:37:40 DESTBANKID: null
2024/02/26 18:37:40 DESTBANKNAME: null
2024/02/26 18:37:40 VALUE: 0
2024/02/26 18:37:40 REMITINFO: null
2024/02/26 18:37:40 GENERATION: 0
2024/02/26 18:37:40 CURRENCY: null
2024/02/26 18:37:40 SERVICE: null
2024/02/26 18:37:40 DWELLTIME: null
2024/02/26 18:37:40 TRACETYPE: null
2024/02/26 18:37:40 MULESCORE: 0
2024/02/26 18:37:40 PARENTALERTID: null
2024/02/26 18:37:40 MOSTRECENTFEEDBACK: null
2024/02/26 18:37:40 DECISIONDATE: 2024-02-26 18:37:40.579922 +0800 PST m=+7.856565292
2024/02/26 18:37:40 =========================================================================================
2024/02/26 18:38:40 
2024/02/26 18:38:40                - - - -  Alert-Transaction - - - -   
2024/02/26 18:38:40 Unique-ID: 9f5cd11f7c5b3ce8428032ebbe6c3a04
2024/02/26 18:38:40 ID: The request contains a bad payload
2024/02/26 18:38:40 RESPONSE: (Bad Request - 400)
2024/02/26 18:38:40 COUNT: 0
2024/02/26 18:38:40 TXNID: null
2024/02/26 18:38:40 NETWORKALERTID: null
2024/02/26 18:38:40 NETWORKID: null
2024/02/26 18:38:40 TIME: 2024-02-26 18:38:40.776157 +0800 PST m=+2.089190501
2024/02/26 18:38:40 TXNTIME: 2024-02-26 18:38:40.776157 +0800 PST m=+2.089190626
2024/02/26 18:38:40 SOURCEID: null
2024/02/26 18:38:40 DESTID: null
2024/02/26 18:38:40 SOURCEBANKID: null
2024/02/26 18:38:40 SOURCEBANKNAME: null
2024/02/26 18:38:40 DESTBANKID: null
2024/02/26 18:38:40 DESTBANKNAME: null
2024/02/26 18:38:40 VALUE: 0
2024/02/26 18:38:40 REMITINFO: null
2024/02/26 18:38:40 GENERATION: 0
2024/02/26 18:38:40 CURRENCY: null
2024/02/26 18:38:40 SERVICE: null
2024/02/26 18:38:40 DWELLTIME: null
2024/02/26 18:38:40 TRACETYPE: null
2024/02/26 18:38:40 MULESCORE: 0
2024/02/26 18:38:40 PARENTALERTID: null
2024/02/26 18:38:40 MOSTRECENTFEEDBACK: null
2024/02/26 18:38:40 DECISIONDATE: 2024-02-26 18:38:40.776157 +0800 PST m=+2.089190710
2024/02/26 18:38:40 =========================================================================================
2024/02/26 18:39:27 
2024/02/26 18:39:27                - - - -  Alert-Transaction - - - -   
2024/02/26 18:39:27 Unique-ID: 99933a5e17d6f0aa75356382aae5ddd5
2024/02/26 18:39:27 ID: The request contains a bad payload
2024/02/26 18:39:27 RESPONSE: (Bad Request - 400)
2024/02/26 18:39:27 COUNT: 0
2024/02/26 18:39:27 TXNID: null
2024/02/26 18:39:27 NETWORKALERTID: null
2024/02/26 18:39:27 NETWORKID: null
2024/02/26 18:39:27 TIME: 2024-02-26 18:39:27.618953 +0800 PST m=+2.104973334
2024/02/26 18:39:27 TXNTIME: 2024-02-26 18:39:27.618953 +0800 PST m=+2.104973542
2024/02/26 18:39:27 SOURCEID: null
2024/02/26 18:39:27 DESTID: null
2024/02/26 18:39:27 SOURCEBANKID: null
2024/02/26 18:39:27 SOURCEBANKNAME: null
2024/02/26 18:39:27 DESTBANKID: null
2024/02/26 18:39:27 DESTBANKNAME: null
2024/02/26 18:39:27 VALUE: 0
2024/02/26 18:39:27 REMITINFO: null
2024/02/26 18:39:27 GENERATION: 0
2024/02/26 18:39:27 CURRENCY: null
2024/02/26 18:39:27 SERVICE: null
2024/02/26 18:39:27 DWELLTIME: null
2024/02/26 18:39:27 TRACETYPE: null
2024/02/26 18:39:27 MULESCORE: 0
2024/02/26 18:39:27 PARENTALERTID: null
2024/02/26 18:39:27 MOSTRECENTFEEDBACK: null
2024/02/26 18:39:27 DECISIONDATE: 2024-02-26 18:39:27.618953 +0800 PST m=+2.104973751
2024/02/26 18:39:27 =========================================================================================
2024/02/26 18:41:37 
2024/02/26 18:41:37                - - - -  Alert-Transaction - - - -   
2024/02/26 18:41:37 Unique-ID: dfbc5cc0ab9dccc8beb28ac05491f0e0
2024/02/26 18:41:37 ID: The request contains a bad payload
2024/02/26 18:41:37 RESPONSE: (Bad Request - 400)
2024/02/26 18:41:37 COUNT: 0
2024/02/26 18:41:37 TXNID: null
2024/02/26 18:41:37 NETWORKALERTID: null
2024/02/26 18:41:37 NETWORKID: null
2024/02/26 18:41:37 TIME: 2024-02-26 18:41:37.967316 +0800 PST m=+2.278422460
2024/02/26 18:41:37 TXNTIME: 2024-02-26 18:41:37.967316 +0800 PST m=+2.278422668
2024/02/26 18:41:37 SOURCEID: null
2024/02/26 18:41:37 DESTID: null
2024/02/26 18:41:37 SOURCEBANKID: null
2024/02/26 18:41:37 SOURCEBANKNAME: null
2024/02/26 18:41:37 DESTBANKID: null
2024/02/26 18:41:37 DESTBANKNAME: null
2024/02/26 18:41:37 VALUE: 0
2024/02/26 18:41:37 REMITINFO: null
2024/02/26 18:41:37 GENERATION: 0
2024/02/26 18:41:37 CURRENCY: null
2024/02/26 18:41:37 SERVICE: null
2024/02/26 18:41:37 DWELLTIME: null
2024/02/26 18:41:37 TRACETYPE: null
2024/02/26 18:41:37 MULESCORE: 0
2024/02/26 18:41:37 PARENTALERTID: null
2024/02/26 18:41:37 MOSTRECENTFEEDBACK: null
2024/02/26 18:41:37 DECISIONDATE: 2024-02-26 18:41:37.967316 +0800 PST m=+2.278422876
2024/02/26 18:41:37 =========================================================================================
2024/02/26 18:52:32 
2024/02/26 18:52:32                - - - -  Alert-Transaction - - - -   
2024/02/26 18:52:32 Unique-ID: 908495e2f3d2c09694a40b9b26ccd839
2024/02/26 18:52:32 ID: The request contains a bad payload
2024/02/26 18:52:32 RESPONSE: (Bad Request - 400)
2024/02/26 18:52:32 COUNT: 0
2024/02/26 18:52:32 TXNID: null
2024/02/26 18:52:32 NETWORKALERTID: null
2024/02/26 18:52:32 NETWORKID: null
2024/02/26 18:52:32 TIME: 2024-02-26 18:52:32.174882 +0800 PST m=+2.493030335
2024/02/26 18:52:32 TXNTIME: 2024-02-26 18:52:32.174882 +0800 PST m=+2.493030585
2024/02/26 18:52:32 SOURCEID: null
2024/02/26 18:52:32 DESTID: null
2024/02/26 18:52:32 SOURCEBANKID: null
2024/02/26 18:52:32 SOURCEBANKNAME: null
2024/02/26 18:52:32 DESTBANKID: null
2024/02/26 18:52:32 DESTBANKNAME: null
2024/02/26 18:52:32 VALUE: 0
2024/02/26 18:52:32 REMITINFO: null
2024/02/26 18:52:32 GENERATION: 0
2024/02/26 18:52:32 CURRENCY: null
2024/02/26 18:52:32 SERVICE: null
2024/02/26 18:52:32 DWELLTIME: null
2024/02/26 18:52:32 TRACETYPE: null
2024/02/26 18:52:32 MULESCORE: 0
2024/02/26 18:52:32 PARENTALERTID: null
2024/02/26 18:52:32 MOSTRECENTFEEDBACK: null
2024/02/26 18:52:32 DECISIONDATE: 2024-02-26 18:52:32.174882 +0800 PST m=+2.493030835
2024/02/26 18:52:32 =========================================================================================
2024/02/26 18:54:39 
2024/02/26 18:54:39                - - - -  Alert-Transaction - - - -   
2024/02/26 18:54:39 Unique-ID: 8128e17b31d13e516135d3363fa0a004
2024/02/26 18:54:39 ID: The request contains a bad payload
2024/02/26 18:54:39 RESPONSE: (Bad Request - 400)
2024/02/26 18:54:39 COUNT: 0
2024/02/26 18:54:39 TXNID: null
2024/02/26 18:54:39 NETWORKALERTID: null
2024/02/26 18:54:39 NETWORKID: null
2024/02/26 18:54:39 TIME: 2024-02-26 18:54:39.194224 +0800 PST m=+3.162753126
2024/02/26 18:54:39 TXNTIME: 2024-02-26 18:54:39.194224 +0800 PST m=+3.162753251
2024/02/26 18:54:39 SOURCEID: null
2024/02/26 18:54:39 DESTID: null
2024/02/26 18:54:39 SOURCEBANKID: null
2024/02/26 18:54:39 SOURCEBANKNAME: null
2024/02/26 18:54:39 DESTBANKID: null
2024/02/26 18:54:39 DESTBANKNAME: null
2024/02/26 18:54:39 VALUE: 0
2024/02/26 18:54:39 REMITINFO: null
2024/02/26 18:54:39 GENERATION: 0
2024/02/26 18:54:39 CURRENCY: null
2024/02/26 18:54:39 SERVICE: null
2024/02/26 18:54:39 DWELLTIME: null
2024/02/26 18:54:39 TRACETYPE: null
2024/02/26 18:54:39 MULESCORE: 0
2024/02/26 18:54:39 PARENTALERTID: null
2024/02/26 18:54:39 MOSTRECENTFEEDBACK: null
2024/02/26 18:54:39 DECISIONDATE: 2024-02-26 18:54:39.194224 +0800 PST m=+3.162753376
2024/02/26 18:54:39 =========================================================================================
2024/02/26 20:13:17 
2024/02/26 20:13:17                - - - -  Alert-Transaction - - - -   
2024/02/26 20:13:17 Unique-ID: 0d0b42d693a939836d5bfdd9854a565a
2024/02/26 20:13:17 ID: The request contains a bad payload
2024/02/26 20:13:17 RESPONSE: (Bad Request - 400)
2024/02/26 20:13:17 COUNT: 0
2024/02/26 20:13:17 TXNID: null
2024/02/26 20:13:17 NETWORKALERTID: null
2024/02/26 20:13:17 NETWORKID: null
2024/02/26 20:13:17 TIME: 2024-02-26 20:13:17.891956 +0800 PST m=+5.847978001
2024/02/26 20:13:17 TXNTIME: 2024-02-26 20:13:17.891957 +0800 PST m=+5.847978209
2024/02/26 20:13:17 SOURCEID: null
2024/02/26 20:13:17 DESTID: null
2024/02/26 20:13:17 SOURCEBANKID: null
2024/02/26 20:13:17 SOURCEBANKNAME: null
2024/02/26 20:13:17 DESTBANKID: null
2024/02/26 20:13:17 DESTBANKNAME: null
2024/02/26 20:13:17 VALUE: 0
2024/02/26 20:13:17 REMITINFO: null
2024/02/26 20:13:17 GENERATION: 0
2024/02/26 20:13:17 CURRENCY: null
2024/02/26 20:13:17 SERVICE: null
2024/02/26 20:13:17 DWELLTIME: null
2024/02/26 20:13:17 TRACETYPE: null
2024/02/26 20:13:17 MULESCORE: 0
2024/02/26 20:13:17 PARENTALERTID: null
2024/02/26 20:13:17 MOSTRECENTFEEDBACK: null
2024/02/26 20:13:17 DECISIONDATE: 2024-02-26 20:13:17.891957 +0800 PST m=+5.847978334
2024/02/26 20:13:17 =========================================================================================
2024/02/26 20:13:52 
2024/02/26 20:13:52                - - - -  Alert-Transaction - - - -   
2024/02/26 20:13:52 Unique-ID: d06c4a1e28dee5f7770d3a0174b3217a
2024/02/26 20:13:52 ID: The request contains a bad payload
2024/02/26 20:13:52 RESPONSE: (Bad Request - 400)
2024/02/26 20:13:52 COUNT: 0
2024/02/26 20:13:52 TXNID: null
2024/02/26 20:13:52 NETWORKALERTID: null
2024/02/26 20:13:52 NETWORKID: null
2024/02/26 20:13:52 TIME: 2024-02-26 20:13:52.323688 +0800 PST m=+3.223390876
2024/02/26 20:13:52 TXNTIME: 2024-02-26 20:13:52.323688 +0800 PST m=+3.223390959
2024/02/26 20:13:52 SOURCEID: null
2024/02/26 20:13:52 DESTID: null
2024/02/26 20:13:52 SOURCEBANKID: null
2024/02/26 20:13:52 SOURCEBANKNAME: null
2024/02/26 20:13:52 DESTBANKID: null
2024/02/26 20:13:52 DESTBANKNAME: null
2024/02/26 20:13:52 VALUE: 0
2024/02/26 20:13:52 REMITINFO: null
2024/02/26 20:13:52 GENERATION: 0
2024/02/26 20:13:52 CURRENCY: null
2024/02/26 20:13:52 SERVICE: null
2024/02/26 20:13:52 DWELLTIME: null
2024/02/26 20:13:52 TRACETYPE: null
2024/02/26 20:13:52 MULESCORE: 0
2024/02/26 20:13:52 PARENTALERTID: null
2024/02/26 20:13:52 MOSTRECENTFEEDBACK: null
2024/02/26 20:13:52 DECISIONDATE: 2024-02-26 20:13:52.323688 +0800 PST m=+3.223391042
2024/02/26 20:13:52 =========================================================================================
2024/02/26 20:39:12 
2024/02/26 20:39:12                - - - -  Alert-Transaction - - - -   
2024/02/26 20:39:12 Unique-ID: 7ca81ec22f80aef1374ced938c5f1a38
2024/02/26 20:39:12 ID: The request contains a bad payload
2024/02/26 20:39:12 RESPONSE: (Bad Request - 400)
2024/02/26 20:39:12 COUNT: 0
2024/02/26 20:39:12 TXNID: null
2024/02/26 20:39:12 NETWORKALERTID: null
2024/02/26 20:39:12 NETWORKID: null
2024/02/26 20:39:12 TIME: 2024-02-26 20:39:12.813835 +0800 PST m=+42.415399210
2024/02/26 20:39:12 TXNTIME: 2024-02-26 20:39:12.813835 +0800 PST m=+42.415399293
2024/02/26 20:39:12 SOURCEID: null
2024/02/26 20:39:12 DESTID: null
2024/02/26 20:39:12 SOURCEBANKID: null
2024/02/26 20:39:12 SOURCEBANKNAME: null
2024/02/26 20:39:12 DESTBANKID: null
2024/02/26 20:39:12 DESTBANKNAME: null
2024/02/26 20:39:12 VALUE: 0
2024/02/26 20:39:12 REMITINFO: null
2024/02/26 20:39:12 GENERATION: 0
2024/02/26 20:39:12 CURRENCY: null
2024/02/26 20:39:12 SERVICE: null
2024/02/26 20:39:12 DWELLTIME: null
2024/02/26 20:39:12 TRACETYPE: null
2024/02/26 20:39:12 MULESCORE: 0
2024/02/26 20:39:12 PARENTALERTID: null
2024/02/26 20:39:12 MOSTRECENTFEEDBACK: null
2024/02/26 20:39:12 DECISIONDATE: 2024-02-26 20:39:12.813835 +0800 PST m=+42.415399418
2024/02/26 20:39:12 =========================================================================================
2024/02/26 20:46:22 
2024/02/26 20:46:22                - - - -  Alert-Transaction - - - -   
2024/02/26 20:46:22 Unique-ID: e1721887e673333022d7cb764dae6a77
2024/02/26 20:46:22 ID: You have exceeded the service rate limit. Maximum allowed: ${rate_limit.output} TPS
2024/02/26 20:46:22 RESPONSE: (Rate Limit Exceeded - 429)
2024/02/26 20:46:22 COUNT: 0
2024/02/26 20:46:22 TXNID: null
2024/02/26 20:46:22 NETWORKALERTID: null
2024/02/26 20:46:22 NETWORKID: null
2024/02/26 20:46:22 TIME: 2024-02-26 20:46:22.573454 +0800 PST m=+472.184321043
2024/02/26 20:46:22 TXNTIME: 2024-02-26 20:46:22.573454 +0800 PST m=+472.184321293
2024/02/26 20:46:22 SOURCEID: null
2024/02/26 20:46:22 DESTID: null
2024/02/26 20:46:22 SOURCEBANKID: null
2024/02/26 20:46:22 SOURCEBANKNAME: null
2024/02/26 20:46:22 DESTBANKID: null
2024/02/26 20:46:22 DESTBANKNAME: null
2024/02/26 20:46:22 VALUE: 0
2024/02/26 20:46:22 REMITINFO: null
2024/02/26 20:46:22 GENERATION: 0
2024/02/26 20:46:22 CURRENCY: null
2024/02/26 20:46:22 SERVICE: null
2024/02/26 20:46:22 DWELLTIME: null
2024/02/26 20:46:22 TRACETYPE: null
2024/02/26 20:46:22 MULESCORE: 0
2024/02/26 20:46:22 PARENTALERTID: null
2024/02/26 20:46:22 MOSTRECENTFEEDBACK: null
2024/02/26 20:46:22 DECISIONDATE: 2024-02-26 20:46:22.573454 +0800 PST m=+472.184321418
2024/02/26 20:46:22 =========================================================================================
2024/02/26 21:38:59 
2024/02/26 21:38:59                - - - -  Alert-Transaction - - - -   
2024/02/26 21:38:59 Unique-ID: 41d4151e96e9b39cf3c3364d960beaa7
2024/02/26 21:38:59 ID: The request contains a bad payload
2024/02/26 21:38:59 RESPONSE: (Bad Request - 400)
2024/02/26 21:38:59 COUNT: 0
2024/02/26 21:38:59 TXNID: null
2024/02/26 21:38:59 NETWORKALERTID: null
2024/02/26 21:38:59 NETWORKID: null
2024/02/26 21:38:59 TIME: 2024-02-26 21:38:59.994975 +0800 PST m=+44.112529126
2024/02/26 21:38:59 TXNTIME: 2024-02-26 21:38:59.995016 +0800 PST m=+44.112530460
2024/02/26 21:38:59 SOURCEID: null
2024/02/26 21:38:59 DESTID: null
2024/02/26 21:38:59 SOURCEBANKID: null
2024/02/26 21:38:59 SOURCEBANKNAME: null
2024/02/26 21:38:59 DESTBANKID: null
2024/02/26 21:38:59 DESTBANKNAME: null
2024/02/26 21:38:59 VALUE: 0
2024/02/26 21:38:59 REMITINFO: null
2024/02/26 21:38:59 GENERATION: 0
2024/02/26 21:38:59 CURRENCY: null
2024/02/26 21:38:59 SERVICE: null
2024/02/26 21:38:59 DWELLTIME: null
2024/02/26 21:38:59 TRACETYPE: null
2024/02/26 21:38:59 MULESCORE: 0
2024/02/26 21:38:59 PARENTALERTID: null
2024/02/26 21:38:59 MOSTRECENTFEEDBACK: null
2024/02/26 21:38:59 DECISIONDATE: 2024-02-26 21:38:59.995016 +0800 PST m=+44.112530710
2024/02/26 21:38:59 =========================================================================================
2024/02/26 21:39:03 
2024/02/26 21:39:03                - - - -  Alert-Transaction - - - -   
2024/02/26 21:39:03 Unique-ID: 87254f28af57dbb82aca5bea80d57e33
2024/02/26 21:39:03 ID: The request contains a bad payload
2024/02/26 21:39:03 RESPONSE: (Bad Request - 400)
2024/02/26 21:39:03 COUNT: 0
2024/02/26 21:39:03 TXNID: null
2024/02/26 21:39:03 NETWORKALERTID: null
2024/02/26 21:39:03 NETWORKID: null
2024/02/26 21:39:03 TIME: 2024-02-26 21:39:03.367802 +0800 PST m=+47.485372501
2024/02/26 21:39:03 TXNTIME: 2024-02-26 21:39:03.367802 +0800 PST m=+47.485372626
2024/02/26 21:39:03 SOURCEID: null
2024/02/26 21:39:03 DESTID: null
2024/02/26 21:39:03 SOURCEBANKID: null
2024/02/26 21:39:03 SOURCEBANKNAME: null
2024/02/26 21:39:03 DESTBANKID: null
2024/02/26 21:39:03 DESTBANKNAME: null
2024/02/26 21:39:03 VALUE: 0
2024/02/26 21:39:03 REMITINFO: null
2024/02/26 21:39:03 GENERATION: 0
2024/02/26 21:39:03 CURRENCY: null
2024/02/26 21:39:03 SERVICE: null
2024/02/26 21:39:03 DWELLTIME: null
2024/02/26 21:39:03 TRACETYPE: null
2024/02/26 21:39:03 MULESCORE: 0
2024/02/26 21:39:03 PARENTALERTID: null
2024/02/26 21:39:03 MOSTRECENTFEEDBACK: null
2024/02/26 21:39:03 DECISIONDATE: 2024-02-26 21:39:03.367802 +0800 PST m=+47.485372710
2024/02/26 21:39:03 =========================================================================================
2024/02/26 21:39:05 
2024/02/26 21:39:05                - - - -  Alert-Transaction - - - -   
2024/02/26 21:39:05 Unique-ID: c5b6bcf0d7e9c89a13a255a7d04595ca
2024/02/26 21:39:05 ID: The request contains a bad payload
2024/02/26 21:39:05 RESPONSE: (Bad Request - 400)
2024/02/26 21:39:05 COUNT: 0
2024/02/26 21:39:05 TXNID: null
2024/02/26 21:39:05 NETWORKALERTID: null
2024/02/26 21:39:05 NETWORKID: null
2024/02/26 21:39:05 TIME: 2024-02-26 21:39:05.22323 +0800 PST m=+49.340831335
2024/02/26 21:39:05 TXNTIME: 2024-02-26 21:39:05.22323 +0800 PST m=+49.340831460
2024/02/26 21:39:05 SOURCEID: null
2024/02/26 21:39:05 DESTID: null
2024/02/26 21:39:05 SOURCEBANKID: null
2024/02/26 21:39:05 SOURCEBANKNAME: null
2024/02/26 21:39:05 DESTBANKID: null
2024/02/26 21:39:05 DESTBANKNAME: null
2024/02/26 21:39:05 VALUE: 0
2024/02/26 21:39:05 REMITINFO: null
2024/02/26 21:39:05 GENERATION: 0
2024/02/26 21:39:05 CURRENCY: null
2024/02/26 21:39:05 SERVICE: null
2024/02/26 21:39:05 DWELLTIME: null
2024/02/26 21:39:05 TRACETYPE: null
2024/02/26 21:39:05 MULESCORE: 0
2024/02/26 21:39:05 PARENTALERTID: null
2024/02/26 21:39:05 MOSTRECENTFEEDBACK: null
2024/02/26 21:39:05 DECISIONDATE: 2024-02-26 21:39:05.22323 +0800 PST m=+49.340831543
2024/02/26 21:39:05 =========================================================================================
2024/02/26 21:39:13 
2024/02/26 21:39:13                - - - -  Alert-Transaction - - - -   
2024/02/26 21:39:13 Unique-ID: 302566e63cf437110b01113d7c7bcd59
2024/02/26 21:39:13 ID: The request contains a bad payload
2024/02/26 21:39:13 RESPONSE: (Bad Request - 400)
2024/02/26 21:39:13 COUNT: 0
2024/02/26 21:39:13 TXNID: null
2024/02/26 21:39:13 NETWORKALERTID: null
2024/02/26 21:39:13 NETWORKID: null
2024/02/26 21:39:13 TIME: 2024-02-26 21:39:13.678099 +0800 PST m=+2.551646668
2024/02/26 21:39:13 TXNTIME: 2024-02-26 21:39:13.678099 +0800 PST m=+2.551646751
2024/02/26 21:39:13 SOURCEID: null
2024/02/26 21:39:13 DESTID: null
2024/02/26 21:39:13 SOURCEBANKID: null
2024/02/26 21:39:13 SOURCEBANKNAME: null
2024/02/26 21:39:13 DESTBANKID: null
2024/02/26 21:39:13 DESTBANKNAME: null
2024/02/26 21:39:13 VALUE: 0
2024/02/26 21:39:13 REMITINFO: null
2024/02/26 21:39:13 GENERATION: 0
2024/02/26 21:39:13 CURRENCY: null
2024/02/26 21:39:13 SERVICE: null
2024/02/26 21:39:13 DWELLTIME: null
2024/02/26 21:39:13 TRACETYPE: null
2024/02/26 21:39:13 MULESCORE: 0
2024/02/26 21:39:13 PARENTALERTID: null
2024/02/26 21:39:13 MOSTRECENTFEEDBACK: null
2024/02/26 21:39:13 DECISIONDATE: 2024-02-26 21:39:13.678099 +0800 PST m=+2.551646835
2024/02/26 21:39:13 =========================================================================================
2024/02/26 21:39:17 
2024/02/26 21:39:17                - - - -  Alert-Transaction - - - -   
2024/02/26 21:39:17 Unique-ID: 6dc361871a77d631eabd2a54685f7884
2024/02/26 21:39:17 ID: The request contains a bad payload
2024/02/26 21:39:17 RESPONSE: (Bad Request - 400)
2024/02/26 21:39:17 COUNT: 0
2024/02/26 21:39:17 TXNID: null
2024/02/26 21:39:17 NETWORKALERTID: null
2024/02/26 21:39:17 NETWORKID: null
2024/02/26 21:39:17 TIME: 2024-02-26 21:39:17.042097 +0800 PST m=+5.915700001
2024/02/26 21:39:17 TXNTIME: 2024-02-26 21:39:17.042097 +0800 PST m=+5.915700085
2024/02/26 21:39:17 SOURCEID: null
2024/02/26 21:39:17 DESTID: null
2024/02/26 21:39:17 SOURCEBANKID: null
2024/02/26 21:39:17 SOURCEBANKNAME: null
2024/02/26 21:39:17 DESTBANKID: null
2024/02/26 21:39:17 DESTBANKNAME: null
2024/02/26 21:39:17 VALUE: 0
2024/02/26 21:39:17 REMITINFO: null
2024/02/26 21:39:17 GENERATION: 0
2024/02/26 21:39:17 CURRENCY: null
2024/02/26 21:39:17 SERVICE: null
2024/02/26 21:39:17 DWELLTIME: null
2024/02/26 21:39:17 TRACETYPE: null
2024/02/26 21:39:17 MULESCORE: 0
2024/02/26 21:39:17 PARENTALERTID: null
2024/02/26 21:39:17 MOSTRECENTFEEDBACK: null
2024/02/26 21:39:17 DECISIONDATE: 2024-02-26 21:39:17.042097 +0800 PST m=+5.915700168
2024/02/26 21:39:17 =========================================================================================
2024/02/26 21:39:20 
2024/02/26 21:39:20                - - - -  Alert-Transaction - - - -   
2024/02/26 21:39:20 Unique-ID: fa0fd764da688d7d276fffa4eb25bb1a
2024/02/26 21:39:20 ID: The request contains a bad payload
2024/02/26 21:39:20 RESPONSE: (Bad Request - 400)
2024/02/26 21:39:20 COUNT: 0
2024/02/26 21:39:20 TXNID: null
2024/02/26 21:39:20 NETWORKALERTID: null
2024/02/26 21:39:20 NETWORKID: null
2024/02/26 21:39:20 TIME: 2024-02-26 21:39:20.555435 +0800 PST m=+9.429096835
2024/02/26 21:39:20 TXNTIME: 2024-02-26 21:39:20.555435 +0800 PST m=+9.429096960
2024/02/26 21:39:20 SOURCEID: null
2024/02/26 21:39:20 DESTID: null
2024/02/26 21:39:20 SOURCEBANKID: null
2024/02/26 21:39:20 SOURCEBANKNAME: null
2024/02/26 21:39:20 DESTBANKID: null
2024/02/26 21:39:20 DESTBANKNAME: null
2024/02/26 21:39:20 VALUE: 0
2024/02/26 21:39:20 REMITINFO: null
2024/02/26 21:39:20 GENERATION: 0
2024/02/26 21:39:20 CURRENCY: null
2024/02/26 21:39:20 SERVICE: null
2024/02/26 21:39:20 DWELLTIME: null
2024/02/26 21:39:20 TRACETYPE: null
2024/02/26 21:39:20 MULESCORE: 0
2024/02/26 21:39:20 PARENTALERTID: null
2024/02/26 21:39:20 MOSTRECENTFEEDBACK: null
2024/02/26 21:39:20 DECISIONDATE: 2024-02-26 21:39:20.555436 +0800 PST m=+9.429097043
2024/02/26 21:39:20 =========================================================================================
2024/02/26 21:39:38 
2024/02/26 21:39:38                - - - -  Alert-Transaction - - - -   
2024/02/26 21:39:38 Unique-ID: 8e853085b09f294ad12eeb15e6604414
2024/02/26 21:39:38 ID: The request contains a bad payload
2024/02/26 21:39:38 RESPONSE: (Bad Request - 400)
2024/02/26 21:39:38 COUNT: 0
2024/02/26 21:39:38 TXNID: null
2024/02/26 21:39:38 NETWORKALERTID: null
2024/02/26 21:39:38 NETWORKID: null
2024/02/26 21:39:38 TIME: 2024-02-26 21:39:38.98728 +0800 PST m=+5.401900042
2024/02/26 21:39:38 TXNTIME: 2024-02-26 21:39:38.987281 +0800 PST m=+5.401900167
2024/02/26 21:39:38 SOURCEID: null
2024/02/26 21:39:38 DESTID: null
2024/02/26 21:39:38 SOURCEBANKID: null
2024/02/26 21:39:38 SOURCEBANKNAME: null
2024/02/26 21:39:38 DESTBANKID: null
2024/02/26 21:39:38 DESTBANKNAME: null
2024/02/26 21:39:38 VALUE: 0
2024/02/26 21:39:38 REMITINFO: null
2024/02/26 21:39:38 GENERATION: 0
2024/02/26 21:39:38 CURRENCY: null
2024/02/26 21:39:38 SERVICE: null
2024/02/26 21:39:38 DWELLTIME: null
2024/02/26 21:39:38 TRACETYPE: null
2024/02/26 21:39:38 MULESCORE: 0
2024/02/26 21:39:38 PARENTALERTID: null
2024/02/26 21:39:38 MOSTRECENTFEEDBACK: null
2024/02/26 21:39:38 DECISIONDATE: 2024-02-26 21:39:38.987281 +0800 PST m=+5.401900251
2024/02/26 21:39:38 =========================================================================================
2024/02/26 21:46:30 
2024/02/26 21:46:30                - - - -  Alert-Transaction - - - -   
2024/02/26 21:46:30 Unique-ID: d8a5f182d9f36a1bb840f7b92b5f1db7
2024/02/26 21:46:30 ID: You have exceeded the service rate limit. Maximum allowed: ${rate_limit.output} TPS
2024/02/26 21:46:30 RESPONSE: (Rate Limit Exceeded - 429)
2024/02/26 21:46:30 COUNT: 0
2024/02/26 21:46:30 TXNID: null
2024/02/26 21:46:30 NETWORKALERTID: null
2024/02/26 21:46:30 NETWORKID: null
2024/02/26 21:46:30 TIME: 2024-02-26 21:46:30.570203 +0800 PST m=+196.305674168
2024/02/26 21:46:30 TXNTIME: 2024-02-26 21:46:30.570203 +0800 PST m=+196.305674293
2024/02/26 21:46:30 SOURCEID: null
2024/02/26 21:46:30 DESTID: null
2024/02/26 21:46:30 SOURCEBANKID: null
2024/02/26 21:46:30 SOURCEBANKNAME: null
2024/02/26 21:46:30 DESTBANKID: null
2024/02/26 21:46:30 DESTBANKNAME: null
2024/02/26 21:46:30 VALUE: 0
2024/02/26 21:46:30 REMITINFO: null
2024/02/26 21:46:30 GENERATION: 0
2024/02/26 21:46:30 CURRENCY: null
2024/02/26 21:46:30 SERVICE: null
2024/02/26 21:46:30 DWELLTIME: null
2024/02/26 21:46:30 TRACETYPE: null
2024/02/26 21:46:30 MULESCORE: 0
2024/02/26 21:46:30 PARENTALERTID: null
2024/02/26 21:46:30 MOSTRECENTFEEDBACK: null
2024/02/26 21:46:30 DECISIONDATE: 2024-02-26 21:46:30.570204 +0800 PST m=+196.305674418
2024/02/26 21:46:30 =========================================================================================
2024/02/26 21:54:06 
2024/02/26 21:54:06                - - - -  Alert-Transaction - - - -   
2024/02/26 21:54:06 Unique-ID: 4e6f6344448e4901dd1c772236ae6d7e
2024/02/26 21:54:06 ID: You have exceeded the service rate limit. Maximum allowed: ${rate_limit.output} TPS
2024/02/26 21:54:06 RESPONSE: (Rate Limit Exceeded - 429)
2024/02/26 21:54:06 COUNT: 0
2024/02/26 21:54:06 TXNID: null
2024/02/26 21:54:06 NETWORKALERTID: null
2024/02/26 21:54:06 NETWORKID: null
2024/02/26 21:54:06 TIME: 2024-02-26 21:54:06.495124 +0800 PST m=+203.788864793
2024/02/26 21:54:06 TXNTIME: 2024-02-26 21:54:06.495124 +0800 PST m=+203.788864876
2024/02/26 21:54:06 SOURCEID: null
2024/02/26 21:54:06 DESTID: null
2024/02/26 21:54:06 SOURCEBANKID: null
2024/02/26 21:54:06 SOURCEBANKNAME: null
2024/02/26 21:54:06 DESTBANKID: null
2024/02/26 21:54:06 DESTBANKNAME: null
2024/02/26 21:54:06 VALUE: 0
2024/02/26 21:54:06 REMITINFO: null
2024/02/26 21:54:06 GENERATION: 0
2024/02/26 21:54:06 CURRENCY: null
2024/02/26 21:54:06 SERVICE: null
2024/02/26 21:54:06 DWELLTIME: null
2024/02/26 21:54:06 TRACETYPE: null
2024/02/26 21:54:06 MULESCORE: 0
2024/02/26 21:54:06 PARENTALERTID: null
2024/02/26 21:54:06 MOSTRECENTFEEDBACK: null
2024/02/26 21:54:06 DECISIONDATE: 2024-02-26 21:54:06.495125 +0800 PST m=+203.788864959
2024/02/26 21:54:06 =========================================================================================
2024/02/26 21:59:31 
2024/02/26 21:59:31                - - - -  Alert-Transaction - - - -   
2024/02/26 21:59:31 Unique-ID: 7a0db6511cc66e2974814b8b1294b6ca
2024/02/26 21:59:31 ID: The request contains a bad payload
2024/02/26 21:59:31 RESPONSE: (Bad Request - 400)
2024/02/26 21:59:31 COUNT: 0
2024/02/26 21:59:31 TXNID: null
2024/02/26 21:59:31 NETWORKALERTID: null
2024/02/26 21:59:31 NETWORKID: null
2024/02/26 21:59:31 TIME: 2024-02-26 21:59:31.483468 +0800 PST m=+4.751629710
2024/02/26 21:59:31 TXNTIME: 2024-02-26 21:59:31.483468 +0800 PST m=+4.751629793
2024/02/26 21:59:31 SOURCEID: null
2024/02/26 21:59:31 DESTID: null
2024/02/26 21:59:31 SOURCEBANKID: null
2024/02/26 21:59:31 SOURCEBANKNAME: null
2024/02/26 21:59:31 DESTBANKID: null
2024/02/26 21:59:31 DESTBANKNAME: null
2024/02/26 21:59:31 VALUE: 0
2024/02/26 21:59:31 REMITINFO: null
2024/02/26 21:59:31 GENERATION: 0
2024/02/26 21:59:31 CURRENCY: null
2024/02/26 21:59:31 SERVICE: null
2024/02/26 21:59:31 DWELLTIME: null
2024/02/26 21:59:31 TRACETYPE: null
2024/02/26 21:59:31 MULESCORE: 0
2024/02/26 21:59:31 PARENTALERTID: null
2024/02/26 21:59:31 MOSTRECENTFEEDBACK: null
2024/02/26 21:59:31 DECISIONDATE: 2024-02-26 21:59:31.483468 +0800 PST m=+4.751629918
2024/02/26 21:59:31 =========================================================================================
2024/02/26 21:59:34 
2024/02/26 21:59:34                - - - -  Alert-Transaction - - - -   
2024/02/26 21:59:34 Unique-ID: 47e67aa406d241913aa940d27df37822
2024/02/26 21:59:34 ID: The request contains a bad payload
2024/02/26 21:59:34 RESPONSE: (Bad Request - 400)
2024/02/26 21:59:34 COUNT: 0
2024/02/26 21:59:34 TXNID: null
2024/02/26 21:59:34 NETWORKALERTID: null
2024/02/26 21:59:34 NETWORKID: null
2024/02/26 21:59:34 TIME: 2024-02-26 21:59:34.751983 +0800 PST m=+8.020234751
2024/02/26 21:59:34 TXNTIME: 2024-02-26 21:59:34.751983 +0800 PST m=+8.020234835
2024/02/26 21:59:34 SOURCEID: null
2024/02/26 21:59:34 DESTID: null
2024/02/26 21:59:34 SOURCEBANKID: null
2024/02/26 21:59:34 SOURCEBANKNAME: null
2024/02/26 21:59:34 DESTBANKID: null
2024/02/26 21:59:34 DESTBANKNAME: null
2024/02/26 21:59:34 VALUE: 0
2024/02/26 21:59:34 REMITINFO: null
2024/02/26 21:59:34 GENERATION: 0
2024/02/26 21:59:34 CURRENCY: null
2024/02/26 21:59:34 SERVICE: null
2024/02/26 21:59:34 DWELLTIME: null
2024/02/26 21:59:34 TRACETYPE: null
2024/02/26 21:59:34 MULESCORE: 0
2024/02/26 21:59:34 PARENTALERTID: null
2024/02/26 21:59:34 MOSTRECENTFEEDBACK: null
2024/02/26 21:59:34 DECISIONDATE: 2024-02-26 21:59:34.751983 +0800 PST m=+8.020234960
2024/02/26 21:59:34 =========================================================================================
2024/02/26 22:00:03 
2024/02/26 22:00:03                - - - -  Alert-Transaction - - - -   
2024/02/26 22:00:03 Unique-ID: 1f96ac52136a1fb07fb354ba43736132
2024/02/26 22:00:03 ID: The request contains a bad payload
2024/02/26 22:00:03 RESPONSE: (Bad Request - 400)
2024/02/26 22:00:03 COUNT: 0
2024/02/26 22:00:03 TXNID: null
2024/02/26 22:00:03 NETWORKALERTID: null
2024/02/26 22:00:03 NETWORKID: null
2024/02/26 22:00:03 TIME: 2024-02-26 22:00:03.331468 +0800 PST m=+3.160787168
2024/02/26 22:00:03 TXNTIME: 2024-02-26 22:00:03.331469 +0800 PST m=+3.160787334
2024/02/26 22:00:03 SOURCEID: null
2024/02/26 22:00:03 DESTID: null
2024/02/26 22:00:03 SOURCEBANKID: null
2024/02/26 22:00:03 SOURCEBANKNAME: null
2024/02/26 22:00:03 DESTBANKID: null
2024/02/26 22:00:03 DESTBANKNAME: null
2024/02/26 22:00:03 VALUE: 0
2024/02/26 22:00:03 REMITINFO: null
2024/02/26 22:00:03 GENERATION: 0
2024/02/26 22:00:03 CURRENCY: null
2024/02/26 22:00:03 SERVICE: null
2024/02/26 22:00:03 DWELLTIME: null
2024/02/26 22:00:03 TRACETYPE: null
2024/02/26 22:00:03 MULESCORE: 0
2024/02/26 22:00:03 PARENTALERTID: null
2024/02/26 22:00:03 MOSTRECENTFEEDBACK: null
2024/02/26 22:00:03 DECISIONDATE: 2024-02-26 22:00:03.331469 +0800 PST m=+3.160787501
2024/02/26 22:00:03 =========================================================================================
2024/02/26 22:04:37 
2024/02/26 22:04:37                - - - -  Alert-Transaction - - - -   
2024/02/26 22:04:37 Unique-ID: eb35d86e418033d826de6fe4acab393c
2024/02/26 22:04:37 ID: The request contains a bad payload
2024/02/26 22:04:37 RESPONSE: (Bad Request - 400)
2024/02/26 22:04:37 COUNT: 0
2024/02/26 22:04:37 TXNID: null
2024/02/26 22:04:37 NETWORKALERTID: null
2024/02/26 22:04:37 NETWORKID: null
2024/02/26 22:04:37 TIME: 2024-02-26 22:04:37.38427 +0800 PST m=+2.134149334
2024/02/26 22:04:37 TXNTIME: 2024-02-26 22:04:37.38427 +0800 PST m=+2.134149418
2024/02/26 22:04:37 SOURCEID: null
2024/02/26 22:04:37 DESTID: null
2024/02/26 22:04:37 SOURCEBANKID: null
2024/02/26 22:04:37 SOURCEBANKNAME: null
2024/02/26 22:04:37 DESTBANKID: null
2024/02/26 22:04:37 DESTBANKNAME: null
2024/02/26 22:04:37 VALUE: 0
2024/02/26 22:04:37 REMITINFO: null
2024/02/26 22:04:37 GENERATION: 0
2024/02/26 22:04:37 CURRENCY: null
2024/02/26 22:04:37 SERVICE: null
2024/02/26 22:04:37 DWELLTIME: null
2024/02/26 22:04:37 TRACETYPE: null
2024/02/26 22:04:37 MULESCORE: 0
2024/02/26 22:04:37 PARENTALERTID: null
2024/02/26 22:04:37 MOSTRECENTFEEDBACK: null
2024/02/26 22:04:37 DECISIONDATE: 2024-02-26 22:04:37.38427 +0800 PST m=+2.134149501
2024/02/26 22:04:37 =========================================================================================
2024/02/26 22:05:43 
2024/02/26 22:05:43                - - - -  Alert-Transaction - - - -   
2024/02/26 22:05:43 Unique-ID: 721f9c05333273654273b9e1b0381d80
2024/02/26 22:05:43 ID: The request contains a bad payload
2024/02/26 22:05:43 RESPONSE: (Bad Request - 400)
2024/02/26 22:05:43 COUNT: 0
2024/02/26 22:05:43 TXNID: null
2024/02/26 22:05:43 NETWORKALERTID: null
2024/02/26 22:05:43 NETWORKID: null
2024/02/26 22:05:43 TIME: 2024-02-26 22:05:43.910253 +0800 PST m=+2.016913335
2024/02/26 22:05:43 TXNTIME: 2024-02-26 22:05:43.910253 +0800 PST m=+2.016913460
2024/02/26 22:05:43 SOURCEID: null
2024/02/26 22:05:43 DESTID: null
2024/02/26 22:05:43 SOURCEBANKID: null
2024/02/26 22:05:43 SOURCEBANKNAME: null
2024/02/26 22:05:43 DESTBANKID: null
2024/02/26 22:05:43 DESTBANKNAME: null
2024/02/26 22:05:43 VALUE: 0
2024/02/26 22:05:43 REMITINFO: null
2024/02/26 22:05:43 GENERATION: 0
2024/02/26 22:05:43 CURRENCY: null
2024/02/26 22:05:43 SERVICE: null
2024/02/26 22:05:43 DWELLTIME: null
2024/02/26 22:05:43 TRACETYPE: null
2024/02/26 22:05:43 MULESCORE: 0
2024/02/26 22:05:43 PARENTALERTID: null
2024/02/26 22:05:43 MOSTRECENTFEEDBACK: null
2024/02/26 22:05:43 DECISIONDATE: 2024-02-26 22:05:43.910253 +0800 PST m=+2.016913543
2024/02/26 22:05:43 =========================================================================================
2024/02/26 22:12:32 
2024/02/26 22:12:32                - - - -  Alert-Transaction - - - -   
2024/02/26 22:12:32 Unique-ID: 6587753ed1f5f0873b2e13ace2bbc567
2024/02/26 22:12:32 ID: You have exceeded the service rate limit. Maximum allowed: ${rate_limit.output} TPS
2024/02/26 22:12:32 RESPONSE: (Rate Limit Exceeded - 429)
2024/02/26 22:12:32 COUNT: 0
2024/02/26 22:12:32 TXNID: null
2024/02/26 22:12:32 NETWORKALERTID: null
2024/02/26 22:12:32 NETWORKID: null
2024/02/26 22:12:32 TIME: 2024-02-26 22:12:32.489347 +0800 PST m=+278.954472168
2024/02/26 22:12:32 TXNTIME: 2024-02-26 22:12:32.489347 +0800 PST m=+278.954472293
2024/02/26 22:12:32 SOURCEID: null
2024/02/26 22:12:32 DESTID: null
2024/02/26 22:12:32 SOURCEBANKID: null
2024/02/26 22:12:32 SOURCEBANKNAME: null
2024/02/26 22:12:32 DESTBANKID: null
2024/02/26 22:12:32 DESTBANKNAME: null
2024/02/26 22:12:32 VALUE: 0
2024/02/26 22:12:32 REMITINFO: null
2024/02/26 22:12:32 GENERATION: 0
2024/02/26 22:12:32 CURRENCY: null
2024/02/26 22:12:32 SERVICE: null
2024/02/26 22:12:32 DWELLTIME: null
2024/02/26 22:12:32 TRACETYPE: null
2024/02/26 22:12:32 MULESCORE: 0
2024/02/26 22:12:32 PARENTALERTID: null
2024/02/26 22:12:32 MOSTRECENTFEEDBACK: null
2024/02/26 22:12:32 DECISIONDATE: 2024-02-26 22:12:32.489347 +0800 PST m=+278.954472376
2024/02/26 22:12:32 =========================================================================================
2024/02/26 22:26:24 
2024/02/26 22:26:24                - - - -  Alert-Transaction - - - -   
2024/02/26 22:26:24 Unique-ID: bf2845ac7b40250a288b1875a946782b
2024/02/26 22:26:24 ID: The request contains a bad payload
2024/02/26 22:26:24 RESPONSE: (Bad Request - 400)
2024/02/26 22:26:24 COUNT: 0
2024/02/26 22:26:24 TXNID: null
2024/02/26 22:26:24 NETWORKALERTID: null
2024/02/26 22:26:24 NETWORKID: null
2024/02/26 22:26:24 TIME: 2024-02-26 22:26:24.679405 +0800 PST m=+3.593256709
2024/02/26 22:26:24 TXNTIME: 2024-02-26 22:26:24.679405 +0800 PST m=+3.593256959
2024/02/26 22:26:24 SOURCEID: null
2024/02/26 22:26:24 DESTID: null
2024/02/26 22:26:24 SOURCEBANKID: null
2024/02/26 22:26:24 SOURCEBANKNAME: null
2024/02/26 22:26:24 DESTBANKID: null
2024/02/26 22:26:24 DESTBANKNAME: null
2024/02/26 22:26:24 VALUE: 0
2024/02/26 22:26:24 REMITINFO: null
2024/02/26 22:26:24 GENERATION: 0
2024/02/26 22:26:24 CURRENCY: null
2024/02/26 22:26:24 SERVICE: null
2024/02/26 22:26:24 DWELLTIME: null
2024/02/26 22:26:24 TRACETYPE: null
2024/02/26 22:26:24 MULESCORE: 0
2024/02/26 22:26:24 PARENTALERTID: null
2024/02/26 22:26:24 MOSTRECENTFEEDBACK: null
2024/02/26 22:26:24 DECISIONDATE: 2024-02-26 22:26:24.679405 +0800 PST m=+3.593257167
2024/02/26 22:26:24 =========================================================================================
2024/02/26 22:31:56 
2024/02/26 22:31:56                - - - -  Alert-Transaction - - - -   
2024/02/26 22:31:56 Unique-ID: 52b595d3b231fbcec0e6e44e2f566a4a
2024/02/26 22:31:56 ID: You have exceeded the service rate limit. Maximum allowed: ${rate_limit.output} TPS
2024/02/26 22:31:56 RESPONSE: (Rate Limit Exceeded - 429)
2024/02/26 22:31:56 COUNT: 0
2024/02/26 22:31:56 TXNID: null
2024/02/26 22:31:56 NETWORKALERTID: null
2024/02/26 22:31:56 NETWORKID: null
2024/02/26 22:31:56 TIME: 2024-02-26 22:31:56.22644 +0800 PST m=+172.047786417
2024/02/26 22:31:56 TXNTIME: 2024-02-26 22:31:56.22644 +0800 PST m=+172.047786501
2024/02/26 22:31:56 SOURCEID: null
2024/02/26 22:31:56 DESTID: null
2024/02/26 22:31:56 SOURCEBANKID: null
2024/02/26 22:31:56 SOURCEBANKNAME: null
2024/02/26 22:31:56 DESTBANKID: null
2024/02/26 22:31:56 DESTBANKNAME: null
2024/02/26 22:31:56 VALUE: 0
2024/02/26 22:31:56 REMITINFO: null
2024/02/26 22:31:56 GENERATION: 0
2024/02/26 22:31:56 CURRENCY: null
2024/02/26 22:31:56 SERVICE: null
2024/02/26 22:31:56 DWELLTIME: null
2024/02/26 22:31:56 TRACETYPE: null
2024/02/26 22:31:56 MULESCORE: 0
2024/02/26 22:31:56 PARENTALERTID: null
2024/02/26 22:31:56 MOSTRECENTFEEDBACK: null
2024/02/26 22:31:56 DECISIONDATE: 2024-02-26 22:31:56.22644 +0800 PST m=+172.047786584
2024/02/26 22:31:56 =========================================================================================
2024/02/26 22:37:26 
2024/02/26 22:37:26                - - - -  Alert-Transaction - - - -   
2024/02/26 22:37:26 Unique-ID: ae9f5313445f5462bfe823f857c154f7
2024/02/26 22:37:26 ID: The request contains a bad payload
2024/02/26 22:37:26 RESPONSE: (Bad Request - 400)
2024/02/26 22:37:26 COUNT: 0
2024/02/26 22:37:26 TXNID: null
2024/02/26 22:37:26 NETWORKALERTID: null
2024/02/26 22:37:26 NETWORKID: null
2024/02/26 22:37:26 TIME: 2024-02-26 22:37:26.526649 +0800 PST m=+1.675913043
2024/02/26 22:37:26 TXNTIME: 2024-02-26 22:37:26.526649 +0800 PST m=+1.675913084
2024/02/26 22:37:26 SOURCEID: null
2024/02/26 22:37:26 DESTID: null
2024/02/26 22:37:26 SOURCEBANKID: null
2024/02/26 22:37:26 SOURCEBANKNAME: null
2024/02/26 22:37:26 DESTBANKID: null
2024/02/26 22:37:26 DESTBANKNAME: null
2024/02/26 22:37:26 VALUE: 0
2024/02/26 22:37:26 REMITINFO: null
2024/02/26 22:37:26 GENERATION: 0
2024/02/26 22:37:26 CURRENCY: null
2024/02/26 22:37:26 SERVICE: null
2024/02/26 22:37:26 DWELLTIME: null
2024/02/26 22:37:26 TRACETYPE: null
2024/02/26 22:37:26 MULESCORE: 0
2024/02/26 22:37:26 PARENTALERTID: null
2024/02/26 22:37:26 MOSTRECENTFEEDBACK: null
2024/02/26 22:37:26 DECISIONDATE: 2024-02-26 22:37:26.526649 +0800 PST m=+1.675913126
2024/02/26 22:37:26 =========================================================================================
2024/02/26 22:37:36 
2024/02/26 22:37:36                - - - -  Alert-Transaction - - - -   
2024/02/26 22:37:36 Unique-ID: 28ef9895752fb88984634094859d33ff
2024/02/26 22:37:36 ID: The request contains a bad payload
2024/02/26 22:37:36 RESPONSE: (Bad Request - 400)
2024/02/26 22:37:36 COUNT: 0
2024/02/26 22:37:36 TXNID: null
2024/02/26 22:37:36 NETWORKALERTID: null
2024/02/26 22:37:36 NETWORKID: null
2024/02/26 22:37:36 TIME: 2024-02-26 22:37:36.714022 +0800 PST m=+11.863538501
2024/02/26 22:37:36 TXNTIME: 2024-02-26 22:37:36.714022 +0800 PST m=+11.863538584
2024/02/26 22:37:36 SOURCEID: null
2024/02/26 22:37:36 DESTID: null
2024/02/26 22:37:36 SOURCEBANKID: null
2024/02/26 22:37:36 SOURCEBANKNAME: null
2024/02/26 22:37:36 DESTBANKID: null
2024/02/26 22:37:36 DESTBANKNAME: null
2024/02/26 22:37:36 VALUE: 0
2024/02/26 22:37:36 REMITINFO: null
2024/02/26 22:37:36 GENERATION: 0
2024/02/26 22:37:36 CURRENCY: null
2024/02/26 22:37:36 SERVICE: null
2024/02/26 22:37:36 DWELLTIME: null
2024/02/26 22:37:36 TRACETYPE: null
2024/02/26 22:37:36 MULESCORE: 0
2024/02/26 22:37:36 PARENTALERTID: null
2024/02/26 22:37:36 MOSTRECENTFEEDBACK: null
2024/02/26 22:37:36 DECISIONDATE: 2024-02-26 22:37:36.714022 +0800 PST m=+11.863538709
2024/02/26 22:37:36 =========================================================================================
2024/02/26 22:58:43 
2024/02/26 22:58:43                - - - -  Alert-Transaction - - - -   
2024/02/26 22:58:43 Unique-ID: efec71b303ed726dbea6fd342ea230c5
2024/02/26 22:58:43 ID: e99a18c428cb38d5f260853678922e03
2024/02/26 22:58:43 RESPONSE:  Success  
2024/02/26 22:58:43 COUNT: 4
2024/02/26 22:58:43 TXNID: 2b588f38-d1bc-40bf-85fc-91397bc98465
2024/02/26 22:58:43 NETWORKALERTID: e99a18c428cb38d5f260853678922e03
2024/02/26 22:58:43 NETWORKID: 2b588f38-d1bc-40bf-85fc-91397bc98465
2024/02/26 22:58:43 TIME: 2017-07-21 17:32:28.001 +0000 UTC
2024/02/26 22:58:43 TXNTIME: 2017-07-21 17:32:28.001 +0000 UTC
2024/02/26 22:58:43 SOURCEID: GB98MIDL07009312345678
2024/02/26 22:58:43 DESTID: GB98MIDL07009312345678
2024/02/26 22:58:43 SOURCEBANKID: DEUTDEFF
2024/02/26 22:58:43 SOURCEBANKNAME: Barclays
2024/02/26 22:58:43 DESTBANKID: DEUTDEFF
2024/02/26 22:58:43 DESTBANKNAME: Lloyds
2024/02/26 22:58:43 VALUE: 10034
2024/02/26 22:58:43 REMITINFO: rent 10 Main St
2024/02/26 22:58:43 GENERATION: 4
2024/02/26 22:58:43 CURRENCY: GBP
2024/02/26 22:58:43 SERVICE: FPS
2024/02/26 22:58:43 DWELLTIME: 3 years 6 mons 4 days 12:30:05
2024/02/26 22:58:43 TRACETYPE: FRAUD
2024/02/26 22:58:43 MULESCORE: 0.87
2024/02/26 22:58:43 PARENTALERTID: e99a18c428cb38d5f260853678922e03
2024/02/26 22:58:43 MOSTRECENTFEEDBACK: ACTIONED_MULE
2024/02/26 22:58:43 DECISIONDATE: 2017-07-21 17:32:28.001 +0000 UTC
2024/02/26 22:58:43 =========================================================================================
2024/02/26 23:38:06 
2024/02/26 23:38:06                - - - -  Alert-Transaction - - - -   
2024/02/26 23:38:06 Unique-ID: ab00f76b856fafd99d6e14fe8528efe6
2024/02/26 23:38:06 ID: e99a18c428cb38d5f260853678922e03
2024/02/26 23:38:06 RESPONSE:  Success  
2024/02/26 23:38:06 COUNT: 4
2024/02/26 23:38:06 TXNID: 2b588f38-d1bc-40bf-85fc-91397bc98465
2024/02/26 23:38:06 NETWORKALERTID: e99a18c428cb38d5f260853678922e03
2024/02/26 23:38:06 NETWORKID: 2b588f38-d1bc-40bf-85fc-91397bc98465
2024/02/26 23:38:06 TIME: 2017-07-21 17:32:28.001 +0000 UTC
2024/02/26 23:38:06 TXNTIME: 2017-07-21 17:32:28.001 +0000 UTC
2024/02/26 23:38:06 SOURCEID: GB98MIDL07009312345678
2024/02/26 23:38:06 DESTID: GB98MIDL07009312345678
2024/02/26 23:38:06 SOURCEBANKID: DEUTDEFF
2024/02/26 23:38:06 SOURCEBANKNAME: Barclays
2024/02/26 23:38:06 DESTBANKID: DEUTDEFF
2024/02/26 23:38:06 DESTBANKNAME: Lloyds
2024/02/26 23:38:06 VALUE: 10034
2024/02/26 23:38:06 REMITINFO: rent 10 Main St
2024/02/26 23:38:06 GENERATION: 4
2024/02/26 23:38:06 CURRENCY: GBP
2024/02/26 23:38:06 SERVICE: FPS
2024/02/26 23:38:06 DWELLTIME: 3 years 6 mons 4 days 12:30:05
2024/02/26 23:38:06 TRACETYPE: FRAUD
2024/02/26 23:38:06 MULESCORE: 0.87
2024/02/26 23:38:06 PARENTALERTID: e99a18c428cb38d5f260853678922e03
2024/02/26 23:38:06 MOSTRECENTFEEDBACK: ACTIONED_MULE
2024/02/26 23:38:06 DECISIONDATE: 2017-07-21 17:32:28.001 +0000 UTC
2024/02/26 23:38:06 =========================================================================================
2024/02/26 23:56:32 
2024/02/26 23:56:32                - - - -  Alert-Transaction - - - -   
2024/02/26 23:56:32 Unique-ID: d0f612f17abcd92c7df973994c5fdad1
2024/02/26 23:56:32 ID: e99a18c428cb38d5f260853678922e03
2024/02/26 23:56:32 RESPONSE:  Success  
2024/02/26 23:56:32 COUNT: 4
2024/02/26 23:56:32 TXNID: 2b588f38-d1bc-40bf-85fc-91397bc98465
2024/02/26 23:56:32 NETWORKALERTID: e99a18c428cb38d5f260853678922e03
2024/02/26 23:56:32 NETWORKID: 2b588f38-d1bc-40bf-85fc-91397bc98465
2024/02/26 23:56:32 TIME: 2017-07-21 17:32:28.001 +0000 UTC
2024/02/26 23:56:32 TXNTIME: 2017-07-21 17:32:28.001 +0000 UTC
2024/02/26 23:56:32 SOURCEID: GB98MIDL07009312345678
2024/02/26 23:56:32 DESTID: GB98MIDL07009312345678
2024/02/26 23:56:32 SOURCEBANKID: DEUTDEFF
2024/02/26 23:56:32 SOURCEBANKNAME: Barclays
2024/02/26 23:56:32 DESTBANKID: DEUTDEFF
2024/02/26 23:56:32 DESTBANKNAME: Lloyds
2024/02/26 23:56:32 VALUE: 10034
2024/02/26 23:56:32 REMITINFO: rent 10 Main St
2024/02/26 23:56:32 GENERATION: 4
2024/02/26 23:56:32 CURRENCY: GBP
2024/02/26 23:56:32 SERVICE: FPS
2024/02/26 23:56:32 DWELLTIME: 3 years 6 mons 4 days 12:30:05
2024/02/26 23:56:32 TRACETYPE: FRAUD
2024/02/26 23:56:32 MULESCORE: 0.87
2024/02/26 23:56:32 PARENTALERTID: e99a18c428cb38d5f260853678922e03
2024/02/26 23:56:32 MOSTRECENTFEEDBACK: ACTIONED_MULE
2024/02/26 23:56:32 DECISIONDATE: 2017-07-21 17:32:28.001 +0000 UTC
2024/02/26 23:56:32 =========================================================================================
2024/02/26 23:56:32 
2024/02/26 23:56:32                - - - -  Alert-Transaction - - - -   
2024/02/26 23:56:32 Unique-ID: d0f612f17abcd92c7df973994c5fdad1
2024/02/26 23:56:32 ID: e99a18c428cb38d5f260853678922e23
2024/02/26 23:56:32 RESPONSE:  Success  
2024/02/26 23:56:32 COUNT: 4
2024/02/26 23:56:32 TXNID: 2b588f38-d1bc-40bf-85fc-91397bc98423
2024/02/26 23:56:32 NETWORKALERTID: e99a18c428cb38d5f260853678922e23
2024/02/26 23:56:32 NETWORKID: e99a18c428cb38d5f260853678922e23
2024/02/26 23:56:32 TIME: 2017-07-21 12:00:00 +0000 UTC
2024/02/26 23:56:32 TXNTIME: 2017-07-21 12:00:00 +0000 UTC
2024/02/26 23:56:32 SOURCEID: GB98MIDL07009312345678
2024/02/26 23:56:32 DESTID: GB98MIDL07009312345656
2024/02/26 23:56:32 SOURCEBANKID: DEUTDEFF
2024/02/26 23:56:32 SOURCEBANKNAME: Barclays
2024/02/26 23:56:32 DESTBANKID: DEUTDEFF
2024/02/26 23:56:32 DESTBANKNAME: Lloyds
2024/02/26 23:56:32 VALUE: 56143
2024/02/26 23:56:32 REMITINFO: rent 10 Main St
2024/02/26 23:56:32 GENERATION: 4
2024/02/26 23:56:32 CURRENCY: GBP
2024/02/26 23:56:32 SERVICE: FPS
2024/02/26 23:56:32 DWELLTIME: 3 years 6 mons 4 days 12:30:05
2024/02/26 23:56:32 TRACETYPE: FRAUD
2024/02/26 23:56:32 MULESCORE: 0.87
2024/02/26 23:56:32 PARENTALERTID: e99a18c428cb38d5f260853678922e34
2024/02/26 23:56:32 MOSTRECENTFEEDBACK: ACTIONED_MULE
2024/02/26 23:56:32 DECISIONDATE: 2024-02-26 17:32:28.001 +0000 UTC
2024/02/26 23:56:32 =========================================================================================
2024/02/26 23:56:32 
2024/02/26 23:56:32                - - - -  Alert-Transaction - - - -   
2024/02/26 23:56:32 Unique-ID: d0f612f17abcd92c7df973994c5fdad1
2024/02/26 23:56:32 ID: e99a18c428cb38d5f260853678922e34
2024/02/26 23:56:32 RESPONSE:  Success  
2024/02/26 23:56:32 COUNT: 4
2024/02/26 23:56:32 TXNID: e99a18c428cb38d5f260853678922e34
2024/02/26 23:56:32 NETWORKALERTID: e99a18c428cb38d5f260853678922e34
2024/02/26 23:56:32 NETWORKID: e99a18c428cb38d5f260853678922e34
2024/02/26 23:56:32 TIME: 2017-07-21 17:32:28.001 +0000 UTC
2024/02/26 23:56:32 TXNTIME: 2017-07-21 17:32:28.001 +0000 UTC
2024/02/26 23:56:32 SOURCEID: GB98MIDL07009312345678
2024/02/26 23:56:32 DESTID: GB98MIDL07009312345656
2024/02/26 23:56:32 SOURCEBANKID: DEUTDEFF
2024/02/26 23:56:32 SOURCEBANKNAME: Barclays
2024/02/26 23:56:32 DESTBANKID: DEUTDEFF
2024/02/26 23:56:32 DESTBANKNAME: Lloyds
2024/02/26 23:56:32 VALUE: 56143
2024/02/26 23:56:32 REMITINFO: rent 10 Main St
2024/02/26 23:56:32 GENERATION: 11
2024/02/26 23:56:32 CURRENCY: GBP
2024/02/26 23:56:32 SERVICE: FPS
2024/02/26 23:56:32 DWELLTIME: 3 years 6 mons 4 days 12:30:05
2024/02/26 23:56:32 TRACETYPE: FRAUD
2024/02/26 23:56:32 MULESCORE: 0.87
2024/02/26 23:56:32 PARENTALERTID: e99a18c428cb38d5f260853678922e34
2024/02/26 23:56:32 MOSTRECENTFEEDBACK: ACTIONED_MULE
2024/02/26 23:56:32 DECISIONDATE: 2024-02-26 17:32:28.001 +0000 UTC
2024/02/26 23:56:32 =========================================================================================
2024/02/26 23:56:32 
2024/02/26 23:56:32                - - - -  Alert-Transaction - - - -   
2024/02/26 23:56:32 Unique-ID: d0f612f17abcd92c7df973994c5fdad1
2024/02/26 23:56:32 ID: e99a18c428cb38d5f260853678922e12
2024/02/26 23:56:32 RESPONSE:  Success  
2024/02/26 23:56:32 COUNT: 4
2024/02/26 23:56:32 TXNID: 2b588f38-d1bc-40bf-85fc-91397bc98434
2024/02/26 23:56:32 NETWORKALERTID: e99a18c428cb38d5f260853678922e34
2024/02/26 23:56:32 NETWORKID: e99a18c428cb38d5f260853678922e34
2024/02/26 23:56:32 TIME: 2017-07-21 17:32:28.001 +0000 UTC
2024/02/26 23:56:32 TXNTIME: 2017-07-21 17:32:28.001 +0000 UTC
2024/02/26 23:56:32 SOURCEID: GB98MIDL07009312345678
2024/02/26 23:56:32 DESTID: GB98MIDL07009312345656
2024/02/26 23:56:32 SOURCEBANKID: DEUTDEFF
2024/02/26 23:56:32 SOURCEBANKNAME: Barclays
2024/02/26 23:56:32 DESTBANKID: DEUTDEFF
2024/02/26 23:56:32 DESTBANKNAME: Lloyds
2024/02/26 23:56:32 VALUE: 56143
2024/02/26 23:56:32 REMITINFO: rent 10 Main St
2024/02/26 23:56:32 GENERATION: 12
2024/02/26 23:56:32 CURRENCY: PHP
2024/02/26 23:56:32 SERVICE: FPS
2024/02/26 23:56:32 DWELLTIME: 3 years 6 mons 4 days 12:30:05
2024/02/26 23:56:32 TRACETYPE: NONE
2024/02/26 23:56:32 MULESCORE: 0.87
2024/02/26 23:56:32 PARENTALERTID: e99a18c428cb38d5f260853678922e34
2024/02/26 23:56:32 MOSTRECENTFEEDBACK: WEW
2024/02/26 23:56:32 DECISIONDATE: 2020-01-01 17:32:28.001 +0000 UTC
2024/02/26 23:56:32 =========================================================================================
2024/02/26 23:58:37 
2024/02/26 23:58:37                - - - -  Alert-Transaction - - - -   
2024/02/26 23:58:37 Unique-ID: 7469fcecc8924bfcd7d1eb484462abf9
2024/02/26 23:58:37 ID: e99a18c428cb38d5f260853678922e03
2024/02/26 23:58:37 RESPONSE:  Success  
2024/02/26 23:58:37 COUNT: 4
2024/02/26 23:58:37 TXNID: 2b588f38-d1bc-40bf-85fc-91397bc98465
2024/02/26 23:58:37 NETWORKALERTID: e99a18c428cb38d5f260853678922e03
2024/02/26 23:58:37 NETWORKID: 2b588f38-d1bc-40bf-85fc-91397bc98465
2024/02/26 23:58:37 TIME: 2017-07-21 17:32:28.001 +0000 UTC
2024/02/26 23:58:37 TXNTIME: 2017-07-21 17:32:28.001 +0000 UTC
2024/02/26 23:58:37 SOURCEID: GB98MIDL07009312345678
2024/02/26 23:58:37 DESTID: GB98MIDL07009312345678
2024/02/26 23:58:37 SOURCEBANKID: DEUTDEFF
2024/02/26 23:58:37 SOURCEBANKNAME: Barclays
2024/02/26 23:58:37 DESTBANKID: DEUTDEFF
2024/02/26 23:58:37 DESTBANKNAME: Lloyds
2024/02/26 23:58:37 VALUE: 10034
2024/02/26 23:58:37 REMITINFO: rent 10 Main St
2024/02/26 23:58:37 GENERATION: 4
2024/02/26 23:58:37 CURRENCY: GBP
2024/02/26 23:58:37 SERVICE: FPS
2024/02/26 23:58:37 DWELLTIME: 3 years 6 mons 4 days 12:30:05
2024/02/26 23:58:37 TRACETYPE: FRAUD
2024/02/26 23:58:37 MULESCORE: 0.87
2024/02/26 23:58:37 PARENTALERTID: e99a18c428cb38d5f260853678922e03
2024/02/26 23:58:37 MOSTRECENTFEEDBACK: ACTIONED_MULE
2024/02/26 23:58:37 DECISIONDATE: 2017-07-21 17:32:28.001 +0000 UTC
2024/02/26 23:58:37 =========================================================================================
2024/02/26 23:58:37 
2024/02/26 23:58:37                - - - -  Alert-Transaction - - - -   
2024/02/26 23:58:37 Unique-ID: 7469fcecc8924bfcd7d1eb484462abf9
2024/02/26 23:58:37 ID: e99a18c428cb38d5f260853678922e23
2024/02/26 23:58:37 RESPONSE:  Success  
2024/02/26 23:58:37 COUNT: 4
2024/02/26 23:58:37 TXNID: 2b588f38-d1bc-40bf-85fc-91397bc98423
2024/02/26 23:58:37 NETWORKALERTID: e99a18c428cb38d5f260853678922e23
2024/02/26 23:58:37 NETWORKID: e99a18c428cb38d5f260853678922e23
2024/02/26 23:58:37 TIME: 2017-07-21 12:00:00 +0000 UTC
2024/02/26 23:58:37 TXNTIME: 2017-07-21 12:00:00 +0000 UTC
2024/02/26 23:58:37 SOURCEID: GB98MIDL07009312345678
2024/02/26 23:58:37 DESTID: GB98MIDL07009312345656
2024/02/26 23:58:37 SOURCEBANKID: DEUTDEFF
2024/02/26 23:58:37 SOURCEBANKNAME: Barclays
2024/02/26 23:58:37 DESTBANKID: DEUTDEFF
2024/02/26 23:58:37 DESTBANKNAME: Lloyds
2024/02/26 23:58:37 VALUE: 56143
2024/02/26 23:58:37 REMITINFO: rent 10 Main St
2024/02/26 23:58:37 GENERATION: 4
2024/02/26 23:58:37 CURRENCY: GBP
2024/02/26 23:58:37 SERVICE: FPS
2024/02/26 23:58:37 DWELLTIME: 3 years 6 mons 4 days 12:30:05
2024/02/26 23:58:37 TRACETYPE: FRAUD
2024/02/26 23:58:37 MULESCORE: 0.87
2024/02/26 23:58:37 PARENTALERTID: e99a18c428cb38d5f260853678922e34
2024/02/26 23:58:37 MOSTRECENTFEEDBACK: ACTIONED_MULE
2024/02/26 23:58:37 DECISIONDATE: 2024-02-26 17:32:28.001 +0000 UTC
2024/02/26 23:58:37 =========================================================================================
