2024/02/23 22:50:21 
2024/02/23 22:50:21                - - - -  Alert-Transaction - - - -   
2024/02/23 22:50:21 Unique-ID: 02c6d980b9c5b3bfb54a3fdd24e80dea
2024/02/23 22:50:21 ID: e99a18c428cb38d5f260853678922e03
2024/02/23 22:50:21 RESPONSE:  Success  
2024/02/23 22:50:21 COUNT: 2
2024/02/23 22:50:21 TXNID: 2b588f38-d1bc-40bf-85fc-91397bc98465
2024/02/23 22:50:21 NETWORKALERTID: e99a18c428cb38d5f260853678922e03
2024/02/23 22:50:21 NETWORKID: 2b588f38-d1bc-40bf-85fc-91397bc98465
2024/02/23 22:50:21 TIME: 2017-07-21 17:32:28.001 +0000 UTC
2024/02/23 22:50:21 TXNTIME: 2017-07-21 17:32:28.001 +0000 UTC
2024/02/23 22:50:21 SOURCEID: GB98MIDL07009312345678
2024/02/23 22:50:21 DESTID: GB98MIDL07009312345678
2024/02/23 22:50:21 SOURCEBANKID: DEUTDEFF
2024/02/23 22:50:21 SOURCEBANKNAME: Barclays
2024/02/23 22:50:21 DESTBANKID: DEUTDEFF
2024/02/23 22:50:21 DESTBANKNAME: Lloyds
2024/02/23 22:50:21 VALUE: 10034
2024/02/23 22:50:21 REMITINFO: rent 10 Main St
2024/02/23 22:50:21 GENERATION: 4
2024/02/23 22:50:21 CURRENCY: GBP
2024/02/23 22:50:21 SERVICE: FPS
2024/02/23 22:50:21 DWELLTIME: 3 years 6 mons 4 days 12:30:05
2024/02/23 22:50:21 TRACETYPE: FRAUD
2024/02/23 22:50:21 MULESCORE: 0.87
2024/02/23 22:50:21 PARENTALERTID: e99a18c428cb38d5f260853678922e03
2024/02/23 22:50:21 MOSTRECENTFEEDBACK: ACTIONED_MULE
2024/02/23 22:50:21 DECISIONDATE: 2017-07-21 17:32:28.001 +0000 UTC
2024/02/23 22:50:21 =========================================================================================
