2024/02/27 12:14:13 
2024/02/27 12:14:13                - - - -  Alert-Transaction - - - -   
2024/02/27 12:14:13 Unique-ID: 9ca192701664451216536a10e53d3647
2024/02/27 12:14:13 ID: e99a18c428cb38d5f260853678922e03
2024/02/27 12:14:13 RESPONSE:  Success  
2024/02/27 12:14:13 COUNT: 4
2024/02/27 12:14:13 TXNID: 2b588f38-d1bc-40bf-85fc-91397bc98465
2024/02/27 12:14:13 NETWORKALERTID: e99a18c428cb38d5f260853678922e03
2024/02/27 12:14:13 NETWORKID: 2b588f38-d1bc-40bf-85fc-91397bc98465
2024/02/27 12:14:13 TIME: 2017-07-21 17:32:28.001 +0000 UTC
2024/02/27 12:14:13 TXNTIME: 2017-07-21 17:32:28.001 +0000 UTC
2024/02/27 12:14:13 SOURCEID: GB98MIDL07009312345678
2024/02/27 12:14:13 DESTID: GB98MIDL07009312345678
2024/02/27 12:14:13 SOURCEBANKID: DEUTDEFF
2024/02/27 12:14:13 SOURCEBANKNAME: Barclays
2024/02/27 12:14:13 DESTBANKID: DEUTDEFF
2024/02/27 12:14:13 DESTBANKNAME: Lloyds
2024/02/27 12:14:13 VALUE: 10034
2024/02/27 12:14:13 REMITINFO: rent 10 Main St
2024/02/27 12:14:13 GENERATION: 4
2024/02/27 12:14:13 CURRENCY: GBP
2024/02/27 12:14:13 SERVICE: FPS
2024/02/27 12:14:13 DWELLTIME: 3 years 6 mons 4 days 12:30:05
2024/02/27 12:14:13 TRACETYPE: FRAUD
2024/02/27 12:14:13 MULESCORE: 0.87
2024/02/27 12:14:13 PARENTALERTID: e99a18c428cb38d5f260853678922e03
2024/02/27 12:14:13 MOSTRECENTFEEDBACK: ACTIONED_MULE
2024/02/27 12:14:13 DECISIONDATE: 2017-07-21 17:32:28.001 +0000 UTC
2024/02/27 12:14:13 =========================================================================================
2024/02/27 12:14:13 
2024/02/27 12:14:13                - - - -  Alert-Transaction - - - -   
2024/02/27 12:14:13 Unique-ID: 9ca192701664451216536a10e53d3647
2024/02/27 12:14:13 ID: e99a18c428cb38d5f260853678922e23
2024/02/27 12:14:13 RESPONSE:  Success  
2024/02/27 12:14:13 COUNT: 4
2024/02/27 12:14:13 TXNID: 2b588f38-d1bc-40bf-85fc-91397bc98423
2024/02/27 12:14:13 NETWORKALERTID: e99a18c428cb38d5f260853678922e23
2024/02/27 12:14:13 NETWORKID: e99a18c428cb38d5f260853678922e23
2024/02/27 12:14:13 TIME: 2017-07-21 12:00:00 +0000 UTC
2024/02/27 12:14:13 TXNTIME: 2017-07-21 12:00:00 +0000 UTC
2024/02/27 12:14:13 SOURCEID: GB98MIDL07009312345678
2024/02/27 12:14:13 DESTID: GB98MIDL07009312345656
2024/02/27 12:14:13 SOURCEBANKID: DEUTDEFF
2024/02/27 12:14:13 SOURCEBANKNAME: Barclays
2024/02/27 12:14:13 DESTBANKID: DEUTDEFF
2024/02/27 12:14:13 DESTBANKNAME: Lloyds
2024/02/27 12:14:13 VALUE: 56143
2024/02/27 12:14:13 REMITINFO: rent 10 Main St
2024/02/27 12:14:13 GENERATION: 4
2024/02/27 12:14:13 CURRENCY: GBP
2024/02/27 12:14:13 SERVICE: FPS
2024/02/27 12:14:13 DWELLTIME: 3 years 6 mons 4 days 12:30:05
2024/02/27 12:14:13 TRACETYPE: FRAUD
2024/02/27 12:14:13 MULESCORE: 0.87
2024/02/27 12:14:13 PARENTALERTID: e99a18c428cb38d5f260853678922e34
2024/02/27 12:14:13 MOSTRECENTFEEDBACK: ACTIONED_MULE
2024/02/27 12:14:13 DECISIONDATE: 2024-02-26 17:32:28.001 +0000 UTC
2024/02/27 12:14:13 =========================================================================================
2024/02/27 12:14:13 
2024/02/27 12:14:13                - - - -  Alert-Transaction - - - -   
2024/02/27 12:14:13 Unique-ID: 9ca192701664451216536a10e53d3647
2024/02/27 12:14:13 ID: e99a18c428cb38d5f260853678922e34
2024/02/27 12:14:13 RESPONSE:  Success  
2024/02/27 12:14:13 COUNT: 4
2024/02/27 12:14:13 TXNID: e99a18c428cb38d5f260853678922e34
2024/02/27 12:14:13 NETWORKALERTID: e99a18c428cb38d5f260853678922e34
2024/02/27 12:14:13 NETWORKID: e99a18c428cb38d5f260853678922e34
2024/02/27 12:14:13 TIME: 2017-07-21 17:32:28.001 +0000 UTC
2024/02/27 12:14:13 TXNTIME: 2017-07-21 17:32:28.001 +0000 UTC
2024/02/27 12:14:13 SOURCEID: GB98MIDL07009312345678
2024/02/27 12:14:13 DESTID: GB98MIDL07009312345656
2024/02/27 12:14:13 SOURCEBANKID: DEUTDEFF
2024/02/27 12:14:13 SOURCEBANKNAME: Barclays
2024/02/27 12:14:13 DESTBANKID: DEUTDEFF
2024/02/27 12:14:13 DESTBANKNAME: Lloyds
2024/02/27 12:14:13 VALUE: 56143
2024/02/27 12:14:13 REMITINFO: rent 10 Main St
2024/02/27 12:14:13 GENERATION: 11
2024/02/27 12:14:13 CURRENCY: GBP
2024/02/27 12:14:13 SERVICE: FPS
2024/02/27 12:14:13 DWELLTIME: 3 years 6 mons 4 days 12:30:05
2024/02/27 12:14:13 TRACETYPE: FRAUD
2024/02/27 12:14:13 MULESCORE: 0.87
2024/02/27 12:14:13 PARENTALERTID: e99a18c428cb38d5f260853678922e34
2024/02/27 12:14:13 MOSTRECENTFEEDBACK: ACTIONED_MULE
2024/02/27 12:14:13 DECISIONDATE: 2024-02-26 17:32:28.001 +0000 UTC
2024/02/27 12:14:13 =========================================================================================
2024/02/27 12:14:13 
2024/02/27 12:14:13                - - - -  Alert-Transaction - - - -   
2024/02/27 12:14:13 Unique-ID: 9ca192701664451216536a10e53d3647
2024/02/27 12:14:13 ID: e99a18c428cb38d5f260853678922e12
2024/02/27 12:14:13 RESPONSE:  Success  
2024/02/27 12:14:13 COUNT: 4
2024/02/27 12:14:13 TXNID: 2b588f38-d1bc-40bf-85fc-91397bc98434
2024/02/27 12:14:13 NETWORKALERTID: e99a18c428cb38d5f260853678922e34
2024/02/27 12:14:13 NETWORKID: e99a18c428cb38d5f260853678922e34
2024/02/27 12:14:13 TIME: 2017-07-21 17:32:28.001 +0000 UTC
2024/02/27 12:14:13 TXNTIME: 2017-07-21 17:32:28.001 +0000 UTC
2024/02/27 12:14:13 SOURCEID: GB98MIDL07009312345678
2024/02/27 12:14:13 DESTID: GB98MIDL07009312345656
2024/02/27 12:14:13 SOURCEBANKID: DEUTDEFF
2024/02/27 12:14:13 SOURCEBANKNAME: Barclays
2024/02/27 12:14:13 DESTBANKID: DEUTDEFF
2024/02/27 12:14:13 DESTBANKNAME: Lloyds
2024/02/27 12:14:13 VALUE: 56143
2024/02/27 12:14:13 REMITINFO: rent 10 Main St
2024/02/27 12:14:13 GENERATION: 12
2024/02/27 12:14:13 CURRENCY: PHP
2024/02/27 12:14:13 SERVICE: FPS
2024/02/27 12:14:13 DWELLTIME: 3 years 6 mons 4 days 12:30:05
2024/02/27 12:14:13 TRACETYPE: NONE
2024/02/27 12:14:13 MULESCORE: 0.87
2024/02/27 12:14:13 PARENTALERTID: e99a18c428cb38d5f260853678922e34
2024/02/27 12:14:13 MOSTRECENTFEEDBACK: WEW
2024/02/27 12:14:13 DECISIONDATE: 2020-01-01 17:32:28.001 +0000 UTC
2024/02/27 12:14:13 =========================================================================================
2024/02/27 16:03:33 
2024/02/27 16:03:33                - - - -  Alert-Transaction - - - -   
2024/02/27 16:03:33 Unique-ID: 1aca4ccf240f63e7b3ef74597dd72502
2024/02/27 16:03:33 ID: e99a18c428cb38d5f260853678922e03
2024/02/27 16:03:33 RESPONSE:  Success  
2024/02/27 16:03:33 COUNT: 4
2024/02/27 16:03:33 TXNID: 2b588f38-d1bc-40bf-85fc-91397bc98465
2024/02/27 16:03:33 NETWORKALERTID: e99a18c428cb38d5f260853678922e03
2024/02/27 16:03:33 NETWORKID: 2b588f38-d1bc-40bf-85fc-91397bc98465
2024/02/27 16:03:33 TIME: 2017-07-21 17:32:28.001 +0000 UTC
2024/02/27 16:03:33 TXNTIME: 2017-07-21 17:32:28.001 +0000 UTC
2024/02/27 16:03:33 SOURCEID: GB98MIDL07009312345678
2024/02/27 16:03:33 DESTID: GB98MIDL07009312345678
2024/02/27 16:03:33 SOURCEBANKID: DEUTDEFF
2024/02/27 16:03:33 SOURCEBANKNAME: Barclays
2024/02/27 16:03:33 DESTBANKID: DEUTDEFF
2024/02/27 16:03:33 DESTBANKNAME: Lloyds
2024/02/27 16:03:33 VALUE: 10034
2024/02/27 16:03:33 REMITINFO: rent 10 Main St
2024/02/27 16:03:33 GENERATION: 4
2024/02/27 16:03:33 CURRENCY: GBP
2024/02/27 16:03:33 SERVICE: FPS
2024/02/27 16:03:33 DWELLTIME: 3 years 6 mons 4 days 12:30:05
2024/02/27 16:03:33 TRACETYPE: FRAUD
2024/02/27 16:03:33 MULESCORE: 0.87
2024/02/27 16:03:33 PARENTALERTID: e99a18c428cb38d5f260853678922e03
2024/02/27 16:03:33 MOSTRECENTFEEDBACK: ACTIONED_MULE
2024/02/27 16:03:33 DECISIONDATE: 2017-07-21 17:32:28.001 +0000 UTC
2024/02/27 16:03:33 =========================================================================================
2024/02/27 16:03:34 
2024/02/27 16:03:34                - - - -  Alert-Transaction - - - -   
2024/02/27 16:03:34 Unique-ID: 1aca4ccf240f63e7b3ef74597dd72502
2024/02/27 16:03:34 ID: e99a18c428cb38d5f260853678922e23
2024/02/27 16:03:34 RESPONSE:  Success  
2024/02/27 16:03:34 COUNT: 4
2024/02/27 16:03:34 TXNID: 2b588f38-d1bc-40bf-85fc-91397bc98423
2024/02/27 16:03:34 NETWORKALERTID: e99a18c428cb38d5f260853678922e23
2024/02/27 16:03:34 NETWORKID: e99a18c428cb38d5f260853678922e23
2024/02/27 16:03:34 TIME: 2017-07-21 12:00:00 +0000 UTC
2024/02/27 16:03:34 TXNTIME: 2017-07-21 12:00:00 +0000 UTC
2024/02/27 16:03:34 SOURCEID: GB98MIDL07009312345678
2024/02/27 16:03:34 DESTID: GB98MIDL07009312345656
2024/02/27 16:03:34 SOURCEBANKID: DEUTDEFF
2024/02/27 16:03:34 SOURCEBANKNAME: Barclays
2024/02/27 16:03:34 DESTBANKID: DEUTDEFF
2024/02/27 16:03:34 DESTBANKNAME: Lloyds
2024/02/27 16:03:34 VALUE: 56143
2024/02/27 16:03:34 REMITINFO: rent 10 Main St
2024/02/27 16:03:34 GENERATION: 4
2024/02/27 16:03:34 CURRENCY: GBP
2024/02/27 16:03:34 SERVICE: FPS
2024/02/27 16:03:34 DWELLTIME: 3 years 6 mons 4 days 12:30:05
2024/02/27 16:03:34 TRACETYPE: FRAUD
2024/02/27 16:03:34 MULESCORE: 0.87
2024/02/27 16:03:34 PARENTALERTID: e99a18c428cb38d5f260853678922e34
2024/02/27 16:03:34 MOSTRECENTFEEDBACK: ACTIONED_MULE
2024/02/27 16:03:34 DECISIONDATE: 2024-02-26 17:32:28.001 +0000 UTC
2024/02/27 16:03:34 =========================================================================================
2024/02/27 16:50:50 
2024/02/27 16:50:50                - - - -  Alert-Transaction - - - -   
2024/02/27 16:50:50 Unique-ID: 546c0f8fcd567add65b7bfb019c4cfb2
2024/02/27 16:50:50 ID: e99a18c428cb38d5f260853678922e03
2024/02/27 16:50:50 RESPONSE:  Success  
2024/02/27 16:50:50 COUNT: 4
2024/02/27 16:50:50 TXNID: 2b588f38-d1bc-40bf-85fc-91397bc98465
2024/02/27 16:50:50 NETWORKALERTID: e99a18c428cb38d5f260853678922e03
2024/02/27 16:50:50 NETWORKID: 2b588f38-d1bc-40bf-85fc-91397bc98465
2024/02/27 16:50:50 TIME: 2017-07-21 17:32:28.001 +0000 UTC
2024/02/27 16:50:50 TXNTIME: 2017-07-21 17:32:28.001 +0000 UTC
2024/02/27 16:50:50 SOURCEID: GB98MIDL07009312345678
2024/02/27 16:50:50 DESTID: GB98MIDL07009312345678
2024/02/27 16:50:50 SOURCEBANKID: DEUTDEFF
2024/02/27 16:50:50 SOURCEBANKNAME: Barclays
2024/02/27 16:50:50 DESTBANKID: DEUTDEFF
2024/02/27 16:50:50 DESTBANKNAME: Lloyds
2024/02/27 16:50:50 VALUE: 10034
2024/02/27 16:50:50 REMITINFO: rent 10 Main St
2024/02/27 16:50:50 GENERATION: 4
2024/02/27 16:50:50 CURRENCY: GBP
2024/02/27 16:50:50 SERVICE: FPS
2024/02/27 16:50:50 DWELLTIME: 3 years 6 mons 4 days 12:30:05
2024/02/27 16:50:50 TRACETYPE: FRAUD
2024/02/27 16:50:50 MULESCORE: 0.87
2024/02/27 16:50:50 PARENTALERTID: e99a18c428cb38d5f260853678922e03
2024/02/27 16:50:50 MOSTRECENTFEEDBACK: ACTIONED_MULE
2024/02/27 16:50:50 DECISIONDATE: 2017-07-21 17:32:28.001 +0000 UTC
2024/02/27 16:50:50 =========================================================================================
2024/02/27 16:50:50 
2024/02/27 16:50:50                - - - -  Alert-Transaction - - - -   
2024/02/27 16:50:50 Unique-ID: 546c0f8fcd567add65b7bfb019c4cfb2
2024/02/27 16:50:50 ID: e99a18c428cb38d5f260853678922e23
2024/02/27 16:50:50 RESPONSE:  Success  
2024/02/27 16:50:50 COUNT: 4
2024/02/27 16:50:50 TXNID: 2b588f38-d1bc-40bf-85fc-91397bc98423
2024/02/27 16:50:50 NETWORKALERTID: e99a18c428cb38d5f260853678922e23
2024/02/27 16:50:50 NETWORKID: e99a18c428cb38d5f260853678922e23
2024/02/27 16:50:50 TIME: 2017-07-21 12:00:00 +0000 UTC
2024/02/27 16:50:50 TXNTIME: 2017-07-21 12:00:00 +0000 UTC
2024/02/27 16:50:50 SOURCEID: GB98MIDL07009312345678
2024/02/27 16:50:50 DESTID: GB98MIDL07009312345656
2024/02/27 16:50:50 SOURCEBANKID: DEUTDEFF
2024/02/27 16:50:50 SOURCEBANKNAME: Barclays
2024/02/27 16:50:50 DESTBANKID: DEUTDEFF
2024/02/27 16:50:50 DESTBANKNAME: Lloyds
2024/02/27 16:50:50 VALUE: 56143
2024/02/27 16:50:50 REMITINFO: rent 10 Main St
2024/02/27 16:50:50 GENERATION: 4
2024/02/27 16:50:50 CURRENCY: GBP
2024/02/27 16:50:50 SERVICE: FPS
2024/02/27 16:50:50 DWELLTIME: 3 years 6 mons 4 days 12:30:05
2024/02/27 16:50:50 TRACETYPE: FRAUD
2024/02/27 16:50:50 MULESCORE: 0.87
2024/02/27 16:50:50 PARENTALERTID: e99a18c428cb38d5f260853678922e34
2024/02/27 16:50:50 MOSTRECENTFEEDBACK: ACTIONED_MULE
2024/02/27 16:50:50 DECISIONDATE: 2024-02-26 17:32:28.001 +0000 UTC
2024/02/27 16:50:50 =========================================================================================
2024/02/27 16:50:50 
2024/02/27 16:50:50                - - - -  Alert-Transaction - - - -   
2024/02/27 16:50:50 Unique-ID: 546c0f8fcd567add65b7bfb019c4cfb2
2024/02/27 16:50:50 ID: e99a18c428cb38d5f260853678922e34
2024/02/27 16:50:50 RESPONSE:  Success  
2024/02/27 16:50:50 COUNT: 4
2024/02/27 16:50:50 TXNID: e99a18c428cb38d5f260853678922e34
2024/02/27 16:50:50 NETWORKALERTID: e99a18c428cb38d5f260853678922e34
2024/02/27 16:50:50 NETWORKID: e99a18c428cb38d5f260853678922e34
2024/02/27 16:50:50 TIME: 2017-07-21 17:32:28.001 +0000 UTC
2024/02/27 16:50:50 TXNTIME: 2017-07-21 17:32:28.001 +0000 UTC
2024/02/27 16:50:50 SOURCEID: GB98MIDL07009312345678
2024/02/27 16:50:50 DESTID: GB98MIDL07009312345656
2024/02/27 16:50:50 SOURCEBANKID: DEUTDEFF
2024/02/27 16:50:50 SOURCEBANKNAME: Barclays
2024/02/27 16:50:50 DESTBANKID: DEUTDEFF
2024/02/27 16:50:50 DESTBANKNAME: Lloyds
2024/02/27 16:50:50 VALUE: 56143
2024/02/27 16:50:50 REMITINFO: rent 10 Main St
2024/02/27 16:50:50 GENERATION: 11
2024/02/27 16:50:50 CURRENCY: GBP
2024/02/27 16:50:50 SERVICE: FPS
2024/02/27 16:50:50 DWELLTIME: 3 years 6 mons 4 days 12:30:05
2024/02/27 16:50:50 TRACETYPE: FRAUD
2024/02/27 16:50:50 MULESCORE: 0.87
2024/02/27 16:50:50 PARENTALERTID: e99a18c428cb38d5f260853678922e34
2024/02/27 16:50:50 MOSTRECENTFEEDBACK: ACTIONED_MULE
2024/02/27 16:50:50 DECISIONDATE: 2024-02-26 17:32:28.001 +0000 UTC
2024/02/27 16:50:50 =========================================================================================
2024/02/27 16:50:50 
2024/02/27 16:50:50                - - - -  Alert-Transaction - - - -   
2024/02/27 16:50:50 Unique-ID: 546c0f8fcd567add65b7bfb019c4cfb2
2024/02/27 16:50:50 ID: e99a18c428cb38d5f260853678922e12
2024/02/27 16:50:50 RESPONSE:  Success  
2024/02/27 16:50:50 COUNT: 4
2024/02/27 16:50:50 TXNID: 2b588f38-d1bc-40bf-85fc-91397bc98434
2024/02/27 16:50:50 NETWORKALERTID: e99a18c428cb38d5f260853678922e34
2024/02/27 16:50:50 NETWORKID: e99a18c428cb38d5f260853678922e34
2024/02/27 16:50:50 TIME: 2017-07-21 17:32:28.001 +0000 UTC
2024/02/27 16:50:50 TXNTIME: 2017-07-21 17:32:28.001 +0000 UTC
2024/02/27 16:50:50 SOURCEID: GB98MIDL07009312345678
2024/02/27 16:50:50 DESTID: GB98MIDL07009312345656
2024/02/27 16:50:50 SOURCEBANKID: DEUTDEFF
2024/02/27 16:50:50 SOURCEBANKNAME: Barclays
2024/02/27 16:50:50 DESTBANKID: DEUTDEFF
2024/02/27 16:50:50 DESTBANKNAME: Lloyds
2024/02/27 16:50:50 VALUE: 56143
2024/02/27 16:50:50 REMITINFO: rent 10 Main St
2024/02/27 16:50:50 GENERATION: 12
2024/02/27 16:50:50 CURRENCY: PHP
2024/02/27 16:50:50 SERVICE: FPS
2024/02/27 16:50:50 DWELLTIME: 3 years 6 mons 4 days 12:30:05
2024/02/27 16:50:50 TRACETYPE: NONE
2024/02/27 16:50:50 MULESCORE: 0.87
2024/02/27 16:50:50 PARENTALERTID: e99a18c428cb38d5f260853678922e34
2024/02/27 16:50:50 MOSTRECENTFEEDBACK: WEW
2024/02/27 16:50:50 DECISIONDATE: 2020-01-01 17:32:28.001 +0000 UTC
2024/02/27 16:50:50 =========================================================================================
2024/02/27 16:55:15 
2024/02/27 16:55:15                - - - -  Alert-Transaction - - - -   
2024/02/27 16:55:15 Unique-ID: bf9675005ad4eac24d0ede6cb2341938
2024/02/27 16:55:15 ID: e99a18c428cb38d5f260853678922e03
2024/02/27 16:55:15 RESPONSE:  Success  
2024/02/27 16:55:15 COUNT: 4
2024/02/27 16:55:15 TXNID: 2b588f38-d1bc-40bf-85fc-91397bc98465
2024/02/27 16:55:15 NETWORKALERTID: e99a18c428cb38d5f260853678922e03
2024/02/27 16:55:15 NETWORKID: 2b588f38-d1bc-40bf-85fc-91397bc98465
2024/02/27 16:55:15 TIME: 2017-07-21 17:32:28.001 +0000 UTC
2024/02/27 16:55:15 TXNTIME: 2017-07-21 17:32:28.001 +0000 UTC
2024/02/27 16:55:15 SOURCEID: GB98MIDL07009312345678
2024/02/27 16:55:15 DESTID: GB98MIDL07009312345678
2024/02/27 16:55:15 SOURCEBANKID: DEUTDEFF
2024/02/27 16:55:15 SOURCEBANKNAME: Barclays
2024/02/27 16:55:15 DESTBANKID: DEUTDEFF
2024/02/27 16:55:15 DESTBANKNAME: Lloyds
2024/02/27 16:55:15 VALUE: 10034
2024/02/27 16:55:15 REMITINFO: rent 10 Main St
2024/02/27 16:55:15 GENERATION: 4
2024/02/27 16:55:15 CURRENCY: GBP
2024/02/27 16:55:15 SERVICE: FPS
2024/02/27 16:55:15 DWELLTIME: 3 years 6 mons 4 days 12:30:05
2024/02/27 16:55:15 TRACETYPE: FRAUD
2024/02/27 16:55:15 MULESCORE: 0.87
2024/02/27 16:55:15 PARENTALERTID: e99a18c428cb38d5f260853678922e03
2024/02/27 16:55:15 MOSTRECENTFEEDBACK: ACTIONED_MULE
2024/02/27 16:55:15 DECISIONDATE: 2017-07-21 17:32:28.001 +0000 UTC
2024/02/27 16:55:15 =========================================================================================
2024/02/27 16:55:33 
2024/02/27 16:55:33                - - - -  Alert-Transaction - - - -   
2024/02/27 16:55:33 Unique-ID: fc62f9625d4eda9482345138f9c81a8a
2024/02/27 16:55:33 ID: e99a18c428cb38d5f260853678922e03
2024/02/27 16:55:33 RESPONSE:  Success  
2024/02/27 16:55:33 COUNT: 4
2024/02/27 16:55:33 TXNID: 2b588f38-d1bc-40bf-85fc-91397bc98465
2024/02/27 16:55:33 NETWORKALERTID: e99a18c428cb38d5f260853678922e03
2024/02/27 16:55:33 NETWORKID: 2b588f38-d1bc-40bf-85fc-91397bc98465
2024/02/27 16:55:33 TIME: 2017-07-21 17:32:28.001 +0000 UTC
2024/02/27 16:55:33 TXNTIME: 2017-07-21 17:32:28.001 +0000 UTC
2024/02/27 16:55:33 SOURCEID: GB98MIDL07009312345678
2024/02/27 16:55:33 DESTID: GB98MIDL07009312345678
2024/02/27 16:55:33 SOURCEBANKID: DEUTDEFF
2024/02/27 16:55:33 SOURCEBANKNAME: Barclays
2024/02/27 16:55:33 DESTBANKID: DEUTDEFF
2024/02/27 16:55:33 DESTBANKNAME: Lloyds
2024/02/27 16:55:33 VALUE: 10034
2024/02/27 16:55:33 REMITINFO: rent 10 Main St
2024/02/27 16:55:33 GENERATION: 4
2024/02/27 16:55:33 CURRENCY: GBP
2024/02/27 16:55:33 SERVICE: FPS
2024/02/27 16:55:33 DWELLTIME: 3 years 6 mons 4 days 12:30:05
2024/02/27 16:55:33 TRACETYPE: FRAUD
2024/02/27 16:55:33 MULESCORE: 0.87
2024/02/27 16:55:33 PARENTALERTID: e99a18c428cb38d5f260853678922e03
2024/02/27 16:55:33 MOSTRECENTFEEDBACK: ACTIONED_MULE
2024/02/27 16:55:33 DECISIONDATE: 2017-07-21 17:32:28.001 +0000 UTC
2024/02/27 16:55:33 =========================================================================================
2024/02/27 16:55:39 
2024/02/27 16:55:39                - - - -  Alert-Transaction - - - -   
2024/02/27 16:55:39 Unique-ID: 686668938c3fdaaab4f7434c9298d493
2024/02/27 16:55:39 ID: The request contains a bad payload
2024/02/27 16:55:39 RESPONSE: (Bad Request - 400)
2024/02/27 16:55:39 COUNT: 0
2024/02/27 16:55:39 TXNID: null
2024/02/27 16:55:39 NETWORKALERTID: null
2024/02/27 16:55:39 NETWORKID: null
2024/02/27 16:55:39 TIME: 2024-02-27 16:55:39.031596 +0800 PST m=+8162.220278542
2024/02/27 16:55:39 TXNTIME: 2024-02-27 16:55:39.031596 +0800 PST m=+8162.220278751
2024/02/27 16:55:39 SOURCEID: null
2024/02/27 16:55:39 DESTID: null
2024/02/27 16:55:39 SOURCEBANKID: null
2024/02/27 16:55:39 SOURCEBANKNAME: null
2024/02/27 16:55:39 DESTBANKID: null
2024/02/27 16:55:39 DESTBANKNAME: null
2024/02/27 16:55:39 VALUE: 0
2024/02/27 16:55:39 REMITINFO: null
2024/02/27 16:55:39 GENERATION: 0
2024/02/27 16:55:39 CURRENCY: null
2024/02/27 16:55:39 SERVICE: null
2024/02/27 16:55:39 DWELLTIME: null
2024/02/27 16:55:39 TRACETYPE: null
2024/02/27 16:55:39 MULESCORE: 0
2024/02/27 16:55:39 PARENTALERTID: null
2024/02/27 16:55:39 MOSTRECENTFEEDBACK: null
2024/02/27 16:55:39 DECISIONDATE: 2024-02-27 16:55:39.031596 +0800 PST m=+8162.220278834
2024/02/27 16:55:39 =========================================================================================
2024/02/27 17:18:24 
2024/02/27 17:18:24                - - - -  Alert-Transaction - - - -   
2024/02/27 17:18:24 Unique-ID: 36e216be8196bf9b482670183d54af81
2024/02/27 17:18:24 ID: You have exceeded the service rate limit. Maximum allowed: ${rate_limit.output} TPS
2024/02/27 17:18:24 RESPONSE: (Rate Limit Exceeded - 429)
2024/02/27 17:18:24 COUNT: 0
2024/02/27 17:18:24 TXNID: null
2024/02/27 17:18:24 NETWORKALERTID: null
2024/02/27 17:18:24 NETWORKID: null
2024/02/27 17:18:24 TIME: 2024-02-27 17:18:24.240835 +0800 PST m=+8981.129937251
2024/02/27 17:18:24 TXNTIME: 2024-02-27 17:18:24.240835 +0800 PST m=+8981.129937334
2024/02/27 17:18:24 SOURCEID: null
2024/02/27 17:18:24 DESTID: null
2024/02/27 17:18:24 SOURCEBANKID: null
2024/02/27 17:18:24 SOURCEBANKNAME: null
2024/02/27 17:18:24 DESTBANKID: null
2024/02/27 17:18:24 DESTBANKNAME: null
2024/02/27 17:18:24 VALUE: 0
2024/02/27 17:18:24 REMITINFO: null
2024/02/27 17:18:24 GENERATION: 0
2024/02/27 17:18:24 CURRENCY: null
2024/02/27 17:18:24 SERVICE: null
2024/02/27 17:18:24 DWELLTIME: null
2024/02/27 17:18:24 TRACETYPE: null
2024/02/27 17:18:24 MULESCORE: 0
2024/02/27 17:18:24 PARENTALERTID: null
2024/02/27 17:18:24 MOSTRECENTFEEDBACK: null
2024/02/27 17:18:24 DECISIONDATE: 2024-02-27 17:18:24.240835 +0800 PST m=+8981.129937417
2024/02/27 17:18:24 =========================================================================================
2024/02/27 17:18:29 
2024/02/27 17:18:29                - - - -  Alert-Transaction - - - -   
2024/02/27 17:18:29 Unique-ID: 6c7fe87079027514a42ac4d7a7a95337
2024/02/27 17:18:29 ID: e99a18c428cb38d5f260853678922e03
2024/02/27 17:18:29 RESPONSE:  Success  
2024/02/27 17:18:29 COUNT: 4
2024/02/27 17:18:29 TXNID: 2b588f38-d1bc-40bf-85fc-91397bc98465
2024/02/27 17:18:29 NETWORKALERTID: e99a18c428cb38d5f260853678922e03
2024/02/27 17:18:29 NETWORKID: 2b588f38-d1bc-40bf-85fc-91397bc98465
2024/02/27 17:18:29 TIME: 2017-07-21 17:32:28.001 +0000 UTC
2024/02/27 17:18:29 TXNTIME: 2017-07-21 17:32:28.001 +0000 UTC
2024/02/27 17:18:29 SOURCEID: GB98MIDL07009312345678
2024/02/27 17:18:29 DESTID: GB98MIDL07009312345678
2024/02/27 17:18:29 SOURCEBANKID: DEUTDEFF
2024/02/27 17:18:29 SOURCEBANKNAME: Barclays
2024/02/27 17:18:29 DESTBANKID: DEUTDEFF
2024/02/27 17:18:29 DESTBANKNAME: Lloyds
2024/02/27 17:18:29 VALUE: 10034
2024/02/27 17:18:29 REMITINFO: rent 10 Main St
2024/02/27 17:18:29 GENERATION: 4
2024/02/27 17:18:29 CURRENCY: GBP
2024/02/27 17:18:29 SERVICE: FPS
2024/02/27 17:18:29 DWELLTIME: 3 years 6 mons 4 days 12:30:05
2024/02/27 17:18:29 TRACETYPE: FRAUD
2024/02/27 17:18:29 MULESCORE: 0.87
2024/02/27 17:18:29 PARENTALERTID: e99a18c428cb38d5f260853678922e03
2024/02/27 17:18:29 MOSTRECENTFEEDBACK: ACTIONED_MULE
2024/02/27 17:18:29 DECISIONDATE: 2017-07-21 17:32:28.001 +0000 UTC
2024/02/27 17:18:29 =========================================================================================
2024/02/27 17:18:29 
2024/02/27 17:18:29                - - - -  Alert-Transaction - - - -   
2024/02/27 17:18:29 Unique-ID: 6c7fe87079027514a42ac4d7a7a95337
2024/02/27 17:18:29 ID: e99a18c428cb38d5f260853678922e23
2024/02/27 17:18:29 RESPONSE:  Success  
2024/02/27 17:18:29 COUNT: 4
2024/02/27 17:18:29 TXNID: 2b588f38-d1bc-40bf-85fc-91397bc98423
2024/02/27 17:18:29 NETWORKALERTID: e99a18c428cb38d5f260853678922e23
2024/02/27 17:18:29 NETWORKID: e99a18c428cb38d5f260853678922e23
2024/02/27 17:18:29 TIME: 2017-07-21 12:00:00 +0000 UTC
2024/02/27 17:18:29 TXNTIME: 2017-07-21 12:00:00 +0000 UTC
2024/02/27 17:18:29 SOURCEID: GB98MIDL07009312345678
2024/02/27 17:18:29 DESTID: GB98MIDL07009312345656
2024/02/27 17:18:29 SOURCEBANKID: DEUTDEFF
2024/02/27 17:18:29 SOURCEBANKNAME: Barclays
2024/02/27 17:18:29 DESTBANKID: DEUTDEFF
2024/02/27 17:18:29 DESTBANKNAME: Lloyds
2024/02/27 17:18:29 VALUE: 56143
2024/02/27 17:18:29 REMITINFO: rent 10 Main St
2024/02/27 17:18:29 GENERATION: 4
2024/02/27 17:18:29 CURRENCY: GBP
2024/02/27 17:18:29 SERVICE: FPS
2024/02/27 17:18:29 DWELLTIME: 3 years 6 mons 4 days 12:30:05
2024/02/27 17:18:29 TRACETYPE: FRAUD
2024/02/27 17:18:29 MULESCORE: 0.87
2024/02/27 17:18:29 PARENTALERTID: e99a18c428cb38d5f260853678922e34
2024/02/27 17:18:29 MOSTRECENTFEEDBACK: ACTIONED_MULE
2024/02/27 17:18:29 DECISIONDATE: 2024-02-26 17:32:28.001 +0000 UTC
2024/02/27 17:18:29 =========================================================================================
2024/02/27 17:18:29 
2024/02/27 17:18:29                - - - -  Alert-Transaction - - - -   
2024/02/27 17:18:29 Unique-ID: 6c7fe87079027514a42ac4d7a7a95337
2024/02/27 17:18:29 ID: e99a18c428cb38d5f260853678922e34
2024/02/27 17:18:29 RESPONSE:  Success  
2024/02/27 17:18:29 COUNT: 4
2024/02/27 17:18:29 TXNID: e99a18c428cb38d5f260853678922e34
2024/02/27 17:18:29 NETWORKALERTID: e99a18c428cb38d5f260853678922e34
2024/02/27 17:18:29 NETWORKID: e99a18c428cb38d5f260853678922e34
2024/02/27 17:18:29 TIME: 2017-07-21 17:32:28.001 +0000 UTC
2024/02/27 17:18:29 TXNTIME: 2017-07-21 17:32:28.001 +0000 UTC
2024/02/27 17:18:29 SOURCEID: GB98MIDL07009312345678
2024/02/27 17:18:29 DESTID: GB98MIDL07009312345656
2024/02/27 17:18:29 SOURCEBANKID: DEUTDEFF
2024/02/27 17:18:29 SOURCEBANKNAME: Barclays
2024/02/27 17:18:29 DESTBANKID: DEUTDEFF
2024/02/27 17:18:29 DESTBANKNAME: Lloyds
2024/02/27 17:18:29 VALUE: 56143
2024/02/27 17:18:29 REMITINFO: rent 10 Main St
2024/02/27 17:18:29 GENERATION: 11
2024/02/27 17:18:29 CURRENCY: GBP
2024/02/27 17:18:29 SERVICE: FPS
2024/02/27 17:18:29 DWELLTIME: 3 years 6 mons 4 days 12:30:05
2024/02/27 17:18:29 TRACETYPE: FRAUD
2024/02/27 17:18:29 MULESCORE: 0.87
2024/02/27 17:18:29 PARENTALERTID: e99a18c428cb38d5f260853678922e34
2024/02/27 17:18:29 MOSTRECENTFEEDBACK: ACTIONED_MULE
2024/02/27 17:18:29 DECISIONDATE: 2024-02-26 17:32:28.001 +0000 UTC
2024/02/27 17:18:29 =========================================================================================
2024/02/27 17:18:29 
2024/02/27 17:18:29                - - - -  Alert-Transaction - - - -   
2024/02/27 17:18:29 Unique-ID: 6c7fe87079027514a42ac4d7a7a95337
2024/02/27 17:18:29 ID: e99a18c428cb38d5f260853678922e12
2024/02/27 17:18:29 RESPONSE:  Success  
2024/02/27 17:18:29 COUNT: 4
2024/02/27 17:18:29 TXNID: 2b588f38-d1bc-40bf-85fc-91397bc98434
2024/02/27 17:18:29 NETWORKALERTID: e99a18c428cb38d5f260853678922e34
2024/02/27 17:18:29 NETWORKID: e99a18c428cb38d5f260853678922e34
2024/02/27 17:18:29 TIME: 2017-07-21 17:32:28.001 +0000 UTC
2024/02/27 17:18:29 TXNTIME: 2017-07-21 17:32:28.001 +0000 UTC
2024/02/27 17:18:29 SOURCEID: GB98MIDL07009312345678
2024/02/27 17:18:29 DESTID: GB98MIDL07009312345656
2024/02/27 17:18:29 SOURCEBANKID: DEUTDEFF
2024/02/27 17:18:29 SOURCEBANKNAME: Barclays
2024/02/27 17:18:29 DESTBANKID: DEUTDEFF
2024/02/27 17:18:29 DESTBANKNAME: Lloyds
2024/02/27 17:18:29 VALUE: 56143
2024/02/27 17:18:29 REMITINFO: rent 10 Main St
2024/02/27 17:18:29 GENERATION: 12
2024/02/27 17:18:29 CURRENCY: PHP
2024/02/27 17:18:29 SERVICE: FPS
2024/02/27 17:18:29 DWELLTIME: 3 years 6 mons 4 days 12:30:05
2024/02/27 17:18:29 TRACETYPE: NONE
2024/02/27 17:18:29 MULESCORE: 0.87
2024/02/27 17:18:29 PARENTALERTID: e99a18c428cb38d5f260853678922e34
2024/02/27 17:18:29 MOSTRECENTFEEDBACK: WEW
2024/02/27 17:18:29 DECISIONDATE: 2020-01-01 17:32:28.001 +0000 UTC
2024/02/27 17:18:29 =========================================================================================
