2024/02/28 15:10:43 
2024/02/28 15:10:43                - - - -  Alert-Transaction - - - -   
2024/02/28 15:10:43 Unique-ID: c56ce7802b8a51f0501f7c7d3a8cfe02
2024/02/28 15:10:43 ID: e99a18c428cb38d5f260853678922e03
2024/02/28 15:10:43 RESPONSE:  Success  
2024/02/28 15:10:43 COUNT: 4
2024/02/28 15:10:43 TXNID: 2b588f38-d1bc-40bf-85fc-91397bc98465
2024/02/28 15:10:43 NETWORKALERTID: e99a18c428cb38d5f260853678922e03
2024/02/28 15:10:43 NETWORKID: 2b588f38-d1bc-40bf-85fc-91397bc98465
2024/02/28 15:10:43 TIME: 2017-07-21 17:32:28.001 +0000 UTC
2024/02/28 15:10:43 TXNTIME: 2017-07-21 17:32:28.001 +0000 UTC
2024/02/28 15:10:43 SOURCEID: GB98MIDL07009312345678
2024/02/28 15:10:43 DESTID: GB98MIDL07009312345678
2024/02/28 15:10:43 SOURCEBANKID: DEUTDEFF
2024/02/28 15:10:43 SOURCEBANKNAME: Barclays
2024/02/28 15:10:43 DESTBANKID: DEUTDEFF
2024/02/28 15:10:43 DESTBANKNAME: Lloyds
2024/02/28 15:10:43 VALUE: 10034
2024/02/28 15:10:43 REMITINFO: rent 10 Main St
2024/02/28 15:10:43 GENERATION: 4
2024/02/28 15:10:43 CURRENCY: GBP
2024/02/28 15:10:43 SERVICE: FPS
2024/02/28 15:10:43 DWELLTIME: 3 years 6 mons 4 days 12:30:05
2024/02/28 15:10:43 TRACETYPE: FRAUD
2024/02/28 15:10:43 MULESCORE: 0.87
2024/02/28 15:10:43 PARENTALERTID: e99a18c428cb38d5f260853678922e03
2024/02/28 15:10:43 MOSTRECENTFEEDBACK: ACTIONED_MULE
2024/02/28 15:10:43 DECISIONDATE: 2017-07-21 17:32:28.001 +0000 UTC
2024/02/28 15:10:43 =========================================================================================
2024/02/28 15:10:43 
2024/02/28 15:10:43                - - - -  Alert-Transaction - - - -   
2024/02/28 15:10:43 Unique-ID: c56ce7802b8a51f0501f7c7d3a8cfe02
2024/02/28 15:10:43 ID: e99a18c428cb38d5f260853678922e23
2024/02/28 15:10:43 RESPONSE:  Success  
2024/02/28 15:10:43 COUNT: 4
2024/02/28 15:10:43 TXNID: 2b588f38-d1bc-40bf-85fc-91397bc98423
2024/02/28 15:10:43 NETWORKALERTID: e99a18c428cb38d5f260853678922e23
2024/02/28 15:10:43 NETWORKID: e99a18c428cb38d5f260853678922e23
2024/02/28 15:10:43 TIME: 2017-07-21 12:00:00 +0000 UTC
2024/02/28 15:10:43 TXNTIME: 2017-07-21 12:00:00 +0000 UTC
2024/02/28 15:10:43 SOURCEID: GB98MIDL07009312345678
2024/02/28 15:10:43 DESTID: GB98MIDL07009312345656
2024/02/28 15:10:43 SOURCEBANKID: DEUTDEFF
2024/02/28 15:10:43 SOURCEBANKNAME: Barclays
2024/02/28 15:10:43 DESTBANKID: DEUTDEFF
2024/02/28 15:10:43 DESTBANKNAME: Lloyds
2024/02/28 15:10:43 VALUE: 56143
2024/02/28 15:10:43 REMITINFO: rent 10 Main St
2024/02/28 15:10:43 GENERATION: 4
2024/02/28 15:10:43 CURRENCY: GBP
2024/02/28 15:10:43 SERVICE: FPS
2024/02/28 15:10:43 DWELLTIME: 3 years 6 mons 4 days 12:30:05
2024/02/28 15:10:43 TRACETYPE: FRAUD
2024/02/28 15:10:43 MULESCORE: 0.87
2024/02/28 15:10:43 PARENTALERTID: e99a18c428cb38d5f260853678922e34
2024/02/28 15:10:43 MOSTRECENTFEEDBACK: ACTIONED_MULE
2024/02/28 15:10:43 DECISIONDATE: 2024-02-26 17:32:28.001 +0000 UTC
2024/02/28 15:10:43 =========================================================================================
2024/02/28 15:10:43 
2024/02/28 15:10:43                - - - -  Alert-Transaction - - - -   
2024/02/28 15:10:43 Unique-ID: c56ce7802b8a51f0501f7c7d3a8cfe02
2024/02/28 15:10:43 ID: e99a18c428cb38d5f260853678922e34
2024/02/28 15:10:43 RESPONSE:  Success  
2024/02/28 15:10:43 COUNT: 4
2024/02/28 15:10:43 TXNID: e99a18c428cb38d5f260853678922e34
2024/02/28 15:10:43 NETWORKALERTID: e99a18c428cb38d5f260853678922e34
2024/02/28 15:10:43 NETWORKID: e99a18c428cb38d5f260853678922e34
2024/02/28 15:10:43 TIME: 2017-07-21 17:32:28.001 +0000 UTC
2024/02/28 15:10:43 TXNTIME: 2017-07-21 17:32:28.001 +0000 UTC
2024/02/28 15:10:43 SOURCEID: GB98MIDL07009312345678
2024/02/28 15:10:43 DESTID: GB98MIDL07009312345656
2024/02/28 15:10:43 SOURCEBANKID: DEUTDEFF
2024/02/28 15:10:43 SOURCEBANKNAME: Barclays
2024/02/28 15:10:43 DESTBANKID: DEUTDEFF
2024/02/28 15:10:43 DESTBANKNAME: Lloyds
2024/02/28 15:10:43 VALUE: 56143
2024/02/28 15:10:43 REMITINFO: rent 10 Main St
2024/02/28 15:10:43 GENERATION: 11
2024/02/28 15:10:43 CURRENCY: GBP
2024/02/28 15:10:43 SERVICE: FPS
2024/02/28 15:10:43 DWELLTIME: 3 years 6 mons 4 days 12:30:05
2024/02/28 15:10:43 TRACETYPE: FRAUD
2024/02/28 15:10:43 MULESCORE: 0.87
2024/02/28 15:10:43 PARENTALERTID: e99a18c428cb38d5f260853678922e34
2024/02/28 15:10:43 MOSTRECENTFEEDBACK: ACTIONED_MULE
2024/02/28 15:10:43 DECISIONDATE: 2024-02-26 17:32:28.001 +0000 UTC
2024/02/28 15:10:43 =========================================================================================
2024/02/28 15:10:43 
2024/02/28 15:10:43                - - - -  Alert-Transaction - - - -   
2024/02/28 15:10:43 Unique-ID: c56ce7802b8a51f0501f7c7d3a8cfe02
2024/02/28 15:10:43 ID: e99a18c428cb38d5f260853678922e12
2024/02/28 15:10:43 RESPONSE:  Success  
2024/02/28 15:10:43 COUNT: 4
2024/02/28 15:10:43 TXNID: 2b588f38-d1bc-40bf-85fc-91397bc98434
2024/02/28 15:10:43 NETWORKALERTID: e99a18c428cb38d5f260853678922e34
2024/02/28 15:10:43 NETWORKID: e99a18c428cb38d5f260853678922e34
2024/02/28 15:10:43 TIME: 2017-07-21 17:32:28.001 +0000 UTC
2024/02/28 15:10:43 TXNTIME: 2017-07-21 17:32:28.001 +0000 UTC
2024/02/28 15:10:43 SOURCEID: GB98MIDL07009312345678
2024/02/28 15:10:43 DESTID: GB98MIDL07009312345656
2024/02/28 15:10:43 SOURCEBANKID: DEUTDEFF
2024/02/28 15:10:43 SOURCEBANKNAME: Barclays
2024/02/28 15:10:43 DESTBANKID: DEUTDEFF
2024/02/28 15:10:43 DESTBANKNAME: Lloyds
2024/02/28 15:10:43 VALUE: 56143
2024/02/28 15:10:43 REMITINFO: rent 10 Main St
2024/02/28 15:10:43 GENERATION: 12
2024/02/28 15:10:43 CURRENCY: PHP
2024/02/28 15:10:43 SERVICE: FPS
2024/02/28 15:10:43 DWELLTIME: 3 years 6 mons 4 days 12:30:05
2024/02/28 15:10:43 TRACETYPE: NONE
2024/02/28 15:10:43 MULESCORE: 0.87
2024/02/28 15:10:43 PARENTALERTID: e99a18c428cb38d5f260853678922e34
2024/02/28 15:10:43 MOSTRECENTFEEDBACK: WEW
2024/02/28 15:10:43 DECISIONDATE: 2020-01-01 17:32:28.001 +0000 UTC
2024/02/28 15:10:43 =========================================================================================
2024/02/28 15:11:21 
2024/02/28 15:11:21                - - - -  Alert-Transaction - - - -   
2024/02/28 15:11:21 Unique-ID: d34e8eb275cb29724d13bc6543557cec
2024/02/28 15:11:21 ID: e99a18c428cb38d5f260853678922e03
2024/02/28 15:11:21 RESPONSE:  Success  
2024/02/28 15:11:21 COUNT: 4
2024/02/28 15:11:21 TXNID: 2b588f38-d1bc-40bf-85fc-91397bc98465
2024/02/28 15:11:21 NETWORKALERTID: e99a18c428cb38d5f260853678922e03
2024/02/28 15:11:21 NETWORKID: 2b588f38-d1bc-40bf-85fc-91397bc98465
2024/02/28 15:11:21 TIME: 2017-07-21 17:32:28.001 +0000 UTC
2024/02/28 15:11:21 TXNTIME: 2017-07-21 17:32:28.001 +0000 UTC
2024/02/28 15:11:21 SOURCEID: GB98MIDL07009312345678
2024/02/28 15:11:21 DESTID: GB98MIDL07009312345678
2024/02/28 15:11:21 SOURCEBANKID: DEUTDEFF
2024/02/28 15:11:21 SOURCEBANKNAME: Barclays
2024/02/28 15:11:21 DESTBANKID: DEUTDEFF
2024/02/28 15:11:21 DESTBANKNAME: Lloyds
2024/02/28 15:11:21 VALUE: 10034
2024/02/28 15:11:21 REMITINFO: rent 10 Main St
2024/02/28 15:11:21 GENERATION: 4
2024/02/28 15:11:21 CURRENCY: GBP
2024/02/28 15:11:21 SERVICE: FPS
2024/02/28 15:11:21 DWELLTIME: 3 years 6 mons 4 days 12:30:05
2024/02/28 15:11:21 TRACETYPE: FRAUD
2024/02/28 15:11:21 MULESCORE: 0.87
2024/02/28 15:11:21 PARENTALERTID: e99a18c428cb38d5f260853678922e03
2024/02/28 15:11:21 MOSTRECENTFEEDBACK: ACTIONED_MULE
2024/02/28 15:11:21 DECISIONDATE: 2017-07-21 17:32:28.001 +0000 UTC
2024/02/28 15:11:21 =========================================================================================
2024/02/28 15:11:36 
2024/02/28 15:11:36                - - - -  Alert-Transaction - - - -   
2024/02/28 15:11:36 Unique-ID: 798dfb2ed85e561fb9bdbcb7f192d4c3
2024/02/28 15:11:36 ID: e99a18c428cb38d5f260853678922e03
2024/02/28 15:11:36 RESPONSE:  Success  
2024/02/28 15:11:36 COUNT: 4
2024/02/28 15:11:36 TXNID: 2b588f38-d1bc-40bf-85fc-91397bc98465
2024/02/28 15:11:36 NETWORKALERTID: e99a18c428cb38d5f260853678922e03
2024/02/28 15:11:36 NETWORKID: 2b588f38-d1bc-40bf-85fc-91397bc98465
2024/02/28 15:11:36 TIME: 2017-07-21 17:32:28.001 +0000 UTC
2024/02/28 15:11:36 TXNTIME: 2017-07-21 17:32:28.001 +0000 UTC
2024/02/28 15:11:36 SOURCEID: GB98MIDL07009312345678
2024/02/28 15:11:36 DESTID: GB98MIDL07009312345678
2024/02/28 15:11:36 SOURCEBANKID: DEUTDEFF
2024/02/28 15:11:36 SOURCEBANKNAME: Barclays
2024/02/28 15:11:36 DESTBANKID: DEUTDEFF
2024/02/28 15:11:36 DESTBANKNAME: Lloyds
2024/02/28 15:11:36 VALUE: 10034
2024/02/28 15:11:36 REMITINFO: rent 10 Main St
2024/02/28 15:11:36 GENERATION: 4
2024/02/28 15:11:36 CURRENCY: GBP
2024/02/28 15:11:36 SERVICE: FPS
2024/02/28 15:11:36 DWELLTIME: 3 years 6 mons 4 days 12:30:05
2024/02/28 15:11:36 TRACETYPE: FRAUD
2024/02/28 15:11:36 MULESCORE: 0.87
2024/02/28 15:11:36 PARENTALERTID: e99a18c428cb38d5f260853678922e03
2024/02/28 15:11:36 MOSTRECENTFEEDBACK: ACTIONED_MULE
2024/02/28 15:11:36 DECISIONDATE: 2017-07-21 17:32:28.001 +0000 UTC
2024/02/28 15:11:36 =========================================================================================
2024/02/28 15:48:43 
2024/02/28 15:48:43                - - - -  Alert-Transaction - - - -   
2024/02/28 15:48:43 Unique-ID: 6ed0235c4bb830fde75f0ea8597dccf3
2024/02/28 15:48:43 ID: e99a18c428cb38d5f260853678922e03
2024/02/28 15:48:43 RESPONSE:  Success  
2024/02/28 15:48:43 COUNT: 4
2024/02/28 15:48:43 TXNID: 2b588f38-d1bc-40bf-85fc-91397bc98465
2024/02/28 15:48:43 NETWORKALERTID: e99a18c428cb38d5f260853678922e03
2024/02/28 15:48:43 NETWORKID: 2b588f38-d1bc-40bf-85fc-91397bc98465
2024/02/28 15:48:43 TIME: 2017-07-21 17:32:28.001 +0000 UTC
2024/02/28 15:48:43 TXNTIME: 2017-07-21 17:32:28.001 +0000 UTC
2024/02/28 15:48:43 SOURCEID: GB98MIDL07009312345678
2024/02/28 15:48:43 DESTID: GB98MIDL07009312345678
2024/02/28 15:48:43 SOURCEBANKID: DEUTDEFF
2024/02/28 15:48:43 SOURCEBANKNAME: Barclays
2024/02/28 15:48:43 DESTBANKID: DEUTDEFF
2024/02/28 15:48:43 DESTBANKNAME: Lloyds
2024/02/28 15:48:43 VALUE: 10034
2024/02/28 15:48:43 REMITINFO: rent 10 Main St
2024/02/28 15:48:43 GENERATION: 4
2024/02/28 15:48:43 CURRENCY: GBP
2024/02/28 15:48:43 SERVICE: FPS
2024/02/28 15:48:43 DWELLTIME: 3 years 6 mons 4 days 12:30:05
2024/02/28 15:48:43 TRACETYPE: FRAUD
2024/02/28 15:48:43 MULESCORE: 0.87
2024/02/28 15:48:43 PARENTALERTID: e99a18c428cb38d5f260853678922e03
2024/02/28 15:48:43 MOSTRECENTFEEDBACK: ACTIONED_MULE
2024/02/28 15:48:43 DECISIONDATE: 2017-07-21 17:32:28.001 +0000 UTC
2024/02/28 15:48:43 =========================================================================================
2024/02/28 15:51:55 
2024/02/28 15:51:55                - - - -  Alert-Transaction - - - -   
2024/02/28 15:51:55 Unique-ID: c1933cdd7f819be3e30239aec0086c31
2024/02/28 15:51:55 ID: e99a18c428cb38d5f260853678922e03
2024/02/28 15:51:55 RESPONSE:  Success  
2024/02/28 15:51:55 COUNT: 4
2024/02/28 15:51:55 TXNID: 2b588f38-d1bc-40bf-85fc-91397bc98465
2024/02/28 15:51:55 NETWORKALERTID: e99a18c428cb38d5f260853678922e03
2024/02/28 15:51:55 NETWORKID: 2b588f38-d1bc-40bf-85fc-91397bc98465
2024/02/28 15:51:55 TIME: 2017-07-21 17:32:28.001 +0000 UTC
2024/02/28 15:51:55 TXNTIME: 2017-07-21 17:32:28.001 +0000 UTC
2024/02/28 15:51:55 SOURCEID: GB98MIDL07009312345678
2024/02/28 15:51:55 DESTID: GB98MIDL07009312345678
2024/02/28 15:51:55 SOURCEBANKID: DEUTDEFF
2024/02/28 15:51:55 SOURCEBANKNAME: Barclays
2024/02/28 15:51:55 DESTBANKID: DEUTDEFF
2024/02/28 15:51:55 DESTBANKNAME: Lloyds
2024/02/28 15:51:55 VALUE: 10034
2024/02/28 15:51:55 REMITINFO: rent 10 Main St
2024/02/28 15:51:55 GENERATION: 4
2024/02/28 15:51:55 CURRENCY: GBP
2024/02/28 15:51:55 SERVICE: FPS
2024/02/28 15:51:55 DWELLTIME: 3 years 6 mons 4 days 12:30:05
2024/02/28 15:51:55 TRACETYPE: FRAUD
2024/02/28 15:51:55 MULESCORE: 0.87
2024/02/28 15:51:55 PARENTALERTID: e99a18c428cb38d5f260853678922e03
2024/02/28 15:51:55 MOSTRECENTFEEDBACK: ACTIONED_MULE
2024/02/28 15:51:55 DECISIONDATE: 2017-07-21 17:32:28.001 +0000 UTC
2024/02/28 15:51:55 =========================================================================================
2024/02/28 15:54:27 
2024/02/28 15:54:27                - - - -  Alert-Transaction - - - -   
2024/02/28 15:54:27 Unique-ID: e0eebd5777ea14868e4bd999db167b59
2024/02/28 15:54:27 ID: e99a18c428cb38d5f260853678922e03
2024/02/28 15:54:27 RESPONSE:  Success  
2024/02/28 15:54:27 COUNT: 4
2024/02/28 15:54:27 TXNID: 2b588f38-d1bc-40bf-85fc-91397bc98465
2024/02/28 15:54:27 NETWORKALERTID: e99a18c428cb38d5f260853678922e03
2024/02/28 15:54:27 NETWORKID: 2b588f38-d1bc-40bf-85fc-91397bc98465
2024/02/28 15:54:27 TIME: 2017-07-21 17:32:28.001 +0000 UTC
2024/02/28 15:54:27 TXNTIME: 2017-07-21 17:32:28.001 +0000 UTC
2024/02/28 15:54:27 SOURCEID: GB98MIDL07009312345678
2024/02/28 15:54:27 DESTID: GB98MIDL07009312345678
2024/02/28 15:54:27 SOURCEBANKID: DEUTDEFF
2024/02/28 15:54:27 SOURCEBANKNAME: Barclays
2024/02/28 15:54:27 DESTBANKID: DEUTDEFF
2024/02/28 15:54:27 DESTBANKNAME: Lloyds
2024/02/28 15:54:27 VALUE: 10034
2024/02/28 15:54:27 REMITINFO: rent 10 Main St
2024/02/28 15:54:27 GENERATION: 4
2024/02/28 15:54:27 CURRENCY: GBP
2024/02/28 15:54:27 SERVICE: FPS
2024/02/28 15:54:27 DWELLTIME: 3 years 6 mons 4 days 12:30:05
2024/02/28 15:54:27 TRACETYPE: FRAUD
2024/02/28 15:54:27 MULESCORE: 0.87
2024/02/28 15:54:27 PARENTALERTID: e99a18c428cb38d5f260853678922e03
2024/02/28 15:54:27 MOSTRECENTFEEDBACK: ACTIONED_MULE
2024/02/28 15:54:27 DECISIONDATE: 2017-07-21 17:32:28.001 +0000 UTC
2024/02/28 15:54:27 =========================================================================================
2024/02/28 15:54:43 
2024/02/28 15:54:43                - - - -  Alert-Transaction - - - -   
2024/02/28 15:54:43 Unique-ID: dce8f40e36298362453390703773a5dd
2024/02/28 15:54:43 ID: e99a18c428cb38d5f260853678922e03
2024/02/28 15:54:43 RESPONSE:  Success  
2024/02/28 15:54:43 COUNT: 4
2024/02/28 15:54:43 TXNID: 2b588f38-d1bc-40bf-85fc-91397bc98465
2024/02/28 15:54:43 NETWORKALERTID: e99a18c428cb38d5f260853678922e03
2024/02/28 15:54:43 NETWORKID: 2b588f38-d1bc-40bf-85fc-91397bc98465
2024/02/28 15:54:43 TIME: 2017-07-21 17:32:28.001 +0000 UTC
2024/02/28 15:54:43 TXNTIME: 2017-07-21 17:32:28.001 +0000 UTC
2024/02/28 15:54:43 SOURCEID: GB98MIDL07009312345678
2024/02/28 15:54:43 DESTID: GB98MIDL07009312345678
2024/02/28 15:54:43 SOURCEBANKID: DEUTDEFF
2024/02/28 15:54:43 SOURCEBANKNAME: Barclays
2024/02/28 15:54:43 DESTBANKID: DEUTDEFF
2024/02/28 15:54:43 DESTBANKNAME: Lloyds
2024/02/28 15:54:43 VALUE: 10034
2024/02/28 15:54:43 REMITINFO: rent 10 Main St
2024/02/28 15:54:43 GENERATION: 4
2024/02/28 15:54:43 CURRENCY: GBP
2024/02/28 15:54:43 SERVICE: FPS
2024/02/28 15:54:43 DWELLTIME: 3 years 6 mons 4 days 12:30:05
2024/02/28 15:54:43 TRACETYPE: FRAUD
2024/02/28 15:54:43 MULESCORE: 0.87
2024/02/28 15:54:43 PARENTALERTID: e99a18c428cb38d5f260853678922e03
2024/02/28 15:54:43 MOSTRECENTFEEDBACK: ACTIONED_MULE
2024/02/28 15:54:43 DECISIONDATE: 2017-07-21 17:32:28.001 +0000 UTC
2024/02/28 15:54:43 =========================================================================================
2024/02/28 15:54:44 
2024/02/28 15:54:44                - - - -  Alert-Transaction - - - -   
2024/02/28 15:54:44 Unique-ID: 160b5619d4315e75425f1f601d2367a9
2024/02/28 15:54:44 ID: e99a18c428cb38d5f260853678922e03
2024/02/28 15:54:44 RESPONSE:  Success  
2024/02/28 15:54:44 COUNT: 4
2024/02/28 15:54:44 TXNID: 2b588f38-d1bc-40bf-85fc-91397bc98465
2024/02/28 15:54:44 NETWORKALERTID: e99a18c428cb38d5f260853678922e03
2024/02/28 15:54:44 NETWORKID: 2b588f38-d1bc-40bf-85fc-91397bc98465
2024/02/28 15:54:44 TIME: 2017-07-21 17:32:28.001 +0000 UTC
2024/02/28 15:54:44 TXNTIME: 2017-07-21 17:32:28.001 +0000 UTC
2024/02/28 15:54:44 SOURCEID: GB98MIDL07009312345678
2024/02/28 15:54:44 DESTID: GB98MIDL07009312345678
2024/02/28 15:54:44 SOURCEBANKID: DEUTDEFF
2024/02/28 15:54:44 SOURCEBANKNAME: Barclays
2024/02/28 15:54:44 DESTBANKID: DEUTDEFF
2024/02/28 15:54:44 DESTBANKNAME: Lloyds
2024/02/28 15:54:44 VALUE: 10034
2024/02/28 15:54:44 REMITINFO: rent 10 Main St
2024/02/28 15:54:44 GENERATION: 4
2024/02/28 15:54:44 CURRENCY: GBP
2024/02/28 15:54:44 SERVICE: FPS
2024/02/28 15:54:44 DWELLTIME: 3 years 6 mons 4 days 12:30:05
2024/02/28 15:54:44 TRACETYPE: FRAUD
2024/02/28 15:54:44 MULESCORE: 0.87
2024/02/28 15:54:44 PARENTALERTID: e99a18c428cb38d5f260853678922e03
2024/02/28 15:54:44 MOSTRECENTFEEDBACK: ACTIONED_MULE
2024/02/28 15:54:44 DECISIONDATE: 2017-07-21 17:32:28.001 +0000 UTC
2024/02/28 15:54:44 =========================================================================================
2024/02/28 15:54:44 
2024/02/28 15:54:44                - - - -  Alert-Transaction - - - -   
2024/02/28 15:54:44 Unique-ID: 20cec2bc160e85657dae7c05d1b73274
2024/02/28 15:54:44 ID: e99a18c428cb38d5f260853678922e03
2024/02/28 15:54:44 RESPONSE:  Success  
2024/02/28 15:54:44 COUNT: 4
2024/02/28 15:54:44 TXNID: 2b588f38-d1bc-40bf-85fc-91397bc98465
2024/02/28 15:54:44 NETWORKALERTID: e99a18c428cb38d5f260853678922e03
2024/02/28 15:54:44 NETWORKID: 2b588f38-d1bc-40bf-85fc-91397bc98465
2024/02/28 15:54:44 TIME: 2017-07-21 17:32:28.001 +0000 UTC
2024/02/28 15:54:44 TXNTIME: 2017-07-21 17:32:28.001 +0000 UTC
2024/02/28 15:54:44 SOURCEID: GB98MIDL07009312345678
2024/02/28 15:54:44 DESTID: GB98MIDL07009312345678
2024/02/28 15:54:44 SOURCEBANKID: DEUTDEFF
2024/02/28 15:54:44 SOURCEBANKNAME: Barclays
2024/02/28 15:54:44 DESTBANKID: DEUTDEFF
2024/02/28 15:54:44 DESTBANKNAME: Lloyds
2024/02/28 15:54:44 VALUE: 10034
2024/02/28 15:54:44 REMITINFO: rent 10 Main St
2024/02/28 15:54:44 GENERATION: 4
2024/02/28 15:54:44 CURRENCY: GBP
2024/02/28 15:54:44 SERVICE: FPS
2024/02/28 15:54:44 DWELLTIME: 3 years 6 mons 4 days 12:30:05
2024/02/28 15:54:44 TRACETYPE: FRAUD
2024/02/28 15:54:44 MULESCORE: 0.87
2024/02/28 15:54:44 PARENTALERTID: e99a18c428cb38d5f260853678922e03
2024/02/28 15:54:44 MOSTRECENTFEEDBACK: ACTIONED_MULE
2024/02/28 15:54:44 DECISIONDATE: 2017-07-21 17:32:28.001 +0000 UTC
2024/02/28 15:54:44 =========================================================================================
2024/02/28 15:54:45 
2024/02/28 15:54:45                - - - -  Alert-Transaction - - - -   
2024/02/28 15:54:45 Unique-ID: 32d95fb04d2c5cc6c10ec5d56a5f1bd3
2024/02/28 15:54:45 ID: e99a18c428cb38d5f260853678922e03
2024/02/28 15:54:45 RESPONSE:  Success  
2024/02/28 15:54:45 COUNT: 4
2024/02/28 15:54:45 TXNID: 2b588f38-d1bc-40bf-85fc-91397bc98465
2024/02/28 15:54:45 NETWORKALERTID: e99a18c428cb38d5f260853678922e03
2024/02/28 15:54:45 NETWORKID: 2b588f38-d1bc-40bf-85fc-91397bc98465
2024/02/28 15:54:45 TIME: 2017-07-21 17:32:28.001 +0000 UTC
2024/02/28 15:54:45 TXNTIME: 2017-07-21 17:32:28.001 +0000 UTC
2024/02/28 15:54:45 SOURCEID: GB98MIDL07009312345678
2024/02/28 15:54:45 DESTID: GB98MIDL07009312345678
2024/02/28 15:54:45 SOURCEBANKID: DEUTDEFF
2024/02/28 15:54:45 SOURCEBANKNAME: Barclays
2024/02/28 15:54:45 DESTBANKID: DEUTDEFF
2024/02/28 15:54:45 DESTBANKNAME: Lloyds
2024/02/28 15:54:45 VALUE: 10034
2024/02/28 15:54:45 REMITINFO: rent 10 Main St
2024/02/28 15:54:45 GENERATION: 4
2024/02/28 15:54:45 CURRENCY: GBP
2024/02/28 15:54:45 SERVICE: FPS
2024/02/28 15:54:45 DWELLTIME: 3 years 6 mons 4 days 12:30:05
2024/02/28 15:54:45 TRACETYPE: FRAUD
2024/02/28 15:54:45 MULESCORE: 0.87
2024/02/28 15:54:45 PARENTALERTID: e99a18c428cb38d5f260853678922e03
2024/02/28 15:54:45 MOSTRECENTFEEDBACK: ACTIONED_MULE
2024/02/28 15:54:45 DECISIONDATE: 2017-07-21 17:32:28.001 +0000 UTC
2024/02/28 15:54:45 =========================================================================================
2024/02/28 15:54:46 
2024/02/28 15:54:46                - - - -  Alert-Transaction - - - -   
2024/02/28 15:54:46 Unique-ID: 719d955509dc2bad1ea1aab3d1eca2ac
2024/02/28 15:54:46 ID: e99a18c428cb38d5f260853678922e03
2024/02/28 15:54:46 RESPONSE:  Success  
2024/02/28 15:54:46 COUNT: 4
2024/02/28 15:54:46 TXNID: 2b588f38-d1bc-40bf-85fc-91397bc98465
2024/02/28 15:54:46 NETWORKALERTID: e99a18c428cb38d5f260853678922e03
2024/02/28 15:54:46 NETWORKID: 2b588f38-d1bc-40bf-85fc-91397bc98465
2024/02/28 15:54:46 TIME: 2017-07-21 17:32:28.001 +0000 UTC
2024/02/28 15:54:46 TXNTIME: 2017-07-21 17:32:28.001 +0000 UTC
2024/02/28 15:54:46 SOURCEID: GB98MIDL07009312345678
2024/02/28 15:54:46 DESTID: GB98MIDL07009312345678
2024/02/28 15:54:46 SOURCEBANKID: DEUTDEFF
2024/02/28 15:54:46 SOURCEBANKNAME: Barclays
2024/02/28 15:54:46 DESTBANKID: DEUTDEFF
2024/02/28 15:54:46 DESTBANKNAME: Lloyds
2024/02/28 15:54:46 VALUE: 10034
2024/02/28 15:54:46 REMITINFO: rent 10 Main St
2024/02/28 15:54:46 GENERATION: 4
2024/02/28 15:54:46 CURRENCY: GBP
2024/02/28 15:54:46 SERVICE: FPS
2024/02/28 15:54:46 DWELLTIME: 3 years 6 mons 4 days 12:30:05
2024/02/28 15:54:46 TRACETYPE: FRAUD
2024/02/28 15:54:46 MULESCORE: 0.87
2024/02/28 15:54:46 PARENTALERTID: e99a18c428cb38d5f260853678922e03
2024/02/28 15:54:46 MOSTRECENTFEEDBACK: ACTIONED_MULE
2024/02/28 15:54:46 DECISIONDATE: 2017-07-21 17:32:28.001 +0000 UTC
2024/02/28 15:54:46 =========================================================================================
2024/02/28 15:54:46 
2024/02/28 15:54:46                - - - -  Alert-Transaction - - - -   
2024/02/28 15:54:46 Unique-ID: 64155800d3f31306993d9872be4e5b98
2024/02/28 15:54:46 ID: e99a18c428cb38d5f260853678922e03
2024/02/28 15:54:46 RESPONSE:  Success  
2024/02/28 15:54:46 COUNT: 4
2024/02/28 15:54:46 TXNID: 2b588f38-d1bc-40bf-85fc-91397bc98465
2024/02/28 15:54:46 NETWORKALERTID: e99a18c428cb38d5f260853678922e03
2024/02/28 15:54:46 NETWORKID: 2b588f38-d1bc-40bf-85fc-91397bc98465
2024/02/28 15:54:46 TIME: 2017-07-21 17:32:28.001 +0000 UTC
2024/02/28 15:54:46 TXNTIME: 2017-07-21 17:32:28.001 +0000 UTC
2024/02/28 15:54:46 SOURCEID: GB98MIDL07009312345678
2024/02/28 15:54:46 DESTID: GB98MIDL07009312345678
2024/02/28 15:54:46 SOURCEBANKID: DEUTDEFF
2024/02/28 15:54:46 SOURCEBANKNAME: Barclays
2024/02/28 15:54:46 DESTBANKID: DEUTDEFF
2024/02/28 15:54:46 DESTBANKNAME: Lloyds
2024/02/28 15:54:46 VALUE: 10034
2024/02/28 15:54:46 REMITINFO: rent 10 Main St
2024/02/28 15:54:46 GENERATION: 4
2024/02/28 15:54:46 CURRENCY: GBP
2024/02/28 15:54:46 SERVICE: FPS
2024/02/28 15:54:46 DWELLTIME: 3 years 6 mons 4 days 12:30:05
2024/02/28 15:54:46 TRACETYPE: FRAUD
2024/02/28 15:54:46 MULESCORE: 0.87
2024/02/28 15:54:46 PARENTALERTID: e99a18c428cb38d5f260853678922e03
2024/02/28 15:54:46 MOSTRECENTFEEDBACK: ACTIONED_MULE
2024/02/28 15:54:46 DECISIONDATE: 2017-07-21 17:32:28.001 +0000 UTC
2024/02/28 15:54:46 =========================================================================================
2024/02/28 15:54:47 
2024/02/28 15:54:47                - - - -  Alert-Transaction - - - -   
2024/02/28 15:54:47 Unique-ID: 728aa81b5f59b5bdcb8c51ab4d0e352d
2024/02/28 15:54:47 ID: e99a18c428cb38d5f260853678922e03
2024/02/28 15:54:47 RESPONSE:  Success  
2024/02/28 15:54:47 COUNT: 4
2024/02/28 15:54:47 TXNID: 2b588f38-d1bc-40bf-85fc-91397bc98465
2024/02/28 15:54:47 NETWORKALERTID: e99a18c428cb38d5f260853678922e03
2024/02/28 15:54:47 NETWORKID: 2b588f38-d1bc-40bf-85fc-91397bc98465
2024/02/28 15:54:47 TIME: 2017-07-21 17:32:28.001 +0000 UTC
2024/02/28 15:54:47 TXNTIME: 2017-07-21 17:32:28.001 +0000 UTC
2024/02/28 15:54:47 SOURCEID: GB98MIDL07009312345678
2024/02/28 15:54:47 DESTID: GB98MIDL07009312345678
2024/02/28 15:54:47 SOURCEBANKID: DEUTDEFF
2024/02/28 15:54:47 SOURCEBANKNAME: Barclays
2024/02/28 15:54:47 DESTBANKID: DEUTDEFF
2024/02/28 15:54:47 DESTBANKNAME: Lloyds
2024/02/28 15:54:47 VALUE: 10034
2024/02/28 15:54:47 REMITINFO: rent 10 Main St
2024/02/28 15:54:47 GENERATION: 4
2024/02/28 15:54:47 CURRENCY: GBP
2024/02/28 15:54:47 SERVICE: FPS
2024/02/28 15:54:47 DWELLTIME: 3 years 6 mons 4 days 12:30:05
2024/02/28 15:54:47 TRACETYPE: FRAUD
2024/02/28 15:54:47 MULESCORE: 0.87
2024/02/28 15:54:47 PARENTALERTID: e99a18c428cb38d5f260853678922e03
2024/02/28 15:54:47 MOSTRECENTFEEDBACK: ACTIONED_MULE
2024/02/28 15:54:47 DECISIONDATE: 2017-07-21 17:32:28.001 +0000 UTC
2024/02/28 15:54:47 =========================================================================================
2024/02/28 15:54:47 
2024/02/28 15:54:47                - - - -  Alert-Transaction - - - -   
2024/02/28 15:54:47 Unique-ID: 4af167a9e499dfaa8a3873449b596149
2024/02/28 15:54:47 ID: e99a18c428cb38d5f260853678922e03
2024/02/28 15:54:47 RESPONSE:  Success  
2024/02/28 15:54:47 COUNT: 4
2024/02/28 15:54:47 TXNID: 2b588f38-d1bc-40bf-85fc-91397bc98465
2024/02/28 15:54:47 NETWORKALERTID: e99a18c428cb38d5f260853678922e03
2024/02/28 15:54:47 NETWORKID: 2b588f38-d1bc-40bf-85fc-91397bc98465
2024/02/28 15:54:47 TIME: 2017-07-21 17:32:28.001 +0000 UTC
2024/02/28 15:54:47 TXNTIME: 2017-07-21 17:32:28.001 +0000 UTC
2024/02/28 15:54:47 SOURCEID: GB98MIDL07009312345678
2024/02/28 15:54:47 DESTID: GB98MIDL07009312345678
2024/02/28 15:54:47 SOURCEBANKID: DEUTDEFF
2024/02/28 15:54:47 SOURCEBANKNAME: Barclays
2024/02/28 15:54:47 DESTBANKID: DEUTDEFF
2024/02/28 15:54:47 DESTBANKNAME: Lloyds
2024/02/28 15:54:47 VALUE: 10034
2024/02/28 15:54:47 REMITINFO: rent 10 Main St
2024/02/28 15:54:47 GENERATION: 4
2024/02/28 15:54:47 CURRENCY: GBP
2024/02/28 15:54:47 SERVICE: FPS
2024/02/28 15:54:47 DWELLTIME: 3 years 6 mons 4 days 12:30:05
2024/02/28 15:54:47 TRACETYPE: FRAUD
2024/02/28 15:54:47 MULESCORE: 0.87
2024/02/28 15:54:47 PARENTALERTID: e99a18c428cb38d5f260853678922e03
2024/02/28 15:54:47 MOSTRECENTFEEDBACK: ACTIONED_MULE
2024/02/28 15:54:47 DECISIONDATE: 2017-07-21 17:32:28.001 +0000 UTC
2024/02/28 15:54:47 =========================================================================================
2024/02/28 15:57:45 
2024/02/28 15:57:45                - - - -  Alert-Transaction - - - -   
2024/02/28 15:57:45 Unique-ID: 24d1ed510970b33c5a513047462e4e51
2024/02/28 15:57:45 ID: e99a18c428cb38d5f260853678922e03
2024/02/28 15:57:45 RESPONSE:  Success  
2024/02/28 15:57:45 COUNT: 4
2024/02/28 15:57:45 TXNID: 2b588f38-d1bc-40bf-85fc-91397bc98465
2024/02/28 15:57:45 NETWORKALERTID: e99a18c428cb38d5f260853678922e03
2024/02/28 15:57:45 NETWORKID: 2b588f38-d1bc-40bf-85fc-91397bc98465
2024/02/28 15:57:45 TIME: 2017-07-21 17:32:28.001 +0000 UTC
2024/02/28 15:57:45 TXNTIME: 2017-07-21 17:32:28.001 +0000 UTC
2024/02/28 15:57:45 SOURCEID: GB98MIDL07009312345678
2024/02/28 15:57:45 DESTID: GB98MIDL07009312345678
2024/02/28 15:57:45 SOURCEBANKID: DEUTDEFF
2024/02/28 15:57:45 SOURCEBANKNAME: Barclays
2024/02/28 15:57:45 DESTBANKID: DEUTDEFF
2024/02/28 15:57:45 DESTBANKNAME: Lloyds
2024/02/28 15:57:45 VALUE: 10034
2024/02/28 15:57:45 REMITINFO: rent 10 Main St
2024/02/28 15:57:45 GENERATION: 4
2024/02/28 15:57:45 CURRENCY: GBP
2024/02/28 15:57:45 SERVICE: FPS
2024/02/28 15:57:45 DWELLTIME: 3 years 6 mons 4 days 12:30:05
2024/02/28 15:57:45 TRACETYPE: FRAUD
2024/02/28 15:57:45 MULESCORE: 0.87
2024/02/28 15:57:45 PARENTALERTID: e99a18c428cb38d5f260853678922e03
2024/02/28 15:57:45 MOSTRECENTFEEDBACK: ACTIONED_MULE
2024/02/28 15:57:45 DECISIONDATE: 2017-07-21 17:32:28.001 +0000 UTC
2024/02/28 15:57:45 =========================================================================================
2024/02/28 15:57:46 
2024/02/28 15:57:46                - - - -  Alert-Transaction - - - -   
2024/02/28 15:57:46 Unique-ID: 542e40700744244c3c433933fd268d94
2024/02/28 15:57:46 ID: e99a18c428cb38d5f260853678922e03
2024/02/28 15:57:46 RESPONSE:  Success  
2024/02/28 15:57:46 COUNT: 4
2024/02/28 15:57:46 TXNID: 2b588f38-d1bc-40bf-85fc-91397bc98465
2024/02/28 15:57:46 NETWORKALERTID: e99a18c428cb38d5f260853678922e03
2024/02/28 15:57:46 NETWORKID: 2b588f38-d1bc-40bf-85fc-91397bc98465
2024/02/28 15:57:46 TIME: 2017-07-21 17:32:28.001 +0000 UTC
2024/02/28 15:57:46 TXNTIME: 2017-07-21 17:32:28.001 +0000 UTC
2024/02/28 15:57:46 SOURCEID: GB98MIDL07009312345678
2024/02/28 15:57:46 DESTID: GB98MIDL07009312345678
2024/02/28 15:57:46 SOURCEBANKID: DEUTDEFF
2024/02/28 15:57:46 SOURCEBANKNAME: Barclays
2024/02/28 15:57:46 DESTBANKID: DEUTDEFF
2024/02/28 15:57:46 DESTBANKNAME: Lloyds
2024/02/28 15:57:46 VALUE: 10034
2024/02/28 15:57:46 REMITINFO: rent 10 Main St
2024/02/28 15:57:46 GENERATION: 4
2024/02/28 15:57:46 CURRENCY: GBP
2024/02/28 15:57:46 SERVICE: FPS
2024/02/28 15:57:46 DWELLTIME: 3 years 6 mons 4 days 12:30:05
2024/02/28 15:57:46 TRACETYPE: FRAUD
2024/02/28 15:57:46 MULESCORE: 0.87
2024/02/28 15:57:46 PARENTALERTID: e99a18c428cb38d5f260853678922e03
2024/02/28 15:57:46 MOSTRECENTFEEDBACK: ACTIONED_MULE
2024/02/28 15:57:46 DECISIONDATE: 2017-07-21 17:32:28.001 +0000 UTC
2024/02/28 15:57:46 =========================================================================================
2024/02/28 15:57:46 
2024/02/28 15:57:46                - - - -  Alert-Transaction - - - -   
2024/02/28 15:57:46 Unique-ID: 9f49a1c39e3e6d3de73ca553725bd6f0
2024/02/28 15:57:46 ID: e99a18c428cb38d5f260853678922e03
2024/02/28 15:57:46 RESPONSE:  Success  
2024/02/28 15:57:46 COUNT: 4
2024/02/28 15:57:46 TXNID: 2b588f38-d1bc-40bf-85fc-91397bc98465
2024/02/28 15:57:46 NETWORKALERTID: e99a18c428cb38d5f260853678922e03
2024/02/28 15:57:46 NETWORKID: 2b588f38-d1bc-40bf-85fc-91397bc98465
2024/02/28 15:57:46 TIME: 2017-07-21 17:32:28.001 +0000 UTC
2024/02/28 15:57:46 TXNTIME: 2017-07-21 17:32:28.001 +0000 UTC
2024/02/28 15:57:46 SOURCEID: GB98MIDL07009312345678
2024/02/28 15:57:46 DESTID: GB98MIDL07009312345678
2024/02/28 15:57:46 SOURCEBANKID: DEUTDEFF
2024/02/28 15:57:46 SOURCEBANKNAME: Barclays
2024/02/28 15:57:46 DESTBANKID: DEUTDEFF
2024/02/28 15:57:46 DESTBANKNAME: Lloyds
2024/02/28 15:57:46 VALUE: 10034
2024/02/28 15:57:46 REMITINFO: rent 10 Main St
2024/02/28 15:57:46 GENERATION: 4
2024/02/28 15:57:46 CURRENCY: GBP
2024/02/28 15:57:46 SERVICE: FPS
2024/02/28 15:57:46 DWELLTIME: 3 years 6 mons 4 days 12:30:05
2024/02/28 15:57:46 TRACETYPE: FRAUD
2024/02/28 15:57:46 MULESCORE: 0.87
2024/02/28 15:57:46 PARENTALERTID: e99a18c428cb38d5f260853678922e03
2024/02/28 15:57:46 MOSTRECENTFEEDBACK: ACTIONED_MULE
2024/02/28 15:57:46 DECISIONDATE: 2017-07-21 17:32:28.001 +0000 UTC
2024/02/28 15:57:46 =========================================================================================
2024/02/28 15:57:47 
2024/02/28 15:57:47                - - - -  Alert-Transaction - - - -   
2024/02/28 15:57:47 Unique-ID: ba5f55999d1e459fd6f69fe4fe6db834
2024/02/28 15:57:47 ID: e99a18c428cb38d5f260853678922e03
2024/02/28 15:57:47 RESPONSE:  Success  
2024/02/28 15:57:47 COUNT: 4
2024/02/28 15:57:47 TXNID: 2b588f38-d1bc-40bf-85fc-91397bc98465
2024/02/28 15:57:47 NETWORKALERTID: e99a18c428cb38d5f260853678922e03
2024/02/28 15:57:47 NETWORKID: 2b588f38-d1bc-40bf-85fc-91397bc98465
2024/02/28 15:57:47 TIME: 2017-07-21 17:32:28.001 +0000 UTC
2024/02/28 15:57:47 TXNTIME: 2017-07-21 17:32:28.001 +0000 UTC
2024/02/28 15:57:47 SOURCEID: GB98MIDL07009312345678
2024/02/28 15:57:47 DESTID: GB98MIDL07009312345678
2024/02/28 15:57:47 SOURCEBANKID: DEUTDEFF
2024/02/28 15:57:47 SOURCEBANKNAME: Barclays
2024/02/28 15:57:47 DESTBANKID: DEUTDEFF
2024/02/28 15:57:47 DESTBANKNAME: Lloyds
2024/02/28 15:57:47 VALUE: 10034
2024/02/28 15:57:47 REMITINFO: rent 10 Main St
2024/02/28 15:57:47 GENERATION: 4
2024/02/28 15:57:47 CURRENCY: GBP
2024/02/28 15:57:47 SERVICE: FPS
2024/02/28 15:57:47 DWELLTIME: 3 years 6 mons 4 days 12:30:05
2024/02/28 15:57:47 TRACETYPE: FRAUD
2024/02/28 15:57:47 MULESCORE: 0.87
2024/02/28 15:57:47 PARENTALERTID: e99a18c428cb38d5f260853678922e03
2024/02/28 15:57:47 MOSTRECENTFEEDBACK: ACTIONED_MULE
2024/02/28 15:57:47 DECISIONDATE: 2017-07-21 17:32:28.001 +0000 UTC
2024/02/28 15:57:47 =========================================================================================
2024/02/28 15:57:47 
2024/02/28 15:57:47                - - - -  Alert-Transaction - - - -   
2024/02/28 15:57:47 Unique-ID: 3a9b0cf557480efe11e854738b5aab48
2024/02/28 15:57:47 ID: e99a18c428cb38d5f260853678922e03
2024/02/28 15:57:47 RESPONSE:  Success  
2024/02/28 15:57:47 COUNT: 4
2024/02/28 15:57:47 TXNID: 2b588f38-d1bc-40bf-85fc-91397bc98465
2024/02/28 15:57:47 NETWORKALERTID: e99a18c428cb38d5f260853678922e03
2024/02/28 15:57:47 NETWORKID: 2b588f38-d1bc-40bf-85fc-91397bc98465
2024/02/28 15:57:47 TIME: 2017-07-21 17:32:28.001 +0000 UTC
2024/02/28 15:57:47 TXNTIME: 2017-07-21 17:32:28.001 +0000 UTC
2024/02/28 15:57:47 SOURCEID: GB98MIDL07009312345678
2024/02/28 15:57:47 DESTID: GB98MIDL07009312345678
2024/02/28 15:57:47 SOURCEBANKID: DEUTDEFF
2024/02/28 15:57:47 SOURCEBANKNAME: Barclays
2024/02/28 15:57:47 DESTBANKID: DEUTDEFF
2024/02/28 15:57:47 DESTBANKNAME: Lloyds
2024/02/28 15:57:47 VALUE: 10034
2024/02/28 15:57:47 REMITINFO: rent 10 Main St
2024/02/28 15:57:47 GENERATION: 4
2024/02/28 15:57:47 CURRENCY: GBP
2024/02/28 15:57:47 SERVICE: FPS
2024/02/28 15:57:47 DWELLTIME: 3 years 6 mons 4 days 12:30:05
2024/02/28 15:57:47 TRACETYPE: FRAUD
2024/02/28 15:57:47 MULESCORE: 0.87
2024/02/28 15:57:47 PARENTALERTID: e99a18c428cb38d5f260853678922e03
2024/02/28 15:57:47 MOSTRECENTFEEDBACK: ACTIONED_MULE
2024/02/28 15:57:47 DECISIONDATE: 2017-07-21 17:32:28.001 +0000 UTC
2024/02/28 15:57:47 =========================================================================================
2024/02/28 15:57:48 
2024/02/28 15:57:48                - - - -  Alert-Transaction - - - -   
2024/02/28 15:57:48 Unique-ID: c1045398dc7b46f22040f20b35ec3fc8
2024/02/28 15:57:48 ID: e99a18c428cb38d5f260853678922e03
2024/02/28 15:57:48 RESPONSE:  Success  
2024/02/28 15:57:48 COUNT: 4
2024/02/28 15:57:48 TXNID: 2b588f38-d1bc-40bf-85fc-91397bc98465
2024/02/28 15:57:48 NETWORKALERTID: e99a18c428cb38d5f260853678922e03
2024/02/28 15:57:48 NETWORKID: 2b588f38-d1bc-40bf-85fc-91397bc98465
2024/02/28 15:57:48 TIME: 2017-07-21 17:32:28.001 +0000 UTC
2024/02/28 15:57:48 TXNTIME: 2017-07-21 17:32:28.001 +0000 UTC
2024/02/28 15:57:48 SOURCEID: GB98MIDL07009312345678
2024/02/28 15:57:48 DESTID: GB98MIDL07009312345678
2024/02/28 15:57:48 SOURCEBANKID: DEUTDEFF
2024/02/28 15:57:48 SOURCEBANKNAME: Barclays
2024/02/28 15:57:48 DESTBANKID: DEUTDEFF
2024/02/28 15:57:48 DESTBANKNAME: Lloyds
2024/02/28 15:57:48 VALUE: 10034
2024/02/28 15:57:48 REMITINFO: rent 10 Main St
2024/02/28 15:57:48 GENERATION: 4
2024/02/28 15:57:48 CURRENCY: GBP
2024/02/28 15:57:48 SERVICE: FPS
2024/02/28 15:57:48 DWELLTIME: 3 years 6 mons 4 days 12:30:05
2024/02/28 15:57:48 TRACETYPE: FRAUD
2024/02/28 15:57:48 MULESCORE: 0.87
2024/02/28 15:57:48 PARENTALERTID: e99a18c428cb38d5f260853678922e03
2024/02/28 15:57:48 MOSTRECENTFEEDBACK: ACTIONED_MULE
2024/02/28 15:57:48 DECISIONDATE: 2017-07-21 17:32:28.001 +0000 UTC
2024/02/28 15:57:48 =========================================================================================
2024/02/28 15:57:48 
2024/02/28 15:57:48                - - - -  Alert-Transaction - - - -   
2024/02/28 15:57:48 Unique-ID: ec9189df288f513c465ab574623d3f6b
2024/02/28 15:57:48 ID: e99a18c428cb38d5f260853678922e03
2024/02/28 15:57:48 RESPONSE:  Success  
2024/02/28 15:57:48 COUNT: 4
2024/02/28 15:57:48 TXNID: 2b588f38-d1bc-40bf-85fc-91397bc98465
2024/02/28 15:57:48 NETWORKALERTID: e99a18c428cb38d5f260853678922e03
2024/02/28 15:57:48 NETWORKID: 2b588f38-d1bc-40bf-85fc-91397bc98465
2024/02/28 15:57:48 TIME: 2017-07-21 17:32:28.001 +0000 UTC
2024/02/28 15:57:48 TXNTIME: 2017-07-21 17:32:28.001 +0000 UTC
2024/02/28 15:57:48 SOURCEID: GB98MIDL07009312345678
2024/02/28 15:57:48 DESTID: GB98MIDL07009312345678
2024/02/28 15:57:48 SOURCEBANKID: DEUTDEFF
2024/02/28 15:57:48 SOURCEBANKNAME: Barclays
2024/02/28 15:57:48 DESTBANKID: DEUTDEFF
2024/02/28 15:57:48 DESTBANKNAME: Lloyds
2024/02/28 15:57:48 VALUE: 10034
2024/02/28 15:57:48 REMITINFO: rent 10 Main St
2024/02/28 15:57:48 GENERATION: 4
2024/02/28 15:57:48 CURRENCY: GBP
2024/02/28 15:57:48 SERVICE: FPS
2024/02/28 15:57:48 DWELLTIME: 3 years 6 mons 4 days 12:30:05
2024/02/28 15:57:48 TRACETYPE: FRAUD
2024/02/28 15:57:48 MULESCORE: 0.87
2024/02/28 15:57:48 PARENTALERTID: e99a18c428cb38d5f260853678922e03
2024/02/28 15:57:48 MOSTRECENTFEEDBACK: ACTIONED_MULE
2024/02/28 15:57:48 DECISIONDATE: 2017-07-21 17:32:28.001 +0000 UTC
2024/02/28 15:57:48 =========================================================================================
2024/02/28 15:57:49 
2024/02/28 15:57:49                - - - -  Alert-Transaction - - - -   
2024/02/28 15:57:49 Unique-ID: 40a33544fcd51332c9e68ee31d700fbe
2024/02/28 15:57:49 ID: e99a18c428cb38d5f260853678922e03
2024/02/28 15:57:49 RESPONSE:  Success  
2024/02/28 15:57:49 COUNT: 4
2024/02/28 15:57:49 TXNID: 2b588f38-d1bc-40bf-85fc-91397bc98465
2024/02/28 15:57:49 NETWORKALERTID: e99a18c428cb38d5f260853678922e03
2024/02/28 15:57:49 NETWORKID: 2b588f38-d1bc-40bf-85fc-91397bc98465
2024/02/28 15:57:49 TIME: 2017-07-21 17:32:28.001 +0000 UTC
2024/02/28 15:57:49 TXNTIME: 2017-07-21 17:32:28.001 +0000 UTC
2024/02/28 15:57:49 SOURCEID: GB98MIDL07009312345678
2024/02/28 15:57:49 DESTID: GB98MIDL07009312345678
2024/02/28 15:57:49 SOURCEBANKID: DEUTDEFF
2024/02/28 15:57:49 SOURCEBANKNAME: Barclays
2024/02/28 15:57:49 DESTBANKID: DEUTDEFF
2024/02/28 15:57:49 DESTBANKNAME: Lloyds
2024/02/28 15:57:49 VALUE: 10034
2024/02/28 15:57:49 REMITINFO: rent 10 Main St
2024/02/28 15:57:49 GENERATION: 4
2024/02/28 15:57:49 CURRENCY: GBP
2024/02/28 15:57:49 SERVICE: FPS
2024/02/28 15:57:49 DWELLTIME: 3 years 6 mons 4 days 12:30:05
2024/02/28 15:57:49 TRACETYPE: FRAUD
2024/02/28 15:57:49 MULESCORE: 0.87
2024/02/28 15:57:49 PARENTALERTID: e99a18c428cb38d5f260853678922e03
2024/02/28 15:57:49 MOSTRECENTFEEDBACK: ACTIONED_MULE
2024/02/28 15:57:49 DECISIONDATE: 2017-07-21 17:32:28.001 +0000 UTC
2024/02/28 15:57:49 =========================================================================================
2024/02/28 15:57:49 
2024/02/28 15:57:49                - - - -  Alert-Transaction - - - -   
2024/02/28 15:57:49 Unique-ID: d6d4a00a4418d6f830a3e25b428eefb9
2024/02/28 15:57:49 ID: e99a18c428cb38d5f260853678922e03
2024/02/28 15:57:49 RESPONSE:  Success  
2024/02/28 15:57:49 COUNT: 4
2024/02/28 15:57:49 TXNID: 2b588f38-d1bc-40bf-85fc-91397bc98465
2024/02/28 15:57:49 NETWORKALERTID: e99a18c428cb38d5f260853678922e03
2024/02/28 15:57:49 NETWORKID: 2b588f38-d1bc-40bf-85fc-91397bc98465
2024/02/28 15:57:49 TIME: 2017-07-21 17:32:28.001 +0000 UTC
2024/02/28 15:57:49 TXNTIME: 2017-07-21 17:32:28.001 +0000 UTC
2024/02/28 15:57:49 SOURCEID: GB98MIDL07009312345678
2024/02/28 15:57:49 DESTID: GB98MIDL07009312345678
2024/02/28 15:57:49 SOURCEBANKID: DEUTDEFF
2024/02/28 15:57:49 SOURCEBANKNAME: Barclays
2024/02/28 15:57:49 DESTBANKID: DEUTDEFF
2024/02/28 15:57:49 DESTBANKNAME: Lloyds
2024/02/28 15:57:49 VALUE: 10034
2024/02/28 15:57:49 REMITINFO: rent 10 Main St
2024/02/28 15:57:49 GENERATION: 4
2024/02/28 15:57:49 CURRENCY: GBP
2024/02/28 15:57:49 SERVICE: FPS
2024/02/28 15:57:49 DWELLTIME: 3 years 6 mons 4 days 12:30:05
2024/02/28 15:57:49 TRACETYPE: FRAUD
2024/02/28 15:57:49 MULESCORE: 0.87
2024/02/28 15:57:49 PARENTALERTID: e99a18c428cb38d5f260853678922e03
2024/02/28 15:57:49 MOSTRECENTFEEDBACK: ACTIONED_MULE
2024/02/28 15:57:49 DECISIONDATE: 2017-07-21 17:32:28.001 +0000 UTC
2024/02/28 15:57:49 =========================================================================================
2024/02/28 16:20:04 
2024/02/28 16:20:04                - - - -  Alert-Transaction - - - -   
2024/02/28 16:20:04 Unique-ID: 160e466cbc013f0b347f32be8fb1c26c
2024/02/28 16:20:04 ID: e99a18c428cb38d5f260853678922e03
2024/02/28 16:20:04 RESPONSE:  Success  
2024/02/28 16:20:04 COUNT: 4
2024/02/28 16:20:04 TXNID: 2b588f38-d1bc-40bf-85fc-91397bc98465
2024/02/28 16:20:04 NETWORKALERTID: e99a18c428cb38d5f260853678922e03
2024/02/28 16:20:04 NETWORKID: 2b588f38-d1bc-40bf-85fc-91397bc98465
2024/02/28 16:20:04 TIME: 2017-07-21 17:32:28.001 +0000 UTC
2024/02/28 16:20:04 TXNTIME: 2017-07-21 17:32:28.001 +0000 UTC
2024/02/28 16:20:04 SOURCEID: GB98MIDL07009312345678
2024/02/28 16:20:04 DESTID: GB98MIDL07009312345678
2024/02/28 16:20:04 SOURCEBANKID: DEUTDEFF
2024/02/28 16:20:04 SOURCEBANKNAME: Barclays
2024/02/28 16:20:04 DESTBANKID: DEUTDEFF
2024/02/28 16:20:04 DESTBANKNAME: Lloyds
2024/02/28 16:20:04 VALUE: 10034
2024/02/28 16:20:04 REMITINFO: rent 10 Main St
2024/02/28 16:20:04 GENERATION: 4
2024/02/28 16:20:04 CURRENCY: GBP
2024/02/28 16:20:04 SERVICE: FPS
2024/02/28 16:20:04 DWELLTIME: 3 years 6 mons 4 days 12:30:05
2024/02/28 16:20:04 TRACETYPE: FRAUD
2024/02/28 16:20:04 MULESCORE: 0.87
2024/02/28 16:20:04 PARENTALERTID: e99a18c428cb38d5f260853678922e03
2024/02/28 16:20:04 MOSTRECENTFEEDBACK: ACTIONED_MULE
2024/02/28 16:20:04 DECISIONDATE: 2017-07-21 17:32:28.001 +0000 UTC
2024/02/28 16:20:04 =========================================================================================
2024/02/28 16:20:12 
2024/02/28 16:20:12                - - - -  Alert-Transaction - - - -   
2024/02/28 16:20:12 Unique-ID: d278f6a9ed4c2b3004bfbed0677bc3e9
2024/02/28 16:20:12 ID: e99a18c428cb38d5f260853678922e03
2024/02/28 16:20:12 RESPONSE:  Success  
2024/02/28 16:20:12 COUNT: 4
2024/02/28 16:20:12 TXNID: 2b588f38-d1bc-40bf-85fc-91397bc98465
2024/02/28 16:20:12 NETWORKALERTID: e99a18c428cb38d5f260853678922e03
2024/02/28 16:20:12 NETWORKID: 2b588f38-d1bc-40bf-85fc-91397bc98465
2024/02/28 16:20:12 TIME: 2017-07-21 17:32:28.001 +0000 UTC
2024/02/28 16:20:12 TXNTIME: 2017-07-21 17:32:28.001 +0000 UTC
2024/02/28 16:20:12 SOURCEID: GB98MIDL07009312345678
2024/02/28 16:20:12 DESTID: GB98MIDL07009312345678
2024/02/28 16:20:12 SOURCEBANKID: DEUTDEFF
2024/02/28 16:20:12 SOURCEBANKNAME: Barclays
2024/02/28 16:20:12 DESTBANKID: DEUTDEFF
2024/02/28 16:20:12 DESTBANKNAME: Lloyds
2024/02/28 16:20:12 VALUE: 10034
2024/02/28 16:20:12 REMITINFO: rent 10 Main St
2024/02/28 16:20:12 GENERATION: 4
2024/02/28 16:20:12 CURRENCY: GBP
2024/02/28 16:20:12 SERVICE: FPS
2024/02/28 16:20:12 DWELLTIME: 3 years 6 mons 4 days 12:30:05
2024/02/28 16:20:12 TRACETYPE: FRAUD
2024/02/28 16:20:12 MULESCORE: 0.87
2024/02/28 16:20:12 PARENTALERTID: e99a18c428cb38d5f260853678922e03
2024/02/28 16:20:12 MOSTRECENTFEEDBACK: ACTIONED_MULE
2024/02/28 16:20:12 DECISIONDATE: 2017-07-21 17:32:28.001 +0000 UTC
2024/02/28 16:20:12 =========================================================================================
2024/02/28 16:20:13 
2024/02/28 16:20:13                - - - -  Alert-Transaction - - - -   
2024/02/28 16:20:13 Unique-ID: abf7166f808124b88caeff436fa3277c
2024/02/28 16:20:13 ID: e99a18c428cb38d5f260853678922e03
2024/02/28 16:20:13 RESPONSE:  Success  
2024/02/28 16:20:13 COUNT: 4
2024/02/28 16:20:13 TXNID: 2b588f38-d1bc-40bf-85fc-91397bc98465
2024/02/28 16:20:13 NETWORKALERTID: e99a18c428cb38d5f260853678922e03
2024/02/28 16:20:13 NETWORKID: 2b588f38-d1bc-40bf-85fc-91397bc98465
2024/02/28 16:20:13 TIME: 2017-07-21 17:32:28.001 +0000 UTC
2024/02/28 16:20:13 TXNTIME: 2017-07-21 17:32:28.001 +0000 UTC
2024/02/28 16:20:13 SOURCEID: GB98MIDL07009312345678
2024/02/28 16:20:13 DESTID: GB98MIDL07009312345678
2024/02/28 16:20:13 SOURCEBANKID: DEUTDEFF
2024/02/28 16:20:13 SOURCEBANKNAME: Barclays
2024/02/28 16:20:13 DESTBANKID: DEUTDEFF
2024/02/28 16:20:13 DESTBANKNAME: Lloyds
2024/02/28 16:20:13 VALUE: 10034
2024/02/28 16:20:13 REMITINFO: rent 10 Main St
2024/02/28 16:20:13 GENERATION: 4
2024/02/28 16:20:13 CURRENCY: GBP
2024/02/28 16:20:13 SERVICE: FPS
2024/02/28 16:20:13 DWELLTIME: 3 years 6 mons 4 days 12:30:05
2024/02/28 16:20:13 TRACETYPE: FRAUD
2024/02/28 16:20:13 MULESCORE: 0.87
2024/02/28 16:20:13 PARENTALERTID: e99a18c428cb38d5f260853678922e03
2024/02/28 16:20:13 MOSTRECENTFEEDBACK: ACTIONED_MULE
2024/02/28 16:20:13 DECISIONDATE: 2017-07-21 17:32:28.001 +0000 UTC
2024/02/28 16:20:13 =========================================================================================
2024/02/28 16:20:13 
2024/02/28 16:20:13                - - - -  Alert-Transaction - - - -   
2024/02/28 16:20:13 Unique-ID: fba0e2a3995d6c9dffb9fa4b21f6ed4c
2024/02/28 16:20:13 ID: e99a18c428cb38d5f260853678922e03
2024/02/28 16:20:13 RESPONSE:  Success  
2024/02/28 16:20:13 COUNT: 4
2024/02/28 16:20:13 TXNID: 2b588f38-d1bc-40bf-85fc-91397bc98465
2024/02/28 16:20:13 NETWORKALERTID: e99a18c428cb38d5f260853678922e03
2024/02/28 16:20:13 NETWORKID: 2b588f38-d1bc-40bf-85fc-91397bc98465
2024/02/28 16:20:13 TIME: 2017-07-21 17:32:28.001 +0000 UTC
2024/02/28 16:20:13 TXNTIME: 2017-07-21 17:32:28.001 +0000 UTC
2024/02/28 16:20:13 SOURCEID: GB98MIDL07009312345678
2024/02/28 16:20:13 DESTID: GB98MIDL07009312345678
2024/02/28 16:20:13 SOURCEBANKID: DEUTDEFF
2024/02/28 16:20:13 SOURCEBANKNAME: Barclays
2024/02/28 16:20:13 DESTBANKID: DEUTDEFF
2024/02/28 16:20:13 DESTBANKNAME: Lloyds
2024/02/28 16:20:13 VALUE: 10034
2024/02/28 16:20:13 REMITINFO: rent 10 Main St
2024/02/28 16:20:13 GENERATION: 4
2024/02/28 16:20:13 CURRENCY: GBP
2024/02/28 16:20:13 SERVICE: FPS
2024/02/28 16:20:13 DWELLTIME: 3 years 6 mons 4 days 12:30:05
2024/02/28 16:20:13 TRACETYPE: FRAUD
2024/02/28 16:20:13 MULESCORE: 0.87
2024/02/28 16:20:13 PARENTALERTID: e99a18c428cb38d5f260853678922e03
2024/02/28 16:20:13 MOSTRECENTFEEDBACK: ACTIONED_MULE
2024/02/28 16:20:13 DECISIONDATE: 2017-07-21 17:32:28.001 +0000 UTC
2024/02/28 16:20:13 =========================================================================================
2024/02/28 16:20:14 
2024/02/28 16:20:14                - - - -  Alert-Transaction - - - -   
2024/02/28 16:20:14 Unique-ID: 4db5ad51164276dff21464143a0b5476
2024/02/28 16:20:14 ID: e99a18c428cb38d5f260853678922e03
2024/02/28 16:20:14 RESPONSE:  Success  
2024/02/28 16:20:14 COUNT: 4
2024/02/28 16:20:14 TXNID: 2b588f38-d1bc-40bf-85fc-91397bc98465
2024/02/28 16:20:14 NETWORKALERTID: e99a18c428cb38d5f260853678922e03
2024/02/28 16:20:14 NETWORKID: 2b588f38-d1bc-40bf-85fc-91397bc98465
2024/02/28 16:20:14 TIME: 2017-07-21 17:32:28.001 +0000 UTC
2024/02/28 16:20:14 TXNTIME: 2017-07-21 17:32:28.001 +0000 UTC
2024/02/28 16:20:14 SOURCEID: GB98MIDL07009312345678
2024/02/28 16:20:14 DESTID: GB98MIDL07009312345678
2024/02/28 16:20:14 SOURCEBANKID: DEUTDEFF
2024/02/28 16:20:14 SOURCEBANKNAME: Barclays
2024/02/28 16:20:14 DESTBANKID: DEUTDEFF
2024/02/28 16:20:14 DESTBANKNAME: Lloyds
2024/02/28 16:20:14 VALUE: 10034
2024/02/28 16:20:14 REMITINFO: rent 10 Main St
2024/02/28 16:20:14 GENERATION: 4
2024/02/28 16:20:14 CURRENCY: GBP
2024/02/28 16:20:14 SERVICE: FPS
2024/02/28 16:20:14 DWELLTIME: 3 years 6 mons 4 days 12:30:05
2024/02/28 16:20:14 TRACETYPE: FRAUD
2024/02/28 16:20:14 MULESCORE: 0.87
2024/02/28 16:20:14 PARENTALERTID: e99a18c428cb38d5f260853678922e03
2024/02/28 16:20:14 MOSTRECENTFEEDBACK: ACTIONED_MULE
2024/02/28 16:20:14 DECISIONDATE: 2017-07-21 17:32:28.001 +0000 UTC
2024/02/28 16:20:14 =========================================================================================
2024/02/28 16:20:14 
2024/02/28 16:20:14                - - - -  Alert-Transaction - - - -   
2024/02/28 16:20:14 Unique-ID: 3962bac8c399e9288ea6e2e6b2724ebc
2024/02/28 16:20:14 ID: e99a18c428cb38d5f260853678922e03
2024/02/28 16:20:14 RESPONSE:  Success  
2024/02/28 16:20:14 COUNT: 4
2024/02/28 16:20:14 TXNID: 2b588f38-d1bc-40bf-85fc-91397bc98465
2024/02/28 16:20:14 NETWORKALERTID: e99a18c428cb38d5f260853678922e03
2024/02/28 16:20:14 NETWORKID: 2b588f38-d1bc-40bf-85fc-91397bc98465
2024/02/28 16:20:14 TIME: 2017-07-21 17:32:28.001 +0000 UTC
2024/02/28 16:20:14 TXNTIME: 2017-07-21 17:32:28.001 +0000 UTC
2024/02/28 16:20:14 SOURCEID: GB98MIDL07009312345678
2024/02/28 16:20:14 DESTID: GB98MIDL07009312345678
2024/02/28 16:20:14 SOURCEBANKID: DEUTDEFF
2024/02/28 16:20:14 SOURCEBANKNAME: Barclays
2024/02/28 16:20:14 DESTBANKID: DEUTDEFF
2024/02/28 16:20:14 DESTBANKNAME: Lloyds
2024/02/28 16:20:14 VALUE: 10034
2024/02/28 16:20:14 REMITINFO: rent 10 Main St
2024/02/28 16:20:14 GENERATION: 4
2024/02/28 16:20:14 CURRENCY: GBP
2024/02/28 16:20:14 SERVICE: FPS
2024/02/28 16:20:14 DWELLTIME: 3 years 6 mons 4 days 12:30:05
2024/02/28 16:20:14 TRACETYPE: FRAUD
2024/02/28 16:20:14 MULESCORE: 0.87
2024/02/28 16:20:14 PARENTALERTID: e99a18c428cb38d5f260853678922e03
2024/02/28 16:20:14 MOSTRECENTFEEDBACK: ACTIONED_MULE
2024/02/28 16:20:14 DECISIONDATE: 2017-07-21 17:32:28.001 +0000 UTC
2024/02/28 16:20:14 =========================================================================================
2024/02/28 16:20:15 
2024/02/28 16:20:15                - - - -  Alert-Transaction - - - -   
2024/02/28 16:20:15 Unique-ID: b1c4da01db369b8d5c32872d2c12c628
2024/02/28 16:20:15 ID: You have exceeded the service rate limit. Maximum allowed: ${rate_limit.output} TPS
2024/02/28 16:20:15 RESPONSE: (Rate Limit Exceeded - 429)
2024/02/28 16:20:15 COUNT: 0
2024/02/28 16:20:15 TXNID: null
2024/02/28 16:20:15 NETWORKALERTID: null
2024/02/28 16:20:15 NETWORKID: null
2024/02/28 16:20:15 TIME: 2024-02-28 16:20:15.185951 +0800 PST m=+3.827179042
2024/02/28 16:20:15 TXNTIME: 2024-02-28 16:20:15.185951 +0800 PST m=+3.827179126
2024/02/28 16:20:15 SOURCEID: null
2024/02/28 16:20:15 DESTID: null
2024/02/28 16:20:15 SOURCEBANKID: null
2024/02/28 16:20:15 SOURCEBANKNAME: null
2024/02/28 16:20:15 DESTBANKID: null
2024/02/28 16:20:15 DESTBANKNAME: null
2024/02/28 16:20:15 VALUE: 0
2024/02/28 16:20:15 REMITINFO: null
2024/02/28 16:20:15 GENERATION: 0
2024/02/28 16:20:15 CURRENCY: null
2024/02/28 16:20:15 SERVICE: null
2024/02/28 16:20:15 DWELLTIME: null
2024/02/28 16:20:15 TRACETYPE: null
2024/02/28 16:20:15 MULESCORE: 0
2024/02/28 16:20:15 PARENTALERTID: null
2024/02/28 16:20:15 MOSTRECENTFEEDBACK: null
2024/02/28 16:20:15 DECISIONDATE: 2024-02-28 16:20:15.185951 +0800 PST m=+3.827179209
2024/02/28 16:20:15 =========================================================================================
2024/02/28 16:20:15 
2024/02/28 16:20:15                - - - -  Alert-Transaction - - - -   
2024/02/28 16:20:15 Unique-ID: d4d44995f28df0f47ea510fb1424cf5a
2024/02/28 16:20:15 ID: e99a18c428cb38d5f260853678922e03
2024/02/28 16:20:15 RESPONSE:  Success  
2024/02/28 16:20:15 COUNT: 4
2024/02/28 16:20:15 TXNID: 2b588f38-d1bc-40bf-85fc-91397bc98465
2024/02/28 16:20:15 NETWORKALERTID: e99a18c428cb38d5f260853678922e03
2024/02/28 16:20:15 NETWORKID: 2b588f38-d1bc-40bf-85fc-91397bc98465
2024/02/28 16:20:15 TIME: 2017-07-21 17:32:28.001 +0000 UTC
2024/02/28 16:20:15 TXNTIME: 2017-07-21 17:32:28.001 +0000 UTC
2024/02/28 16:20:15 SOURCEID: GB98MIDL07009312345678
2024/02/28 16:20:15 DESTID: GB98MIDL07009312345678
2024/02/28 16:20:15 SOURCEBANKID: DEUTDEFF
2024/02/28 16:20:15 SOURCEBANKNAME: Barclays
2024/02/28 16:20:15 DESTBANKID: DEUTDEFF
2024/02/28 16:20:15 DESTBANKNAME: Lloyds
2024/02/28 16:20:15 VALUE: 10034
2024/02/28 16:20:15 REMITINFO: rent 10 Main St
2024/02/28 16:20:15 GENERATION: 4
2024/02/28 16:20:15 CURRENCY: GBP
2024/02/28 16:20:15 SERVICE: FPS
2024/02/28 16:20:15 DWELLTIME: 3 years 6 mons 4 days 12:30:05
2024/02/28 16:20:15 TRACETYPE: FRAUD
2024/02/28 16:20:15 MULESCORE: 0.87
2024/02/28 16:20:15 PARENTALERTID: e99a18c428cb38d5f260853678922e03
2024/02/28 16:20:15 MOSTRECENTFEEDBACK: ACTIONED_MULE
2024/02/28 16:20:15 DECISIONDATE: 2017-07-21 17:32:28.001 +0000 UTC
2024/02/28 16:20:15 =========================================================================================
2024/02/28 16:20:17 
2024/02/28 16:20:17                - - - -  Alert-Transaction - - - -   
2024/02/28 16:20:17 Unique-ID: d11e292ce1b82783598c34f1c81e4543
2024/02/28 16:20:17 ID: e99a18c428cb38d5f260853678922e03
2024/02/28 16:20:17 RESPONSE:  Success  
2024/02/28 16:20:17 COUNT: 4
2024/02/28 16:20:17 TXNID: 2b588f38-d1bc-40bf-85fc-91397bc98465
2024/02/28 16:20:17 NETWORKALERTID: e99a18c428cb38d5f260853678922e03
2024/02/28 16:20:17 NETWORKID: 2b588f38-d1bc-40bf-85fc-91397bc98465
2024/02/28 16:20:17 TIME: 2017-07-21 17:32:28.001 +0000 UTC
2024/02/28 16:20:17 TXNTIME: 2017-07-21 17:32:28.001 +0000 UTC
2024/02/28 16:20:17 SOURCEID: GB98MIDL07009312345678
2024/02/28 16:20:17 DESTID: GB98MIDL07009312345678
2024/02/28 16:20:17 SOURCEBANKID: DEUTDEFF
2024/02/28 16:20:17 SOURCEBANKNAME: Barclays
2024/02/28 16:20:17 DESTBANKID: DEUTDEFF
2024/02/28 16:20:17 DESTBANKNAME: Lloyds
2024/02/28 16:20:17 VALUE: 10034
2024/02/28 16:20:17 REMITINFO: rent 10 Main St
2024/02/28 16:20:17 GENERATION: 4
2024/02/28 16:20:17 CURRENCY: GBP
2024/02/28 16:20:17 SERVICE: FPS
2024/02/28 16:20:17 DWELLTIME: 3 years 6 mons 4 days 12:30:05
2024/02/28 16:20:17 TRACETYPE: FRAUD
2024/02/28 16:20:17 MULESCORE: 0.87
2024/02/28 16:20:17 PARENTALERTID: e99a18c428cb38d5f260853678922e03
2024/02/28 16:20:17 MOSTRECENTFEEDBACK: ACTIONED_MULE
2024/02/28 16:20:17 DECISIONDATE: 2017-07-21 17:32:28.001 +0000 UTC
2024/02/28 16:20:17 =========================================================================================
2024/02/28 16:20:17 
2024/02/28 16:20:17                - - - -  Alert-Transaction - - - -   
2024/02/28 16:20:17 Unique-ID: 2099ba06d2a518bca78d9bc1165994fe
2024/02/28 16:20:17 ID: e99a18c428cb38d5f260853678922e03
2024/02/28 16:20:17 RESPONSE:  Success  
2024/02/28 16:20:17 COUNT: 4
2024/02/28 16:20:17 TXNID: 2b588f38-d1bc-40bf-85fc-91397bc98465
2024/02/28 16:20:17 NETWORKALERTID: e99a18c428cb38d5f260853678922e03
2024/02/28 16:20:17 NETWORKID: 2b588f38-d1bc-40bf-85fc-91397bc98465
2024/02/28 16:20:17 TIME: 2017-07-21 17:32:28.001 +0000 UTC
2024/02/28 16:20:17 TXNTIME: 2017-07-21 17:32:28.001 +0000 UTC
2024/02/28 16:20:17 SOURCEID: GB98MIDL07009312345678
2024/02/28 16:20:17 DESTID: GB98MIDL07009312345678
2024/02/28 16:20:17 SOURCEBANKID: DEUTDEFF
2024/02/28 16:20:17 SOURCEBANKNAME: Barclays
2024/02/28 16:20:17 DESTBANKID: DEUTDEFF
2024/02/28 16:20:17 DESTBANKNAME: Lloyds
2024/02/28 16:20:17 VALUE: 10034
2024/02/28 16:20:17 REMITINFO: rent 10 Main St
2024/02/28 16:20:17 GENERATION: 4
2024/02/28 16:20:17 CURRENCY: GBP
2024/02/28 16:20:17 SERVICE: FPS
2024/02/28 16:20:17 DWELLTIME: 3 years 6 mons 4 days 12:30:05
2024/02/28 16:20:17 TRACETYPE: FRAUD
2024/02/28 16:20:17 MULESCORE: 0.87
2024/02/28 16:20:17 PARENTALERTID: e99a18c428cb38d5f260853678922e03
2024/02/28 16:20:17 MOSTRECENTFEEDBACK: ACTIONED_MULE
2024/02/28 16:20:17 DECISIONDATE: 2017-07-21 17:32:28.001 +0000 UTC
2024/02/28 16:20:17 =========================================================================================
2024/02/28 16:20:18 
2024/02/28 16:20:18                - - - -  Alert-Transaction - - - -   
2024/02/28 16:20:18 Unique-ID: 2fdb6d518dcad1da9dcc9273a15d30cf
2024/02/28 16:20:18 ID: e99a18c428cb38d5f260853678922e03
2024/02/28 16:20:18 RESPONSE:  Success  
2024/02/28 16:20:18 COUNT: 4
2024/02/28 16:20:18 TXNID: 2b588f38-d1bc-40bf-85fc-91397bc98465
2024/02/28 16:20:18 NETWORKALERTID: e99a18c428cb38d5f260853678922e03
2024/02/28 16:20:18 NETWORKID: 2b588f38-d1bc-40bf-85fc-91397bc98465
2024/02/28 16:20:18 TIME: 2017-07-21 17:32:28.001 +0000 UTC
2024/02/28 16:20:18 TXNTIME: 2017-07-21 17:32:28.001 +0000 UTC
2024/02/28 16:20:18 SOURCEID: GB98MIDL07009312345678
2024/02/28 16:20:18 DESTID: GB98MIDL07009312345678
2024/02/28 16:20:18 SOURCEBANKID: DEUTDEFF
2024/02/28 16:20:18 SOURCEBANKNAME: Barclays
2024/02/28 16:20:18 DESTBANKID: DEUTDEFF
2024/02/28 16:20:18 DESTBANKNAME: Lloyds
2024/02/28 16:20:18 VALUE: 10034
2024/02/28 16:20:18 REMITINFO: rent 10 Main St
2024/02/28 16:20:18 GENERATION: 4
2024/02/28 16:20:18 CURRENCY: GBP
2024/02/28 16:20:18 SERVICE: FPS
2024/02/28 16:20:18 DWELLTIME: 3 years 6 mons 4 days 12:30:05
2024/02/28 16:20:18 TRACETYPE: FRAUD
2024/02/28 16:20:18 MULESCORE: 0.87
2024/02/28 16:20:18 PARENTALERTID: e99a18c428cb38d5f260853678922e03
2024/02/28 16:20:18 MOSTRECENTFEEDBACK: ACTIONED_MULE
2024/02/28 16:20:18 DECISIONDATE: 2017-07-21 17:32:28.001 +0000 UTC
2024/02/28 16:20:18 =========================================================================================
2024/02/28 16:20:18 
2024/02/28 16:20:18                - - - -  Alert-Transaction - - - -   
2024/02/28 16:20:18 Unique-ID: a5dbd7d988dfad0a1486ad7f671453d8
2024/02/28 16:20:18 ID: e99a18c428cb38d5f260853678922e03
2024/02/28 16:20:18 RESPONSE:  Success  
2024/02/28 16:20:18 COUNT: 4
2024/02/28 16:20:18 TXNID: 2b588f38-d1bc-40bf-85fc-91397bc98465
2024/02/28 16:20:18 NETWORKALERTID: e99a18c428cb38d5f260853678922e03
2024/02/28 16:20:18 NETWORKID: 2b588f38-d1bc-40bf-85fc-91397bc98465
2024/02/28 16:20:18 TIME: 2017-07-21 17:32:28.001 +0000 UTC
2024/02/28 16:20:18 TXNTIME: 2017-07-21 17:32:28.001 +0000 UTC
2024/02/28 16:20:18 SOURCEID: GB98MIDL07009312345678
2024/02/28 16:20:18 DESTID: GB98MIDL07009312345678
2024/02/28 16:20:18 SOURCEBANKID: DEUTDEFF
2024/02/28 16:20:18 SOURCEBANKNAME: Barclays
2024/02/28 16:20:18 DESTBANKID: DEUTDEFF
2024/02/28 16:20:18 DESTBANKNAME: Lloyds
2024/02/28 16:20:18 VALUE: 10034
2024/02/28 16:20:18 REMITINFO: rent 10 Main St
2024/02/28 16:20:18 GENERATION: 4
2024/02/28 16:20:18 CURRENCY: GBP
2024/02/28 16:20:18 SERVICE: FPS
2024/02/28 16:20:18 DWELLTIME: 3 years 6 mons 4 days 12:30:05
2024/02/28 16:20:18 TRACETYPE: FRAUD
2024/02/28 16:20:18 MULESCORE: 0.87
2024/02/28 16:20:18 PARENTALERTID: e99a18c428cb38d5f260853678922e03
2024/02/28 16:20:18 MOSTRECENTFEEDBACK: ACTIONED_MULE
2024/02/28 16:20:18 DECISIONDATE: 2017-07-21 17:32:28.001 +0000 UTC
2024/02/28 16:20:18 =========================================================================================
2024/02/28 16:20:19 
2024/02/28 16:20:19                - - - -  Alert-Transaction - - - -   
2024/02/28 16:20:19 Unique-ID: 1abf58d07ac174ea02b900fc298b2f89
2024/02/28 16:20:19 ID: You have exceeded the service rate limit. Maximum allowed: ${rate_limit.output} TPS
2024/02/28 16:20:19 RESPONSE: (Rate Limit Exceeded - 429)
2024/02/28 16:20:19 COUNT: 0
2024/02/28 16:20:19 TXNID: null
2024/02/28 16:20:19 NETWORKALERTID: null
2024/02/28 16:20:19 NETWORKID: null
2024/02/28 16:20:19 TIME: 2024-02-28 16:20:19.413977 +0800 PST m=+8.055365501
2024/02/28 16:20:19 TXNTIME: 2024-02-28 16:20:19.413977 +0800 PST m=+8.055365584
2024/02/28 16:20:19 SOURCEID: null
2024/02/28 16:20:19 DESTID: null
2024/02/28 16:20:19 SOURCEBANKID: null
2024/02/28 16:20:19 SOURCEBANKNAME: null
2024/02/28 16:20:19 DESTBANKID: null
2024/02/28 16:20:19 DESTBANKNAME: null
2024/02/28 16:20:19 VALUE: 0
2024/02/28 16:20:19 REMITINFO: null
2024/02/28 16:20:19 GENERATION: 0
2024/02/28 16:20:19 CURRENCY: null
2024/02/28 16:20:19 SERVICE: null
2024/02/28 16:20:19 DWELLTIME: null
2024/02/28 16:20:19 TRACETYPE: null
2024/02/28 16:20:19 MULESCORE: 0
2024/02/28 16:20:19 PARENTALERTID: null
2024/02/28 16:20:19 MOSTRECENTFEEDBACK: null
2024/02/28 16:20:19 DECISIONDATE: 2024-02-28 16:20:19.413978 +0800 PST m=+8.055365667
2024/02/28 16:20:19 =========================================================================================
2024/02/28 16:24:09 
2024/02/28 16:24:09                - - - -  Alert-Transaction - - - -   
2024/02/28 16:24:09 Unique-ID: 0b6b8366d25e1450b21249c348b93d61
2024/02/28 16:24:09 ID: e99a18c428cb38d5f260853678922e03
2024/02/28 16:24:09 RESPONSE:  Success  
2024/02/28 16:24:09 COUNT: 4
2024/02/28 16:24:09 TXNID: 2b588f38-d1bc-40bf-85fc-91397bc98465
2024/02/28 16:24:09 NETWORKALERTID: e99a18c428cb38d5f260853678922e03
2024/02/28 16:24:09 NETWORKID: 2b588f38-d1bc-40bf-85fc-91397bc98465
2024/02/28 16:24:09 TIME: 2017-07-21 17:32:28.001 +0000 UTC
2024/02/28 16:24:09 TXNTIME: 2017-07-21 17:32:28.001 +0000 UTC
2024/02/28 16:24:09 SOURCEID: GB98MIDL07009312345678
2024/02/28 16:24:09 DESTID: GB98MIDL07009312345678
2024/02/28 16:24:09 SOURCEBANKID: DEUTDEFF
2024/02/28 16:24:09 SOURCEBANKNAME: Barclays
2024/02/28 16:24:09 DESTBANKID: DEUTDEFF
2024/02/28 16:24:09 DESTBANKNAME: Lloyds
2024/02/28 16:24:09 VALUE: 10034
2024/02/28 16:24:09 REMITINFO: rent 10 Main St
2024/02/28 16:24:09 GENERATION: 4
2024/02/28 16:24:09 CURRENCY: GBP
2024/02/28 16:24:09 SERVICE: FPS
2024/02/28 16:24:09 DWELLTIME: 3 years 6 mons 4 days 12:30:05
2024/02/28 16:24:09 TRACETYPE: FRAUD
2024/02/28 16:24:09 MULESCORE: 0.87
2024/02/28 16:24:09 PARENTALERTID: e99a18c428cb38d5f260853678922e03
2024/02/28 16:24:09 MOSTRECENTFEEDBACK: ACTIONED_MULE
2024/02/28 16:24:09 DECISIONDATE: 2017-07-21 17:32:28.001 +0000 UTC
2024/02/28 16:24:09 =========================================================================================
2024/02/28 16:24:11 
2024/02/28 16:24:11                - - - -  Alert-Transaction - - - -   
2024/02/28 16:24:11 Unique-ID: 12922e6a1edc33cdec70cf4c8c09607f
2024/02/28 16:24:11 ID: e99a18c428cb38d5f260853678922e03
2024/02/28 16:24:11 RESPONSE:  Success  
2024/02/28 16:24:11 COUNT: 4
2024/02/28 16:24:11 TXNID: 2b588f38-d1bc-40bf-85fc-91397bc98465
2024/02/28 16:24:11 NETWORKALERTID: e99a18c428cb38d5f260853678922e03
2024/02/28 16:24:11 NETWORKID: 2b588f38-d1bc-40bf-85fc-91397bc98465
2024/02/28 16:24:11 TIME: 2017-07-21 17:32:28.001 +0000 UTC
2024/02/28 16:24:11 TXNTIME: 2017-07-21 17:32:28.001 +0000 UTC
2024/02/28 16:24:11 SOURCEID: GB98MIDL07009312345678
2024/02/28 16:24:11 DESTID: GB98MIDL07009312345678
2024/02/28 16:24:11 SOURCEBANKID: DEUTDEFF
2024/02/28 16:24:11 SOURCEBANKNAME: Barclays
2024/02/28 16:24:11 DESTBANKID: DEUTDEFF
2024/02/28 16:24:11 DESTBANKNAME: Lloyds
2024/02/28 16:24:11 VALUE: 10034
2024/02/28 16:24:11 REMITINFO: rent 10 Main St
2024/02/28 16:24:11 GENERATION: 4
2024/02/28 16:24:11 CURRENCY: GBP
2024/02/28 16:24:11 SERVICE: FPS
2024/02/28 16:24:11 DWELLTIME: 3 years 6 mons 4 days 12:30:05
2024/02/28 16:24:11 TRACETYPE: FRAUD
2024/02/28 16:24:11 MULESCORE: 0.87
2024/02/28 16:24:11 PARENTALERTID: e99a18c428cb38d5f260853678922e03
2024/02/28 16:24:11 MOSTRECENTFEEDBACK: ACTIONED_MULE
2024/02/28 16:24:11 DECISIONDATE: 2017-07-21 17:32:28.001 +0000 UTC
2024/02/28 16:24:11 =========================================================================================
2024/02/28 16:24:12 
2024/02/28 16:24:12                - - - -  Alert-Transaction - - - -   
2024/02/28 16:24:12 Unique-ID: 0ff505315b879b60a0f29a2a561bb7a9
2024/02/28 16:24:12 ID: e99a18c428cb38d5f260853678922e03
2024/02/28 16:24:12 RESPONSE:  Success  
2024/02/28 16:24:12 COUNT: 4
2024/02/28 16:24:12 TXNID: 2b588f38-d1bc-40bf-85fc-91397bc98465
2024/02/28 16:24:12 NETWORKALERTID: e99a18c428cb38d5f260853678922e03
2024/02/28 16:24:12 NETWORKID: 2b588f38-d1bc-40bf-85fc-91397bc98465
2024/02/28 16:24:12 TIME: 2017-07-21 17:32:28.001 +0000 UTC
2024/02/28 16:24:12 TXNTIME: 2017-07-21 17:32:28.001 +0000 UTC
2024/02/28 16:24:12 SOURCEID: GB98MIDL07009312345678
2024/02/28 16:24:12 DESTID: GB98MIDL07009312345678
2024/02/28 16:24:12 SOURCEBANKID: DEUTDEFF
2024/02/28 16:24:12 SOURCEBANKNAME: Barclays
2024/02/28 16:24:12 DESTBANKID: DEUTDEFF
2024/02/28 16:24:12 DESTBANKNAME: Lloyds
2024/02/28 16:24:12 VALUE: 10034
2024/02/28 16:24:12 REMITINFO: rent 10 Main St
2024/02/28 16:24:12 GENERATION: 4
2024/02/28 16:24:12 CURRENCY: GBP
2024/02/28 16:24:12 SERVICE: FPS
2024/02/28 16:24:12 DWELLTIME: 3 years 6 mons 4 days 12:30:05
2024/02/28 16:24:12 TRACETYPE: FRAUD
2024/02/28 16:24:12 MULESCORE: 0.87
2024/02/28 16:24:12 PARENTALERTID: e99a18c428cb38d5f260853678922e03
2024/02/28 16:24:12 MOSTRECENTFEEDBACK: ACTIONED_MULE
2024/02/28 16:24:12 DECISIONDATE: 2017-07-21 17:32:28.001 +0000 UTC
2024/02/28 16:24:12 =========================================================================================
2024/02/28 16:24:13 
2024/02/28 16:24:13                - - - -  Alert-Transaction - - - -   
2024/02/28 16:24:13 Unique-ID: 99ea4236dc0543c6d19b9501304749a2
2024/02/28 16:24:13 ID: e99a18c428cb38d5f260853678922e03
2024/02/28 16:24:13 RESPONSE:  Success  
2024/02/28 16:24:13 COUNT: 4
2024/02/28 16:24:13 TXNID: 2b588f38-d1bc-40bf-85fc-91397bc98465
2024/02/28 16:24:13 NETWORKALERTID: e99a18c428cb38d5f260853678922e03
2024/02/28 16:24:13 NETWORKID: 2b588f38-d1bc-40bf-85fc-91397bc98465
2024/02/28 16:24:13 TIME: 2017-07-21 17:32:28.001 +0000 UTC
2024/02/28 16:24:13 TXNTIME: 2017-07-21 17:32:28.001 +0000 UTC
2024/02/28 16:24:13 SOURCEID: GB98MIDL07009312345678
2024/02/28 16:24:13 DESTID: GB98MIDL07009312345678
2024/02/28 16:24:13 SOURCEBANKID: DEUTDEFF
2024/02/28 16:24:13 SOURCEBANKNAME: Barclays
2024/02/28 16:24:13 DESTBANKID: DEUTDEFF
2024/02/28 16:24:13 DESTBANKNAME: Lloyds
2024/02/28 16:24:13 VALUE: 10034
2024/02/28 16:24:13 REMITINFO: rent 10 Main St
2024/02/28 16:24:13 GENERATION: 4
2024/02/28 16:24:13 CURRENCY: GBP
2024/02/28 16:24:13 SERVICE: FPS
2024/02/28 16:24:13 DWELLTIME: 3 years 6 mons 4 days 12:30:05
2024/02/28 16:24:13 TRACETYPE: FRAUD
2024/02/28 16:24:13 MULESCORE: 0.87
2024/02/28 16:24:13 PARENTALERTID: e99a18c428cb38d5f260853678922e03
2024/02/28 16:24:13 MOSTRECENTFEEDBACK: ACTIONED_MULE
2024/02/28 16:24:13 DECISIONDATE: 2017-07-21 17:32:28.001 +0000 UTC
2024/02/28 16:24:13 =========================================================================================
2024/02/28 16:24:13 
2024/02/28 16:24:13                - - - -  Alert-Transaction - - - -   
2024/02/28 16:24:13 Unique-ID: 6dcc239bee7569d0f72c94e4a7066688
2024/02/28 16:24:13 ID: e99a18c428cb38d5f260853678922e03
2024/02/28 16:24:13 RESPONSE:  Success  
2024/02/28 16:24:13 COUNT: 4
2024/02/28 16:24:13 TXNID: 2b588f38-d1bc-40bf-85fc-91397bc98465
2024/02/28 16:24:13 NETWORKALERTID: e99a18c428cb38d5f260853678922e03
2024/02/28 16:24:13 NETWORKID: 2b588f38-d1bc-40bf-85fc-91397bc98465
2024/02/28 16:24:13 TIME: 2017-07-21 17:32:28.001 +0000 UTC
2024/02/28 16:24:13 TXNTIME: 2017-07-21 17:32:28.001 +0000 UTC
2024/02/28 16:24:13 SOURCEID: GB98MIDL07009312345678
2024/02/28 16:24:13 DESTID: GB98MIDL07009312345678
2024/02/28 16:24:13 SOURCEBANKID: DEUTDEFF
2024/02/28 16:24:13 SOURCEBANKNAME: Barclays
2024/02/28 16:24:13 DESTBANKID: DEUTDEFF
2024/02/28 16:24:13 DESTBANKNAME: Lloyds
2024/02/28 16:24:13 VALUE: 10034
2024/02/28 16:24:13 REMITINFO: rent 10 Main St
2024/02/28 16:24:13 GENERATION: 4
2024/02/28 16:24:13 CURRENCY: GBP
2024/02/28 16:24:13 SERVICE: FPS
2024/02/28 16:24:13 DWELLTIME: 3 years 6 mons 4 days 12:30:05
2024/02/28 16:24:13 TRACETYPE: FRAUD
2024/02/28 16:24:13 MULESCORE: 0.87
2024/02/28 16:24:13 PARENTALERTID: e99a18c428cb38d5f260853678922e03
2024/02/28 16:24:13 MOSTRECENTFEEDBACK: ACTIONED_MULE
2024/02/28 16:24:13 DECISIONDATE: 2017-07-21 17:32:28.001 +0000 UTC
2024/02/28 16:24:13 =========================================================================================
2024/02/28 16:24:13 
2024/02/28 16:24:13                - - - -  Alert-Transaction - - - -   
2024/02/28 16:24:13 Unique-ID: 9a703004ea84b350dc90b05399a0e004
2024/02/28 16:24:13 ID: You have exceeded the service rate limit. Maximum allowed: ${rate_limit.output} TPS
2024/02/28 16:24:13 RESPONSE: (Rate Limit Exceeded - 429)
2024/02/28 16:24:13 COUNT: 0
2024/02/28 16:24:13 TXNID: null
2024/02/28 16:24:13 NETWORKALERTID: null
2024/02/28 16:24:13 NETWORKID: null
2024/02/28 16:24:13 TIME: 2024-02-28 16:24:13.9389 +0800 PST m=+6.404162334
2024/02/28 16:24:13 TXNTIME: 2024-02-28 16:24:13.9389 +0800 PST m=+6.404162417
2024/02/28 16:24:13 SOURCEID: null
2024/02/28 16:24:13 DESTID: null
2024/02/28 16:24:13 SOURCEBANKID: null
2024/02/28 16:24:13 SOURCEBANKNAME: null
2024/02/28 16:24:13 DESTBANKID: null
2024/02/28 16:24:13 DESTBANKNAME: null
2024/02/28 16:24:13 VALUE: 0
2024/02/28 16:24:13 REMITINFO: null
2024/02/28 16:24:13 GENERATION: 0
2024/02/28 16:24:13 CURRENCY: null
2024/02/28 16:24:13 SERVICE: null
2024/02/28 16:24:13 DWELLTIME: null
2024/02/28 16:24:13 TRACETYPE: null
2024/02/28 16:24:13 MULESCORE: 0
2024/02/28 16:24:13 PARENTALERTID: null
2024/02/28 16:24:13 MOSTRECENTFEEDBACK: null
2024/02/28 16:24:13 DECISIONDATE: 2024-02-28 16:24:13.9389 +0800 PST m=+6.404162501
2024/02/28 16:24:13 =========================================================================================
2024/02/28 16:24:14 
2024/02/28 16:24:14                - - - -  Alert-Transaction - - - -   
2024/02/28 16:24:14 Unique-ID: 1fb482d082be4cb98c4e4ec971e7a036
2024/02/28 16:24:14 ID: e99a18c428cb38d5f260853678922e03
2024/02/28 16:24:14 RESPONSE:  Success  
2024/02/28 16:24:14 COUNT: 4
2024/02/28 16:24:14 TXNID: 2b588f38-d1bc-40bf-85fc-91397bc98465
2024/02/28 16:24:14 NETWORKALERTID: e99a18c428cb38d5f260853678922e03
2024/02/28 16:24:14 NETWORKID: 2b588f38-d1bc-40bf-85fc-91397bc98465
2024/02/28 16:24:14 TIME: 2017-07-21 17:32:28.001 +0000 UTC
2024/02/28 16:24:14 TXNTIME: 2017-07-21 17:32:28.001 +0000 UTC
2024/02/28 16:24:14 SOURCEID: GB98MIDL07009312345678
2024/02/28 16:24:14 DESTID: GB98MIDL07009312345678
2024/02/28 16:24:14 SOURCEBANKID: DEUTDEFF
2024/02/28 16:24:14 SOURCEBANKNAME: Barclays
2024/02/28 16:24:14 DESTBANKID: DEUTDEFF
2024/02/28 16:24:14 DESTBANKNAME: Lloyds
2024/02/28 16:24:14 VALUE: 10034
2024/02/28 16:24:14 REMITINFO: rent 10 Main St
2024/02/28 16:24:14 GENERATION: 4
2024/02/28 16:24:14 CURRENCY: GBP
2024/02/28 16:24:14 SERVICE: FPS
2024/02/28 16:24:14 DWELLTIME: 3 years 6 mons 4 days 12:30:05
2024/02/28 16:24:14 TRACETYPE: FRAUD
2024/02/28 16:24:14 MULESCORE: 0.87
2024/02/28 16:24:14 PARENTALERTID: e99a18c428cb38d5f260853678922e03
2024/02/28 16:24:14 MOSTRECENTFEEDBACK: ACTIONED_MULE
2024/02/28 16:24:14 DECISIONDATE: 2017-07-21 17:32:28.001 +0000 UTC
2024/02/28 16:24:14 =========================================================================================
2024/02/28 16:24:15 
2024/02/28 16:24:15                - - - -  Alert-Transaction - - - -   
2024/02/28 16:24:15 Unique-ID: f685c76368768c5f1bba059a0d5d32b3
2024/02/28 16:24:15 ID: e99a18c428cb38d5f260853678922e03
2024/02/28 16:24:15 RESPONSE:  Success  
2024/02/28 16:24:15 COUNT: 4
2024/02/28 16:24:15 TXNID: 2b588f38-d1bc-40bf-85fc-91397bc98465
2024/02/28 16:24:15 NETWORKALERTID: e99a18c428cb38d5f260853678922e03
2024/02/28 16:24:15 NETWORKID: 2b588f38-d1bc-40bf-85fc-91397bc98465
2024/02/28 16:24:15 TIME: 2017-07-21 17:32:28.001 +0000 UTC
2024/02/28 16:24:15 TXNTIME: 2017-07-21 17:32:28.001 +0000 UTC
2024/02/28 16:24:15 SOURCEID: GB98MIDL07009312345678
2024/02/28 16:24:15 DESTID: GB98MIDL07009312345678
2024/02/28 16:24:15 SOURCEBANKID: DEUTDEFF
2024/02/28 16:24:15 SOURCEBANKNAME: Barclays
2024/02/28 16:24:15 DESTBANKID: DEUTDEFF
2024/02/28 16:24:15 DESTBANKNAME: Lloyds
2024/02/28 16:24:15 VALUE: 10034
2024/02/28 16:24:15 REMITINFO: rent 10 Main St
2024/02/28 16:24:15 GENERATION: 4
2024/02/28 16:24:15 CURRENCY: GBP
2024/02/28 16:24:15 SERVICE: FPS
2024/02/28 16:24:15 DWELLTIME: 3 years 6 mons 4 days 12:30:05
2024/02/28 16:24:15 TRACETYPE: FRAUD
2024/02/28 16:24:15 MULESCORE: 0.87
2024/02/28 16:24:15 PARENTALERTID: e99a18c428cb38d5f260853678922e03
2024/02/28 16:24:15 MOSTRECENTFEEDBACK: ACTIONED_MULE
2024/02/28 16:24:15 DECISIONDATE: 2017-07-21 17:32:28.001 +0000 UTC
2024/02/28 16:24:15 =========================================================================================
2024/02/28 16:24:16 
2024/02/28 16:24:16                - - - -  Alert-Transaction - - - -   
2024/02/28 16:24:16 Unique-ID: 9480a8bd04428475b42fdf464b7e2327
2024/02/28 16:24:16 ID: e99a18c428cb38d5f260853678922e03
2024/02/28 16:24:16 RESPONSE:  Success  
2024/02/28 16:24:16 COUNT: 4
2024/02/28 16:24:16 TXNID: 2b588f38-d1bc-40bf-85fc-91397bc98465
2024/02/28 16:24:16 NETWORKALERTID: e99a18c428cb38d5f260853678922e03
2024/02/28 16:24:16 NETWORKID: 2b588f38-d1bc-40bf-85fc-91397bc98465
2024/02/28 16:24:16 TIME: 2017-07-21 17:32:28.001 +0000 UTC
2024/02/28 16:24:16 TXNTIME: 2017-07-21 17:32:28.001 +0000 UTC
2024/02/28 16:24:16 SOURCEID: GB98MIDL07009312345678
2024/02/28 16:24:16 DESTID: GB98MIDL07009312345678
2024/02/28 16:24:16 SOURCEBANKID: DEUTDEFF
2024/02/28 16:24:16 SOURCEBANKNAME: Barclays
2024/02/28 16:24:16 DESTBANKID: DEUTDEFF
2024/02/28 16:24:16 DESTBANKNAME: Lloyds
2024/02/28 16:24:16 VALUE: 10034
2024/02/28 16:24:16 REMITINFO: rent 10 Main St
2024/02/28 16:24:16 GENERATION: 4
2024/02/28 16:24:16 CURRENCY: GBP
2024/02/28 16:24:16 SERVICE: FPS
2024/02/28 16:24:16 DWELLTIME: 3 years 6 mons 4 days 12:30:05
2024/02/28 16:24:16 TRACETYPE: FRAUD
2024/02/28 16:24:16 MULESCORE: 0.87
2024/02/28 16:24:16 PARENTALERTID: e99a18c428cb38d5f260853678922e03
2024/02/28 16:24:16 MOSTRECENTFEEDBACK: ACTIONED_MULE
2024/02/28 16:24:16 DECISIONDATE: 2017-07-21 17:32:28.001 +0000 UTC
2024/02/28 16:24:16 =========================================================================================
2024/02/28 16:24:16 
2024/02/28 16:24:16                - - - -  Alert-Transaction - - - -   
2024/02/28 16:24:16 Unique-ID: 9aa4788a26a2e2f7410e0463dfdf03c9
2024/02/28 16:24:16 ID: e99a18c428cb38d5f260853678922e03
2024/02/28 16:24:16 RESPONSE:  Success  
2024/02/28 16:24:16 COUNT: 4
2024/02/28 16:24:16 TXNID: 2b588f38-d1bc-40bf-85fc-91397bc98465
2024/02/28 16:24:16 NETWORKALERTID: e99a18c428cb38d5f260853678922e03
2024/02/28 16:24:16 NETWORKID: 2b588f38-d1bc-40bf-85fc-91397bc98465
2024/02/28 16:24:16 TIME: 2017-07-21 17:32:28.001 +0000 UTC
2024/02/28 16:24:16 TXNTIME: 2017-07-21 17:32:28.001 +0000 UTC
2024/02/28 16:24:16 SOURCEID: GB98MIDL07009312345678
2024/02/28 16:24:16 DESTID: GB98MIDL07009312345678
2024/02/28 16:24:16 SOURCEBANKID: DEUTDEFF
2024/02/28 16:24:16 SOURCEBANKNAME: Barclays
2024/02/28 16:24:16 DESTBANKID: DEUTDEFF
2024/02/28 16:24:16 DESTBANKNAME: Lloyds
2024/02/28 16:24:16 VALUE: 10034
2024/02/28 16:24:16 REMITINFO: rent 10 Main St
2024/02/28 16:24:16 GENERATION: 4
2024/02/28 16:24:16 CURRENCY: GBP
2024/02/28 16:24:16 SERVICE: FPS
2024/02/28 16:24:16 DWELLTIME: 3 years 6 mons 4 days 12:30:05
2024/02/28 16:24:16 TRACETYPE: FRAUD
2024/02/28 16:24:16 MULESCORE: 0.87
2024/02/28 16:24:16 PARENTALERTID: e99a18c428cb38d5f260853678922e03
2024/02/28 16:24:16 MOSTRECENTFEEDBACK: ACTIONED_MULE
2024/02/28 16:24:16 DECISIONDATE: 2017-07-21 17:32:28.001 +0000 UTC
2024/02/28 16:24:16 =========================================================================================
2024/02/28 16:24:17 
2024/02/28 16:24:17                - - - -  Alert-Transaction - - - -   
2024/02/28 16:24:17 Unique-ID: 563a4601ca8f31aa19fc1f4ba8a2c5f8
2024/02/28 16:24:17 ID: e99a18c428cb38d5f260853678922e03
2024/02/28 16:24:17 RESPONSE:  Success  
2024/02/28 16:24:17 COUNT: 4
2024/02/28 16:24:17 TXNID: 2b588f38-d1bc-40bf-85fc-91397bc98465
2024/02/28 16:24:17 NETWORKALERTID: e99a18c428cb38d5f260853678922e03
2024/02/28 16:24:17 NETWORKID: 2b588f38-d1bc-40bf-85fc-91397bc98465
2024/02/28 16:24:17 TIME: 2017-07-21 17:32:28.001 +0000 UTC
2024/02/28 16:24:17 TXNTIME: 2017-07-21 17:32:28.001 +0000 UTC
2024/02/28 16:24:17 SOURCEID: GB98MIDL07009312345678
2024/02/28 16:24:17 DESTID: GB98MIDL07009312345678
2024/02/28 16:24:17 SOURCEBANKID: DEUTDEFF
2024/02/28 16:24:17 SOURCEBANKNAME: Barclays
2024/02/28 16:24:17 DESTBANKID: DEUTDEFF
2024/02/28 16:24:17 DESTBANKNAME: Lloyds
2024/02/28 16:24:17 VALUE: 10034
2024/02/28 16:24:17 REMITINFO: rent 10 Main St
2024/02/28 16:24:17 GENERATION: 4
2024/02/28 16:24:17 CURRENCY: GBP
2024/02/28 16:24:17 SERVICE: FPS
2024/02/28 16:24:17 DWELLTIME: 3 years 6 mons 4 days 12:30:05
2024/02/28 16:24:17 TRACETYPE: FRAUD
2024/02/28 16:24:17 MULESCORE: 0.87
2024/02/28 16:24:17 PARENTALERTID: e99a18c428cb38d5f260853678922e03
2024/02/28 16:24:17 MOSTRECENTFEEDBACK: ACTIONED_MULE
2024/02/28 16:24:17 DECISIONDATE: 2017-07-21 17:32:28.001 +0000 UTC
2024/02/28 16:24:17 =========================================================================================
2024/02/28 16:24:17 
2024/02/28 16:24:17                - - - -  Alert-Transaction - - - -   
2024/02/28 16:24:17 Unique-ID: 5d6a8d5fa4fee712fa4717c78ccb57f5
2024/02/28 16:24:17 ID: You have exceeded the service rate limit. Maximum allowed: ${rate_limit.output} TPS
2024/02/28 16:24:17 RESPONSE: (Rate Limit Exceeded - 429)
2024/02/28 16:24:17 COUNT: 0
2024/02/28 16:24:17 TXNID: null
2024/02/28 16:24:17 NETWORKALERTID: null
2024/02/28 16:24:17 NETWORKID: null
2024/02/28 16:24:17 TIME: 2024-02-28 16:24:17.793504 +0800 PST m=+10.258837459
2024/02/28 16:24:17 TXNTIME: 2024-02-28 16:24:17.793504 +0800 PST m=+10.258837542
2024/02/28 16:24:17 SOURCEID: null
2024/02/28 16:24:17 DESTID: null
2024/02/28 16:24:17 SOURCEBANKID: null
2024/02/28 16:24:17 SOURCEBANKNAME: null
2024/02/28 16:24:17 DESTBANKID: null
2024/02/28 16:24:17 DESTBANKNAME: null
2024/02/28 16:24:17 VALUE: 0
2024/02/28 16:24:17 REMITINFO: null
2024/02/28 16:24:17 GENERATION: 0
2024/02/28 16:24:17 CURRENCY: null
2024/02/28 16:24:17 SERVICE: null
2024/02/28 16:24:17 DWELLTIME: null
2024/02/28 16:24:17 TRACETYPE: null
2024/02/28 16:24:17 MULESCORE: 0
2024/02/28 16:24:17 PARENTALERTID: null
2024/02/28 16:24:17 MOSTRECENTFEEDBACK: null
2024/02/28 16:24:17 DECISIONDATE: 2024-02-28 16:24:17.793504 +0800 PST m=+10.258837626
2024/02/28 16:24:17 =========================================================================================
