2024/02/29 14:37:06 
2024/02/29 14:37:06                - - - -  Alert-Transaction - - - -   
2024/02/29 14:37:06 Unique-ID: b74a1e75cc014c85fa5c1575899c497e
2024/02/29 14:37:06 ID: e99a18c428cb38d5f260853678922e03
2024/02/29 14:37:06 RESPONSE:  Success  
2024/02/29 14:37:06 COUNT: 4
2024/02/29 14:37:06 TXNID: 2b588f38-d1bc-40bf-85fc-91397bc98465
2024/02/29 14:37:06 NETWORKALERTID: e99a18c428cb38d5f260853678922e03
2024/02/29 14:37:06 NETWORKID: 2b588f38-d1bc-40bf-85fc-91397bc98465
2024/02/29 14:37:06 TIME: 2017-07-21 17:32:28.001 +0000 UTC
2024/02/29 14:37:06 TXNTIME: 2017-07-21 17:32:28.001 +0000 UTC
2024/02/29 14:37:06 SOURCEID: GB98MIDL07009312345678
2024/02/29 14:37:06 DESTID: GB98MIDL07009312345678
2024/02/29 14:37:06 SOURCEBANKID: DEUTDEFF
2024/02/29 14:37:06 SOURCEBANKNAME: Barclays
2024/02/29 14:37:06 DESTBANKID: DEUTDEFF
2024/02/29 14:37:06 DESTBANKNAME: Lloyds
2024/02/29 14:37:06 VALUE: 10034
2024/02/29 14:37:06 REMITINFO: rent 10 Main St
2024/02/29 14:37:06 GENERATION: 4
2024/02/29 14:37:06 CURRENCY: GBP
2024/02/29 14:37:06 SERVICE: FPS
2024/02/29 14:37:06 DWELLTIME: 3 years 6 mons 4 days 12:30:05
2024/02/29 14:37:06 TRACETYPE: FRAUD
2024/02/29 14:37:06 MULESCORE: 0.87
2024/02/29 14:37:06 PARENTALERTID: e99a18c428cb38d5f260853678922e03
2024/02/29 14:37:06 MOSTRECENTFEEDBACK: ACTIONED_MULE
2024/02/29 14:37:06 DECISIONDATE: 2017-07-21 17:32:28.001 +0000 UTC
2024/02/29 14:37:06 =========================================================================================
2024/02/29 14:40:37 
2024/02/29 14:40:37                - - - -  Alert-Transaction - - - -   
2024/02/29 14:40:37 Unique-ID: 7af3abd80bdc0e1d8c23c0426228c13e
2024/02/29 14:40:37 ID: e99a18c428cb38d5f260853678922e03
2024/02/29 14:40:37 RESPONSE:  Success  
2024/02/29 14:40:37 COUNT: 4
2024/02/29 14:40:37 TXNID: 2b588f38-d1bc-40bf-85fc-91397bc98465
2024/02/29 14:40:37 NETWORKALERTID: e99a18c428cb38d5f260853678922e03
2024/02/29 14:40:37 NETWORKID: 2b588f38-d1bc-40bf-85fc-91397bc98465
2024/02/29 14:40:37 TIME: 2017-07-21 17:32:28.001 +0000 UTC
2024/02/29 14:40:37 TXNTIME: 2017-07-21 17:32:28.001 +0000 UTC
2024/02/29 14:40:37 SOURCEID: GB98MIDL07009312345678
2024/02/29 14:40:37 DESTID: GB98MIDL07009312345678
2024/02/29 14:40:37 SOURCEBANKID: DEUTDEFF
2024/02/29 14:40:37 SOURCEBANKNAME: Barclays
2024/02/29 14:40:37 DESTBANKID: DEUTDEFF
2024/02/29 14:40:37 DESTBANKNAME: Lloyds
2024/02/29 14:40:37 VALUE: 10034
2024/02/29 14:40:37 REMITINFO: rent 10 Main St
2024/02/29 14:40:37 GENERATION: 4
2024/02/29 14:40:37 CURRENCY: GBP
2024/02/29 14:40:37 SERVICE: FPS
2024/02/29 14:40:37 DWELLTIME: 3 years 6 mons 4 days 12:30:05
2024/02/29 14:40:37 TRACETYPE: FRAUD
2024/02/29 14:40:37 MULESCORE: 0.87
2024/02/29 14:40:37 PARENTALERTID: e99a18c428cb38d5f260853678922e03
2024/02/29 14:40:37 MOSTRECENTFEEDBACK: ACTIONED_MULE
2024/02/29 14:40:37 DECISIONDATE: 2017-07-21 17:32:28.001 +0000 UTC
2024/02/29 14:40:37 =========================================================================================
2024/02/29 14:40:38 
2024/02/29 14:40:38                - - - -  Alert-Transaction - - - -   
2024/02/29 14:40:38 Unique-ID: 4ea48e8fe22ae8eb1bc1856ed9114402
2024/02/29 14:40:38 ID: e99a18c428cb38d5f260853678922e03
2024/02/29 14:40:38 RESPONSE:  Success  
2024/02/29 14:40:38 COUNT: 4
2024/02/29 14:40:38 TXNID: 2b588f38-d1bc-40bf-85fc-91397bc98465
2024/02/29 14:40:38 NETWORKALERTID: e99a18c428cb38d5f260853678922e03
2024/02/29 14:40:38 NETWORKID: 2b588f38-d1bc-40bf-85fc-91397bc98465
2024/02/29 14:40:38 TIME: 2017-07-21 17:32:28.001 +0000 UTC
2024/02/29 14:40:38 TXNTIME: 2017-07-21 17:32:28.001 +0000 UTC
2024/02/29 14:40:38 SOURCEID: GB98MIDL07009312345678
2024/02/29 14:40:38 DESTID: GB98MIDL07009312345678
2024/02/29 14:40:38 SOURCEBANKID: DEUTDEFF
2024/02/29 14:40:38 SOURCEBANKNAME: Barclays
2024/02/29 14:40:38 DESTBANKID: DEUTDEFF
2024/02/29 14:40:38 DESTBANKNAME: Lloyds
2024/02/29 14:40:38 VALUE: 10034
2024/02/29 14:40:38 REMITINFO: rent 10 Main St
2024/02/29 14:40:38 GENERATION: 4
2024/02/29 14:40:38 CURRENCY: GBP
2024/02/29 14:40:38 SERVICE: FPS
2024/02/29 14:40:38 DWELLTIME: 3 years 6 mons 4 days 12:30:05
2024/02/29 14:40:38 TRACETYPE: FRAUD
2024/02/29 14:40:38 MULESCORE: 0.87
2024/02/29 14:40:38 PARENTALERTID: e99a18c428cb38d5f260853678922e03
2024/02/29 14:40:38 MOSTRECENTFEEDBACK: ACTIONED_MULE
2024/02/29 14:40:38 DECISIONDATE: 2017-07-21 17:32:28.001 +0000 UTC
2024/02/29 14:40:38 =========================================================================================
2024/02/29 14:40:38 
2024/02/29 14:40:38                - - - -  Alert-Transaction - - - -   
2024/02/29 14:40:38 Unique-ID: 43f5c873c44dfbd0ea4d4e01f46bd34d
2024/02/29 14:40:38 ID: e99a18c428cb38d5f260853678922e03
2024/02/29 14:40:38 RESPONSE:  Success  
2024/02/29 14:40:38 COUNT: 4
2024/02/29 14:40:38 TXNID: 2b588f38-d1bc-40bf-85fc-91397bc98465
2024/02/29 14:40:38 NETWORKALERTID: e99a18c428cb38d5f260853678922e03
2024/02/29 14:40:38 NETWORKID: 2b588f38-d1bc-40bf-85fc-91397bc98465
2024/02/29 14:40:38 TIME: 2017-07-21 17:32:28.001 +0000 UTC
2024/02/29 14:40:38 TXNTIME: 2017-07-21 17:32:28.001 +0000 UTC
2024/02/29 14:40:38 SOURCEID: GB98MIDL07009312345678
2024/02/29 14:40:38 DESTID: GB98MIDL07009312345678
2024/02/29 14:40:38 SOURCEBANKID: DEUTDEFF
2024/02/29 14:40:38 SOURCEBANKNAME: Barclays
2024/02/29 14:40:38 DESTBANKID: DEUTDEFF
2024/02/29 14:40:38 DESTBANKNAME: Lloyds
2024/02/29 14:40:38 VALUE: 10034
2024/02/29 14:40:38 REMITINFO: rent 10 Main St
2024/02/29 14:40:38 GENERATION: 4
2024/02/29 14:40:38 CURRENCY: GBP
2024/02/29 14:40:38 SERVICE: FPS
2024/02/29 14:40:38 DWELLTIME: 3 years 6 mons 4 days 12:30:05
2024/02/29 14:40:38 TRACETYPE: FRAUD
2024/02/29 14:40:38 MULESCORE: 0.87
2024/02/29 14:40:38 PARENTALERTID: e99a18c428cb38d5f260853678922e03
2024/02/29 14:40:38 MOSTRECENTFEEDBACK: ACTIONED_MULE
2024/02/29 14:40:38 DECISIONDATE: 2017-07-21 17:32:28.001 +0000 UTC
2024/02/29 14:40:38 =========================================================================================
2024/02/29 14:40:39 
2024/02/29 14:40:39                - - - -  Alert-Transaction - - - -   
2024/02/29 14:40:39 Unique-ID: 0f8ab66445cdd495e98dbc9e317b11af
2024/02/29 14:40:39 ID: e99a18c428cb38d5f260853678922e03
2024/02/29 14:40:39 RESPONSE:  Success  
2024/02/29 14:40:39 COUNT: 4
2024/02/29 14:40:39 TXNID: 2b588f38-d1bc-40bf-85fc-91397bc98465
2024/02/29 14:40:39 NETWORKALERTID: e99a18c428cb38d5f260853678922e03
2024/02/29 14:40:39 NETWORKID: 2b588f38-d1bc-40bf-85fc-91397bc98465
2024/02/29 14:40:39 TIME: 2017-07-21 17:32:28.001 +0000 UTC
2024/02/29 14:40:39 TXNTIME: 2017-07-21 17:32:28.001 +0000 UTC
2024/02/29 14:40:39 SOURCEID: GB98MIDL07009312345678
2024/02/29 14:40:39 DESTID: GB98MIDL07009312345678
2024/02/29 14:40:39 SOURCEBANKID: DEUTDEFF
2024/02/29 14:40:39 SOURCEBANKNAME: Barclays
2024/02/29 14:40:39 DESTBANKID: DEUTDEFF
2024/02/29 14:40:39 DESTBANKNAME: Lloyds
2024/02/29 14:40:39 VALUE: 10034
2024/02/29 14:40:39 REMITINFO: rent 10 Main St
2024/02/29 14:40:39 GENERATION: 4
2024/02/29 14:40:39 CURRENCY: GBP
2024/02/29 14:40:39 SERVICE: FPS
2024/02/29 14:40:39 DWELLTIME: 3 years 6 mons 4 days 12:30:05
2024/02/29 14:40:39 TRACETYPE: FRAUD
2024/02/29 14:40:39 MULESCORE: 0.87
2024/02/29 14:40:39 PARENTALERTID: e99a18c428cb38d5f260853678922e03
2024/02/29 14:40:39 MOSTRECENTFEEDBACK: ACTIONED_MULE
2024/02/29 14:40:39 DECISIONDATE: 2017-07-21 17:32:28.001 +0000 UTC
2024/02/29 14:40:39 =========================================================================================
2024/02/29 14:40:39 
2024/02/29 14:40:39                - - - -  Alert-Transaction - - - -   
2024/02/29 14:40:39 Unique-ID: 572411a2e9eed3ed64c2aa5ee58a8726
2024/02/29 14:40:39 ID: You have exceeded the service rate limit. Maximum allowed: 5 transactions per day
2024/02/29 14:40:39 RESPONSE: (Rate Limit Exceeded - 429)
2024/02/29 14:40:39 COUNT: 0
2024/02/29 14:40:39 TXNID: null
2024/02/29 14:40:39 NETWORKALERTID: null
2024/02/29 14:40:39 NETWORKID: null
2024/02/29 14:40:39 TIME: 2024-02-29 14:40:39.690976 +0800 PST m=+1265.490596334
2024/02/29 14:40:39 TXNTIME: 2024-02-29 14:40:39.690976 +0800 PST m=+1265.490596417
2024/02/29 14:40:39 SOURCEID: null
2024/02/29 14:40:39 DESTID: null
2024/02/29 14:40:39 SOURCEBANKID: null
2024/02/29 14:40:39 SOURCEBANKNAME: null
2024/02/29 14:40:39 DESTBANKID: null
2024/02/29 14:40:39 DESTBANKNAME: null
2024/02/29 14:40:39 VALUE: 0
2024/02/29 14:40:39 REMITINFO: null
2024/02/29 14:40:39 GENERATION: 0
2024/02/29 14:40:39 CURRENCY: null
2024/02/29 14:40:39 SERVICE: null
2024/02/29 14:40:39 DWELLTIME: null
2024/02/29 14:40:39 TRACETYPE: null
2024/02/29 14:40:39 MULESCORE: 0
2024/02/29 14:40:39 PARENTALERTID: null
2024/02/29 14:40:39 MOSTRECENTFEEDBACK: null
2024/02/29 14:40:39 DECISIONDATE: 2024-02-29 14:40:39.690976 +0800 PST m=+1265.490596501
2024/02/29 14:40:39 =========================================================================================
2024/02/29 14:40:40 
2024/02/29 14:40:40                - - - -  Alert-Transaction - - - -   
2024/02/29 14:40:40 Unique-ID: a66b548249cbb5cd7da4617b831a31fc
2024/02/29 14:40:40 ID: e99a18c428cb38d5f260853678922e03
2024/02/29 14:40:40 RESPONSE:  Success  
2024/02/29 14:40:40 COUNT: 4
2024/02/29 14:40:40 TXNID: 2b588f38-d1bc-40bf-85fc-91397bc98465
2024/02/29 14:40:40 NETWORKALERTID: e99a18c428cb38d5f260853678922e03
2024/02/29 14:40:40 NETWORKID: 2b588f38-d1bc-40bf-85fc-91397bc98465
2024/02/29 14:40:40 TIME: 2017-07-21 17:32:28.001 +0000 UTC
2024/02/29 14:40:40 TXNTIME: 2017-07-21 17:32:28.001 +0000 UTC
2024/02/29 14:40:40 SOURCEID: GB98MIDL07009312345678
2024/02/29 14:40:40 DESTID: GB98MIDL07009312345678
2024/02/29 14:40:40 SOURCEBANKID: DEUTDEFF
2024/02/29 14:40:40 SOURCEBANKNAME: Barclays
2024/02/29 14:40:40 DESTBANKID: DEUTDEFF
2024/02/29 14:40:40 DESTBANKNAME: Lloyds
2024/02/29 14:40:40 VALUE: 10034
2024/02/29 14:40:40 REMITINFO: rent 10 Main St
2024/02/29 14:40:40 GENERATION: 4
2024/02/29 14:40:40 CURRENCY: GBP
2024/02/29 14:40:40 SERVICE: FPS
2024/02/29 14:40:40 DWELLTIME: 3 years 6 mons 4 days 12:30:05
2024/02/29 14:40:40 TRACETYPE: FRAUD
2024/02/29 14:40:40 MULESCORE: 0.87
2024/02/29 14:40:40 PARENTALERTID: e99a18c428cb38d5f260853678922e03
2024/02/29 14:40:40 MOSTRECENTFEEDBACK: ACTIONED_MULE
2024/02/29 14:40:40 DECISIONDATE: 2017-07-21 17:32:28.001 +0000 UTC
2024/02/29 14:40:40 =========================================================================================
2024/02/29 14:40:41 
2024/02/29 14:40:41                - - - -  Alert-Transaction - - - -   
2024/02/29 14:40:41 Unique-ID: 4ff0b0f50a8863430deaaf77ff8fdd33
2024/02/29 14:40:41 ID: e99a18c428cb38d5f260853678922e03
2024/02/29 14:40:41 RESPONSE:  Success  
2024/02/29 14:40:41 COUNT: 4
2024/02/29 14:40:41 TXNID: 2b588f38-d1bc-40bf-85fc-91397bc98465
2024/02/29 14:40:41 NETWORKALERTID: e99a18c428cb38d5f260853678922e03
2024/02/29 14:40:41 NETWORKID: 2b588f38-d1bc-40bf-85fc-91397bc98465
2024/02/29 14:40:41 TIME: 2017-07-21 17:32:28.001 +0000 UTC
2024/02/29 14:40:41 TXNTIME: 2017-07-21 17:32:28.001 +0000 UTC
2024/02/29 14:40:41 SOURCEID: GB98MIDL07009312345678
2024/02/29 14:40:41 DESTID: GB98MIDL07009312345678
2024/02/29 14:40:41 SOURCEBANKID: DEUTDEFF
2024/02/29 14:40:41 SOURCEBANKNAME: Barclays
2024/02/29 14:40:41 DESTBANKID: DEUTDEFF
2024/02/29 14:40:41 DESTBANKNAME: Lloyds
2024/02/29 14:40:41 VALUE: 10034
2024/02/29 14:40:41 REMITINFO: rent 10 Main St
2024/02/29 14:40:41 GENERATION: 4
2024/02/29 14:40:41 CURRENCY: GBP
2024/02/29 14:40:41 SERVICE: FPS
2024/02/29 14:40:41 DWELLTIME: 3 years 6 mons 4 days 12:30:05
2024/02/29 14:40:41 TRACETYPE: FRAUD
2024/02/29 14:40:41 MULESCORE: 0.87
2024/02/29 14:40:41 PARENTALERTID: e99a18c428cb38d5f260853678922e03
2024/02/29 14:40:41 MOSTRECENTFEEDBACK: ACTIONED_MULE
2024/02/29 14:40:41 DECISIONDATE: 2017-07-21 17:32:28.001 +0000 UTC
2024/02/29 14:40:41 =========================================================================================
2024/02/29 14:40:41 
2024/02/29 14:40:41                - - - -  Alert-Transaction - - - -   
2024/02/29 14:40:41 Unique-ID: f3cb95de7a76852ffc015a95666e1c7e
2024/02/29 14:40:41 ID: e99a18c428cb38d5f260853678922e03
2024/02/29 14:40:41 RESPONSE:  Success  
2024/02/29 14:40:41 COUNT: 4
2024/02/29 14:40:41 TXNID: 2b588f38-d1bc-40bf-85fc-91397bc98465
2024/02/29 14:40:41 NETWORKALERTID: e99a18c428cb38d5f260853678922e03
2024/02/29 14:40:41 NETWORKID: 2b588f38-d1bc-40bf-85fc-91397bc98465
2024/02/29 14:40:41 TIME: 2017-07-21 17:32:28.001 +0000 UTC
2024/02/29 14:40:41 TXNTIME: 2017-07-21 17:32:28.001 +0000 UTC
2024/02/29 14:40:41 SOURCEID: GB98MIDL07009312345678
2024/02/29 14:40:41 DESTID: GB98MIDL07009312345678
2024/02/29 14:40:41 SOURCEBANKID: DEUTDEFF
2024/02/29 14:40:41 SOURCEBANKNAME: Barclays
2024/02/29 14:40:41 DESTBANKID: DEUTDEFF
2024/02/29 14:40:41 DESTBANKNAME: Lloyds
2024/02/29 14:40:41 VALUE: 10034
2024/02/29 14:40:41 REMITINFO: rent 10 Main St
2024/02/29 14:40:41 GENERATION: 4
2024/02/29 14:40:41 CURRENCY: GBP
2024/02/29 14:40:41 SERVICE: FPS
2024/02/29 14:40:41 DWELLTIME: 3 years 6 mons 4 days 12:30:05
2024/02/29 14:40:41 TRACETYPE: FRAUD
2024/02/29 14:40:41 MULESCORE: 0.87
2024/02/29 14:40:41 PARENTALERTID: e99a18c428cb38d5f260853678922e03
2024/02/29 14:40:41 MOSTRECENTFEEDBACK: ACTIONED_MULE
2024/02/29 14:40:41 DECISIONDATE: 2017-07-21 17:32:28.001 +0000 UTC
2024/02/29 14:40:41 =========================================================================================
2024/02/29 16:44:49 
2024/02/29 16:44:49                - - - -  Alert-Transaction - - - -   
2024/02/29 16:44:49 Unique-ID: 2690c3b091e9f2689800fd4730219512
2024/02/29 16:44:49 ID: e99a18c428cb38d5f260853678922e03
2024/02/29 16:44:49 RESPONSE:  Success  
2024/02/29 16:44:49 COUNT: 4
2024/02/29 16:44:49 TXNID: 2b588f38-d1bc-40bf-85fc-91397bc98465
2024/02/29 16:44:49 NETWORKALERTID: e99a18c428cb38d5f260853678922e03
2024/02/29 16:44:49 NETWORKID: 2b588f38-d1bc-40bf-85fc-91397bc98465
2024/02/29 16:44:49 TIME: 2017-07-21 17:32:28.001 +0000 UTC
2024/02/29 16:44:49 TXNTIME: 2017-07-21 17:32:28.001 +0000 UTC
2024/02/29 16:44:49 SOURCEID: GB98MIDL07009312345678
2024/02/29 16:44:49 DESTID: GB98MIDL07009312345678
2024/02/29 16:44:49 SOURCEBANKID: DEUTDEFF
2024/02/29 16:44:49 SOURCEBANKNAME: Barclays
2024/02/29 16:44:49 DESTBANKID: DEUTDEFF
2024/02/29 16:44:49 DESTBANKNAME: Lloyds
2024/02/29 16:44:49 VALUE: 10034
2024/02/29 16:44:49 REMITINFO: rent 10 Main St
2024/02/29 16:44:49 GENERATION: 4
2024/02/29 16:44:49 CURRENCY: GBP
2024/02/29 16:44:49 SERVICE: FPS
2024/02/29 16:44:49 DWELLTIME: 3 years 6 mons 4 days 12:30:05
2024/02/29 16:44:49 TRACETYPE: FRAUD
2024/02/29 16:44:49 MULESCORE: 0.87
2024/02/29 16:44:49 PARENTALERTID: e99a18c428cb38d5f260853678922e03
2024/02/29 16:44:49 MOSTRECENTFEEDBACK: ACTIONED_MULE
2024/02/29 16:44:49 DECISIONDATE: 2017-07-21 17:32:28.001 +0000 UTC
2024/02/29 16:44:49 =========================================================================================
2024/02/29 23:55:28 
INFO: 2024/02/29 23:55:28                - - - - Alert-Transaction - - - -   
INFO: 2024/02/29 23:55:28 Unique-ID: 12ec805acc529b545322544a18dec58d
INFO: 2024/02/29 23:55:28 ID-: e99a18c428cb38d5f260853678922e03
INFO: 2024/02/29 23:55:28 RESPONSE:  Success  
INFO: 2024/02/29 23:55:28 COUNT: 4
INFO: 2024/02/29 23:55:28 TXNID: 2b588f38-d1bc-40bf-85fc-91397bc98465
INFO: 2024/02/29 23:55:28 NETWORKALERTID: e99a18c428cb38d5f260853678922e03
INFO: 2024/02/29 23:55:28 NETWORKID: 2b588f38-d1bc-40bf-85fc-91397bc98465
INFO: 2024/02/29 23:55:28 Time: 2017-07-21 17:32:28.001 +0000 UTC
INFO: 2024/02/29 23:55:28 TXNTIME: 2017-07-21 17:32:28.001 +0000 UTC
INFO: 2024/02/29 23:55:28 SOURCEID: GB98MIDL07009312345678
INFO: 2024/02/29 23:55:28 DESTID: GB98MIDL07009312345678
INFO: 2024/02/29 23:55:28 SOURCEBANKID: DEUTDEFF
INFO: 2024/02/29 23:55:28 SOURCEBANKNAME: Barclays
INFO: 2024/02/29 23:55:28 DESTBANKID: DEUTDEFF
INFO: 2024/02/29 23:55:28 DESTBANKNAME: Lloyds
INFO: 2024/02/29 23:55:28 VALUE: 10034
INFO: 2024/02/29 23:55:28 REMITINFO: rent 10 Main St
INFO: 2024/02/29 23:55:28 GENERATION: 4
INFO: 2024/02/29 23:55:28 CURRENCY: GBP
INFO: 2024/02/29 23:55:28 SERVICE: FPS
INFO: 2024/02/29 23:55:28 DWELLTIME: 3 years 6 mons 4 days 12:30:05
INFO: 2024/02/29 23:55:28 TRACETYPE: FRAUD
INFO: 2024/02/29 23:55:28 MULESCORE: 0.87
INFO: 2024/02/29 23:55:28 PARENTALERTID: e99a18c428cb38d5f260853678922e03
INFO: 2024/02/29 23:55:28 MOSTRECENTFEEDBACK: ACTIONED_MULE
INFO: 2024/02/29 23:55:28 DECISIONDATE: 2017-07-21 17:32:28.001 +0000 UTC
INFO: 2024/02/29 23:55:28 =========================================================================================
2024/02/29 23:55:28 
2024/02/29 23:55:28 
INFO: 2024/02/29 23:55:28                - - - - Alert-Transaction - - - -   
INFO: 2024/02/29 23:55:28 Unique-ID: 12ec805acc529b545322544a18dec58d
INFO: 2024/02/29 23:55:28 ID-: e99a18c428cb38d5f260853678922e23
INFO: 2024/02/29 23:55:28 RESPONSE:  Success  
INFO: 2024/02/29 23:55:28 COUNT: 4
INFO: 2024/02/29 23:55:28 TXNID: 2b588f38-d1bc-40bf-85fc-91397bc98423
INFO: 2024/02/29 23:55:28 NETWORKALERTID: e99a18c428cb38d5f260853678922e23
INFO: 2024/02/29 23:55:28 NETWORKID: e99a18c428cb38d5f260853678922e23
INFO: 2024/02/29 23:55:28 Time: 2017-07-21 12:00:00 +0000 UTC
INFO: 2024/02/29 23:55:28 TXNTIME: 2017-07-21 12:00:00 +0000 UTC
INFO: 2024/02/29 23:55:28 SOURCEID: GB98MIDL07009312345678
INFO: 2024/02/29 23:55:28 DESTID: GB98MIDL07009312345656
INFO: 2024/02/29 23:55:28 SOURCEBANKID: DEUTDEFF
INFO: 2024/02/29 23:55:28 SOURCEBANKNAME: Barclays
INFO: 2024/02/29 23:55:28 DESTBANKID: DEUTDEFF
INFO: 2024/02/29 23:55:28 DESTBANKNAME: Lloyds
INFO: 2024/02/29 23:55:28 VALUE: 56143
INFO: 2024/02/29 23:55:28 REMITINFO: rent 10 Main St
INFO: 2024/02/29 23:55:28 GENERATION: 4
INFO: 2024/02/29 23:55:28 CURRENCY: GBP
INFO: 2024/02/29 23:55:28 SERVICE: FPS
INFO: 2024/02/29 23:55:28 DWELLTIME: 3 years 6 mons 4 days 12:30:05
INFO: 2024/02/29 23:55:28 TRACETYPE: FRAUD
INFO: 2024/02/29 23:55:28 MULESCORE: 0.87
INFO: 2024/02/29 23:55:28 PARENTALERTID: e99a18c428cb38d5f260853678922e34
INFO: 2024/02/29 23:55:28 MOSTRECENTFEEDBACK: ACTIONED_MULE
INFO: 2024/02/29 23:55:28 DECISIONDATE: 2024-02-26 17:32:28.001 +0000 UTC
INFO: 2024/02/29 23:55:28 =========================================================================================
2024/02/29 23:55:28 
2024/02/29 23:55:28 
INFO: 2024/02/29 23:55:28                - - - - Alert-Transaction - - - -   
INFO: 2024/02/29 23:55:28 Unique-ID: 12ec805acc529b545322544a18dec58d
INFO: 2024/02/29 23:55:28 ID-: e99a18c428cb38d5f260853678922e34
INFO: 2024/02/29 23:55:28 RESPONSE:  Success  
INFO: 2024/02/29 23:55:28 COUNT: 4
INFO: 2024/02/29 23:55:28 TXNID: e99a18c428cb38d5f260853678922e34
INFO: 2024/02/29 23:55:28 NETWORKALERTID: e99a18c428cb38d5f260853678922e34
INFO: 2024/02/29 23:55:28 NETWORKID: e99a18c428cb38d5f260853678922e34
INFO: 2024/02/29 23:55:28 Time: 2017-07-21 17:32:28.001 +0000 UTC
INFO: 2024/02/29 23:55:28 TXNTIME: 2017-07-21 17:32:28.001 +0000 UTC
INFO: 2024/02/29 23:55:28 SOURCEID: GB98MIDL07009312345678
INFO: 2024/02/29 23:55:28 DESTID: GB98MIDL07009312345656
INFO: 2024/02/29 23:55:28 SOURCEBANKID: DEUTDEFF
INFO: 2024/02/29 23:55:28 SOURCEBANKNAME: Barclays
INFO: 2024/02/29 23:55:28 DESTBANKID: DEUTDEFF
INFO: 2024/02/29 23:55:28 DESTBANKNAME: Lloyds
INFO: 2024/02/29 23:55:28 VALUE: 56143
INFO: 2024/02/29 23:55:28 REMITINFO: rent 10 Main St
INFO: 2024/02/29 23:55:28 GENERATION: 11
INFO: 2024/02/29 23:55:28 CURRENCY: GBP
INFO: 2024/02/29 23:55:28 SERVICE: FPS
INFO: 2024/02/29 23:55:28 DWELLTIME: 3 years 6 mons 4 days 12:30:05
INFO: 2024/02/29 23:55:28 TRACETYPE: FRAUD
INFO: 2024/02/29 23:55:28 MULESCORE: 0.87
INFO: 2024/02/29 23:55:28 PARENTALERTID: e99a18c428cb38d5f260853678922e34
INFO: 2024/02/29 23:55:28 MOSTRECENTFEEDBACK: ACTIONED_MULE
INFO: 2024/02/29 23:55:28 DECISIONDATE: 2024-02-26 17:32:28.001 +0000 UTC
INFO: 2024/02/29 23:55:28 =========================================================================================
2024/02/29 23:55:28 
2024/02/29 23:55:28 
INFO: 2024/02/29 23:55:28                - - - - Alert-Transaction - - - -   
INFO: 2024/02/29 23:55:28 Unique-ID: 12ec805acc529b545322544a18dec58d
INFO: 2024/02/29 23:55:28 ID-: e99a18c428cb38d5f260853678922e12
INFO: 2024/02/29 23:55:28 RESPONSE:  Success  
INFO: 2024/02/29 23:55:28 COUNT: 4
INFO: 2024/02/29 23:55:28 TXNID: 2b588f38-d1bc-40bf-85fc-91397bc98434
INFO: 2024/02/29 23:55:28 NETWORKALERTID: e99a18c428cb38d5f260853678922e34
INFO: 2024/02/29 23:55:28 NETWORKID: e99a18c428cb38d5f260853678922e34
INFO: 2024/02/29 23:55:28 Time: 2017-07-21 17:32:28.001 +0000 UTC
INFO: 2024/02/29 23:55:28 TXNTIME: 2017-07-21 17:32:28.001 +0000 UTC
INFO: 2024/02/29 23:55:28 SOURCEID: GB98MIDL07009312345678
INFO: 2024/02/29 23:55:28 DESTID: GB98MIDL07009312345656
INFO: 2024/02/29 23:55:28 SOURCEBANKID: DEUTDEFF
INFO: 2024/02/29 23:55:28 SOURCEBANKNAME: Barclays
INFO: 2024/02/29 23:55:28 DESTBANKID: DEUTDEFF
INFO: 2024/02/29 23:55:28 DESTBANKNAME: Lloyds
INFO: 2024/02/29 23:55:28 VALUE: 56143
INFO: 2024/02/29 23:55:28 REMITINFO: rent 10 Main St
INFO: 2024/02/29 23:55:28 GENERATION: 12
INFO: 2024/02/29 23:55:28 CURRENCY: PHP
INFO: 2024/02/29 23:55:28 SERVICE: FPS
INFO: 2024/02/29 23:55:28 DWELLTIME: 3 years 6 mons 4 days 12:30:05
INFO: 2024/02/29 23:55:28 TRACETYPE: NONE
INFO: 2024/02/29 23:55:28 MULESCORE: 0.87
INFO: 2024/02/29 23:55:28 PARENTALERTID: e99a18c428cb38d5f260853678922e34
INFO: 2024/02/29 23:55:28 MOSTRECENTFEEDBACK: WEW
INFO: 2024/02/29 23:55:28 DECISIONDATE: 2020-01-01 17:32:28.001 +0000 UTC
INFO: 2024/02/29 23:55:28 =========================================================================================
2024/02/29 23:55:28 
