2024/04/15 14:48:51 
INFO: 2024/04/15 14:48:51                - - - - Trace_Credittransfer - - - -   
INFO: 2024/04/15 14:48:51 Unique-ID: de88e60e94038693aac97da558622767
INFO: 2024/04/15 14:48:51 DECISIONDATE: 2024-04-15 14:48:50
INFO: 2024/04/15 14:48:51 RESPONSE:  Success  
INFO: 2024/04/15 14:48:51 INSTRUCTION_ID: 20230908CAMZPHM2XXXB00000000002120
INFO: 2024/04/15 14:48:51 TRANSACTIONTYPE: SENDER
INFO: 2024/04/15 14:48:51 STATUS: SUCCESS
INFO: 2024/04/15 14:48:51 TRACE_ALERT: TRACE_FINANCIAL_CRIME
INFO: 2024/04/15 14:48:51 TRACE_TYPE: FRAUD
INFO: 2024/04/15 14:48:51 ALERT_TYPE: NETWORK_ALERT
INFO: 2024/04/15 14:48:51 REASONCODE: NONE
INFO: 2024/04/15 14:48:51 LOCALINSTRUMENT: ICRT
INFO: 2024/04/15 14:48:51 REFERENCEID: IFT56-1694160071150
INFO: 2024/04/15 14:48:51 SENDERBIC: CAMZPHM2XXX
INFO: 2024/04/15 14:48:51 SENDERNAME: Quinta Ben
INFO: 2024/04/15 14:48:51 SENDERACCOUNT: 1030000013856053
INFO: 2024/04/15 14:48:51 AMOUNT: 10
INFO: 2024/04/15 14:48:51 AMOUNTCURRENCY: PHP
INFO: 2024/04/15 14:48:51 RECEIVINGBIC: SRCPPHM2XXX
INFO: 2024/04/15 14:48:51 RECEIVINGNAME: Yen
INFO: 2024/04/15 14:48:51 RECEIVINGACCOUNT: 09176296115
2024/04/15 14:48:51 
2024/04/15 14:48:51 
INFO: 2024/04/15 14:48:51                - - - - Trace_Credittransfer - - - -   
INFO: 2024/04/15 14:48:51 Unique-ID: de88e60e94038693aac97da558622767
INFO: 2024/04/15 14:48:51 DECISIONDATE: 2024-04-15 14:48:50
INFO: 2024/04/15 14:48:51 RESPONSE:  Success  
INFO: 2024/04/15 14:48:51 INSTRUCTION_ID: 20231124CAMZPHM2XXXB00000000002773
INFO: 2024/04/15 14:48:51 TRANSACTIONTYPE: SENDER
INFO: 2024/04/15 14:48:51 STATUS: SUCCESS-ACTC
INFO: 2024/04/15 14:48:51 TRACE_ALERT: TRACE_FINANCIAL_CRIME
INFO: 2024/04/15 14:48:51 TRACE_TYPE: FRAUD
INFO: 2024/04/15 14:48:51 ALERT_TYPE: NETWORK_ALERT
INFO: 2024/04/15 14:48:51 REASONCODE: NONE
INFO: 2024/04/15 14:48:51 LOCALINSTRUMENT: ICRT
INFO: 2024/04/15 14:48:51 REFERENCEID: IFT847-1687744873497
INFO: 2024/04/15 14:48:51 SENDERBIC: CAMZPHM2XXX
INFO: 2024/04/15 14:48:51 SENDERNAME: Bernard
INFO: 2024/04/15 14:48:51 SENDERACCOUNT: 1030000000502918
INFO: 2024/04/15 14:48:51 AMOUNT: 60000
INFO: 2024/04/15 14:48:51 AMOUNTCURRENCY: PHP
INFO: 2024/04/15 14:48:51 RECEIVINGBIC: SRCPPHM2XXX
INFO: 2024/04/15 14:48:51 RECEIVINGNAME: George
INFO: 2024/04/15 14:48:51 RECEIVINGACCOUNT: 09176296115
2024/04/15 14:48:51 
2024/04/15 14:49:20 
INFO: 2024/04/15 14:49:20                - - - - Trace_Credittransfer - - - -   
INFO: 2024/04/15 14:49:20 Unique-ID: 671cd38fbcf95fef0b526511050c002c
INFO: 2024/04/15 14:49:20 DECISIONDATE: 2024-04-15 14:49:20
INFO: 2024/04/15 14:49:20 RESPONSE:  Success  
INFO: 2024/04/15 14:49:20 INSTRUCTION_ID: 20230908CAMZPHM2XXXB00000000002120
INFO: 2024/04/15 14:49:20 TRANSACTIONTYPE: SENDER
INFO: 2024/04/15 14:49:20 STATUS: SUCCESS
INFO: 2024/04/15 14:49:20 TRACE_ALERT: TRACE_FINANCIAL_CRIME
INFO: 2024/04/15 14:49:20 TRACE_TYPE: FRAUD
INFO: 2024/04/15 14:49:20 ALERT_TYPE: NETWORK_ALERT
INFO: 2024/04/15 14:49:20 REASONCODE: NONE
INFO: 2024/04/15 14:49:20 LOCALINSTRUMENT: ICRT
INFO: 2024/04/15 14:49:20 REFERENCEID: IFT56-1694160071150
INFO: 2024/04/15 14:49:20 SENDERBIC: CAMZPHM2XXX
INFO: 2024/04/15 14:49:20 SENDERNAME: Quinta Ben
INFO: 2024/04/15 14:49:20 SENDERACCOUNT: 1030000013856053
INFO: 2024/04/15 14:49:20 AMOUNT: 10
INFO: 2024/04/15 14:49:20 AMOUNTCURRENCY: PHP
INFO: 2024/04/15 14:49:20 RECEIVINGBIC: SRCPPHM2XXX
INFO: 2024/04/15 14:49:20 RECEIVINGNAME: Yen
INFO: 2024/04/15 14:49:20 RECEIVINGACCOUNT: 09176296115
2024/04/15 14:49:20 
2024/04/15 14:49:20 
INFO: 2024/04/15 14:49:20                - - - - Trace_Credittransfer - - - -   
INFO: 2024/04/15 14:49:20 Unique-ID: 671cd38fbcf95fef0b526511050c002c
INFO: 2024/04/15 14:49:20 DECISIONDATE: 2024-04-15 14:49:20
INFO: 2024/04/15 14:49:20 RESPONSE:  Success  
INFO: 2024/04/15 14:49:20 INSTRUCTION_ID: 20231124CAMZPHM2XXXB00000000002773
INFO: 2024/04/15 14:49:20 TRANSACTIONTYPE: SENDER
INFO: 2024/04/15 14:49:20 STATUS: SUCCESS-ACTC
INFO: 2024/04/15 14:49:20 TRACE_ALERT: TRACE_FINANCIAL_CRIME
INFO: 2024/04/15 14:49:20 TRACE_TYPE: FRAUD
INFO: 2024/04/15 14:49:20 ALERT_TYPE: NETWORK_ALERT
INFO: 2024/04/15 14:49:20 REASONCODE: NONE
INFO: 2024/04/15 14:49:20 LOCALINSTRUMENT: ICRT
INFO: 2024/04/15 14:49:20 REFERENCEID: IFT847-1687744873497
INFO: 2024/04/15 14:49:20 SENDERBIC: CAMZPHM2XXX
INFO: 2024/04/15 14:49:20 SENDERNAME: Bernard
INFO: 2024/04/15 14:49:20 SENDERACCOUNT: 1030000000502918
INFO: 2024/04/15 14:49:20 AMOUNT: 60000
INFO: 2024/04/15 14:49:20 AMOUNTCURRENCY: PHP
INFO: 2024/04/15 14:49:20 RECEIVINGBIC: SRCPPHM2XXX
INFO: 2024/04/15 14:49:20 RECEIVINGNAME: George
INFO: 2024/04/15 14:49:20 RECEIVINGACCOUNT: 09176296115
2024/04/15 14:49:20 
2024/04/15 14:49:20 
INFO: 2024/04/15 14:49:20                - - - - Trace_Credittransfer - - - -   
INFO: 2024/04/15 14:49:20 Unique-ID: 671cd38fbcf95fef0b526511050c002c
INFO: 2024/04/15 14:49:20 DECISIONDATE: 2024-04-15 14:49:20
INFO: 2024/04/15 14:49:20 RESPONSE:  Success  
INFO: 2024/04/15 14:49:20 INSTRUCTION_ID: 20230908UBPHPHMMXXXB104302748696632
INFO: 2024/04/15 14:49:20 TRANSACTIONTYPE: RECEIVER
INFO: 2024/04/15 14:49:20 STATUS: REVERSED
INFO: 2024/04/15 14:49:20 TRACE_ALERT: TRACE_FINANCIAL_CRIME
INFO: 2024/04/15 14:49:20 TRACE_TYPE: FRAUD
INFO: 2024/04/15 14:49:20 ALERT_TYPE: NETWORK_ALERT
INFO: 2024/04/15 14:49:20 REASONCODE: AC01
INFO: 2024/04/15 14:49:20 LOCALINSTRUMENT: ICRT
INFO: 2024/04/15 14:49:20 REFERENCEID: 0
INFO: 2024/04/15 14:49:20 SENDERBIC: UBPHPHMMXXX
INFO: 2024/04/15 14:49:20 SENDERNAME: Jose Cuevro
INFO: 2024/04/15 14:49:20 SENDERACCOUNT: 109820000061
INFO: 2024/04/15 14:49:20 AMOUNT: 5
INFO: 2024/04/15 14:49:20 AMOUNTCURRENCY: PHP
INFO: 2024/04/15 14:49:20 RECEIVINGBIC: CAMZPHM2XXX
INFO: 2024/04/15 14:49:20 RECEIVINGNAME: Jack Daniels
INFO: 2024/04/15 14:49:20 RECEIVINGACCOUNT: 109820000061AA
2024/04/15 14:49:20 
2024/04/15 14:49:20 
INFO: 2024/04/15 14:49:20                - - - - Trace_Credittransfer - - - -   
INFO: 2024/04/15 14:49:20 Unique-ID: 671cd38fbcf95fef0b526511050c002c
INFO: 2024/04/15 14:49:20 DECISIONDATE: 2024-04-15 14:49:20
INFO: 2024/04/15 14:49:20 RESPONSE:  Success  
INFO: 2024/04/15 14:49:20 INSTRUCTION_ID: 20231124CAMZPHM2XXXB00000000002774
INFO: 2024/04/15 14:49:20 TRANSACTIONTYPE: SENDER
INFO: 2024/04/15 14:49:20 STATUS: SUCCESS-ACTC
INFO: 2024/04/15 14:49:20 TRACE_ALERT: TRACE_FINANCIAL_CRIME
INFO: 2024/04/15 14:49:20 TRACE_TYPE: FRAUD
INFO: 2024/04/15 14:49:20 ALERT_TYPE: NETWORK_ALERT
INFO: 2024/04/15 14:49:20 REASONCODE: NONE
INFO: 2024/04/15 14:49:20 LOCALINSTRUMENT: ICRT
INFO: 2024/04/15 14:49:20 REFERENCEID: IFT847-1687744873497
INFO: 2024/04/15 14:49:20 SENDERBIC: CAMZPHM2XXX
INFO: 2024/04/15 14:49:20 SENDERNAME: Bernard
INFO: 2024/04/15 14:49:20 SENDERACCOUNT: 1030000000502918
INFO: 2024/04/15 14:49:20 AMOUNT: 60000
INFO: 2024/04/15 14:49:20 AMOUNTCURRENCY: PHP
INFO: 2024/04/15 14:49:20 RECEIVINGBIC: SRCPPHM2XXX
INFO: 2024/04/15 14:49:20 RECEIVINGNAME: George
INFO: 2024/04/15 14:49:20 RECEIVINGACCOUNT: 09176296115
2024/04/15 14:49:20 
