2024/04/16 08:16:29 
INFO: 2024/04/16 08:16:29                - - - - Trace_Credittransfer - - - -   
INFO: 2024/04/16 08:16:29 Unique-ID: 28cc46cf324f03b2660273e762a4059f
INFO: 2024/04/16 08:16:29 DECISIONDATE: 2024-04-16 08:16:29
INFO: 2024/04/16 08:16:29 RESPONSE:  Success  
INFO: 2024/04/16 08:16:29 INSTRUCTION_ID: 20230907CAMZPHM2XXXB00000000002068
INFO: 2024/04/16 08:16:29 TRANSACTIONTYPE: SENDER
INFO: 2024/04/16 08:16:29 STATUS: SUCCESS
INFO: 2024/04/16 08:16:29 TRACE_ALERT: ALERT_FINANCIAL_CRIME
INFO: 2024/04/16 08:16:29 TRACE_TYPE: NONE
INFO: 2024/04/16 08:16:29 ALERT_TYPE: ACCOUNT_ALERT
INFO: 2024/04/16 08:16:29 REASONCODE: NONE
INFO: 2024/04/16 08:16:29 LOCALINSTRUMENT: ICRT
INFO: 2024/04/16 08:16:29 REFERENCEID: IFT56-1694068484135
INFO: 2024/04/16 08:16:29 SENDERBIC: CAMZPHM2XXX
INFO: 2024/04/16 08:16:29 SENDERNAME: Quinta Ben
INFO: 2024/04/16 08:16:29 SENDERACCOUNT: 1030000013856053
INFO: 2024/04/16 08:16:29 AMOUNT: 100
INFO: 2024/04/16 08:16:29 AMOUNTCURRENCY: PHP
INFO: 2024/04/16 08:16:29 RECEIVINGBIC: UBPHPHMMXXX
INFO: 2024/04/16 08:16:29 RECEIVINGNAME: AD George Polintang
INFO: 2024/04/16 08:16:29 RECEIVINGACCOUNT: 000010094477
2024/04/16 08:16:29 
2024/04/16 08:16:29 
INFO: 2024/04/16 08:16:29                - - - - Trace_Credittransfer - - - -   
INFO: 2024/04/16 08:16:29 Unique-ID: 28cc46cf324f03b2660273e762a4059f
INFO: 2024/04/16 08:16:29 DECISIONDATE: 2024-04-16 08:16:29
INFO: 2024/04/16 08:16:29 RESPONSE:  Success  
INFO: 2024/04/16 08:16:29 INSTRUCTION_ID: 20230907CAMZPHM2XXXB00000000002069
INFO: 2024/04/16 08:16:29 TRANSACTIONTYPE: SENDER
INFO: 2024/04/16 08:16:29 STATUS: FAILED
INFO: 2024/04/16 08:16:29 TRACE_ALERT: ALERT_FINANCIAL_CRIME
INFO: 2024/04/16 08:16:29 TRACE_TYPE: NONE
INFO: 2024/04/16 08:16:29 ALERT_TYPE: ACCOUNT_ALERT
INFO: 2024/04/16 08:16:29 REASONCODE: AB10
INFO: 2024/04/16 08:16:29 LOCALINSTRUMENT: ICRT
INFO: 2024/04/16 08:16:29 REFERENCEID: IFT56-1694068537087
INFO: 2024/04/16 08:16:29 SENDERBIC: CAMZPHM2XXX
INFO: 2024/04/16 08:16:29 SENDERNAME: Quinta Ben
INFO: 2024/04/16 08:16:29 SENDERACCOUNT: 1030000013856053
INFO: 2024/04/16 08:16:29 AMOUNT: 100
INFO: 2024/04/16 08:16:29 AMOUNTCURRENCY: PHP
INFO: 2024/04/16 08:16:29 RECEIVINGBIC: UBPHPHMMXXX
INFO: 2024/04/16 08:16:29 RECEIVINGNAME: AD George Polintang
INFO: 2024/04/16 08:16:29 RECEIVINGACCOUNT: 000000000000
2024/04/16 08:16:29 
2024/04/16 08:16:29 
INFO: 2024/04/16 08:16:29                - - - - Trace_Credittransfer - - - -   
INFO: 2024/04/16 08:16:29 Unique-ID: 28cc46cf324f03b2660273e762a4059f
INFO: 2024/04/16 08:16:29 DECISIONDATE: 2024-04-16 08:16:29
INFO: 2024/04/16 08:16:29 RESPONSE:  Success  
INFO: 2024/04/16 08:16:29 INSTRUCTION_ID: 20230908CAMZPHM2XXXB00000000002120
INFO: 2024/04/16 08:16:29 TRANSACTIONTYPE: SENDER
INFO: 2024/04/16 08:16:29 STATUS: SUCCESS
INFO: 2024/04/16 08:16:29 TRACE_ALERT: ALERT_FINANCIAL_CRIME
INFO: 2024/04/16 08:16:29 TRACE_TYPE: NONE
INFO: 2024/04/16 08:16:29 ALERT_TYPE: ACCOUNT_ALERT
INFO: 2024/04/16 08:16:29 REASONCODE: NONE
INFO: 2024/04/16 08:16:29 LOCALINSTRUMENT: ICRT
INFO: 2024/04/16 08:16:29 REFERENCEID: IFT56-1694160071150
INFO: 2024/04/16 08:16:29 SENDERBIC: CAMZPHM2XXX
INFO: 2024/04/16 08:16:29 SENDERNAME: Quinta Ben
INFO: 2024/04/16 08:16:29 SENDERACCOUNT: 1030000013856053
INFO: 2024/04/16 08:16:29 AMOUNT: 10
INFO: 2024/04/16 08:16:29 AMOUNTCURRENCY: PHP
INFO: 2024/04/16 08:16:29 RECEIVINGBIC: SRCPPHM2XXX
INFO: 2024/04/16 08:16:29 RECEIVINGNAME: Yen
INFO: 2024/04/16 08:16:29 RECEIVINGACCOUNT: 09176296115
2024/04/16 08:16:29 
2024/04/16 08:16:29 
INFO: 2024/04/16 08:16:29                - - - - Trace_Credittransfer - - - -   
INFO: 2024/04/16 08:16:29 Unique-ID: 28cc46cf324f03b2660273e762a4059f
INFO: 2024/04/16 08:16:29 DECISIONDATE: 2024-04-16 08:16:29
INFO: 2024/04/16 08:16:29 RESPONSE:  Success  
INFO: 2024/04/16 08:16:29 INSTRUCTION_ID: 20230907CAMZPHM2XXXB00000000002071
INFO: 2024/04/16 08:16:29 TRANSACTIONTYPE: SENDER
INFO: 2024/04/16 08:16:29 STATUS: SUCCESS
INFO: 2024/04/16 08:16:29 TRACE_ALERT: ALERT_FINANCIAL_CRIME
INFO: 2024/04/16 08:16:29 TRACE_TYPE: NONE
INFO: 2024/04/16 08:16:29 ALERT_TYPE: ACCOUNT_ALERT
INFO: 2024/04/16 08:16:29 REASONCODE: NONE
INFO: 2024/04/16 08:16:29 LOCALINSTRUMENT: ICRT
INFO: 2024/04/16 08:16:29 REFERENCEID: IFT56-1694069752251
INFO: 2024/04/16 08:16:29 SENDERBIC: CAMZPHM2XXX
INFO: 2024/04/16 08:16:29 SENDERNAME: Quinta Ben
INFO: 2024/04/16 08:16:29 SENDERACCOUNT: 1030000013856053
INFO: 2024/04/16 08:16:29 AMOUNT: 10
INFO: 2024/04/16 08:16:29 AMOUNTCURRENCY: PHP
INFO: 2024/04/16 08:16:29 RECEIVINGBIC: GXCHPHM2XXX
INFO: 2024/04/16 08:16:29 RECEIVINGNAME: Gcash
INFO: 2024/04/16 08:16:29 RECEIVINGACCOUNT: 09183742532
2024/04/16 08:16:29 
2024/04/16 08:16:29 
INFO: 2024/04/16 08:16:29                - - - - Trace_Credittransfer - - - -   
INFO: 2024/04/16 08:16:29 Unique-ID: 28cc46cf324f03b2660273e762a4059f
INFO: 2024/04/16 08:16:29 DECISIONDATE: 2024-04-16 08:16:29
INFO: 2024/04/16 08:16:29 RESPONSE:  Success  
INFO: 2024/04/16 08:16:29 INSTRUCTION_ID: 20230907CAMZPHM2XXXB00000000002073
INFO: 2024/04/16 08:16:29 TRANSACTIONTYPE: SENDER
INFO: 2024/04/16 08:16:29 STATUS: SUCCESS
INFO: 2024/04/16 08:16:29 TRACE_ALERT: ALERT_FINANCIAL_CRIME
INFO: 2024/04/16 08:16:29 TRACE_TYPE: NONE
INFO: 2024/04/16 08:16:29 ALERT_TYPE: ACCOUNT_ALERT
INFO: 2024/04/16 08:16:29 REASONCODE: NONE
INFO: 2024/04/16 08:16:29 LOCALINSTRUMENT: ICRT
INFO: 2024/04/16 08:16:29 REFERENCEID: IFT56-1694069976366
INFO: 2024/04/16 08:16:29 SENDERBIC: CAMZPHM2XXX
INFO: 2024/04/16 08:16:29 SENDERNAME: Quinta Ben
INFO: 2024/04/16 08:16:29 SENDERACCOUNT: 1030000013856053
INFO: 2024/04/16 08:16:29 AMOUNT: 10
INFO: 2024/04/16 08:16:29 AMOUNTCURRENCY: PHP
INFO: 2024/04/16 08:16:29 RECEIVINGBIC: GXCHPHM2XXX
INFO: 2024/04/16 08:16:29 RECEIVINGNAME: Gcash
INFO: 2024/04/16 08:16:29 RECEIVINGACCOUNT: 09183742532
2024/04/16 08:16:29 
2024/04/16 08:16:30 
INFO: 2024/04/16 08:16:30                - - - - Trace_Credittransfer - - - -   
INFO: 2024/04/16 08:16:30 Unique-ID: 28cc46cf324f03b2660273e762a4059f
INFO: 2024/04/16 08:16:30 DECISIONDATE: 2024-04-16 08:16:29
INFO: 2024/04/16 08:16:30 RESPONSE:  Success  
INFO: 2024/04/16 08:16:30 INSTRUCTION_ID: 20230907CAMZPHM2XXXB00000000002075
INFO: 2024/04/16 08:16:30 TRANSACTIONTYPE: SENDER
INFO: 2024/04/16 08:16:30 STATUS: FAILED
INFO: 2024/04/16 08:16:30 TRACE_ALERT: ALERT_FINANCIAL_CRIME
INFO: 2024/04/16 08:16:30 TRACE_TYPE: NONE
INFO: 2024/04/16 08:16:30 ALERT_TYPE: ACCOUNT_ALERT
INFO: 2024/04/16 08:16:30 REASONCODE: AC01
INFO: 2024/04/16 08:16:30 LOCALINSTRUMENT: ICRT
INFO: 2024/04/16 08:16:30 REFERENCEID: IFT56-1694070707810
INFO: 2024/04/16 08:16:30 SENDERBIC: CAMZPHM2XXX
INFO: 2024/04/16 08:16:30 SENDERNAME: Quinta Ben
INFO: 2024/04/16 08:16:30 SENDERACCOUNT: 1030000013856053
INFO: 2024/04/16 08:16:30 AMOUNT: 100
INFO: 2024/04/16 08:16:30 AMOUNTCURRENCY: PHP
INFO: 2024/04/16 08:16:30 RECEIVINGBIC: SRCPPHM2XXX
INFO: 2024/04/16 08:16:30 RECEIVINGNAME: Roldan George Sinen
INFO: 2024/04/16 08:16:30 RECEIVINGACCOUNT: 000000000000
2024/04/16 08:16:30 
2024/04/16 08:16:30 
INFO: 2024/04/16 08:16:30                - - - - Trace_Credittransfer - - - -   
INFO: 2024/04/16 08:16:30 Unique-ID: 28cc46cf324f03b2660273e762a4059f
INFO: 2024/04/16 08:16:30 DECISIONDATE: 2024-04-16 08:16:29
INFO: 2024/04/16 08:16:30 RESPONSE:  Success  
INFO: 2024/04/16 08:16:30 INSTRUCTION_ID: 20230907CAMZPHM2XXXB00000000002083
INFO: 2024/04/16 08:16:30 TRANSACTIONTYPE: SENDER
INFO: 2024/04/16 08:16:30 STATUS: SUCCESS
INFO: 2024/04/16 08:16:30 TRACE_ALERT: ALERT_FINANCIAL_CRIME
INFO: 2024/04/16 08:16:30 TRACE_TYPE: NONE
INFO: 2024/04/16 08:16:30 ALERT_TYPE: ACCOUNT_ALERT
INFO: 2024/04/16 08:16:30 REASONCODE: NONE
INFO: 2024/04/16 08:16:30 LOCALINSTRUMENT: ICRT
INFO: 2024/04/16 08:16:30 REFERENCEID: IFT56-1694075810746
INFO: 2024/04/16 08:16:30 SENDERBIC: CAMZPHM2XXX
INFO: 2024/04/16 08:16:30 SENDERNAME: Quinta Ben
INFO: 2024/04/16 08:16:30 SENDERACCOUNT: 1030000013856053
INFO: 2024/04/16 08:16:30 AMOUNT: 10
INFO: 2024/04/16 08:16:30 AMOUNTCURRENCY: PHP
INFO: 2024/04/16 08:16:30 RECEIVINGBIC: SRCPPHM2XXX
INFO: 2024/04/16 08:16:30 RECEIVINGNAME: Yen
INFO: 2024/04/16 08:16:30 RECEIVINGACCOUNT: 09176296115
2024/04/16 08:16:30 
2024/04/16 08:16:30 
INFO: 2024/04/16 08:16:30                - - - - Trace_Credittransfer - - - -   
INFO: 2024/04/16 08:16:30 Unique-ID: 28cc46cf324f03b2660273e762a4059f
INFO: 2024/04/16 08:16:30 DECISIONDATE: 2024-04-16 08:16:29
INFO: 2024/04/16 08:16:30 RESPONSE:  Success  
INFO: 2024/04/16 08:16:30 INSTRUCTION_ID: 20230907CAMZPHM2XXXB00000000002084
INFO: 2024/04/16 08:16:30 TRANSACTIONTYPE: SENDER
INFO: 2024/04/16 08:16:30 STATUS: SUCCESS-ACTC
INFO: 2024/04/16 08:16:30 TRACE_ALERT: ALERT_FINANCIAL_CRIME
INFO: 2024/04/16 08:16:30 TRACE_TYPE: NONE
INFO: 2024/04/16 08:16:30 ALERT_TYPE: ACCOUNT_ALERT
INFO: 2024/04/16 08:16:30 REASONCODE: NONE
INFO: 2024/04/16 08:16:30 LOCALINSTRUMENT: ICRT
INFO: 2024/04/16 08:16:30 REFERENCEID: IFT56-1694075867013
INFO: 2024/04/16 08:16:30 SENDERBIC: CAMZPHM2XXX
INFO: 2024/04/16 08:16:30 SENDERNAME: Quinta Ben
INFO: 2024/04/16 08:16:30 SENDERACCOUNT: 1030000013856053
INFO: 2024/04/16 08:16:30 AMOUNT: 100
INFO: 2024/04/16 08:16:30 AMOUNTCURRENCY: PHP
INFO: 2024/04/16 08:16:30 RECEIVINGBIC: SRCPPHM2XXX
INFO: 2024/04/16 08:16:30 RECEIVINGNAME: Yen
INFO: 2024/04/16 08:16:30 RECEIVINGACCOUNT: 09176296115
2024/04/16 08:16:30 
2024/04/16 08:16:30 
INFO: 2024/04/16 08:16:30                - - - - Trace_Credittransfer - - - -   
INFO: 2024/04/16 08:16:30 Unique-ID: 28cc46cf324f03b2660273e762a4059f
INFO: 2024/04/16 08:16:30 DECISIONDATE: 2024-04-16 08:16:29
INFO: 2024/04/16 08:16:30 RESPONSE:  Success  
INFO: 2024/04/16 08:16:30 INSTRUCTION_ID: 20230908CAMZPHM2XXXB00000000002104
INFO: 2024/04/16 08:16:30 TRANSACTIONTYPE: SENDER
INFO: 2024/04/16 08:16:30 STATUS: SUCCESS
INFO: 2024/04/16 08:16:30 TRACE_ALERT: ALERT_FINANCIAL_CRIME
INFO: 2024/04/16 08:16:30 TRACE_TYPE: NONE
INFO: 2024/04/16 08:16:30 ALERT_TYPE: ACCOUNT_ALERT
INFO: 2024/04/16 08:16:30 REASONCODE: NONE
INFO: 2024/04/16 08:16:30 LOCALINSTRUMENT: ICRT
INFO: 2024/04/16 08:16:30 REFERENCEID: IFT56-1694153937697
INFO: 2024/04/16 08:16:30 SENDERBIC: CAMZPHM2XXX
INFO: 2024/04/16 08:16:30 SENDERNAME: Quinta Ben
INFO: 2024/04/16 08:16:30 SENDERACCOUNT: 1030000013856053
INFO: 2024/04/16 08:16:30 AMOUNT: 100
INFO: 2024/04/16 08:16:30 AMOUNTCURRENCY: PHP
INFO: 2024/04/16 08:16:30 RECEIVINGBIC: SRCPPHM2XXX
INFO: 2024/04/16 08:16:30 RECEIVINGNAME: Yen
INFO: 2024/04/16 08:16:30 RECEIVINGACCOUNT: 09176296115
2024/04/16 08:16:30 
2024/04/16 08:16:30 
INFO: 2024/04/16 08:16:30                - - - - Trace_Credittransfer - - - -   
INFO: 2024/04/16 08:16:30 Unique-ID: 28cc46cf324f03b2660273e762a4059f
INFO: 2024/04/16 08:16:30 DECISIONDATE: 2024-04-16 08:16:29
INFO: 2024/04/16 08:16:30 RESPONSE:  Success  
INFO: 2024/04/16 08:16:30 INSTRUCTION_ID: 20230908CAMZPHM2XXXB00000000002106
INFO: 2024/04/16 08:16:30 TRANSACTIONTYPE: SENDER
INFO: 2024/04/16 08:16:30 STATUS: SUCCESS
INFO: 2024/04/16 08:16:30 TRACE_ALERT: ALERT_FINANCIAL_CRIME
INFO: 2024/04/16 08:16:30 TRACE_TYPE: NONE
INFO: 2024/04/16 08:16:30 ALERT_TYPE: ACCOUNT_ALERT
INFO: 2024/04/16 08:16:30 REASONCODE: NONE
INFO: 2024/04/16 08:16:30 LOCALINSTRUMENT: ICRT
INFO: 2024/04/16 08:16:30 REFERENCEID: IFT56-1694154179896
INFO: 2024/04/16 08:16:30 SENDERBIC: CAMZPHM2XXX
INFO: 2024/04/16 08:16:30 SENDERNAME: Quinta Ben
INFO: 2024/04/16 08:16:30 SENDERACCOUNT: 1030000013856053
INFO: 2024/04/16 08:16:30 AMOUNT: 10
INFO: 2024/04/16 08:16:30 AMOUNTCURRENCY: PHP
INFO: 2024/04/16 08:16:30 RECEIVINGBIC: SRCPPHM2XXX
INFO: 2024/04/16 08:16:30 RECEIVINGNAME: Yen
INFO: 2024/04/16 08:16:30 RECEIVINGACCOUNT: 09176296115
2024/04/16 08:16:30 
2024/04/16 08:16:30 
INFO: 2024/04/16 08:16:30                - - - - Trace_Credittransfer - - - -   
INFO: 2024/04/16 08:16:30 Unique-ID: 28cc46cf324f03b2660273e762a4059f
INFO: 2024/04/16 08:16:30 DECISIONDATE: 2024-04-16 08:16:29
INFO: 2024/04/16 08:16:30 RESPONSE:  Success  
INFO: 2024/04/16 08:16:30 INSTRUCTION_ID: 20230908CAMZPHM2XXXB00000000002107
INFO: 2024/04/16 08:16:30 TRANSACTIONTYPE: SENDER
INFO: 2024/04/16 08:16:30 STATUS: SUCCESS
INFO: 2024/04/16 08:16:30 TRACE_ALERT: ALERT_FINANCIAL_CRIME
INFO: 2024/04/16 08:16:30 TRACE_TYPE: NONE
INFO: 2024/04/16 08:16:30 ALERT_TYPE: ACCOUNT_ALERT
INFO: 2024/04/16 08:16:30 REASONCODE: NONE
INFO: 2024/04/16 08:16:30 LOCALINSTRUMENT: ICRT
INFO: 2024/04/16 08:16:30 REFERENCEID: IFT56-1694154633699
INFO: 2024/04/16 08:16:30 SENDERBIC: CAMZPHM2XXX
INFO: 2024/04/16 08:16:30 SENDERNAME: Quinta Ben
INFO: 2024/04/16 08:16:30 SENDERACCOUNT: 1030000013856053
INFO: 2024/04/16 08:16:30 AMOUNT: 100
INFO: 2024/04/16 08:16:30 AMOUNTCURRENCY: PHP
INFO: 2024/04/16 08:16:30 RECEIVINGBIC: SRCPPHM2XXX
INFO: 2024/04/16 08:16:30 RECEIVINGNAME: Yen
INFO: 2024/04/16 08:16:30 RECEIVINGACCOUNT: 09176296115
2024/04/16 08:16:30 
2024/04/16 08:16:30 
INFO: 2024/04/16 08:16:30                - - - - Trace_Credittransfer - - - -   
INFO: 2024/04/16 08:16:30 Unique-ID: 28cc46cf324f03b2660273e762a4059f
INFO: 2024/04/16 08:16:30 DECISIONDATE: 2024-04-16 08:16:29
INFO: 2024/04/16 08:16:30 RESPONSE:  Success  
INFO: 2024/04/16 08:16:30 INSTRUCTION_ID: 20230908CAMZPHM2XXXB00000000002110
INFO: 2024/04/16 08:16:30 TRANSACTIONTYPE: SENDER
INFO: 2024/04/16 08:16:30 STATUS: SUCCESS
INFO: 2024/04/16 08:16:30 TRACE_ALERT: ALERT_FINANCIAL_CRIME
INFO: 2024/04/16 08:16:30 TRACE_TYPE: NONE
INFO: 2024/04/16 08:16:30 ALERT_TYPE: ACCOUNT_ALERT
INFO: 2024/04/16 08:16:30 REASONCODE: NONE
INFO: 2024/04/16 08:16:30 LOCALINSTRUMENT: ICRT
INFO: 2024/04/16 08:16:30 REFERENCEID: IFT56-1694159361328
INFO: 2024/04/16 08:16:30 SENDERBIC: CAMZPHM2XXX
INFO: 2024/04/16 08:16:30 SENDERNAME: Quinta Ben
INFO: 2024/04/16 08:16:30 SENDERACCOUNT: 1030000013856053
INFO: 2024/04/16 08:16:30 AMOUNT: 10
INFO: 2024/04/16 08:16:30 AMOUNTCURRENCY: PHP
INFO: 2024/04/16 08:16:30 RECEIVINGBIC: SRCPPHM2XXX
INFO: 2024/04/16 08:16:30 RECEIVINGNAME: Yen
INFO: 2024/04/16 08:16:30 RECEIVINGACCOUNT: 09176296115
2024/04/16 08:16:30 
2024/04/16 08:16:30 
INFO: 2024/04/16 08:16:30                - - - - Trace_Credittransfer - - - -   
INFO: 2024/04/16 08:16:30 Unique-ID: 28cc46cf324f03b2660273e762a4059f
INFO: 2024/04/16 08:16:30 DECISIONDATE: 2024-04-16 08:16:29
INFO: 2024/04/16 08:16:30 RESPONSE:  Success  
INFO: 2024/04/16 08:16:30 INSTRUCTION_ID: 20230908CAMZPHM2XXXB00000000002112
INFO: 2024/04/16 08:16:30 TRANSACTIONTYPE: SENDER
INFO: 2024/04/16 08:16:30 STATUS: SUCCESS
INFO: 2024/04/16 08:16:30 TRACE_ALERT: ALERT_FINANCIAL_CRIME
INFO: 2024/04/16 08:16:30 TRACE_TYPE: NONE
INFO: 2024/04/16 08:16:30 ALERT_TYPE: ACCOUNT_ALERT
INFO: 2024/04/16 08:16:30 REASONCODE: NONE
INFO: 2024/04/16 08:16:30 LOCALINSTRUMENT: ICRT
INFO: 2024/04/16 08:16:30 REFERENCEID: IFT56-1694159714988
INFO: 2024/04/16 08:16:30 SENDERBIC: CAMZPHM2XXX
INFO: 2024/04/16 08:16:30 SENDERNAME: Quinta Ben
INFO: 2024/04/16 08:16:30 SENDERACCOUNT: 1030000013856053
INFO: 2024/04/16 08:16:30 AMOUNT: 10
INFO: 2024/04/16 08:16:30 AMOUNTCURRENCY: PHP
INFO: 2024/04/16 08:16:30 RECEIVINGBIC: SRCPPHM2XXX
INFO: 2024/04/16 08:16:30 RECEIVINGNAME: Yen
INFO: 2024/04/16 08:16:30 RECEIVINGACCOUNT: 09176296115
2024/04/16 08:16:30 
2024/04/16 08:16:30 
INFO: 2024/04/16 08:16:30                - - - - Trace_Credittransfer - - - -   
INFO: 2024/04/16 08:16:30 Unique-ID: 28cc46cf324f03b2660273e762a4059f
INFO: 2024/04/16 08:16:30 DECISIONDATE: 2024-04-16 08:16:29
INFO: 2024/04/16 08:16:30 RESPONSE:  Success  
INFO: 2024/04/16 08:16:30 INSTRUCTION_ID: 20230908CAMZPHM2XXXB00000000002121
INFO: 2024/04/16 08:16:30 TRANSACTIONTYPE: SENDER
INFO: 2024/04/16 08:16:30 STATUS: SUCCESS
INFO: 2024/04/16 08:16:30 TRACE_ALERT: ALERT_FINANCIAL_CRIME
INFO: 2024/04/16 08:16:30 TRACE_TYPE: NONE
INFO: 2024/04/16 08:16:30 ALERT_TYPE: ACCOUNT_ALERT
INFO: 2024/04/16 08:16:30 REASONCODE: NONE
INFO: 2024/04/16 08:16:30 LOCALINSTRUMENT: ICRT
INFO: 2024/04/16 08:16:30 REFERENCEID: IFT56-1694160349724
INFO: 2024/04/16 08:16:30 SENDERBIC: CAMZPHM2XXX
INFO: 2024/04/16 08:16:30 SENDERNAME: Quinta Ben
INFO: 2024/04/16 08:16:30 SENDERACCOUNT: 1030000013856053
INFO: 2024/04/16 08:16:30 AMOUNT: 10
INFO: 2024/04/16 08:16:30 AMOUNTCURRENCY: PHP
INFO: 2024/04/16 08:16:30 RECEIVINGBIC: SRCPPHM2XXX
INFO: 2024/04/16 08:16:30 RECEIVINGNAME: Yen
INFO: 2024/04/16 08:16:30 RECEIVINGACCOUNT: 09176296115
2024/04/16 08:16:30 
2024/04/16 08:16:30 
INFO: 2024/04/16 08:16:30                - - - - Trace_Credittransfer - - - -   
INFO: 2024/04/16 08:16:30 Unique-ID: 28cc46cf324f03b2660273e762a4059f
INFO: 2024/04/16 08:16:30 DECISIONDATE: 2024-04-16 08:16:29
INFO: 2024/04/16 08:16:30 RESPONSE:  Success  
INFO: 2024/04/16 08:16:30 INSTRUCTION_ID: 20230911CAMZPHM2XXXB00000000002129
INFO: 2024/04/16 08:16:30 TRANSACTIONTYPE: SENDER
INFO: 2024/04/16 08:16:30 STATUS: SUCCESS-ACTC
INFO: 2024/04/16 08:16:30 TRACE_ALERT: ALERT_FINANCIAL_CRIME
INFO: 2024/04/16 08:16:30 TRACE_TYPE: NONE
INFO: 2024/04/16 08:16:30 ALERT_TYPE: ACCOUNT_ALERT
INFO: 2024/04/16 08:16:30 REASONCODE: NONE
INFO: 2024/04/16 08:16:30 LOCALINSTRUMENT: QCRT
INFO: 2024/04/16 08:16:30 REFERENCEID: IFT56-1694420488511
INFO: 2024/04/16 08:16:30 SENDERBIC: CAMZPHM2XXX
INFO: 2024/04/16 08:16:30 SENDERNAME: Quinta Ben
INFO: 2024/04/16 08:16:30 SENDERACCOUNT: 1030000013856053
INFO: 2024/04/16 08:16:30 AMOUNT: 100
INFO: 2024/04/16 08:16:30 AMOUNTCURRENCY: PHP
INFO: 2024/04/16 08:16:30 RECEIVINGBIC: UBPHPHMMXXX
INFO: 2024/04/16 08:16:30 RECEIVINGNAME: AD George Polintang
INFO: 2024/04/16 08:16:30 RECEIVINGACCOUNT: 000010094477
2024/04/16 08:16:30 
2024/04/16 08:16:31 
INFO: 2024/04/16 08:16:31                - - - - Trace_Credittransfer - - - -   
INFO: 2024/04/16 08:16:31 Unique-ID: 28cc46cf324f03b2660273e762a4059f
INFO: 2024/04/16 08:16:31 DECISIONDATE: 2024-04-16 08:16:29
INFO: 2024/04/16 08:16:31 RESPONSE:  Success  
INFO: 2024/04/16 08:16:31 INSTRUCTION_ID: 20230914CAMZPHM2XXXB00000000002132
INFO: 2024/04/16 08:16:31 TRANSACTIONTYPE: SENDER
INFO: 2024/04/16 08:16:31 STATUS: FAILED-ACWP
INFO: 2024/04/16 08:16:31 TRACE_ALERT: ALERT_FINANCIAL_CRIME
INFO: 2024/04/16 08:16:31 TRACE_TYPE: NONE
INFO: 2024/04/16 08:16:31 ALERT_TYPE: ACCOUNT_ALERT
INFO: 2024/04/16 08:16:31 REASONCODE: AB01
INFO: 2024/04/16 08:16:31 LOCALINSTRUMENT: ICRT
INFO: 2024/04/16 08:16:31 REFERENCEID: IFT56-1694672943206
INFO: 2024/04/16 08:16:31 SENDERBIC: CAMZPHM2XXX
INFO: 2024/04/16 08:16:31 SENDERNAME: Quinta Ben
INFO: 2024/04/16 08:16:31 SENDERACCOUNT: 1030000013856053
INFO: 2024/04/16 08:16:31 AMOUNT: 100
INFO: 2024/04/16 08:16:31 AMOUNTCURRENCY: PHP
INFO: 2024/04/16 08:16:31 RECEIVINGBIC: GXCHPHM2XXX
INFO: 2024/04/16 08:16:31 RECEIVINGNAME: Gcash
INFO: 2024/04/16 08:16:31 RECEIVINGACCOUNT: 09183742532
2024/04/16 08:16:31 
2024/04/16 08:16:31 
INFO: 2024/04/16 08:16:31                - - - - Trace_Credittransfer - - - -   
INFO: 2024/04/16 08:16:31 Unique-ID: 28cc46cf324f03b2660273e762a4059f
INFO: 2024/04/16 08:16:31 DECISIONDATE: 2024-04-16 08:16:29
INFO: 2024/04/16 08:16:31 RESPONSE:  Success  
INFO: 2024/04/16 08:16:31 INSTRUCTION_ID: 20230914CAMZPHM2XXXB00000000002133
INFO: 2024/04/16 08:16:31 TRANSACTIONTYPE: SENDER
INFO: 2024/04/16 08:16:31 STATUS: FAILED-RJCT
INFO: 2024/04/16 08:16:31 TRACE_ALERT: ALERT_FINANCIAL_CRIME
INFO: 2024/04/16 08:16:31 TRACE_TYPE: NONE
INFO: 2024/04/16 08:16:31 ALERT_TYPE: ACCOUNT_ALERT
INFO: 2024/04/16 08:16:31 REASONCODE: RC06
INFO: 2024/04/16 08:16:31 LOCALINSTRUMENT: ICRT
INFO: 2024/04/16 08:16:31 REFERENCEID: IFT56-1694673140166
INFO: 2024/04/16 08:16:31 SENDERBIC: CAMZPHM2XXX
INFO: 2024/04/16 08:16:31 SENDERNAME: Quinta Ben
INFO: 2024/04/16 08:16:31 SENDERACCOUNT: 1030000013856053
INFO: 2024/04/16 08:16:31 AMOUNT: 100
INFO: 2024/04/16 08:16:31 AMOUNTCURRENCY: PHP
INFO: 2024/04/16 08:16:31 RECEIVINGBIC: BOPIPHMMXXX
INFO: 2024/04/16 08:16:31 RECEIVINGNAME: Shari Dela Cueva
INFO: 2024/04/16 08:16:31 RECEIVINGACCOUNT: 0649467639
2024/04/16 08:16:31 
2024/04/16 08:16:31 
INFO: 2024/04/16 08:16:31                - - - - Trace_Credittransfer - - - -   
INFO: 2024/04/16 08:16:31 Unique-ID: 28cc46cf324f03b2660273e762a4059f
INFO: 2024/04/16 08:16:31 DECISIONDATE: 2024-04-16 08:16:29
INFO: 2024/04/16 08:16:31 RESPONSE:  Success  
INFO: 2024/04/16 08:16:31 INSTRUCTION_ID: 20230918CAMZPHM2XXXB00000000002137
INFO: 2024/04/16 08:16:31 TRANSACTIONTYPE: SENDER
INFO: 2024/04/16 08:16:31 STATUS: SUCCESS-ACTC
INFO: 2024/04/16 08:16:31 TRACE_ALERT: ALERT_FINANCIAL_CRIME
INFO: 2024/04/16 08:16:31 TRACE_TYPE: NONE
INFO: 2024/04/16 08:16:31 ALERT_TYPE: ACCOUNT_ALERT
INFO: 2024/04/16 08:16:31 REASONCODE: NONE
INFO: 2024/04/16 08:16:31 LOCALINSTRUMENT: ICRT
INFO: 2024/04/16 08:16:31 REFERENCEID: IFT56-1694998416370
INFO: 2024/04/16 08:16:31 SENDERBIC: CAMZPHM2XXX
INFO: 2024/04/16 08:16:31 SENDERNAME: Quinta Ben
INFO: 2024/04/16 08:16:31 SENDERACCOUNT: 1030000013856053
INFO: 2024/04/16 08:16:31 AMOUNT: 150.33
INFO: 2024/04/16 08:16:31 AMOUNTCURRENCY: PHP
INFO: 2024/04/16 08:16:31 RECEIVINGBIC: UBPHPHMMXXX
INFO: 2024/04/16 08:16:31 RECEIVINGNAME: AD George Polintang
INFO: 2024/04/16 08:16:31 RECEIVINGACCOUNT: 000010094477
2024/04/16 08:16:31 
2024/04/16 08:16:31 
INFO: 2024/04/16 08:16:31                - - - - Trace_Credittransfer - - - -   
INFO: 2024/04/16 08:16:31 Unique-ID: 28cc46cf324f03b2660273e762a4059f
INFO: 2024/04/16 08:16:31 DECISIONDATE: 2024-04-16 08:16:29
INFO: 2024/04/16 08:16:31 RESPONSE:  Success  
INFO: 2024/04/16 08:16:31 INSTRUCTION_ID: 20230918CAMZPHM2XXXB00000000002138
INFO: 2024/04/16 08:16:31 TRANSACTIONTYPE: SENDER
INFO: 2024/04/16 08:16:31 STATUS: SUCCESS-ACTC
INFO: 2024/04/16 08:16:31 TRACE_ALERT: ALERT_FINANCIAL_CRIME
INFO: 2024/04/16 08:16:31 TRACE_TYPE: NONE
INFO: 2024/04/16 08:16:31 ALERT_TYPE: ACCOUNT_ALERT
INFO: 2024/04/16 08:16:31 REASONCODE: NONE
INFO: 2024/04/16 08:16:31 LOCALINSTRUMENT: ICRT
INFO: 2024/04/16 08:16:31 REFERENCEID: IFT56-1694998712767
INFO: 2024/04/16 08:16:31 SENDERBIC: CAMZPHM2XXX
INFO: 2024/04/16 08:16:31 SENDERNAME: Quinta Ben
INFO: 2024/04/16 08:16:31 SENDERACCOUNT: 1030000013856053
INFO: 2024/04/16 08:16:31 AMOUNT: 2700
INFO: 2024/04/16 08:16:31 AMOUNTCURRENCY: PHP
INFO: 2024/04/16 08:16:31 RECEIVINGBIC: UBPHPHMMXXX
INFO: 2024/04/16 08:16:31 RECEIVINGNAME: AD George Polintang
INFO: 2024/04/16 08:16:31 RECEIVINGACCOUNT: 000010094477
2024/04/16 08:16:31 
2024/04/16 08:16:31 
INFO: 2024/04/16 08:16:31                - - - - Trace_Credittransfer - - - -   
INFO: 2024/04/16 08:16:31 Unique-ID: 28cc46cf324f03b2660273e762a4059f
INFO: 2024/04/16 08:16:31 DECISIONDATE: 2024-04-16 08:16:29
INFO: 2024/04/16 08:16:31 RESPONSE:  Success  
INFO: 2024/04/16 08:16:31 INSTRUCTION_ID: 20230918CAMZPHM2XXXB00000000002139
INFO: 2024/04/16 08:16:31 TRANSACTIONTYPE: SENDER
INFO: 2024/04/16 08:16:31 STATUS: SUCCESS-ACTC
INFO: 2024/04/16 08:16:31 TRACE_ALERT: ALERT_FINANCIAL_CRIME
INFO: 2024/04/16 08:16:31 TRACE_TYPE: NONE
INFO: 2024/04/16 08:16:31 ALERT_TYPE: ACCOUNT_ALERT
INFO: 2024/04/16 08:16:31 REASONCODE: NONE
INFO: 2024/04/16 08:16:31 LOCALINSTRUMENT: ICRT
INFO: 2024/04/16 08:16:31 REFERENCEID: IFT56-1694998895157
INFO: 2024/04/16 08:16:31 SENDERBIC: CAMZPHM2XXX
INFO: 2024/04/16 08:16:31 SENDERNAME: Quinta Ben
INFO: 2024/04/16 08:16:31 SENDERACCOUNT: 1030000013856053
INFO: 2024/04/16 08:16:31 AMOUNT: 993
INFO: 2024/04/16 08:16:31 AMOUNTCURRENCY: PHP
INFO: 2024/04/16 08:16:31 RECEIVINGBIC: UBPHPHMMXXX
INFO: 2024/04/16 08:16:31 RECEIVINGNAME: AD George Polintang
INFO: 2024/04/16 08:16:31 RECEIVINGACCOUNT: 000010094477
2024/04/16 08:16:31 
2024/04/16 08:16:31 
INFO: 2024/04/16 08:16:31                - - - - Trace_Credittransfer - - - -   
INFO: 2024/04/16 08:16:31 Unique-ID: 28cc46cf324f03b2660273e762a4059f
INFO: 2024/04/16 08:16:31 DECISIONDATE: 2024-04-16 08:16:29
INFO: 2024/04/16 08:16:31 RESPONSE:  Success  
INFO: 2024/04/16 08:16:31 INSTRUCTION_ID: 20230918CAMZPHM2XXXB00000000002140
INFO: 2024/04/16 08:16:31 TRANSACTIONTYPE: SENDER
INFO: 2024/04/16 08:16:31 STATUS: SUCCESS-ACTC
INFO: 2024/04/16 08:16:31 TRACE_ALERT: ALERT_FINANCIAL_CRIME
INFO: 2024/04/16 08:16:31 TRACE_TYPE: NONE
INFO: 2024/04/16 08:16:31 ALERT_TYPE: ACCOUNT_ALERT
INFO: 2024/04/16 08:16:31 REASONCODE: NONE
INFO: 2024/04/16 08:16:31 LOCALINSTRUMENT: ICRT
INFO: 2024/04/16 08:16:31 REFERENCEID: IFT56-1695002650735
INFO: 2024/04/16 08:16:31 SENDERBIC: CAMZPHM2XXX
INFO: 2024/04/16 08:16:31 SENDERNAME: Quinta Ben
INFO: 2024/04/16 08:16:31 SENDERACCOUNT: 1030000013856053
INFO: 2024/04/16 08:16:31 AMOUNT: 400
INFO: 2024/04/16 08:16:31 AMOUNTCURRENCY: PHP
INFO: 2024/04/16 08:16:31 RECEIVINGBIC: UBPHPHMMXXX
INFO: 2024/04/16 08:16:31 RECEIVINGNAME: AD George Polintang
INFO: 2024/04/16 08:16:31 RECEIVINGACCOUNT: 000010094477
2024/04/16 08:16:31 
2024/04/16 08:16:31 
INFO: 2024/04/16 08:16:31                - - - - Trace_Credittransfer - - - -   
INFO: 2024/04/16 08:16:31 Unique-ID: 28cc46cf324f03b2660273e762a4059f
INFO: 2024/04/16 08:16:31 DECISIONDATE: 2024-04-16 08:16:29
INFO: 2024/04/16 08:16:31 RESPONSE:  Success  
INFO: 2024/04/16 08:16:31 INSTRUCTION_ID: 20230918CAMZPHM2XXXB00000000002141
INFO: 2024/04/16 08:16:31 TRANSACTIONTYPE: SENDER
INFO: 2024/04/16 08:16:31 STATUS: SUCCESS-ACTC
INFO: 2024/04/16 08:16:31 TRACE_ALERT: ALERT_FINANCIAL_CRIME
INFO: 2024/04/16 08:16:31 TRACE_TYPE: NONE
INFO: 2024/04/16 08:16:31 ALERT_TYPE: ACCOUNT_ALERT
INFO: 2024/04/16 08:16:31 REASONCODE: NONE
INFO: 2024/04/16 08:16:31 LOCALINSTRUMENT: ICRT
INFO: 2024/04/16 08:16:31 REFERENCEID: IFT56-1695003011406
INFO: 2024/04/16 08:16:31 SENDERBIC: CAMZPHM2XXX
INFO: 2024/04/16 08:16:31 SENDERNAME: Quinta Ben
INFO: 2024/04/16 08:16:31 SENDERACCOUNT: 1030000013856053
INFO: 2024/04/16 08:16:31 AMOUNT: 130
INFO: 2024/04/16 08:16:31 AMOUNTCURRENCY: PHP
INFO: 2024/04/16 08:16:31 RECEIVINGBIC: UBPHPHMMXXX
INFO: 2024/04/16 08:16:31 RECEIVINGNAME: AD George Polintang
INFO: 2024/04/16 08:16:31 RECEIVINGACCOUNT: 000010094477
2024/04/16 08:16:31 
2024/04/16 08:16:31 
INFO: 2024/04/16 08:16:31                - - - - Trace_Credittransfer - - - -   
INFO: 2024/04/16 08:16:31 Unique-ID: 28cc46cf324f03b2660273e762a4059f
INFO: 2024/04/16 08:16:31 DECISIONDATE: 2024-04-16 08:16:29
INFO: 2024/04/16 08:16:31 RESPONSE:  Success  
INFO: 2024/04/16 08:16:31 INSTRUCTION_ID: 20230918CAMZPHM2XXXB00000000002142
INFO: 2024/04/16 08:16:31 TRANSACTIONTYPE: SENDER
INFO: 2024/04/16 08:16:31 STATUS: SUCCESS-ACTC
INFO: 2024/04/16 08:16:31 TRACE_ALERT: ALERT_FINANCIAL_CRIME
INFO: 2024/04/16 08:16:31 TRACE_TYPE: NONE
INFO: 2024/04/16 08:16:31 ALERT_TYPE: ACCOUNT_ALERT
INFO: 2024/04/16 08:16:31 REASONCODE: NONE
INFO: 2024/04/16 08:16:31 LOCALINSTRUMENT: ICRT
INFO: 2024/04/16 08:16:31 REFERENCEID: IFT56-1695003252015
INFO: 2024/04/16 08:16:31 SENDERBIC: CAMZPHM2XXX
INFO: 2024/04/16 08:16:31 SENDERNAME: Quinta Ben
INFO: 2024/04/16 08:16:31 SENDERACCOUNT: 1030000013856053
INFO: 2024/04/16 08:16:31 AMOUNT: 210
INFO: 2024/04/16 08:16:31 AMOUNTCURRENCY: PHP
INFO: 2024/04/16 08:16:31 RECEIVINGBIC: UBPHPHMMXXX
INFO: 2024/04/16 08:16:31 RECEIVINGNAME: AD George Polintang
INFO: 2024/04/16 08:16:31 RECEIVINGACCOUNT: 000010094477
2024/04/16 08:16:31 
2024/04/16 08:16:31 
INFO: 2024/04/16 08:16:31                - - - - Trace_Credittransfer - - - -   
INFO: 2024/04/16 08:16:31 Unique-ID: 28cc46cf324f03b2660273e762a4059f
INFO: 2024/04/16 08:16:31 DECISIONDATE: 2024-04-16 08:16:29
INFO: 2024/04/16 08:16:31 RESPONSE:  Success  
INFO: 2024/04/16 08:16:31 INSTRUCTION_ID: 20230918CAMZPHM2XXXB00000000002143
INFO: 2024/04/16 08:16:31 TRANSACTIONTYPE: SENDER
INFO: 2024/04/16 08:16:31 STATUS: SUCCESS
INFO: 2024/04/16 08:16:31 TRACE_ALERT: ALERT_FINANCIAL_CRIME
INFO: 2024/04/16 08:16:31 TRACE_TYPE: NONE
INFO: 2024/04/16 08:16:31 ALERT_TYPE: ACCOUNT_ALERT
INFO: 2024/04/16 08:16:31 REASONCODE: NONE
INFO: 2024/04/16 08:16:31 LOCALINSTRUMENT: ICRT
INFO: 2024/04/16 08:16:31 REFERENCEID: IFT56-1695003580404
INFO: 2024/04/16 08:16:31 SENDERBIC: CAMZPHM2XXX
INFO: 2024/04/16 08:16:31 SENDERNAME: Quinta Ben
INFO: 2024/04/16 08:16:31 SENDERACCOUNT: 1030000013856053
INFO: 2024/04/16 08:16:31 AMOUNT: 180
INFO: 2024/04/16 08:16:31 AMOUNTCURRENCY: PHP
INFO: 2024/04/16 08:16:31 RECEIVINGBIC: UBPHPHMMXXX
INFO: 2024/04/16 08:16:31 RECEIVINGNAME: AD George Polintang
INFO: 2024/04/16 08:16:31 RECEIVINGACCOUNT: 000010094477
2024/04/16 08:16:31 
2024/04/16 08:16:31 
INFO: 2024/04/16 08:16:31                - - - - Trace_Credittransfer - - - -   
INFO: 2024/04/16 08:16:31 Unique-ID: 28cc46cf324f03b2660273e762a4059f
INFO: 2024/04/16 08:16:31 DECISIONDATE: 2024-04-16 08:16:29
INFO: 2024/04/16 08:16:31 RESPONSE:  Success  
INFO: 2024/04/16 08:16:31 INSTRUCTION_ID: 20230918CAMZPHM2XXXB00000000002144
INFO: 2024/04/16 08:16:31 TRANSACTIONTYPE: SENDER
INFO: 2024/04/16 08:16:31 STATUS: SUCCESS-ACTC
INFO: 2024/04/16 08:16:31 TRACE_ALERT: ALERT_FINANCIAL_CRIME
INFO: 2024/04/16 08:16:31 TRACE_TYPE: NONE
INFO: 2024/04/16 08:16:31 ALERT_TYPE: ACCOUNT_ALERT
INFO: 2024/04/16 08:16:31 REASONCODE: NONE
INFO: 2024/04/16 08:16:31 LOCALINSTRUMENT: ICRT
INFO: 2024/04/16 08:16:31 REFERENCEID: IFT56-1695003869080
INFO: 2024/04/16 08:16:31 SENDERBIC: CAMZPHM2XXX
INFO: 2024/04/16 08:16:31 SENDERNAME: Quinta Ben
INFO: 2024/04/16 08:16:31 SENDERACCOUNT: 1030000013856053
INFO: 2024/04/16 08:16:31 AMOUNT: 100
INFO: 2024/04/16 08:16:31 AMOUNTCURRENCY: PHP
INFO: 2024/04/16 08:16:31 RECEIVINGBIC: UBPHPHMMXXX
INFO: 2024/04/16 08:16:31 RECEIVINGNAME: AD George Polintang
INFO: 2024/04/16 08:16:31 RECEIVINGACCOUNT: 000010094477
2024/04/16 08:16:31 
2024/04/16 08:16:31 
INFO: 2024/04/16 08:16:31                - - - - Trace_Credittransfer - - - -   
INFO: 2024/04/16 08:16:31 Unique-ID: 28cc46cf324f03b2660273e762a4059f
INFO: 2024/04/16 08:16:31 DECISIONDATE: 2024-04-16 08:16:29
INFO: 2024/04/16 08:16:31 RESPONSE:  Success  
INFO: 2024/04/16 08:16:31 INSTRUCTION_ID: 20230918CAMZPHM2XXXB00000000002145
INFO: 2024/04/16 08:16:31 TRANSACTIONTYPE: SENDER
INFO: 2024/04/16 08:16:31 STATUS: SUCCESS-ACTC
INFO: 2024/04/16 08:16:31 TRACE_ALERT: ALERT_FINANCIAL_CRIME
INFO: 2024/04/16 08:16:31 TRACE_TYPE: NONE
INFO: 2024/04/16 08:16:31 ALERT_TYPE: ACCOUNT_ALERT
INFO: 2024/04/16 08:16:31 REASONCODE: NONE
INFO: 2024/04/16 08:16:31 LOCALINSTRUMENT: ICRT
INFO: 2024/04/16 08:16:31 REFERENCEID: IFT56-1695004378650
INFO: 2024/04/16 08:16:31 SENDERBIC: CAMZPHM2XXX
INFO: 2024/04/16 08:16:31 SENDERNAME: Quinta Ben
INFO: 2024/04/16 08:16:31 SENDERACCOUNT: 1030000013856053
INFO: 2024/04/16 08:16:31 AMOUNT: 100
INFO: 2024/04/16 08:16:31 AMOUNTCURRENCY: PHP
INFO: 2024/04/16 08:16:31 RECEIVINGBIC: UBPHPHMMXXX
INFO: 2024/04/16 08:16:31 RECEIVINGNAME: AD George Polintang
INFO: 2024/04/16 08:16:31 RECEIVINGACCOUNT: 000010094477
2024/04/16 08:16:31 
2024/04/16 08:16:32 
INFO: 2024/04/16 08:16:32                - - - - Trace_Credittransfer - - - -   
INFO: 2024/04/16 08:16:32 Unique-ID: 28cc46cf324f03b2660273e762a4059f
INFO: 2024/04/16 08:16:32 DECISIONDATE: 2024-04-16 08:16:29
INFO: 2024/04/16 08:16:32 RESPONSE:  Success  
INFO: 2024/04/16 08:16:32 INSTRUCTION_ID: 20230918CAMZPHM2XXXB00000000002146
INFO: 2024/04/16 08:16:32 TRANSACTIONTYPE: SENDER
INFO: 2024/04/16 08:16:32 STATUS: SUCCESS-ACTC
INFO: 2024/04/16 08:16:32 TRACE_ALERT: ALERT_FINANCIAL_CRIME
INFO: 2024/04/16 08:16:32 TRACE_TYPE: NONE
INFO: 2024/04/16 08:16:32 ALERT_TYPE: ACCOUNT_ALERT
INFO: 2024/04/16 08:16:32 REASONCODE: NONE
INFO: 2024/04/16 08:16:32 LOCALINSTRUMENT: ICRT
INFO: 2024/04/16 08:16:32 REFERENCEID: IFT56-1695004521086
INFO: 2024/04/16 08:16:32 SENDERBIC: CAMZPHM2XXX
INFO: 2024/04/16 08:16:32 SENDERNAME: Quinta Ben
INFO: 2024/04/16 08:16:32 SENDERACCOUNT: 1030000013856053
INFO: 2024/04/16 08:16:32 AMOUNT: 100
INFO: 2024/04/16 08:16:32 AMOUNTCURRENCY: PHP
INFO: 2024/04/16 08:16:32 RECEIVINGBIC: UBPHPHMMXXX
INFO: 2024/04/16 08:16:32 RECEIVINGNAME: AD George Polintang
INFO: 2024/04/16 08:16:32 RECEIVINGACCOUNT: 000010094477
2024/04/16 08:16:32 
2024/04/16 08:16:32 
INFO: 2024/04/16 08:16:32                - - - - Trace_Credittransfer - - - -   
INFO: 2024/04/16 08:16:32 Unique-ID: 28cc46cf324f03b2660273e762a4059f
INFO: 2024/04/16 08:16:32 DECISIONDATE: 2024-04-16 08:16:29
INFO: 2024/04/16 08:16:32 RESPONSE:  Success  
INFO: 2024/04/16 08:16:32 INSTRUCTION_ID: 20230918CAMZPHM2XXXB00000000002147
INFO: 2024/04/16 08:16:32 TRANSACTIONTYPE: SENDER
INFO: 2024/04/16 08:16:32 STATUS: SUCCESS-ACTC
INFO: 2024/04/16 08:16:32 TRACE_ALERT: ALERT_FINANCIAL_CRIME
INFO: 2024/04/16 08:16:32 TRACE_TYPE: NONE
INFO: 2024/04/16 08:16:32 ALERT_TYPE: ACCOUNT_ALERT
INFO: 2024/04/16 08:16:32 REASONCODE: NONE
INFO: 2024/04/16 08:16:32 LOCALINSTRUMENT: ICRT
INFO: 2024/04/16 08:16:32 REFERENCEID: IFT56-1695004965960
INFO: 2024/04/16 08:16:32 SENDERBIC: CAMZPHM2XXX
INFO: 2024/04/16 08:16:32 SENDERNAME: Quinta Ben
INFO: 2024/04/16 08:16:32 SENDERACCOUNT: 1030000013856053
INFO: 2024/04/16 08:16:32 AMOUNT: 100
INFO: 2024/04/16 08:16:32 AMOUNTCURRENCY: PHP
INFO: 2024/04/16 08:16:32 RECEIVINGBIC: UBPHPHMMXXX
INFO: 2024/04/16 08:16:32 RECEIVINGNAME: AD George Polintang
INFO: 2024/04/16 08:16:32 RECEIVINGACCOUNT: 000010094477
2024/04/16 08:16:32 
2024/04/16 08:16:32 
INFO: 2024/04/16 08:16:32                - - - - Trace_Credittransfer - - - -   
INFO: 2024/04/16 08:16:32 Unique-ID: 28cc46cf324f03b2660273e762a4059f
INFO: 2024/04/16 08:16:32 DECISIONDATE: 2024-04-16 08:16:29
INFO: 2024/04/16 08:16:32 RESPONSE:  Success  
INFO: 2024/04/16 08:16:32 INSTRUCTION_ID: 20230918CAMZPHM2XXXB00000000002148
INFO: 2024/04/16 08:16:32 TRANSACTIONTYPE: SENDER
INFO: 2024/04/16 08:16:32 STATUS: SUCCESS-ACTC
INFO: 2024/04/16 08:16:32 TRACE_ALERT: ALERT_FINANCIAL_CRIME
INFO: 2024/04/16 08:16:32 TRACE_TYPE: NONE
INFO: 2024/04/16 08:16:32 ALERT_TYPE: ACCOUNT_ALERT
INFO: 2024/04/16 08:16:32 REASONCODE: NONE
INFO: 2024/04/16 08:16:32 LOCALINSTRUMENT: ICRT
INFO: 2024/04/16 08:16:32 REFERENCEID: IFT56-1695005165168
INFO: 2024/04/16 08:16:32 SENDERBIC: CAMZPHM2XXX
INFO: 2024/04/16 08:16:32 SENDERNAME: Quinta Ben
INFO: 2024/04/16 08:16:32 SENDERACCOUNT: 1030000013856053
INFO: 2024/04/16 08:16:32 AMOUNT: 100
INFO: 2024/04/16 08:16:32 AMOUNTCURRENCY: PHP
INFO: 2024/04/16 08:16:32 RECEIVINGBIC: UBPHPHMMXXX
INFO: 2024/04/16 08:16:32 RECEIVINGNAME: AD George Polintang
INFO: 2024/04/16 08:16:32 RECEIVINGACCOUNT: 000010094477
2024/04/16 08:16:32 
2024/04/16 08:16:32 
INFO: 2024/04/16 08:16:32                - - - - Trace_Credittransfer - - - -   
INFO: 2024/04/16 08:16:32 Unique-ID: 28cc46cf324f03b2660273e762a4059f
INFO: 2024/04/16 08:16:32 DECISIONDATE: 2024-04-16 08:16:29
INFO: 2024/04/16 08:16:32 RESPONSE:  Success  
INFO: 2024/04/16 08:16:32 INSTRUCTION_ID: 20230918CAMZPHM2XXXB00000000002149
INFO: 2024/04/16 08:16:32 TRANSACTIONTYPE: SENDER
INFO: 2024/04/16 08:16:32 STATUS: SUCCESS-ACTC
INFO: 2024/04/16 08:16:32 TRACE_ALERT: ALERT_FINANCIAL_CRIME
INFO: 2024/04/16 08:16:32 TRACE_TYPE: NONE
INFO: 2024/04/16 08:16:32 ALERT_TYPE: ACCOUNT_ALERT
INFO: 2024/04/16 08:16:32 REASONCODE: NONE
INFO: 2024/04/16 08:16:32 LOCALINSTRUMENT: ICRT
INFO: 2024/04/16 08:16:32 REFERENCEID: IFT56-1695005355478
INFO: 2024/04/16 08:16:32 SENDERBIC: CAMZPHM2XXX
INFO: 2024/04/16 08:16:32 SENDERNAME: Quinta Ben
INFO: 2024/04/16 08:16:32 SENDERACCOUNT: 1030000013856053
INFO: 2024/04/16 08:16:32 AMOUNT: 500
INFO: 2024/04/16 08:16:32 AMOUNTCURRENCY: PHP
INFO: 2024/04/16 08:16:32 RECEIVINGBIC: UBPHPHMMXXX
INFO: 2024/04/16 08:16:32 RECEIVINGNAME: AD George Polintang
INFO: 2024/04/16 08:16:32 RECEIVINGACCOUNT: 000010094477
2024/04/16 08:16:32 
2024/04/16 08:16:32 
INFO: 2024/04/16 08:16:32                - - - - Trace_Credittransfer - - - -   
INFO: 2024/04/16 08:16:32 Unique-ID: 28cc46cf324f03b2660273e762a4059f
INFO: 2024/04/16 08:16:32 DECISIONDATE: 2024-04-16 08:16:29
INFO: 2024/04/16 08:16:32 RESPONSE:  Success  
INFO: 2024/04/16 08:16:32 INSTRUCTION_ID: 20230918CAMZPHM2XXXB00000000002136
INFO: 2024/04/16 08:16:32 TRANSACTIONTYPE: SENDER
INFO: 2024/04/16 08:16:32 STATUS: SUCCESS
INFO: 2024/04/16 08:16:32 TRACE_ALERT: ALERT_FINANCIAL_CRIME
INFO: 2024/04/16 08:16:32 TRACE_TYPE: NONE
INFO: 2024/04/16 08:16:32 ALERT_TYPE: ACCOUNT_ALERT
INFO: 2024/04/16 08:16:32 REASONCODE: NONE
INFO: 2024/04/16 08:16:32 LOCALINSTRUMENT: ICRT
INFO: 2024/04/16 08:16:32 REFERENCEID: IFT56-1694998213960
INFO: 2024/04/16 08:16:32 SENDERBIC: CAMZPHM2XXX
INFO: 2024/04/16 08:16:32 SENDERNAME: Quinta Ben
INFO: 2024/04/16 08:16:32 SENDERACCOUNT: 1030000013856053
INFO: 2024/04/16 08:16:32 AMOUNT: 150.5
INFO: 2024/04/16 08:16:32 AMOUNTCURRENCY: PHP
INFO: 2024/04/16 08:16:32 RECEIVINGBIC: UBPHPHMMXXX
INFO: 2024/04/16 08:16:32 RECEIVINGNAME: AD George Polintang
INFO: 2024/04/16 08:16:32 RECEIVINGACCOUNT: 000010094477
2024/04/16 08:16:32 
2024/04/16 08:16:32 
INFO: 2024/04/16 08:16:32                - - - - Trace_Credittransfer - - - -   
INFO: 2024/04/16 08:16:32 Unique-ID: 28cc46cf324f03b2660273e762a4059f
INFO: 2024/04/16 08:16:32 DECISIONDATE: 2024-04-16 08:16:29
INFO: 2024/04/16 08:16:32 RESPONSE:  Success  
INFO: 2024/04/16 08:16:32 INSTRUCTION_ID: 20230918CAMZPHM2XXXB00000000002151
INFO: 2024/04/16 08:16:32 TRANSACTIONTYPE: SENDER
INFO: 2024/04/16 08:16:32 STATUS: SUCCESS-ACTC
INFO: 2024/04/16 08:16:32 TRACE_ALERT: ALERT_FINANCIAL_CRIME
INFO: 2024/04/16 08:16:32 TRACE_TYPE: NONE
INFO: 2024/04/16 08:16:32 ALERT_TYPE: ACCOUNT_ALERT
INFO: 2024/04/16 08:16:32 REASONCODE: NONE
INFO: 2024/04/16 08:16:32 LOCALINSTRUMENT: ICRT
INFO: 2024/04/16 08:16:32 REFERENCEID: IFT56-1695011285851
INFO: 2024/04/16 08:16:32 SENDERBIC: CAMZPHM2XXX
INFO: 2024/04/16 08:16:32 SENDERNAME: Quinta Ben
INFO: 2024/04/16 08:16:32 SENDERACCOUNT: 1030000013856053
INFO: 2024/04/16 08:16:32 AMOUNT: 980
INFO: 2024/04/16 08:16:32 AMOUNTCURRENCY: PHP
INFO: 2024/04/16 08:16:32 RECEIVINGBIC: UBPHPHMMXXX
INFO: 2024/04/16 08:16:32 RECEIVINGNAME: AD George Polintang
INFO: 2024/04/16 08:16:32 RECEIVINGACCOUNT: 000010094477
2024/04/16 08:16:32 
2024/04/16 08:16:32 
INFO: 2024/04/16 08:16:32                - - - - Trace_Credittransfer - - - -   
INFO: 2024/04/16 08:16:32 Unique-ID: 28cc46cf324f03b2660273e762a4059f
INFO: 2024/04/16 08:16:32 DECISIONDATE: 2024-04-16 08:16:29
INFO: 2024/04/16 08:16:32 RESPONSE:  Success  
INFO: 2024/04/16 08:16:32 INSTRUCTION_ID: 20230918CAMZPHM2XXXB00000000002152
INFO: 2024/04/16 08:16:32 TRANSACTIONTYPE: SENDER
INFO: 2024/04/16 08:16:32 STATUS: SUCCESS-ACTC
INFO: 2024/04/16 08:16:32 TRACE_ALERT: ALERT_FINANCIAL_CRIME
INFO: 2024/04/16 08:16:32 TRACE_TYPE: NONE
INFO: 2024/04/16 08:16:32 ALERT_TYPE: ACCOUNT_ALERT
INFO: 2024/04/16 08:16:32 REASONCODE: NONE
INFO: 2024/04/16 08:16:32 LOCALINSTRUMENT: ICRT
INFO: 2024/04/16 08:16:32 REFERENCEID: IFT56-1695024177537
INFO: 2024/04/16 08:16:32 SENDERBIC: CAMZPHM2XXX
INFO: 2024/04/16 08:16:32 SENDERNAME: Quinta Ben
INFO: 2024/04/16 08:16:32 SENDERACCOUNT: 1030000013856053
INFO: 2024/04/16 08:16:32 AMOUNT: 100
INFO: 2024/04/16 08:16:32 AMOUNTCURRENCY: PHP
INFO: 2024/04/16 08:16:32 RECEIVINGBIC: UBPHPHMMXXX
INFO: 2024/04/16 08:16:32 RECEIVINGNAME: AD George Polintang
INFO: 2024/04/16 08:16:32 RECEIVINGACCOUNT: 000010094477
2024/04/16 08:16:32 
2024/04/16 08:16:32 
INFO: 2024/04/16 08:16:32                - - - - Trace_Credittransfer - - - -   
INFO: 2024/04/16 08:16:32 Unique-ID: 28cc46cf324f03b2660273e762a4059f
INFO: 2024/04/16 08:16:32 DECISIONDATE: 2024-04-16 08:16:29
INFO: 2024/04/16 08:16:32 RESPONSE:  Success  
INFO: 2024/04/16 08:16:32 INSTRUCTION_ID: 20230921CAMZPHM2XXXB00000000002154
INFO: 2024/04/16 08:16:32 TRANSACTIONTYPE: SENDER
INFO: 2024/04/16 08:16:32 STATUS: SUCCESS-ACTC
INFO: 2024/04/16 08:16:32 TRACE_ALERT: ALERT_FINANCIAL_CRIME
INFO: 2024/04/16 08:16:32 TRACE_TYPE: NONE
INFO: 2024/04/16 08:16:32 ALERT_TYPE: ACCOUNT_ALERT
INFO: 2024/04/16 08:16:32 REASONCODE: NONE
INFO: 2024/04/16 08:16:32 LOCALINSTRUMENT: ICRT
INFO: 2024/04/16 08:16:32 REFERENCEID: IFT56-1695274588329
INFO: 2024/04/16 08:16:32 SENDERBIC: CAMZPHM2XXX
INFO: 2024/04/16 08:16:32 SENDERNAME: Quinta Ben
INFO: 2024/04/16 08:16:32 SENDERACCOUNT: 1030000013856053
INFO: 2024/04/16 08:16:32 AMOUNT: 100
INFO: 2024/04/16 08:16:32 AMOUNTCURRENCY: PHP
INFO: 2024/04/16 08:16:32 RECEIVINGBIC: SRCPPHM2XXX
INFO: 2024/04/16 08:16:32 RECEIVINGNAME: Yen
INFO: 2024/04/16 08:16:32 RECEIVINGACCOUNT: 09176296115
2024/04/16 08:16:32 
2024/04/16 08:16:32 
INFO: 2024/04/16 08:16:32                - - - - Trace_Credittransfer - - - -   
INFO: 2024/04/16 08:16:32 Unique-ID: 28cc46cf324f03b2660273e762a4059f
INFO: 2024/04/16 08:16:32 DECISIONDATE: 2024-04-16 08:16:29
INFO: 2024/04/16 08:16:32 RESPONSE:  Success  
INFO: 2024/04/16 08:16:32 INSTRUCTION_ID: 20230926CAMZPHM2XXXB00000000002162
INFO: 2024/04/16 08:16:32 TRANSACTIONTYPE: SENDER
INFO: 2024/04/16 08:16:32 STATUS: FAILED-RJCT
INFO: 2024/04/16 08:16:32 TRACE_ALERT: ALERT_FINANCIAL_CRIME
INFO: 2024/04/16 08:16:32 TRACE_TYPE: NONE
INFO: 2024/04/16 08:16:32 ALERT_TYPE: ACCOUNT_ALERT
INFO: 2024/04/16 08:16:32 REASONCODE: 
INFO: 2024/04/16 08:16:32 LOCALINSTRUMENT: ICRT
INFO: 2024/04/16 08:16:32 REFERENCEID: IFT56-1695688116128
INFO: 2024/04/16 08:16:32 SENDERBIC: CAMZPHM2XXX
INFO: 2024/04/16 08:16:32 SENDERNAME: Quinta Ben
INFO: 2024/04/16 08:16:32 SENDERACCOUNT: 1030000013856053
INFO: 2024/04/16 08:16:32 AMOUNT: 1200
INFO: 2024/04/16 08:16:32 AMOUNTCURRENCY: PHP
INFO: 2024/04/16 08:16:32 RECEIVINGBIC: UBPHPHMMXXX
INFO: 2024/04/16 08:16:32 RECEIVINGNAME: AD George Polintang
INFO: 2024/04/16 08:16:32 RECEIVINGACCOUNT: 000010094477
2024/04/16 08:16:32 
2024/04/16 08:16:32 
INFO: 2024/04/16 08:16:32                - - - - Trace_Credittransfer - - - -   
INFO: 2024/04/16 08:16:32 Unique-ID: 28cc46cf324f03b2660273e762a4059f
INFO: 2024/04/16 08:16:32 DECISIONDATE: 2024-04-16 08:16:29
INFO: 2024/04/16 08:16:32 RESPONSE:  Success  
INFO: 2024/04/16 08:16:32 INSTRUCTION_ID: 20230926CAMZPHM2XXXB00000000002165
INFO: 2024/04/16 08:16:32 TRANSACTIONTYPE: SENDER
INFO: 2024/04/16 08:16:32 STATUS: FAILED-RJCT
INFO: 2024/04/16 08:16:32 TRACE_ALERT: ALERT_FINANCIAL_CRIME
INFO: 2024/04/16 08:16:32 TRACE_TYPE: NONE
INFO: 2024/04/16 08:16:32 ALERT_TYPE: ACCOUNT_ALERT
INFO: 2024/04/16 08:16:32 REASONCODE: AC01
INFO: 2024/04/16 08:16:32 LOCALINSTRUMENT: ICRT
INFO: 2024/04/16 08:16:32 REFERENCEID: IFT56-1695695591449
INFO: 2024/04/16 08:16:32 SENDERBIC: CAMZPHM2XXX
INFO: 2024/04/16 08:16:32 SENDERNAME: Quinta Ben
INFO: 2024/04/16 08:16:32 SENDERACCOUNT: 1030000013856053
INFO: 2024/04/16 08:16:32 AMOUNT: 100
INFO: 2024/04/16 08:16:32 AMOUNTCURRENCY: PHP
INFO: 2024/04/16 08:16:32 RECEIVINGBIC: SRCPPHM2XXX
INFO: 2024/04/16 08:16:32 RECEIVINGNAME: testacc
INFO: 2024/04/16 08:16:32 RECEIVINGACCOUNT: 09176296155
2024/04/16 08:16:32 
