2024/04/05 14:26:32 
INFO: 2024/04/05 14:26:32                - - - - Trace_Credittransfer - - - -   
INFO: 2024/04/05 14:26:32 Unique-ID: 429b1a659b0ebab10d721f3253024dc0
INFO: 2024/04/05 14:26:32 DECISIONDATE: 2024-04-05 14:26:32
INFO: 2024/04/05 14:26:32 RESPONSE:  Success  
INFO: 2024/04/05 14:26:32 INSTRUCTION_ID: 20231124CAMZPHM2XXXB00000000002770
INFO: 2024/04/05 14:26:32 TRANSACTIONTYPE: SENDER
INFO: 2024/04/05 14:26:32 STATUS: SUCCESS-ACTC
INFO: 2024/04/05 14:26:32 TRACE_ALERT: ALERT_FINANCIAL_CRIME
INFO: 2024/04/05 14:26:32 TRACE_TYPE: NONE
INFO: 2024/04/05 14:26:32 ALERT_TYPE: ACCOUNT_ALERT
INFO: 2024/04/05 14:26:32 REASONCODE: NONE
INFO: 2024/04/05 14:26:32 LOCALINSTRUMENT: ICRT
INFO: 2024/04/05 14:26:32 REFERENCEID: IFT847-1687744873497
INFO: 2024/04/05 14:26:32 SENDERBIC: CAMZPHM2XXX
INFO: 2024/04/05 14:26:32 SENDERNAME: Bernard
INFO: 2024/04/05 14:26:32 SENDERACCOUNT: 1030000000502918
INFO: 2024/04/05 14:26:32 AMOUNT: 105.8
INFO: 2024/04/05 14:26:32 AMOUNTCURRENCY: PHP
INFO: 2024/04/05 14:26:32 RECEIVINGBIC: SRCPPHM2XXX
INFO: 2024/04/05 14:26:32 RECEIVINGNAME: George
INFO: 2024/04/05 14:26:32 RECEIVINGACCOUNT: 09176296115
2024/04/05 14:26:32 
