2024/04/12 11:57:20 
INFO: 2024/04/12 11:57:20                - - - - Trace_Credittransfer - - - -   
INFO: 2024/04/12 11:57:20 Unique-ID: 1828a9cde5ed0c7d0121a0a78822ed18
INFO: 2024/04/12 11:57:20 DECISIONDATE: 2024-04-12 11:57:20
INFO: 2024/04/12 11:57:20 RESPONSE:  Success  
INFO: 2024/04/12 11:57:20 INSTRUCTION_ID: 20231124CAMZPHM2XXXB00000000002770
INFO: 2024/04/12 11:57:20 TRANSACTIONTYPE: SENDER
INFO: 2024/04/12 11:57:20 STATUS: SUCCESS-ACTC
INFO: 2024/04/12 11:57:20 TRACE_ALERT: ALERT_FINANCIAL_CRIME
INFO: 2024/04/12 11:57:20 TRACE_TYPE: NONE
INFO: 2024/04/12 11:57:20 ALERT_TYPE: ACCOUNT_ALERT
INFO: 2024/04/12 11:57:20 REASONCODE: NONE
INFO: 2024/04/12 11:57:20 LOCALINSTRUMENT: ICRT
INFO: 2024/04/12 11:57:20 REFERENCEID: IFT847-1687744873497
INFO: 2024/04/12 11:57:20 SENDERBIC: CAMZPHM2XXX
INFO: 2024/04/12 11:57:20 SENDERNAME: Bernard
INFO: 2024/04/12 11:57:20 SENDERACCOUNT: 1030000000502918
INFO: 2024/04/12 11:57:20 AMOUNT: 105.8
INFO: 2024/04/12 11:57:20 AMOUNTCURRENCY: PHP
INFO: 2024/04/12 11:57:20 RECEIVINGBIC: SRCPPHM2XXX
INFO: 2024/04/12 11:57:20 RECEIVINGNAME: George
INFO: 2024/04/12 11:57:20 RECEIVINGACCOUNT: 09176296115
2024/04/12 11:57:20 
2024/04/12 13:29:46 
INFO: 2024/04/12 13:29:46                - - - - Trace_Credittransfer - - - -   
INFO: 2024/04/12 13:29:46 Unique-ID: b5ba19d82c5d701cf5aeb2301fdbb288
INFO: 2024/04/12 13:29:46 DECISIONDATE: 2024-04-12 13:29:46
INFO: 2024/04/12 13:29:46 RESPONSE:  Success  
INFO: 2024/04/12 13:29:46 INSTRUCTION_ID: 20231124CAMZPHM2XXXB00000000002770
INFO: 2024/04/12 13:29:46 TRANSACTIONTYPE: SENDER
INFO: 2024/04/12 13:29:46 STATUS: SUCCESS-ACTC
INFO: 2024/04/12 13:29:46 TRACE_ALERT: ALERT_FINANCIAL_CRIME
INFO: 2024/04/12 13:29:46 TRACE_TYPE: NONE
INFO: 2024/04/12 13:29:46 ALERT_TYPE: ACCOUNT_ALERT
INFO: 2024/04/12 13:29:46 REASONCODE: NONE
INFO: 2024/04/12 13:29:46 LOCALINSTRUMENT: ICRT
INFO: 2024/04/12 13:29:46 REFERENCEID: IFT847-1687744873497
INFO: 2024/04/12 13:29:46 SENDERBIC: CAMZPHM2XXX
INFO: 2024/04/12 13:29:46 SENDERNAME: Bernard
INFO: 2024/04/12 13:29:46 SENDERACCOUNT: 1030000000502918
INFO: 2024/04/12 13:29:46 AMOUNT: 105.8
INFO: 2024/04/12 13:29:46 AMOUNTCURRENCY: PHP
INFO: 2024/04/12 13:29:46 RECEIVINGBIC: SRCPPHM2XXX
INFO: 2024/04/12 13:29:46 RECEIVINGNAME: George
INFO: 2024/04/12 13:29:46 RECEIVINGACCOUNT: 09176296115
2024/04/12 13:29:46 
2024/04/12 14:15:36 
INFO: 2024/04/12 14:15:36                - - - - Trace_Credittransfer - - - -   
INFO: 2024/04/12 14:15:36 Unique-ID: 39422876d0a9fa21b6b965408ae4302d
INFO: 2024/04/12 14:15:36 DECISIONDATE: 2024-04-12 14:15:35
INFO: 2024/04/12 14:15:36 RESPONSE:  Success  
INFO: 2024/04/12 14:15:36 INSTRUCTION_ID: 20230908CAMZPHM2XXXB00000000002120
INFO: 2024/04/12 14:15:36 TRANSACTIONTYPE: SENDER
INFO: 2024/04/12 14:15:36 STATUS: SUCCESS
INFO: 2024/04/12 14:15:36 TRACE_ALERT: TRACE_FINANCIAL_CRIME
INFO: 2024/04/12 14:15:36 TRACE_TYPE: FRAUD
INFO: 2024/04/12 14:15:36 ALERT_TYPE: NETWORK_ALERT
INFO: 2024/04/12 14:15:36 REASONCODE: NONE
INFO: 2024/04/12 14:15:36 LOCALINSTRUMENT: ICRT
INFO: 2024/04/12 14:15:36 REFERENCEID: IFT56-1694160071150
INFO: 2024/04/12 14:15:36 SENDERBIC: CAMZPHM2XXX
INFO: 2024/04/12 14:15:36 SENDERNAME: Quinta Ben
INFO: 2024/04/12 14:15:36 SENDERACCOUNT: 1030000013856053
INFO: 2024/04/12 14:15:36 AMOUNT: 10
INFO: 2024/04/12 14:15:36 AMOUNTCURRENCY: PHP
INFO: 2024/04/12 14:15:36 RECEIVINGBIC: SRCPPHM2XXX
INFO: 2024/04/12 14:15:36 RECEIVINGNAME: Yen
INFO: 2024/04/12 14:15:36 RECEIVINGACCOUNT: 09176296115
2024/04/12 14:15:36 
