2024/04/16 16:03:50 
INFO: 2024/04/16 16:03:50                - - - - Feedback Fraud - - - -   
INFO: 2024/04/16 16:03:50 GENERATE-ID: 72f848080379a0021f50a537dae7266e
INFO: 2024/04/16 16:03:50 MESSAGE:  Success  
INFO: 2024/04/16 16:03:50 SENDER ACCOUNT: 9876543211
INFO: 2024/04/16 16:03:50 SENDER ACCOUNT: 2024-04-16 16:03:49
INFO: 2024/04/16 16:03:50 TYPE: FRAUD
INFO: 2024/04/16 16:03:50 STATUS: success
INFO: 2024/04/16 16:03:50 INSTRUNCTION: 20240404CAMZPHM2XXXB00000000005030
INFO: 2024/04/16 16:03:50 TRANSACTION-TYPE: SENDING
INFO: 2024/04/16 16:03:50 STATUS: FAILED
INFO: 2024/04/16 16:03:50 REASAON-CODE: NONE
INFO: 2024/04/16 16:03:50 LOCAL-INSTRUMENT: ICRT
INFO: 2024/04/16 16:03:50 REFERENCE-ID: IFT847-1687744873499
INFO: 2024/04/16 16:03:50 SENDER-BIC: CAMZPHM2XXX
INFO: 2024/04/16 16:03:50 SENDER-NAME: Tan
INFO: 2024/04/16 16:03:50 SENDER-NAME: 10.5
INFO: 2024/04/16 16:03:50 CURRENCY: PHP
INFO: 2024/04/16 16:03:50 RECEIVINGBIC: SETCPHMMXXX
INFO: 2024/04/16 16:03:50 RECEIVING-NAME: George
INFO: 2024/04/16 16:03:50 RECEIVING-ACCOUNT: 0000011288583
2024/04/16 16:03:50 
2024/04/16 16:03:50 
INFO: 2024/04/16 16:03:50                - - - - Feedback Fraud - - - -   
INFO: 2024/04/16 16:03:50 GENERATE-ID: 72f848080379a0021f50a537dae7266e
INFO: 2024/04/16 16:03:50 MESSAGE:  Success  
INFO: 2024/04/16 16:03:50 SENDER ACCOUNT: 9876543211
INFO: 2024/04/16 16:03:50 SENDER ACCOUNT: 2024-04-16 16:03:49
INFO: 2024/04/16 16:03:50 TYPE: FRAUD
INFO: 2024/04/16 16:03:50 STATUS: success
INFO: 2024/04/16 16:03:50 INSTRUNCTION: 20240404CAMZPHM2XXXB00000000005031
INFO: 2024/04/16 16:03:50 TRANSACTION-TYPE: SENDING
INFO: 2024/04/16 16:03:50 STATUS: FAILED
INFO: 2024/04/16 16:03:50 REASAON-CODE: NONE
INFO: 2024/04/16 16:03:50 LOCAL-INSTRUMENT: ICRT
INFO: 2024/04/16 16:03:50 REFERENCE-ID: IFT847-1687744873499
INFO: 2024/04/16 16:03:50 SENDER-BIC: CAMZPHM2XXX
INFO: 2024/04/16 16:03:50 SENDER-NAME: Tan
INFO: 2024/04/16 16:03:50 SENDER-NAME: 10.5
INFO: 2024/04/16 16:03:50 CURRENCY: PHP
INFO: 2024/04/16 16:03:50 RECEIVINGBIC: SETCPHMMXXX
INFO: 2024/04/16 16:03:50 RECEIVING-NAME: George
INFO: 2024/04/16 16:03:50 RECEIVING-ACCOUNT: 0000011288583
2024/04/16 16:03:50 
2024/04/16 16:03:50 
INFO: 2024/04/16 16:03:50                - - - - Feedback Fraud - - - -   
INFO: 2024/04/16 16:03:50 GENERATE-ID: 72f848080379a0021f50a537dae7266e
INFO: 2024/04/16 16:03:50 MESSAGE:  Success  
INFO: 2024/04/16 16:03:50 SENDER ACCOUNT: 9876543211
INFO: 2024/04/16 16:03:50 SENDER ACCOUNT: 2024-04-16 16:03:49
INFO: 2024/04/16 16:03:50 TYPE: FRAUD
INFO: 2024/04/16 16:03:50 STATUS: success
INFO: 2024/04/16 16:03:50 INSTRUNCTION: 20240404CAMZPHM2XXXB00000000005033
INFO: 2024/04/16 16:03:50 TRANSACTION-TYPE: SENDING
INFO: 2024/04/16 16:03:50 STATUS: FAILED
INFO: 2024/04/16 16:03:50 REASAON-CODE: NONE
INFO: 2024/04/16 16:03:50 LOCAL-INSTRUMENT: ICRT
INFO: 2024/04/16 16:03:50 REFERENCE-ID: IFT847-1687744873499
INFO: 2024/04/16 16:03:50 SENDER-BIC: CAMZPHM2XXX
INFO: 2024/04/16 16:03:50 SENDER-NAME: Tan
INFO: 2024/04/16 16:03:50 SENDER-NAME: 10.5
INFO: 2024/04/16 16:03:50 CURRENCY: PHP
INFO: 2024/04/16 16:03:50 RECEIVINGBIC: SETCPHMMXXX
INFO: 2024/04/16 16:03:50 RECEIVING-NAME: George
INFO: 2024/04/16 16:03:50 RECEIVING-ACCOUNT: 0000011288583
2024/04/16 16:03:50 
2024/04/16 16:03:50 
INFO: 2024/04/16 16:03:50                - - - - Feedback Fraud - - - -   
INFO: 2024/04/16 16:03:50 GENERATE-ID: 72f848080379a0021f50a537dae7266e
INFO: 2024/04/16 16:03:50 MESSAGE:  Success  
INFO: 2024/04/16 16:03:50 SENDER ACCOUNT: 9876543211
INFO: 2024/04/16 16:03:50 SENDER ACCOUNT: 2024-04-16 16:03:49
INFO: 2024/04/16 16:03:50 TYPE: FRAUD
INFO: 2024/04/16 16:03:50 STATUS: success
INFO: 2024/04/16 16:03:50 INSTRUNCTION: 20240404CAMZPHM2XXXB00000000005034
INFO: 2024/04/16 16:03:50 TRANSACTION-TYPE: SENDING
INFO: 2024/04/16 16:03:50 STATUS: FAILED
INFO: 2024/04/16 16:03:50 REASAON-CODE: NONE
INFO: 2024/04/16 16:03:50 LOCAL-INSTRUMENT: ICRT
INFO: 2024/04/16 16:03:50 REFERENCE-ID: IFT847-1687744873499
INFO: 2024/04/16 16:03:50 SENDER-BIC: CAMZPHM2XXX
INFO: 2024/04/16 16:03:50 SENDER-NAME: Tan
INFO: 2024/04/16 16:03:50 SENDER-NAME: 10.5
INFO: 2024/04/16 16:03:50 CURRENCY: PHP
INFO: 2024/04/16 16:03:50 RECEIVINGBIC: SETCPHMMXXX
INFO: 2024/04/16 16:03:50 RECEIVING-NAME: George
INFO: 2024/04/16 16:03:50 RECEIVING-ACCOUNT: 0000011288583
2024/04/16 16:03:50 
2024/04/16 16:03:50 
INFO: 2024/04/16 16:03:50                - - - - Feedback Fraud - - - -   
INFO: 2024/04/16 16:03:50 GENERATE-ID: 72f848080379a0021f50a537dae7266e
INFO: 2024/04/16 16:03:50 MESSAGE:  Success  
INFO: 2024/04/16 16:03:50 SENDER ACCOUNT: 9876543211
INFO: 2024/04/16 16:03:50 SENDER ACCOUNT: 2024-04-16 16:03:49
INFO: 2024/04/16 16:03:50 TYPE: FRAUD
INFO: 2024/04/16 16:03:50 STATUS: success
INFO: 2024/04/16 16:03:50 INSTRUNCTION: 20240404CAMZPHM2XXXB00000000005035
INFO: 2024/04/16 16:03:50 TRANSACTION-TYPE: SENDING
INFO: 2024/04/16 16:03:50 STATUS: FAILED
INFO: 2024/04/16 16:03:50 REASAON-CODE: NONE
INFO: 2024/04/16 16:03:50 LOCAL-INSTRUMENT: ICRT
INFO: 2024/04/16 16:03:50 REFERENCE-ID: IFT847-1687744873499
INFO: 2024/04/16 16:03:50 SENDER-BIC: CAMZPHM2XXX
INFO: 2024/04/16 16:03:50 SENDER-NAME: Tan
INFO: 2024/04/16 16:03:50 SENDER-NAME: 10.5
INFO: 2024/04/16 16:03:50 CURRENCY: PHP
INFO: 2024/04/16 16:03:50 RECEIVINGBIC: SETCPHMMXXX
INFO: 2024/04/16 16:03:50 RECEIVING-NAME: George
INFO: 2024/04/16 16:03:50 RECEIVING-ACCOUNT: 0000011288583
2024/04/16 16:03:50 
