2024/03/11 15:02:26 
INFO: 2024/03/11 15:02:26                - - - - Trace_Credittransfer - - - -   
INFO: 2024/03/11 15:02:26 Unique-ID: fd419ef7d9a5a1c954415a7721160a4e
INFO: 2024/03/11 15:02:26 DECISIONDATE: 2024-03-11 15:02:26
INFO: 2024/03/11 15:02:26 RESPONSE:  Success  
INFO: 2024/03/11 15:02:26 INSTRUCTION_ID: 20240219CAMZPHM2XXXB00000000008668
INFO: 2024/03/11 15:02:26 TRANSACTIONTYPE: SENDING
INFO: 2024/03/11 15:02:26 STATUS: SUCCESS
INFO: 2024/03/11 15:02:26 TRACE_ALERT: ALERT_FINANCIAL_CRIME
INFO: 2024/03/11 15:02:26 TRACE_TYPE: FRAUD
INFO: 2024/03/11 15:02:26 ALERT_TYPE: ACCOUNT_ALERT
INFO: 2024/03/11 15:02:26 FEEDBACK: ACTIONED_MULE
INFO: 2024/03/11 15:02:26 REASONCODE: ACTC
INFO: 2024/03/11 15:02:26 DESCRIPTION: Transaction processed successfully
INFO: 2024/03/11 15:02:26 LOCALINSTRUMENT: ICRT
INFO: 2024/03/11 15:02:26 REFERENCEID: IFT316-2866936095982
INFO: 2024/03/11 15:02:26 SENDERBIC: CAMZPHM2XXX
INFO: 2024/03/11 15:02:26 SENDERNAME: PIA CAXANDRA SUNE ARGAÑOSA - Postman
INFO: 2024/03/11 15:02:26 SENDERACCOUNT: 1030000000155536
INFO: 2024/03/11 15:02:26 AMOUNTCURRENCY: PHP
INFO: 2024/03/11 15:02:26 SENDERAMOUNT: 105
INFO: 2024/03/11 15:02:26 RECEIVINGBIC: CBMFPHM1XXX
INFO: 2024/03/11 15:02:26 RECEIVINGNAME: George CBI Postman
INFO: 2024/03/11 15:02:26 RECEIVINGACCOUNT: 1010000002389554
2024/03/11 15:02:26 
2024/03/11 15:02:26 
INFO: 2024/03/11 15:02:26                - - - - Trace_Credittransfer - - - -   
INFO: 2024/03/11 15:02:26 Unique-ID: fd419ef7d9a5a1c954415a7721160a4e
INFO: 2024/03/11 15:02:26 DECISIONDATE: 2024-03-11 15:02:26
INFO: 2024/03/11 15:02:26 RESPONSE:  Success  
INFO: 2024/03/11 15:02:26 INSTRUCTION_ID: 20240219CAMZPHM2XXXB00000000008668
INFO: 2024/03/11 15:02:26 TRANSACTIONTYPE: SENDING
INFO: 2024/03/11 15:02:26 STATUS: SUCCESS
INFO: 2024/03/11 15:02:26 TRACE_ALERT: ALERT_FINANCIAL_CRIME
INFO: 2024/03/11 15:02:26 TRACE_TYPE: FRAUD
INFO: 2024/03/11 15:02:26 ALERT_TYPE: ACCOUNT_ALERT
INFO: 2024/03/11 15:02:26 FEEDBACK: ACTIONED_MULE
INFO: 2024/03/11 15:02:26 REASONCODE: ACTC
INFO: 2024/03/11 15:02:26 DESCRIPTION: Transaction processed successfully
INFO: 2024/03/11 15:02:26 LOCALINSTRUMENT: ICRT
INFO: 2024/03/11 15:02:26 REFERENCEID: IFT316-2866936095982
INFO: 2024/03/11 15:02:26 SENDERBIC: CAMZPHM2XXX
INFO: 2024/03/11 15:02:26 SENDERNAME: PIA CAXANDRA SUNE ARGAÑOSA - Postman
INFO: 2024/03/11 15:02:26 SENDERACCOUNT: 1030000000155536
INFO: 2024/03/11 15:02:26 AMOUNTCURRENCY: PHP
INFO: 2024/03/11 15:02:26 SENDERAMOUNT: 105
INFO: 2024/03/11 15:02:26 RECEIVINGBIC: CBMFPHM1XXX
INFO: 2024/03/11 15:02:26 RECEIVINGNAME: George CBI Postman
INFO: 2024/03/11 15:02:26 RECEIVINGACCOUNT: 1010000002389554
2024/03/11 15:02:26 
2024/03/11 17:40:13 
INFO: 2024/03/11 17:40:13                - - - - Trace_Credittransfer - - - -   
INFO: 2024/03/11 17:40:13 Unique-ID: 9b999964264ee63c17bd3043928f9bd2
INFO: 2024/03/11 17:40:13 DECISIONDATE: 2024-03-11 17:40:12
INFO: 2024/03/11 17:40:13 RESPONSE:  Success  
INFO: 2024/03/11 17:40:13 INSTRUCTION_ID: 20240219CAMZPHM2XXXB00000000008668
INFO: 2024/03/11 17:40:13 TRANSACTIONTYPE: SENDING
INFO: 2024/03/11 17:40:13 STATUS: SUCCESS
INFO: 2024/03/11 17:40:13 TRACE_ALERT: MATCH_FINANCIAL_CRIME
INFO: 2024/03/11 17:40:13 TRACE_TYPE: FRAUD
INFO: 2024/03/11 17:40:13 ALERT_TYPE: TRANSACTION_ALERT
INFO: 2024/03/11 17:40:13 FEEDBACK: ACTIONED_MULE
INFO: 2024/03/11 17:40:13 REASONCODE: ACTC
INFO: 2024/03/11 17:40:13 DESCRIPTION: Transaction processed successfully
INFO: 2024/03/11 17:40:13 LOCALINSTRUMENT: ICRT
INFO: 2024/03/11 17:40:13 REFERENCEID: IFT316-2866936095982
INFO: 2024/03/11 17:40:13 SENDERBIC: CAMZPHM2XXX
INFO: 2024/03/11 17:40:13 SENDERNAME: PIA CAXANDRA SUNE ARGAÑOSA - Postman
INFO: 2024/03/11 17:40:13 SENDERACCOUNT: 1030000000155536
INFO: 2024/03/11 17:40:13 AMOUNTCURRENCY: PHP
INFO: 2024/03/11 17:40:13 SENDERAMOUNT: 105
INFO: 2024/03/11 17:40:13 RECEIVINGBIC: CBMFPHM1XXX
INFO: 2024/03/11 17:40:13 RECEIVINGNAME: George CBI Postman
INFO: 2024/03/11 17:40:13 RECEIVINGACCOUNT: 1010000002389554
2024/03/11 17:40:13 
2024/03/11 17:40:13 
INFO: 2024/03/11 17:40:13                - - - - Trace_Credittransfer - - - -   
INFO: 2024/03/11 17:40:13 Unique-ID: 9b999964264ee63c17bd3043928f9bd2
INFO: 2024/03/11 17:40:13 DECISIONDATE: 2024-03-11 17:40:12
INFO: 2024/03/11 17:40:13 RESPONSE:  Success  
INFO: 2024/03/11 17:40:13 INSTRUCTION_ID: 20240219CAMZPHM2XXXB00000000008668
INFO: 2024/03/11 17:40:13 TRANSACTIONTYPE: SENDING
INFO: 2024/03/11 17:40:13 STATUS: SUCCESS
INFO: 2024/03/11 17:40:13 TRACE_ALERT: MATCH_FINANCIAL_CRIME
INFO: 2024/03/11 17:40:13 TRACE_TYPE: FRAUD
INFO: 2024/03/11 17:40:13 ALERT_TYPE: TRANSACTION_ALERT
INFO: 2024/03/11 17:40:13 FEEDBACK: ACTIONED_MULE
INFO: 2024/03/11 17:40:13 REASONCODE: ACTC
INFO: 2024/03/11 17:40:13 DESCRIPTION: Transaction processed successfully
INFO: 2024/03/11 17:40:13 LOCALINSTRUMENT: ICRT
INFO: 2024/03/11 17:40:13 REFERENCEID: IFT316-2866936095982
INFO: 2024/03/11 17:40:13 SENDERBIC: CAMZPHM2XXX
INFO: 2024/03/11 17:40:13 SENDERNAME: PIA CAXANDRA SUNE ARGAÑOSA - Postman
INFO: 2024/03/11 17:40:13 SENDERACCOUNT: 1030000000155536
INFO: 2024/03/11 17:40:13 AMOUNTCURRENCY: PHP
INFO: 2024/03/11 17:40:13 SENDERAMOUNT: 105
INFO: 2024/03/11 17:40:13 RECEIVINGBIC: CBMFPHM1XXX
INFO: 2024/03/11 17:40:13 RECEIVINGNAME: George CBI Postman
INFO: 2024/03/11 17:40:13 RECEIVINGACCOUNT: 1010000002389554
2024/03/11 17:40:13 
2024/03/11 17:40:13 
INFO: 2024/03/11 17:40:13                - - - - Trace_Credittransfer - - - -   
INFO: 2024/03/11 17:40:13 Unique-ID: 9b999964264ee63c17bd3043928f9bd2
INFO: 2024/03/11 17:40:13 DECISIONDATE: 2024-03-11 17:40:12
INFO: 2024/03/11 17:40:13 RESPONSE:  Success  
INFO: 2024/03/11 17:40:13 INSTRUCTION_ID: 20240219CAMZPHM2XXXB00000000008829
INFO: 2024/03/11 17:40:13 TRANSACTIONTYPE: SENDING
INFO: 2024/03/11 17:40:13 STATUS: SUCCESS
INFO: 2024/03/11 17:40:13 TRACE_ALERT: MATCH_FINANCIAL_CRIME
INFO: 2024/03/11 17:40:13 TRACE_TYPE: FRAUD
INFO: 2024/03/11 17:40:13 ALERT_TYPE: TRANSACTION_ALERT
INFO: 2024/03/11 17:40:13 FEEDBACK: ACTIONED_MULE
INFO: 2024/03/11 17:40:13 REASONCODE: ACTC
INFO: 2024/03/11 17:40:13 DESCRIPTION: Transaction processed successfully
INFO: 2024/03/11 17:40:13 LOCALINSTRUMENT: ICRT
INFO: 2024/03/11 17:40:13 REFERENCEID: IFT677-307385779086
INFO: 2024/03/11 17:40:13 SENDERBIC: CAMZPHM2XXX
INFO: 2024/03/11 17:40:13 SENDERNAME: PIA CAXANDRA SUNE ARGAÑOSA - Postman
INFO: 2024/03/11 17:40:13 SENDERACCOUNT: 1030000000155536
INFO: 2024/03/11 17:40:13 AMOUNTCURRENCY: PHP
INFO: 2024/03/11 17:40:13 SENDERAMOUNT: 105
INFO: 2024/03/11 17:40:13 RECEIVINGBIC: CBMFPHM1XXX
INFO: 2024/03/11 17:40:13 RECEIVINGNAME: George CBI Postman
INFO: 2024/03/11 17:40:13 RECEIVINGACCOUNT: 1010000002389554
2024/03/11 17:40:13 
2024/03/11 17:40:13 
INFO: 2024/03/11 17:40:13                - - - - Trace_Credittransfer - - - -   
INFO: 2024/03/11 17:40:13 Unique-ID: 9b999964264ee63c17bd3043928f9bd2
INFO: 2024/03/11 17:40:13 DECISIONDATE: 2024-03-11 17:40:12
INFO: 2024/03/11 17:40:13 RESPONSE:  Success  
INFO: 2024/03/11 17:40:13 INSTRUCTION_ID: 20240219CAMZPHM2XXXB00000000007672
INFO: 2024/03/11 17:40:13 TRANSACTIONTYPE: SENDING
INFO: 2024/03/11 17:40:13 STATUS: SUCCESS
INFO: 2024/03/11 17:40:13 TRACE_ALERT: MATCH_FINANCIAL_CRIME
INFO: 2024/03/11 17:40:13 TRACE_TYPE: FRAUD
INFO: 2024/03/11 17:40:13 ALERT_TYPE: TRANSACTION_ALERT
INFO: 2024/03/11 17:40:13 FEEDBACK: ACTIONED_MULE
INFO: 2024/03/11 17:40:13 REASONCODE: ACTC
INFO: 2024/03/11 17:40:13 DESCRIPTION: Transaction processed successfully
INFO: 2024/03/11 17:40:13 LOCALINSTRUMENT: ICRT
INFO: 2024/03/11 17:40:13 REFERENCEID: IFT303-7528620894604
INFO: 2024/03/11 17:40:13 SENDERBIC: CAMZPHM2XXX
INFO: 2024/03/11 17:40:13 SENDERNAME: PIA CAXANDRA SUNE ARGAÑOSA - Postman
INFO: 2024/03/11 17:40:13 SENDERACCOUNT: 1030000000155536
INFO: 2024/03/11 17:40:13 AMOUNTCURRENCY: PHP
INFO: 2024/03/11 17:40:13 SENDERAMOUNT: 105
INFO: 2024/03/11 17:40:13 RECEIVINGBIC: CBMFPHM1XXX
INFO: 2024/03/11 17:40:13 RECEIVINGNAME: George CBI Postman
INFO: 2024/03/11 17:40:13 RECEIVINGACCOUNT: 1010000002389554
2024/03/11 17:40:13 
2024/03/11 17:40:13 
INFO: 2024/03/11 17:40:13                - - - - Trace_Credittransfer - - - -   
INFO: 2024/03/11 17:40:13 Unique-ID: 9b999964264ee63c17bd3043928f9bd2
INFO: 2024/03/11 17:40:13 DECISIONDATE: 2024-03-11 17:40:12
INFO: 2024/03/11 17:40:13 RESPONSE:  Success  
INFO: 2024/03/11 17:40:13 INSTRUCTION_ID: 20240219CAMZPHM2XXXB00000000008829
INFO: 2024/03/11 17:40:13 TRANSACTIONTYPE: RECEIVING
INFO: 2024/03/11 17:40:13 STATUS: FAILED-RJCT
INFO: 2024/03/11 17:40:13 TRACE_ALERT: MATCH_FINANCIAL_CRIME
INFO: 2024/03/11 17:40:13 TRACE_TYPE: FRAUD
INFO: 2024/03/11 17:40:13 ALERT_TYPE: TRANSACTION_ALERT
INFO: 2024/03/11 17:40:13 FEEDBACK: ACTIONED_MULE
INFO: 2024/03/11 17:40:13 REASONCODE: AC01
INFO: 2024/03/11 17:40:13 DESCRIPTION: Invalid transaction amount
INFO: 2024/03/11 17:40:13 LOCALINSTRUMENT: ICRT
INFO: 2024/03/11 17:40:13 REFERENCEID: IFT548-1316377802124
INFO: 2024/03/11 17:40:13 SENDERBIC: CAMZPHM2XXX
INFO: 2024/03/11 17:40:13 SENDERNAME: PIA CAXANDRA SUNE ARGAÑOSA - Postman
INFO: 2024/03/11 17:40:13 SENDERACCOUNT: 1030000000155536
INFO: 2024/03/11 17:40:13 AMOUNTCURRENCY: PHP
INFO: 2024/03/11 17:40:13 SENDERAMOUNT: 100
INFO: 2024/03/11 17:40:13 RECEIVINGBIC: CBMFPHM1XXX
INFO: 2024/03/11 17:40:13 RECEIVINGNAME: George CBI Postman
INFO: 2024/03/11 17:40:13 RECEIVINGACCOUNT: 1010000002389554
2024/03/11 17:40:13 
2024/03/11 17:40:13 
INFO: 2024/03/11 17:40:13                - - - - Trace_Credittransfer - - - -   
INFO: 2024/03/11 17:40:13 Unique-ID: 9b999964264ee63c17bd3043928f9bd2
INFO: 2024/03/11 17:40:13 DECISIONDATE: 2024-03-11 17:40:12
INFO: 2024/03/11 17:40:13 RESPONSE:  Success  
INFO: 2024/03/11 17:40:13 INSTRUCTION_ID: 20240219CAMZPHM2XXXB00000000006985
INFO: 2024/03/11 17:40:13 TRANSACTIONTYPE: SENDING
INFO: 2024/03/11 17:40:13 STATUS: SUCCESS
INFO: 2024/03/11 17:40:13 TRACE_ALERT: MATCH_FINANCIAL_CRIME
INFO: 2024/03/11 17:40:13 TRACE_TYPE: FRAUD
INFO: 2024/03/11 17:40:13 ALERT_TYPE: TRANSACTION_ALERT
INFO: 2024/03/11 17:40:13 FEEDBACK: ACTIONED_MULE
INFO: 2024/03/11 17:40:13 REASONCODE: ACTC
INFO: 2024/03/11 17:40:13 DESCRIPTION: Transaction processed successfully
INFO: 2024/03/11 17:40:13 LOCALINSTRUMENT: ICRT
INFO: 2024/03/11 17:40:13 REFERENCEID: IFT728-4127686633927
INFO: 2024/03/11 17:40:13 SENDERBIC: CAMZPHM2XXX
INFO: 2024/03/11 17:40:13 SENDERNAME: PIA CAXANDRA SUNE ARGAÑOSA - Postman
INFO: 2024/03/11 17:40:13 SENDERACCOUNT: 1030000000155536
INFO: 2024/03/11 17:40:13 AMOUNTCURRENCY: PHP
INFO: 2024/03/11 17:40:13 SENDERAMOUNT: 109
INFO: 2024/03/11 17:40:13 RECEIVINGBIC: CBMFPHM1XXX
INFO: 2024/03/11 17:40:13 RECEIVINGNAME: George CBI Postman
INFO: 2024/03/11 17:40:13 RECEIVINGACCOUNT: 1010000002389554
2024/03/11 17:40:13 
2024/03/11 17:40:13 
INFO: 2024/03/11 17:40:13                - - - - Trace_Credittransfer - - - -   
INFO: 2024/03/11 17:40:13 Unique-ID: 9b999964264ee63c17bd3043928f9bd2
INFO: 2024/03/11 17:40:13 DECISIONDATE: 2024-03-11 17:40:12
INFO: 2024/03/11 17:40:13 RESPONSE:  Success  
INFO: 2024/03/11 17:40:13 INSTRUCTION_ID: 20240219CAMZPHM2XXXB0000000000580
INFO: 2024/03/11 17:40:13 TRANSACTIONTYPE: SENDING
INFO: 2024/03/11 17:40:13 STATUS: SUCCESS
INFO: 2024/03/11 17:40:13 TRACE_ALERT: MATCH_FINANCIAL_CRIME
INFO: 2024/03/11 17:40:13 TRACE_TYPE: FRAUD
INFO: 2024/03/11 17:40:13 ALERT_TYPE: TRANSACTION_ALERT
INFO: 2024/03/11 17:40:13 FEEDBACK: ACTIONED_MULE
INFO: 2024/03/11 17:40:13 REASONCODE: ACTC
INFO: 2024/03/11 17:40:13 DESCRIPTION: Transaction processed successfully
INFO: 2024/03/11 17:40:13 LOCALINSTRUMENT: ICRT
INFO: 2024/03/11 17:40:13 REFERENCEID: IFT673-1186681441148
INFO: 2024/03/11 17:40:13 SENDERBIC: CAMZPHM2XXX
INFO: 2024/03/11 17:40:13 SENDERNAME: PIA CAXANDRA SUNE ARGAÑOSA - Postman
INFO: 2024/03/11 17:40:13 SENDERACCOUNT: 1030000000155536
INFO: 2024/03/11 17:40:13 AMOUNTCURRENCY: PHP
INFO: 2024/03/11 17:40:13 SENDERAMOUNT: 109
INFO: 2024/03/11 17:40:13 RECEIVINGBIC: CBMFPHM1XXX
INFO: 2024/03/11 17:40:13 RECEIVINGNAME: George CBI Postman
INFO: 2024/03/11 17:40:13 RECEIVINGACCOUNT: 1010000002389554
2024/03/11 17:40:13 
2024/03/11 17:40:13 
INFO: 2024/03/11 17:40:13                - - - - Trace_Credittransfer - - - -   
INFO: 2024/03/11 17:40:13 Unique-ID: 9b999964264ee63c17bd3043928f9bd2
INFO: 2024/03/11 17:40:13 DECISIONDATE: 2024-03-11 17:40:12
INFO: 2024/03/11 17:40:13 RESPONSE:  Success  
INFO: 2024/03/11 17:40:13 INSTRUCTION_ID: 20240219CAMZPHM2XXXB00000000002296
INFO: 2024/03/11 17:40:13 TRANSACTIONTYPE: SENDING
INFO: 2024/03/11 17:40:13 STATUS: SUCCESS
INFO: 2024/03/11 17:40:13 TRACE_ALERT: MATCH_FINANCIAL_CRIME
INFO: 2024/03/11 17:40:13 TRACE_TYPE: FRAUD
INFO: 2024/03/11 17:40:13 ALERT_TYPE: TRANSACTION_ALERT
INFO: 2024/03/11 17:40:13 FEEDBACK: ACTIONED_MULE
INFO: 2024/03/11 17:40:13 REASONCODE: ACTC
INFO: 2024/03/11 17:40:13 DESCRIPTION: Transaction processed successfully
INFO: 2024/03/11 17:40:13 LOCALINSTRUMENT: ICRT
INFO: 2024/03/11 17:40:13 REFERENCEID: IFT782-2536371102244
INFO: 2024/03/11 17:40:13 SENDERBIC: CAMZPHM2XXX
INFO: 2024/03/11 17:40:13 SENDERNAME: CHIENLO MEJIA
INFO: 2024/03/11 17:40:13 SENDERACCOUNT: 1030000000155536
INFO: 2024/03/11 17:40:13 AMOUNTCURRENCY: PHP
INFO: 2024/03/11 17:40:13 SENDERAMOUNT: 109
INFO: 2024/03/11 17:40:13 RECEIVINGBIC: CBMFPHM1XXX
INFO: 2024/03/11 17:40:13 RECEIVINGNAME: RICO VERGARA
INFO: 2024/03/11 17:40:13 RECEIVINGACCOUNT: 1010000002389551
2024/03/11 17:40:13 
2024/03/11 17:40:13 
INFO: 2024/03/11 17:40:13                - - - - Trace_Credittransfer - - - -   
INFO: 2024/03/11 17:40:13 Unique-ID: 9b999964264ee63c17bd3043928f9bd2
INFO: 2024/03/11 17:40:13 DECISIONDATE: 2024-03-11 17:40:12
INFO: 2024/03/11 17:40:13 RESPONSE:  Success  
INFO: 2024/03/11 17:40:13 INSTRUCTION_ID: 20240219CAMZPHM2XXXB00000000006083
INFO: 2024/03/11 17:40:13 TRANSACTIONTYPE: SENDING
INFO: 2024/03/11 17:40:13 STATUS: SUCCESS
INFO: 2024/03/11 17:40:13 TRACE_ALERT: MATCH_FINANCIAL_CRIME
INFO: 2024/03/11 17:40:13 TRACE_TYPE: FRAUD
INFO: 2024/03/11 17:40:13 ALERT_TYPE: TRANSACTION_ALERT
INFO: 2024/03/11 17:40:13 FEEDBACK: ACTIONED_MULE
INFO: 2024/03/11 17:40:13 REASONCODE: ACTC
INFO: 2024/03/11 17:40:13 DESCRIPTION: Transaction processed successfully
INFO: 2024/03/11 17:40:13 LOCALINSTRUMENT: ICRT
INFO: 2024/03/11 17:40:13 REFERENCEID: IFT155-3322596436056
INFO: 2024/03/11 17:40:13 SENDERBIC: CAMZPHM2XXX
INFO: 2024/03/11 17:40:13 SENDERNAME: PIA CAXANDRA SUNE ARGAÑOSA - Postman
INFO: 2024/03/11 17:40:13 SENDERACCOUNT: 1030000000155536
INFO: 2024/03/11 17:40:13 AMOUNTCURRENCY: PHP
INFO: 2024/03/11 17:40:13 SENDERAMOUNT: 109
INFO: 2024/03/11 17:40:13 RECEIVINGBIC: CBMFPHM1XXX
INFO: 2024/03/11 17:40:13 RECEIVINGNAME: George CBI Postman
INFO: 2024/03/11 17:40:13 RECEIVINGACCOUNT: 1010000002389554
2024/03/11 17:40:13 
2024/03/11 17:40:13 
INFO: 2024/03/11 17:40:13                - - - - Trace_Credittransfer - - - -   
INFO: 2024/03/11 17:40:13 Unique-ID: 9b999964264ee63c17bd3043928f9bd2
INFO: 2024/03/11 17:40:13 DECISIONDATE: 2024-03-11 17:40:12
INFO: 2024/03/11 17:40:13 RESPONSE:  Success  
INFO: 2024/03/11 17:40:13 INSTRUCTION_ID: 20240219CAMZPHM2XXXB00000000001269
INFO: 2024/03/11 17:40:13 TRANSACTIONTYPE: SENDING
INFO: 2024/03/11 17:40:13 STATUS: SUCCESS
INFO: 2024/03/11 17:40:13 TRACE_ALERT: MATCH_FINANCIAL_CRIME
INFO: 2024/03/11 17:40:13 TRACE_TYPE: FRAUD
INFO: 2024/03/11 17:40:13 ALERT_TYPE: TRANSACTION_ALERT
INFO: 2024/03/11 17:40:13 FEEDBACK: ACTIONED_MULE
INFO: 2024/03/11 17:40:13 REASONCODE: ACTC
INFO: 2024/03/11 17:40:13 DESCRIPTION: Transaction processed successfully
INFO: 2024/03/11 17:40:13 LOCALINSTRUMENT: ICRT
INFO: 2024/03/11 17:40:13 REFERENCEID: IFT138-9663399492515
INFO: 2024/03/11 17:40:13 SENDERBIC: CAMZPHM2XXX
INFO: 2024/03/11 17:40:13 SENDERNAME: PIA CAXANDRA SUNE ARGAÑOSA - Postman
INFO: 2024/03/11 17:40:13 SENDERACCOUNT: 1030000000155536
INFO: 2024/03/11 17:40:13 AMOUNTCURRENCY: PHP
INFO: 2024/03/11 17:40:13 SENDERAMOUNT: 120
INFO: 2024/03/11 17:40:13 RECEIVINGBIC: CBMFPHM1XXX
INFO: 2024/03/11 17:40:13 RECEIVINGNAME: George CBI Postman
INFO: 2024/03/11 17:40:13 RECEIVINGACCOUNT: 1010000002389554
2024/03/11 17:40:13 
2024/03/11 17:40:13 
INFO: 2024/03/11 17:40:13                - - - - Trace_Credittransfer - - - -   
INFO: 2024/03/11 17:40:13 Unique-ID: 9b999964264ee63c17bd3043928f9bd2
INFO: 2024/03/11 17:40:13 DECISIONDATE: 2024-03-11 17:40:12
INFO: 2024/03/11 17:40:13 RESPONSE:  Success  
INFO: 2024/03/11 17:40:13 INSTRUCTION_ID: 20240219CAMZPHM2XXXB00000000008879
INFO: 2024/03/11 17:40:13 TRANSACTIONTYPE: RECEIVING
INFO: 2024/03/11 17:40:13 STATUS: FAILED-RJCT
INFO: 2024/03/11 17:40:13 TRACE_ALERT: MATCH_FINANCIAL_CRIME
INFO: 2024/03/11 17:40:13 TRACE_TYPE: FRAUD
INFO: 2024/03/11 17:40:13 ALERT_TYPE: TRANSACTION_ALERT
INFO: 2024/03/11 17:40:13 FEEDBACK: ACTIONED_MULE
INFO: 2024/03/11 17:40:13 REASONCODE: AC01
INFO: 2024/03/11 17:40:13 DESCRIPTION: Invalid transaction amount
INFO: 2024/03/11 17:40:13 LOCALINSTRUMENT: ICRT
INFO: 2024/03/11 17:40:13 REFERENCEID: IFT340-5518080519685
INFO: 2024/03/11 17:40:13 SENDERBIC: CAMZPHM2XXX
INFO: 2024/03/11 17:40:13 SENDERNAME: PIA CAXANDRA SUNE ARGAÑOSA - Postman
INFO: 2024/03/11 17:40:13 SENDERACCOUNT: 1030000000155536
INFO: 2024/03/11 17:40:13 AMOUNTCURRENCY: PHP
INFO: 2024/03/11 17:40:13 SENDERAMOUNT: 90
INFO: 2024/03/11 17:40:13 RECEIVINGBIC: CBMFPHM1XXX
INFO: 2024/03/11 17:40:13 RECEIVINGNAME: George CBI Postman
INFO: 2024/03/11 17:40:13 RECEIVINGACCOUNT: 1010000002389554
2024/03/11 17:40:13 
