2024/03/05 22:34:14 
INFO: 2024/03/05 22:34:14                - - - - Trace_Credittransfer - - - -   
INFO: 2024/03/05 22:34:14 Unique-ID: a3735837a0b0bbc2cf39b52f87a9e328
INFO: 2024/03/05 22:34:14 DECISIONDATE: 2024-03-05 22:34:14
INFO: 2024/03/05 22:34:14 RESPONSE:  Success  
INFO: 2024/03/05 22:34:14 INSTRUCTION_ID: 20240219CAMZPHM2XXXB00000000004609
INFO: 2024/03/05 22:34:14 TRANSACTIONTYPE: RECEIVING
INFO: 2024/03/05 22:34:14 STATUS: FAILED-RJCT
INFO: 2024/03/05 22:34:14 TRACE_ALERT: ALERT_FINANCIAL_CRIME
INFO: 2024/03/05 22:34:14 TRACE_TYPE: NONE
INFO: 2024/03/05 22:34:14 ALERT_TYPE: ACCOUNT_ALERT
INFO: 2024/03/05 22:34:14 FEEDBACK: 
INFO: 2024/03/05 22:34:14 REASONCODE: AC01
INFO: 2024/03/05 22:34:14 DESCRIPTION: Invalid transaction amount
INFO: 2024/03/05 22:34:14 LOCALINSTRUMENT: ICRT
INFO: 2024/03/05 22:34:14 REFERENCEID: IFT233-1121101550802
INFO: 2024/03/05 22:34:14 SENDERBIC: CAMZPHM2XXX
INFO: 2024/03/05 22:34:14 SENDERNAME: Rica VERGARA
INFO: 2024/03/05 22:34:14 SENDERACCOUNT: 1030000000155523
INFO: 2024/03/05 22:34:14 AMOUNTCURRENCY: PHP
INFO: 2024/03/05 22:34:14 SENDERAMOUNT: 10
INFO: 2024/03/05 22:34:14 RECEIVINGBIC: CBMFPHM1XXX
INFO: 2024/03/05 22:34:14 RECEIVINGNAME: chichi
INFO: 2024/03/05 22:34:14 RECEIVINGACCOUNT: 1010000002389510
INFO: 2024/03/05 22:34:14 =========================================================================================
2024/03/05 22:34:14 
INFO: 2024/03/05 22:34:14 FEEDBACK: 
2024/03/05 22:46:49 
INFO: 2024/03/05 22:46:49                - - - - Trace_Credittransfer - - - -   
INFO: 2024/03/05 22:46:49 Unique-ID: 26a68216bcffb8c370b9616c035addc9
INFO: 2024/03/05 22:46:49 DECISIONDATE: 2024-03-05 22:46:49
INFO: 2024/03/05 22:46:49 RESPONSE:  Success  
INFO: 2024/03/05 22:46:49 INSTRUCTION_ID: 20240219CAMZPHM2XXXB00000000004609
INFO: 2024/03/05 22:46:49 TRANSACTIONTYPE: RECEIVING
INFO: 2024/03/05 22:46:49 STATUS: FAILED-RJCT
INFO: 2024/03/05 22:46:49 TRACE_ALERT: ALERT_FINANCIAL_CRIME
INFO: 2024/03/05 22:46:49 TRACE_TYPE: NONE
INFO: 2024/03/05 22:46:49 ALERT_TYPE: ACCOUNT_ALERT
INFO: 2024/03/05 22:46:49 FEEDBACK: ACTIONED_MULE
INFO: 2024/03/05 22:46:49 REASONCODE: AC01
INFO: 2024/03/05 22:46:49 DESCRIPTION: Invalid transaction amount
INFO: 2024/03/05 22:46:49 LOCALINSTRUMENT: ICRT
INFO: 2024/03/05 22:46:49 REFERENCEID: IFT233-1121101550802
INFO: 2024/03/05 22:46:49 SENDERBIC: CAMZPHM2XXX
INFO: 2024/03/05 22:46:49 SENDERNAME: Rica VERGARA
INFO: 2024/03/05 22:46:49 SENDERACCOUNT: 1030000000155523
INFO: 2024/03/05 22:46:49 AMOUNTCURRENCY: PHP
INFO: 2024/03/05 22:46:49 SENDERAMOUNT: 10
INFO: 2024/03/05 22:46:49 RECEIVINGBIC: CBMFPHM1XXX
INFO: 2024/03/05 22:46:49 RECEIVINGNAME: chichi
INFO: 2024/03/05 22:46:49 RECEIVINGACCOUNT: 1010000002389510
INFO: 2024/03/05 22:46:49 =========================================================================================
2024/03/05 22:46:49 
2024/03/05 22:54:25 
INFO: 2024/03/05 22:54:25                - - - - Trace_Credittransfer - - - -   
INFO: 2024/03/05 22:54:25 Unique-ID: e58533619e7713de639478ae4d683683
INFO: 2024/03/05 22:54:25 DECISIONDATE: 2024-03-05 22:54:25
INFO: 2024/03/05 22:54:25 RESPONSE:  Success  
INFO: 2024/03/05 22:54:25 INSTRUCTION_ID: 20240219CAMZPHM2XXXB00000000004609
INFO: 2024/03/05 22:54:25 TRANSACTIONTYPE: RECEIVING
INFO: 2024/03/05 22:54:25 STATUS: FAILED-RJCT
INFO: 2024/03/05 22:54:25 TRACE_ALERT: ALERT_FINANCIAL_CRIME
INFO: 2024/03/05 22:54:25 TRACE_TYPE: NONE
INFO: 2024/03/05 22:54:25 ALERT_TYPE: ACCOUNT_ALERT
INFO: 2024/03/05 22:54:25 FEEDBACK: ACTIONED_MULE
INFO: 2024/03/05 22:54:25 REASONCODE: AC01
INFO: 2024/03/05 22:54:25 DESCRIPTION: Invalid transaction amount
INFO: 2024/03/05 22:54:25 LOCALINSTRUMENT: ICRT
INFO: 2024/03/05 22:54:25 REFERENCEID: IFT233-1121101550802
INFO: 2024/03/05 22:54:25 SENDERBIC: CAMZPHM2XXX
INFO: 2024/03/05 22:54:25 SENDERNAME: Rica VERGARA
INFO: 2024/03/05 22:54:25 SENDERACCOUNT: 1030000000155523
INFO: 2024/03/05 22:54:25 AMOUNTCURRENCY: PHP
INFO: 2024/03/05 22:54:25 SENDERAMOUNT: 10
INFO: 2024/03/05 22:54:25 RECEIVINGBIC: CBMFPHM1XXX
INFO: 2024/03/05 22:54:25 RECEIVINGNAME: chichi
INFO: 2024/03/05 22:54:25 RECEIVINGACCOUNT: 1010000002389510
INFO: 2024/03/05 22:54:25 =========================================================================================
2024/03/05 22:54:25 
2024/03/05 22:55:18 
INFO: 2024/03/05 22:55:18                - - - - Trace_Credittransfer - - - -   
INFO: 2024/03/05 22:55:18 Unique-ID: f1403d23007c1f9283a1d8c999f4207c
INFO: 2024/03/05 22:55:18 DECISIONDATE: 2024-03-05 22:55:18
INFO: 2024/03/05 22:55:18 RESPONSE:  Success  
INFO: 2024/03/05 22:55:18 INSTRUCTION_ID: 20240219CAMZPHM2XXXB00000000004609
INFO: 2024/03/05 22:55:18 TRANSACTIONTYPE: RECEIVING
INFO: 2024/03/05 22:55:18 STATUS: FAILED-RJCT
INFO: 2024/03/05 22:55:18 TRACE_ALERT: ALERT_FINANCIAL_CRIME
INFO: 2024/03/05 22:55:18 TRACE_TYPE: NONE
INFO: 2024/03/05 22:55:18 ALERT_TYPE: ACCOUNT_ALERT
INFO: 2024/03/05 22:55:18 FEEDBACK: ACTIONED_MULE
INFO: 2024/03/05 22:55:18 REASONCODE: AC01
INFO: 2024/03/05 22:55:18 DESCRIPTION: Invalid transaction amount
INFO: 2024/03/05 22:55:18 LOCALINSTRUMENT: ICRT
INFO: 2024/03/05 22:55:18 REFERENCEID: IFT233-1121101550802
INFO: 2024/03/05 22:55:18 SENDERBIC: CAMZPHM2XXX
INFO: 2024/03/05 22:55:18 SENDERNAME: Rica VERGARA
INFO: 2024/03/05 22:55:18 SENDERACCOUNT: 1030000000155523
INFO: 2024/03/05 22:55:18 AMOUNTCURRENCY: PHP
INFO: 2024/03/05 22:55:18 SENDERAMOUNT: 10
INFO: 2024/03/05 22:55:18 RECEIVINGBIC: CBMFPHM1XXX
INFO: 2024/03/05 22:55:18 RECEIVINGNAME: chichi
INFO: 2024/03/05 22:55:18 RECEIVINGACCOUNT: 1010000002389510
INFO: 2024/03/05 22:55:18 =========================================================================================
2024/03/05 22:55:18 
2024/03/05 22:56:12 
INFO: 2024/03/05 22:56:12                - - - - Trace_Credittransfer - - - -   
INFO: 2024/03/05 22:56:12 Unique-ID: 1af049ab638aeb922de763341ed23abd
INFO: 2024/03/05 22:56:12 DECISIONDATE: 2024-03-05 22:56:12
INFO: 2024/03/05 22:56:12 RESPONSE: (Method Not Allowed - 400)
INFO: 2024/03/05 22:56:12 INSTRUCTION_ID: IFT782-2536371102244
INFO: 2024/03/05 22:56:12 TRANSACTIONTYPE: null
INFO: 2024/03/05 22:56:12 STATUS: null
INFO: 2024/03/05 22:56:12 TRACE_ALERT: null
INFO: 2024/03/05 22:56:12 TRACE_TYPE: null
INFO: 2024/03/05 22:56:12 ALERT_TYPE: null
INFO: 2024/03/05 22:56:12 FEEDBACK: null
INFO: 2024/03/05 22:56:12 REASONCODE: null
INFO: 2024/03/05 22:56:12 DESCRIPTION: null
INFO: 2024/03/05 22:56:12 LOCALINSTRUMENT: null
INFO: 2024/03/05 22:56:12 REFERENCEID: null
INFO: 2024/03/05 22:56:12 SENDERBIC: null
INFO: 2024/03/05 22:56:12 SENDERNAME: null
INFO: 2024/03/05 22:56:12 SENDERACCOUNT: null
INFO: 2024/03/05 22:56:12 AMOUNTCURRENCY: null
INFO: 2024/03/05 22:56:12 SENDERAMOUNT: 0
INFO: 2024/03/05 22:56:12 RECEIVINGBIC: null
INFO: 2024/03/05 22:56:12 RECEIVINGNAME: null
INFO: 2024/03/05 22:56:12 RECEIVINGACCOUNT: null
INFO: 2024/03/05 22:56:12 =========================================================================================
2024/03/05 22:56:12 
2024/03/05 22:56:18 
INFO: 2024/03/05 22:56:18                - - - - Trace_Credittransfer - - - -   
INFO: 2024/03/05 22:56:18 Unique-ID: c975c9b95407d26e0f1a4244ce17a37a
INFO: 2024/03/05 22:56:18 DECISIONDATE: 2024-03-05 22:56:18
INFO: 2024/03/05 22:56:18 RESPONSE: (Method Not Allowed - 400)
INFO: 2024/03/05 22:56:18 INSTRUCTION_ID: IFT782-2536371102244
INFO: 2024/03/05 22:56:18 TRANSACTIONTYPE: null
INFO: 2024/03/05 22:56:18 STATUS: null
INFO: 2024/03/05 22:56:18 TRACE_ALERT: null
INFO: 2024/03/05 22:56:18 TRACE_TYPE: null
INFO: 2024/03/05 22:56:18 ALERT_TYPE: null
INFO: 2024/03/05 22:56:18 FEEDBACK: null
INFO: 2024/03/05 22:56:18 REASONCODE: null
INFO: 2024/03/05 22:56:18 DESCRIPTION: null
INFO: 2024/03/05 22:56:18 LOCALINSTRUMENT: null
INFO: 2024/03/05 22:56:18 REFERENCEID: null
INFO: 2024/03/05 22:56:18 SENDERBIC: null
INFO: 2024/03/05 22:56:18 SENDERNAME: null
INFO: 2024/03/05 22:56:18 SENDERACCOUNT: null
INFO: 2024/03/05 22:56:18 AMOUNTCURRENCY: null
INFO: 2024/03/05 22:56:18 SENDERAMOUNT: 0
INFO: 2024/03/05 22:56:18 RECEIVINGBIC: null
INFO: 2024/03/05 22:56:18 RECEIVINGNAME: null
INFO: 2024/03/05 22:56:18 RECEIVINGACCOUNT: null
INFO: 2024/03/05 22:56:18 =========================================================================================
2024/03/05 22:56:18 
2024/03/05 22:58:12 
INFO: 2024/03/05 22:58:12                - - - - Trace_Credittransfer - - - -   
INFO: 2024/03/05 22:58:12 Unique-ID: e1a2722c4781ad7a78db2f621d78acbe
INFO: 2024/03/05 22:58:12 DECISIONDATE: 2024-03-05 22:58:12
INFO: 2024/03/05 22:58:12 RESPONSE: (Method Not Allowed - 400)
INFO: 2024/03/05 22:58:12 INSTRUCTION_ID: 20240219CAMZPHM2XXXB00000000004609
INFO: 2024/03/05 22:58:12 TRANSACTIONTYPE: null
INFO: 2024/03/05 22:58:12 STATUS: null
INFO: 2024/03/05 22:58:12 TRACE_ALERT: null
INFO: 2024/03/05 22:58:12 TRACE_TYPE: null
INFO: 2024/03/05 22:58:12 ALERT_TYPE: null
INFO: 2024/03/05 22:58:12 FEEDBACK: null
INFO: 2024/03/05 22:58:12 REASONCODE: null
INFO: 2024/03/05 22:58:12 DESCRIPTION: null
INFO: 2024/03/05 22:58:12 LOCALINSTRUMENT: null
INFO: 2024/03/05 22:58:12 REFERENCEID: null
INFO: 2024/03/05 22:58:12 SENDERBIC: null
INFO: 2024/03/05 22:58:12 SENDERNAME: null
INFO: 2024/03/05 22:58:12 SENDERACCOUNT: null
INFO: 2024/03/05 22:58:12 AMOUNTCURRENCY: null
INFO: 2024/03/05 22:58:12 SENDERAMOUNT: 0
INFO: 2024/03/05 22:58:12 RECEIVINGBIC: null
INFO: 2024/03/05 22:58:12 RECEIVINGNAME: null
INFO: 2024/03/05 22:58:12 RECEIVINGACCOUNT: null
INFO: 2024/03/05 22:58:12 =========================================================================================
2024/03/05 22:58:12 
2024/03/05 22:58:25 
INFO: 2024/03/05 22:58:25                - - - - Trace_Credittransfer - - - -   
INFO: 2024/03/05 22:58:25 Unique-ID: cb6994e0156b4662da66eb58b2561e4d
INFO: 2024/03/05 22:58:25 DECISIONDATE: 2024-03-05 22:58:25
INFO: 2024/03/05 22:58:25 RESPONSE: (Method Not Allowed - 400)
INFO: 2024/03/05 22:58:25 INSTRUCTION_ID: 20240219CAMZPHM2XXXB00000000004609
INFO: 2024/03/05 22:58:25 TRANSACTIONTYPE: null
INFO: 2024/03/05 22:58:25 STATUS: null
INFO: 2024/03/05 22:58:25 TRACE_ALERT: null
INFO: 2024/03/05 22:58:25 TRACE_TYPE: null
INFO: 2024/03/05 22:58:25 ALERT_TYPE: null
INFO: 2024/03/05 22:58:25 FEEDBACK: null
INFO: 2024/03/05 22:58:25 REASONCODE: null
INFO: 2024/03/05 22:58:25 DESCRIPTION: null
INFO: 2024/03/05 22:58:25 LOCALINSTRUMENT: null
INFO: 2024/03/05 22:58:25 REFERENCEID: null
INFO: 2024/03/05 22:58:25 SENDERBIC: null
INFO: 2024/03/05 22:58:25 SENDERNAME: null
INFO: 2024/03/05 22:58:25 SENDERACCOUNT: null
INFO: 2024/03/05 22:58:25 AMOUNTCURRENCY: null
INFO: 2024/03/05 22:58:25 SENDERAMOUNT: 0
INFO: 2024/03/05 22:58:25 RECEIVINGBIC: null
INFO: 2024/03/05 22:58:25 RECEIVINGNAME: null
INFO: 2024/03/05 22:58:25 RECEIVINGACCOUNT: null
INFO: 2024/03/05 22:58:25 =========================================================================================
2024/03/05 22:58:25 
2024/03/05 23:01:19 
INFO: 2024/03/05 23:01:19                - - - - Trace_Credittransfer - - - -   
INFO: 2024/03/05 23:01:19 Unique-ID: a0199b12970067bd484bcf910b7619d4
INFO: 2024/03/05 23:01:19 DECISIONDATE: 2024-03-05 23:01:19
INFO: 2024/03/05 23:01:19 RESPONSE: (Method Not Allowed - 400)
INFO: 2024/03/05 23:01:19 INSTRUCTION_ID: 20240219CAMZPHM2XXXB00000000004609
INFO: 2024/03/05 23:01:19 TRANSACTIONTYPE: null
INFO: 2024/03/05 23:01:19 STATUS: null
INFO: 2024/03/05 23:01:19 TRACE_ALERT: null
INFO: 2024/03/05 23:01:19 TRACE_TYPE: null
INFO: 2024/03/05 23:01:19 ALERT_TYPE: null
INFO: 2024/03/05 23:01:19 FEEDBACK: null
INFO: 2024/03/05 23:01:19 REASONCODE: null
INFO: 2024/03/05 23:01:19 DESCRIPTION: null
INFO: 2024/03/05 23:01:19 LOCALINSTRUMENT: null
INFO: 2024/03/05 23:01:19 REFERENCEID: null
INFO: 2024/03/05 23:01:19 SENDERBIC: null
INFO: 2024/03/05 23:01:19 SENDERNAME: null
INFO: 2024/03/05 23:01:19 SENDERACCOUNT: null
INFO: 2024/03/05 23:01:19 AMOUNTCURRENCY: null
INFO: 2024/03/05 23:01:19 SENDERAMOUNT: 0
INFO: 2024/03/05 23:01:19 RECEIVINGBIC: null
INFO: 2024/03/05 23:01:19 RECEIVINGNAME: null
INFO: 2024/03/05 23:01:19 RECEIVINGACCOUNT: null
INFO: 2024/03/05 23:01:19 =========================================================================================
2024/03/05 23:01:19 
2024/03/05 23:09:43 
INFO: 2024/03/05 23:09:43                - - - - Trace_Credittransfer - - - -   
INFO: 2024/03/05 23:09:43 Unique-ID: c6f19eabb462bde9fb7aee53345775b1
INFO: 2024/03/05 23:09:43 DECISIONDATE: 2024-03-05 23:09:43
INFO: 2024/03/05 23:09:43 RESPONSE: (Method Not Allowed - 400)
INFO: 2024/03/05 23:09:43 INSTRUCTION_ID: 20240219CAMZPHM2XXXB00000000004609
INFO: 2024/03/05 23:09:43 TRANSACTIONTYPE: null
INFO: 2024/03/05 23:09:43 STATUS: null
INFO: 2024/03/05 23:09:43 TRACE_ALERT: null
INFO: 2024/03/05 23:09:43 TRACE_TYPE: null
INFO: 2024/03/05 23:09:43 ALERT_TYPE: null
INFO: 2024/03/05 23:09:43 FEEDBACK: null
INFO: 2024/03/05 23:09:43 REASONCODE: null
INFO: 2024/03/05 23:09:43 DESCRIPTION: null
INFO: 2024/03/05 23:09:43 LOCALINSTRUMENT: null
INFO: 2024/03/05 23:09:43 REFERENCEID: null
INFO: 2024/03/05 23:09:43 SENDERBIC: null
INFO: 2024/03/05 23:09:43 SENDERNAME: null
INFO: 2024/03/05 23:09:43 SENDERACCOUNT: null
INFO: 2024/03/05 23:09:43 AMOUNTCURRENCY: null
INFO: 2024/03/05 23:09:43 SENDERAMOUNT: 0
INFO: 2024/03/05 23:09:43 RECEIVINGBIC: null
INFO: 2024/03/05 23:09:43 RECEIVINGNAME: null
INFO: 2024/03/05 23:09:43 RECEIVINGACCOUNT: null
INFO: 2024/03/05 23:09:43 =========================================================================================
2024/03/05 23:09:43 
2024/03/05 23:10:41 
INFO: 2024/03/05 23:10:41                - - - - Trace_Credittransfer - - - -   
INFO: 2024/03/05 23:10:41 Unique-ID: 0cfef559e94a03f3f813c243f59988da
INFO: 2024/03/05 23:10:41 DECISIONDATE: 2024-03-05 23:10:41
INFO: 2024/03/05 23:10:41 RESPONSE:  Success  
INFO: 2024/03/05 23:10:41 INSTRUCTION_ID: 20240219CAMZPHM2XXXB00000000008668
INFO: 2024/03/05 23:10:41 TRANSACTIONTYPE: SENDING
INFO: 2024/03/05 23:10:41 STATUS: SUCCESS
INFO: 2024/03/05 23:10:41 TRACE_ALERT: MATCH_FINANCIAL_CRIME
INFO: 2024/03/05 23:10:41 TRACE_TYPE: FRAUD
INFO: 2024/03/05 23:10:41 ALERT_TYPE: NETWORK_ALERT
INFO: 2024/03/05 23:10:41 FEEDBACK: ACTIONED_MULE
INFO: 2024/03/05 23:10:41 REASONCODE: ACTC
INFO: 2024/03/05 23:10:41 DESCRIPTION: Transaction processed successfully
INFO: 2024/03/05 23:10:41 LOCALINSTRUMENT: ICRT
INFO: 2024/03/05 23:10:41 REFERENCEID: IFT316-2866936095982
INFO: 2024/03/05 23:10:41 SENDERBIC: CAMZPHM2XXX
INFO: 2024/03/05 23:10:41 SENDERNAME: PIA CAXANDRA SUNE ARGAÑOSA - Postman
INFO: 2024/03/05 23:10:41 SENDERACCOUNT: 1030000000155536
INFO: 2024/03/05 23:10:41 AMOUNTCURRENCY: PHP
INFO: 2024/03/05 23:10:41 SENDERAMOUNT: 105
INFO: 2024/03/05 23:10:41 RECEIVINGBIC: CBMFPHM1XXX
INFO: 2024/03/05 23:10:41 RECEIVINGNAME: George CBI Postman
INFO: 2024/03/05 23:10:41 RECEIVINGACCOUNT: 1010000002389554
INFO: 2024/03/05 23:10:41 =========================================================================================
2024/03/05 23:10:41 
2024/03/05 23:10:41 
INFO: 2024/03/05 23:10:41                - - - - Trace_Credittransfer - - - -   
INFO: 2024/03/05 23:10:41 Unique-ID: 0cfef559e94a03f3f813c243f59988da
INFO: 2024/03/05 23:10:41 DECISIONDATE: 2024-03-05 23:10:41
INFO: 2024/03/05 23:10:41 RESPONSE:  Success  
INFO: 2024/03/05 23:10:41 INSTRUCTION_ID: 20240219CAMZPHM2XXXB00000000008668
INFO: 2024/03/05 23:10:41 TRANSACTIONTYPE: SENDING
INFO: 2024/03/05 23:10:41 STATUS: SUCCESS
INFO: 2024/03/05 23:10:41 TRACE_ALERT: MATCH_FINANCIAL_CRIME
INFO: 2024/03/05 23:10:41 TRACE_TYPE: FRAUD
INFO: 2024/03/05 23:10:41 ALERT_TYPE: NETWORK_ALERT
INFO: 2024/03/05 23:10:41 FEEDBACK: ACTIONED_MULE
INFO: 2024/03/05 23:10:41 REASONCODE: ACTC
INFO: 2024/03/05 23:10:41 DESCRIPTION: Transaction processed successfully
INFO: 2024/03/05 23:10:41 LOCALINSTRUMENT: ICRT
INFO: 2024/03/05 23:10:41 REFERENCEID: IFT316-2866936095982
INFO: 2024/03/05 23:10:41 SENDERBIC: CAMZPHM2XXX
INFO: 2024/03/05 23:10:41 SENDERNAME: PIA CAXANDRA SUNE ARGAÑOSA - Postman
INFO: 2024/03/05 23:10:41 SENDERACCOUNT: 1030000000155536
INFO: 2024/03/05 23:10:41 AMOUNTCURRENCY: PHP
INFO: 2024/03/05 23:10:41 SENDERAMOUNT: 105
INFO: 2024/03/05 23:10:41 RECEIVINGBIC: CBMFPHM1XXX
INFO: 2024/03/05 23:10:41 RECEIVINGNAME: George CBI Postman
INFO: 2024/03/05 23:10:41 RECEIVINGACCOUNT: 1010000002389554
INFO: 2024/03/05 23:10:41 =========================================================================================
2024/03/05 23:10:41 
2024/03/05 23:10:41 
INFO: 2024/03/05 23:10:41                - - - - Trace_Credittransfer - - - -   
INFO: 2024/03/05 23:10:41 Unique-ID: 0cfef559e94a03f3f813c243f59988da
INFO: 2024/03/05 23:10:41 DECISIONDATE: 2024-03-05 23:10:41
INFO: 2024/03/05 23:10:41 RESPONSE:  Success  
INFO: 2024/03/05 23:10:41 INSTRUCTION_ID: 20240219CAMZPHM2XXXB00000000008829
INFO: 2024/03/05 23:10:41 TRANSACTIONTYPE: SENDING
INFO: 2024/03/05 23:10:41 STATUS: SUCCESS
INFO: 2024/03/05 23:10:41 TRACE_ALERT: MATCH_FINANCIAL_CRIME
INFO: 2024/03/05 23:10:41 TRACE_TYPE: FRAUD
INFO: 2024/03/05 23:10:41 ALERT_TYPE: NETWORK_ALERT
INFO: 2024/03/05 23:10:41 FEEDBACK: ACTIONED_MULE
INFO: 2024/03/05 23:10:41 REASONCODE: ACTC
INFO: 2024/03/05 23:10:41 DESCRIPTION: Transaction processed successfully
INFO: 2024/03/05 23:10:41 LOCALINSTRUMENT: ICRT
INFO: 2024/03/05 23:10:41 REFERENCEID: IFT677-307385779086
INFO: 2024/03/05 23:10:41 SENDERBIC: CAMZPHM2XXX
INFO: 2024/03/05 23:10:41 SENDERNAME: PIA CAXANDRA SUNE ARGAÑOSA - Postman
INFO: 2024/03/05 23:10:41 SENDERACCOUNT: 1030000000155536
INFO: 2024/03/05 23:10:41 AMOUNTCURRENCY: PHP
INFO: 2024/03/05 23:10:41 SENDERAMOUNT: 105
INFO: 2024/03/05 23:10:41 RECEIVINGBIC: CBMFPHM1XXX
INFO: 2024/03/05 23:10:41 RECEIVINGNAME: George CBI Postman
INFO: 2024/03/05 23:10:41 RECEIVINGACCOUNT: 1010000002389554
INFO: 2024/03/05 23:10:41 =========================================================================================
2024/03/05 23:10:41 
2024/03/05 23:10:41 
INFO: 2024/03/05 23:10:41                - - - - Trace_Credittransfer - - - -   
INFO: 2024/03/05 23:10:41 Unique-ID: 0cfef559e94a03f3f813c243f59988da
INFO: 2024/03/05 23:10:41 DECISIONDATE: 2024-03-05 23:10:41
INFO: 2024/03/05 23:10:41 RESPONSE:  Success  
INFO: 2024/03/05 23:10:41 INSTRUCTION_ID: 20240219CAMZPHM2XXXB00000000007672
INFO: 2024/03/05 23:10:41 TRANSACTIONTYPE: SENDING
INFO: 2024/03/05 23:10:41 STATUS: SUCCESS
INFO: 2024/03/05 23:10:41 TRACE_ALERT: MATCH_FINANCIAL_CRIME
INFO: 2024/03/05 23:10:41 TRACE_TYPE: FRAUD
INFO: 2024/03/05 23:10:41 ALERT_TYPE: NETWORK_ALERT
INFO: 2024/03/05 23:10:41 FEEDBACK: ACTIONED_MULE
INFO: 2024/03/05 23:10:41 REASONCODE: ACTC
INFO: 2024/03/05 23:10:41 DESCRIPTION: Transaction processed successfully
INFO: 2024/03/05 23:10:41 LOCALINSTRUMENT: ICRT
INFO: 2024/03/05 23:10:41 REFERENCEID: IFT303-7528620894604
INFO: 2024/03/05 23:10:41 SENDERBIC: CAMZPHM2XXX
INFO: 2024/03/05 23:10:41 SENDERNAME: PIA CAXANDRA SUNE ARGAÑOSA - Postman
INFO: 2024/03/05 23:10:41 SENDERACCOUNT: 1030000000155536
INFO: 2024/03/05 23:10:41 AMOUNTCURRENCY: PHP
INFO: 2024/03/05 23:10:41 SENDERAMOUNT: 105
INFO: 2024/03/05 23:10:41 RECEIVINGBIC: CBMFPHM1XXX
INFO: 2024/03/05 23:10:41 RECEIVINGNAME: George CBI Postman
INFO: 2024/03/05 23:10:41 RECEIVINGACCOUNT: 1010000002389554
INFO: 2024/03/05 23:10:41 =========================================================================================
2024/03/05 23:10:41 
2024/03/05 23:10:41 
INFO: 2024/03/05 23:10:41                - - - - Trace_Credittransfer - - - -   
INFO: 2024/03/05 23:10:41 Unique-ID: 0cfef559e94a03f3f813c243f59988da
INFO: 2024/03/05 23:10:41 DECISIONDATE: 2024-03-05 23:10:41
INFO: 2024/03/05 23:10:41 RESPONSE:  Success  
INFO: 2024/03/05 23:10:41 INSTRUCTION_ID: 20240219CAMZPHM2XXXB00000000008829
INFO: 2024/03/05 23:10:41 TRANSACTIONTYPE: RECEIVING
INFO: 2024/03/05 23:10:41 STATUS: FAILED-RJCT
INFO: 2024/03/05 23:10:41 TRACE_ALERT: MATCH_FINANCIAL_CRIME
INFO: 2024/03/05 23:10:41 TRACE_TYPE: FRAUD
INFO: 2024/03/05 23:10:41 ALERT_TYPE: NETWORK_ALERT
INFO: 2024/03/05 23:10:41 FEEDBACK: ACTIONED_MULE
INFO: 2024/03/05 23:10:41 REASONCODE: AC01
INFO: 2024/03/05 23:10:41 DESCRIPTION: Invalid transaction amount
INFO: 2024/03/05 23:10:41 LOCALINSTRUMENT: ICRT
INFO: 2024/03/05 23:10:41 REFERENCEID: IFT548-1316377802124
INFO: 2024/03/05 23:10:41 SENDERBIC: CAMZPHM2XXX
INFO: 2024/03/05 23:10:41 SENDERNAME: PIA CAXANDRA SUNE ARGAÑOSA - Postman
INFO: 2024/03/05 23:10:41 SENDERACCOUNT: 1030000000155536
INFO: 2024/03/05 23:10:41 AMOUNTCURRENCY: PHP
INFO: 2024/03/05 23:10:41 SENDERAMOUNT: 100
INFO: 2024/03/05 23:10:41 RECEIVINGBIC: CBMFPHM1XXX
INFO: 2024/03/05 23:10:41 RECEIVINGNAME: George CBI Postman
INFO: 2024/03/05 23:10:41 RECEIVINGACCOUNT: 1010000002389554
INFO: 2024/03/05 23:10:41 =========================================================================================
2024/03/05 23:10:41 
2024/03/05 23:10:41 
INFO: 2024/03/05 23:10:41                - - - - Trace_Credittransfer - - - -   
INFO: 2024/03/05 23:10:41 Unique-ID: 0cfef559e94a03f3f813c243f59988da
INFO: 2024/03/05 23:10:41 DECISIONDATE: 2024-03-05 23:10:41
INFO: 2024/03/05 23:10:41 RESPONSE:  Success  
INFO: 2024/03/05 23:10:41 INSTRUCTION_ID: 20240219CAMZPHM2XXXB00000000006985
INFO: 2024/03/05 23:10:41 TRANSACTIONTYPE: SENDING
INFO: 2024/03/05 23:10:41 STATUS: SUCCESS
INFO: 2024/03/05 23:10:41 TRACE_ALERT: MATCH_FINANCIAL_CRIME
INFO: 2024/03/05 23:10:41 TRACE_TYPE: FRAUD
INFO: 2024/03/05 23:10:41 ALERT_TYPE: NETWORK_ALERT
INFO: 2024/03/05 23:10:41 FEEDBACK: ACTIONED_MULE
INFO: 2024/03/05 23:10:41 REASONCODE: ACTC
INFO: 2024/03/05 23:10:41 DESCRIPTION: Transaction processed successfully
INFO: 2024/03/05 23:10:41 LOCALINSTRUMENT: ICRT
INFO: 2024/03/05 23:10:41 REFERENCEID: IFT728-4127686633927
INFO: 2024/03/05 23:10:41 SENDERBIC: CAMZPHM2XXX
INFO: 2024/03/05 23:10:41 SENDERNAME: PIA CAXANDRA SUNE ARGAÑOSA - Postman
INFO: 2024/03/05 23:10:41 SENDERACCOUNT: 1030000000155536
INFO: 2024/03/05 23:10:41 AMOUNTCURRENCY: PHP
INFO: 2024/03/05 23:10:41 SENDERAMOUNT: 109
INFO: 2024/03/05 23:10:41 RECEIVINGBIC: CBMFPHM1XXX
INFO: 2024/03/05 23:10:41 RECEIVINGNAME: George CBI Postman
INFO: 2024/03/05 23:10:41 RECEIVINGACCOUNT: 1010000002389554
INFO: 2024/03/05 23:10:41 =========================================================================================
2024/03/05 23:10:41 
2024/03/05 23:10:41 
INFO: 2024/03/05 23:10:41                - - - - Trace_Credittransfer - - - -   
INFO: 2024/03/05 23:10:41 Unique-ID: 0cfef559e94a03f3f813c243f59988da
INFO: 2024/03/05 23:10:41 DECISIONDATE: 2024-03-05 23:10:41
INFO: 2024/03/05 23:10:41 RESPONSE:  Success  
INFO: 2024/03/05 23:10:41 INSTRUCTION_ID: 20240219CAMZPHM2XXXB0000000000580
INFO: 2024/03/05 23:10:41 TRANSACTIONTYPE: SENDING
INFO: 2024/03/05 23:10:41 STATUS: SUCCESS
INFO: 2024/03/05 23:10:41 TRACE_ALERT: MATCH_FINANCIAL_CRIME
INFO: 2024/03/05 23:10:41 TRACE_TYPE: FRAUD
INFO: 2024/03/05 23:10:41 ALERT_TYPE: NETWORK_ALERT
INFO: 2024/03/05 23:10:41 FEEDBACK: ACTIONED_MULE
INFO: 2024/03/05 23:10:41 REASONCODE: ACTC
INFO: 2024/03/05 23:10:41 DESCRIPTION: Transaction processed successfully
INFO: 2024/03/05 23:10:41 LOCALINSTRUMENT: ICRT
INFO: 2024/03/05 23:10:41 REFERENCEID: IFT673-1186681441148
INFO: 2024/03/05 23:10:41 SENDERBIC: CAMZPHM2XXX
INFO: 2024/03/05 23:10:41 SENDERNAME: PIA CAXANDRA SUNE ARGAÑOSA - Postman
INFO: 2024/03/05 23:10:41 SENDERACCOUNT: 1030000000155536
INFO: 2024/03/05 23:10:41 AMOUNTCURRENCY: PHP
INFO: 2024/03/05 23:10:41 SENDERAMOUNT: 109
INFO: 2024/03/05 23:10:41 RECEIVINGBIC: CBMFPHM1XXX
INFO: 2024/03/05 23:10:41 RECEIVINGNAME: George CBI Postman
INFO: 2024/03/05 23:10:41 RECEIVINGACCOUNT: 1010000002389554
INFO: 2024/03/05 23:10:41 =========================================================================================
2024/03/05 23:10:41 
2024/03/05 23:10:41 
INFO: 2024/03/05 23:10:41                - - - - Trace_Credittransfer - - - -   
INFO: 2024/03/05 23:10:41 Unique-ID: 0cfef559e94a03f3f813c243f59988da
INFO: 2024/03/05 23:10:41 DECISIONDATE: 2024-03-05 23:10:41
INFO: 2024/03/05 23:10:41 RESPONSE:  Success  
INFO: 2024/03/05 23:10:41 INSTRUCTION_ID: 20240219CAMZPHM2XXXB00000000002296
INFO: 2024/03/05 23:10:41 TRANSACTIONTYPE: SENDING
INFO: 2024/03/05 23:10:41 STATUS: SUCCESS
INFO: 2024/03/05 23:10:41 TRACE_ALERT: MATCH_FINANCIAL_CRIME
INFO: 2024/03/05 23:10:41 TRACE_TYPE: FRAUD
INFO: 2024/03/05 23:10:41 ALERT_TYPE: NETWORK_ALERT
INFO: 2024/03/05 23:10:41 FEEDBACK: ACTIONED_MULE
INFO: 2024/03/05 23:10:41 REASONCODE: ACTC
INFO: 2024/03/05 23:10:41 DESCRIPTION: Transaction processed successfully
INFO: 2024/03/05 23:10:41 LOCALINSTRUMENT: ICRT
INFO: 2024/03/05 23:10:41 REFERENCEID: IFT782-2536371102244
INFO: 2024/03/05 23:10:41 SENDERBIC: CAMZPHM2XXX
INFO: 2024/03/05 23:10:41 SENDERNAME: CHIENLO MEJIA
INFO: 2024/03/05 23:10:41 SENDERACCOUNT: 1030000000155536
INFO: 2024/03/05 23:10:41 AMOUNTCURRENCY: PHP
INFO: 2024/03/05 23:10:41 SENDERAMOUNT: 109
INFO: 2024/03/05 23:10:41 RECEIVINGBIC: CBMFPHM1XXX
INFO: 2024/03/05 23:10:41 RECEIVINGNAME: RICO VERGARA
INFO: 2024/03/05 23:10:41 RECEIVINGACCOUNT: 1010000002389551
INFO: 2024/03/05 23:10:41 =========================================================================================
2024/03/05 23:10:41 
2024/03/05 23:10:41 
INFO: 2024/03/05 23:10:41                - - - - Trace_Credittransfer - - - -   
INFO: 2024/03/05 23:10:41 Unique-ID: 0cfef559e94a03f3f813c243f59988da
INFO: 2024/03/05 23:10:41 DECISIONDATE: 2024-03-05 23:10:41
INFO: 2024/03/05 23:10:41 RESPONSE:  Success  
INFO: 2024/03/05 23:10:41 INSTRUCTION_ID: 20240219CAMZPHM2XXXB00000000006083
INFO: 2024/03/05 23:10:41 TRANSACTIONTYPE: SENDING
INFO: 2024/03/05 23:10:41 STATUS: SUCCESS
INFO: 2024/03/05 23:10:41 TRACE_ALERT: MATCH_FINANCIAL_CRIME
INFO: 2024/03/05 23:10:41 TRACE_TYPE: FRAUD
INFO: 2024/03/05 23:10:41 ALERT_TYPE: NETWORK_ALERT
INFO: 2024/03/05 23:10:41 FEEDBACK: ACTIONED_MULE
INFO: 2024/03/05 23:10:41 REASONCODE: ACTC
INFO: 2024/03/05 23:10:41 DESCRIPTION: Transaction processed successfully
INFO: 2024/03/05 23:10:41 LOCALINSTRUMENT: ICRT
INFO: 2024/03/05 23:10:41 REFERENCEID: IFT155-3322596436056
INFO: 2024/03/05 23:10:41 SENDERBIC: CAMZPHM2XXX
INFO: 2024/03/05 23:10:41 SENDERNAME: PIA CAXANDRA SUNE ARGAÑOSA - Postman
INFO: 2024/03/05 23:10:41 SENDERACCOUNT: 1030000000155536
INFO: 2024/03/05 23:10:41 AMOUNTCURRENCY: PHP
INFO: 2024/03/05 23:10:41 SENDERAMOUNT: 109
INFO: 2024/03/05 23:10:41 RECEIVINGBIC: CBMFPHM1XXX
INFO: 2024/03/05 23:10:41 RECEIVINGNAME: George CBI Postman
INFO: 2024/03/05 23:10:41 RECEIVINGACCOUNT: 1010000002389554
INFO: 2024/03/05 23:10:41 =========================================================================================
2024/03/05 23:10:41 
2024/03/05 23:10:41 
INFO: 2024/03/05 23:10:41                - - - - Trace_Credittransfer - - - -   
INFO: 2024/03/05 23:10:41 Unique-ID: 0cfef559e94a03f3f813c243f59988da
INFO: 2024/03/05 23:10:41 DECISIONDATE: 2024-03-05 23:10:41
INFO: 2024/03/05 23:10:41 RESPONSE:  Success  
INFO: 2024/03/05 23:10:41 INSTRUCTION_ID: 20240219CAMZPHM2XXXB00000000001269
INFO: 2024/03/05 23:10:41 TRANSACTIONTYPE: SENDING
INFO: 2024/03/05 23:10:41 STATUS: SUCCESS
INFO: 2024/03/05 23:10:41 TRACE_ALERT: MATCH_FINANCIAL_CRIME
INFO: 2024/03/05 23:10:41 TRACE_TYPE: FRAUD
INFO: 2024/03/05 23:10:41 ALERT_TYPE: NETWORK_ALERT
INFO: 2024/03/05 23:10:41 FEEDBACK: ACTIONED_MULE
INFO: 2024/03/05 23:10:41 REASONCODE: ACTC
INFO: 2024/03/05 23:10:41 DESCRIPTION: Transaction processed successfully
INFO: 2024/03/05 23:10:41 LOCALINSTRUMENT: ICRT
INFO: 2024/03/05 23:10:41 REFERENCEID: IFT138-9663399492515
INFO: 2024/03/05 23:10:41 SENDERBIC: CAMZPHM2XXX
INFO: 2024/03/05 23:10:41 SENDERNAME: PIA CAXANDRA SUNE ARGAÑOSA - Postman
INFO: 2024/03/05 23:10:41 SENDERACCOUNT: 1030000000155536
INFO: 2024/03/05 23:10:41 AMOUNTCURRENCY: PHP
INFO: 2024/03/05 23:10:41 SENDERAMOUNT: 120
INFO: 2024/03/05 23:10:41 RECEIVINGBIC: CBMFPHM1XXX
INFO: 2024/03/05 23:10:41 RECEIVINGNAME: George CBI Postman
INFO: 2024/03/05 23:10:41 RECEIVINGACCOUNT: 1010000002389554
INFO: 2024/03/05 23:10:41 =========================================================================================
2024/03/05 23:10:41 
2024/03/05 23:10:41 
INFO: 2024/03/05 23:10:41                - - - - Trace_Credittransfer - - - -   
INFO: 2024/03/05 23:10:41 Unique-ID: 0cfef559e94a03f3f813c243f59988da
INFO: 2024/03/05 23:10:41 DECISIONDATE: 2024-03-05 23:10:41
INFO: 2024/03/05 23:10:41 RESPONSE:  Success  
INFO: 2024/03/05 23:10:41 INSTRUCTION_ID: 20240219CAMZPHM2XXXB00000000008879
INFO: 2024/03/05 23:10:41 TRANSACTIONTYPE: RECEIVING
INFO: 2024/03/05 23:10:41 STATUS: FAILED-RJCT
INFO: 2024/03/05 23:10:41 TRACE_ALERT: MATCH_FINANCIAL_CRIME
INFO: 2024/03/05 23:10:41 TRACE_TYPE: FRAUD
INFO: 2024/03/05 23:10:41 ALERT_TYPE: NETWORK_ALERT
INFO: 2024/03/05 23:10:41 FEEDBACK: ACTIONED_MULE
INFO: 2024/03/05 23:10:41 REASONCODE: AC01
INFO: 2024/03/05 23:10:41 DESCRIPTION: Invalid transaction amount
INFO: 2024/03/05 23:10:41 LOCALINSTRUMENT: ICRT
INFO: 2024/03/05 23:10:41 REFERENCEID: IFT340-5518080519685
INFO: 2024/03/05 23:10:41 SENDERBIC: CAMZPHM2XXX
INFO: 2024/03/05 23:10:41 SENDERNAME: PIA CAXANDRA SUNE ARGAÑOSA - Postman
INFO: 2024/03/05 23:10:41 SENDERACCOUNT: 1030000000155536
INFO: 2024/03/05 23:10:41 AMOUNTCURRENCY: PHP
INFO: 2024/03/05 23:10:41 SENDERAMOUNT: 90
INFO: 2024/03/05 23:10:41 RECEIVINGBIC: CBMFPHM1XXX
INFO: 2024/03/05 23:10:41 RECEIVINGNAME: George CBI Postman
INFO: 2024/03/05 23:10:41 RECEIVINGACCOUNT: 1010000002389554
INFO: 2024/03/05 23:10:41 =========================================================================================
2024/03/05 23:10:41 
2024/03/05 23:11:24 
INFO: 2024/03/05 23:11:24                - - - - Trace_Credittransfer - - - -   
INFO: 2024/03/05 23:11:24 Unique-ID: 00d2f3d89c9d3c8e0c1afc74c75d5b2d
INFO: 2024/03/05 23:11:24 DECISIONDATE: 2024-03-05 23:11:24
INFO: 2024/03/05 23:11:24 RESPONSE:  Success  
INFO: 2024/03/05 23:11:24 INSTRUCTION_ID: 20240219CAMZPHM2XXXB00000000008170
INFO: 2024/03/05 23:11:24 TRANSACTIONTYPE: RECEIVING
INFO: 2024/03/05 23:11:24 STATUS: FAILED-RJCT
INFO: 2024/03/05 23:11:24 TRACE_ALERT: TRACE_FINANCIAL_CRIME
INFO: 2024/03/05 23:11:24 TRACE_TYPE: FRAUD
INFO: 2024/03/05 23:11:24 ALERT_TYPE: TRANSACTION_ALERT
INFO: 2024/03/05 23:11:24 FEEDBACK: ACTIONED_MULE
INFO: 2024/03/05 23:11:24 REASONCODE: AC01
INFO: 2024/03/05 23:11:24 DESCRIPTION: Invalid transaction amount
INFO: 2024/03/05 23:11:24 LOCALINSTRUMENT: ICRT
INFO: 2024/03/05 23:11:24 REFERENCEID: IFT25-1000636444758
INFO: 2024/03/05 23:11:24 SENDERBIC: CAMZPHM2XXX
INFO: 2024/03/05 23:11:24 SENDERNAME: PIA CAXANDRA SUNE ARGAÑOSA
INFO: 2024/03/05 23:11:24 SENDERACCOUNT: 1030000000155500
INFO: 2024/03/05 23:11:24 AMOUNTCURRENCY: PHP
INFO: 2024/03/05 23:11:24 SENDERAMOUNT: 90
INFO: 2024/03/05 23:11:24 RECEIVINGBIC: CBMFPHM1XXX
INFO: 2024/03/05 23:11:24 RECEIVINGNAME: George
INFO: 2024/03/05 23:11:24 RECEIVINGACCOUNT: 1010000002389500
INFO: 2024/03/05 23:11:24 =========================================================================================
2024/03/05 23:11:24 
2024/03/05 23:11:24 
INFO: 2024/03/05 23:11:24                - - - - Trace_Credittransfer - - - -   
INFO: 2024/03/05 23:11:24 Unique-ID: 00d2f3d89c9d3c8e0c1afc74c75d5b2d
INFO: 2024/03/05 23:11:24 DECISIONDATE: 2024-03-05 23:11:24
INFO: 2024/03/05 23:11:24 RESPONSE:  Success  
INFO: 2024/03/05 23:11:24 INSTRUCTION_ID: 20240219CAMZPHM2XXXB00000000002973
INFO: 2024/03/05 23:11:24 TRANSACTIONTYPE: SENDING
INFO: 2024/03/05 23:11:24 STATUS: SUCCESS
INFO: 2024/03/05 23:11:24 TRACE_ALERT: TRACE_FINANCIAL_CRIME
INFO: 2024/03/05 23:11:24 TRACE_TYPE: FRAUD
INFO: 2024/03/05 23:11:24 ALERT_TYPE: TRANSACTION_ALERT
INFO: 2024/03/05 23:11:24 FEEDBACK: ACTIONED_MULE
INFO: 2024/03/05 23:11:24 REASONCODE: ACTC
INFO: 2024/03/05 23:11:24 DESCRIPTION: Transaction processed successfully
INFO: 2024/03/05 23:11:24 LOCALINSTRUMENT: ICRT
INFO: 2024/03/05 23:11:24 REFERENCEID: IFT328-2244791150150
INFO: 2024/03/05 23:11:24 SENDERBIC: CAMZPHM2XXX
INFO: 2024/03/05 23:11:24 SENDERNAME: PIA CAXANDRA SUNE ARGAÑOSA
INFO: 2024/03/05 23:11:24 SENDERACCOUNT: 1030000000155504
INFO: 2024/03/05 23:11:24 AMOUNTCURRENCY: PHP
INFO: 2024/03/05 23:11:24 SENDERAMOUNT: 700000
INFO: 2024/03/05 23:11:24 RECEIVINGBIC: CBMFPHM1XXX
INFO: 2024/03/05 23:11:24 RECEIVINGNAME: George
INFO: 2024/03/05 23:11:24 RECEIVINGACCOUNT: 1010000002389509
INFO: 2024/03/05 23:11:24 =========================================================================================
2024/03/05 23:11:24 
2024/03/05 23:11:24 
INFO: 2024/03/05 23:11:24                - - - - Trace_Credittransfer - - - -   
INFO: 2024/03/05 23:11:24 Unique-ID: 00d2f3d89c9d3c8e0c1afc74c75d5b2d
INFO: 2024/03/05 23:11:24 DECISIONDATE: 2024-03-05 23:11:24
INFO: 2024/03/05 23:11:24 RESPONSE:  Success  
INFO: 2024/03/05 23:11:24 INSTRUCTION_ID: 123456789
INFO: 2024/03/05 23:11:24 TRANSACTIONTYPE: SENDING
INFO: 2024/03/05 23:11:24 STATUS: SUCCESS
INFO: 2024/03/05 23:11:24 TRACE_ALERT: TRACE_FINANCIAL_CRIME
INFO: 2024/03/05 23:11:24 TRACE_TYPE: FRAUD
INFO: 2024/03/05 23:11:24 ALERT_TYPE: TRANSACTION_ALERT
INFO: 2024/03/05 23:11:24 FEEDBACK: ACTIONED_MULE
INFO: 2024/03/05 23:11:24 REASONCODE: ACTC
INFO: 2024/03/05 23:11:24 DESCRIPTION: Transaction processed successfully
INFO: 2024/03/05 23:11:24 LOCALINSTRUMENT: ICRT
INFO: 2024/03/05 23:11:24 REFERENCEID: IFT642-5958271422152
INFO: 2024/03/05 23:11:24 SENDERBIC: CAMZPHM2XXX
INFO: 2024/03/05 23:11:24 SENDERNAME: PIA CAXANDRA SUNE ARGAÑOSA
INFO: 2024/03/05 23:11:24 SENDERACCOUNT: 1030000000155504
INFO: 2024/03/05 23:11:24 AMOUNTCURRENCY: PHP
INFO: 2024/03/05 23:11:24 SENDERAMOUNT: 60000
INFO: 2024/03/05 23:11:24 RECEIVINGBIC: CBMFPHM1XXX
INFO: 2024/03/05 23:11:24 RECEIVINGNAME: George
INFO: 2024/03/05 23:11:24 RECEIVINGACCOUNT: 1010000002389509
INFO: 2024/03/05 23:11:24 =========================================================================================
2024/03/05 23:11:24 
2024/03/05 23:11:24 
INFO: 2024/03/05 23:11:24                - - - - Trace_Credittransfer - - - -   
INFO: 2024/03/05 23:11:24 Unique-ID: 00d2f3d89c9d3c8e0c1afc74c75d5b2d
INFO: 2024/03/05 23:11:24 DECISIONDATE: 2024-03-05 23:11:24
INFO: 2024/03/05 23:11:24 RESPONSE:  Success  
INFO: 2024/03/05 23:11:24 INSTRUCTION_ID: 123456789
INFO: 2024/03/05 23:11:24 TRANSACTIONTYPE: SENDING
INFO: 2024/03/05 23:11:24 STATUS: SUCCESS
INFO: 2024/03/05 23:11:24 TRACE_ALERT: TRACE_FINANCIAL_CRIME
INFO: 2024/03/05 23:11:24 TRACE_TYPE: FRAUD
INFO: 2024/03/05 23:11:24 ALERT_TYPE: TRANSACTION_ALERT
INFO: 2024/03/05 23:11:24 FEEDBACK: ACTIONED_MULE
INFO: 2024/03/05 23:11:24 REASONCODE: ACTC
INFO: 2024/03/05 23:11:24 DESCRIPTION: Transaction processed successfully
INFO: 2024/03/05 23:11:24 LOCALINSTRUMENT: ICRT
INFO: 2024/03/05 23:11:24 REFERENCEID: IFT642-5958271422152
INFO: 2024/03/05 23:11:24 SENDERBIC: CAMZPHM2XXX
INFO: 2024/03/05 23:11:24 SENDERNAME: PIA CAXANDRA SUNE ARGAÑOSA
INFO: 2024/03/05 23:11:24 SENDERACCOUNT: 1030000000155504
INFO: 2024/03/05 23:11:24 AMOUNTCURRENCY: PHP
INFO: 2024/03/05 23:11:24 SENDERAMOUNT: 60000
INFO: 2024/03/05 23:11:24 RECEIVINGBIC: CBMFPHM1XXX
INFO: 2024/03/05 23:11:24 RECEIVINGNAME: George
INFO: 2024/03/05 23:11:24 RECEIVINGACCOUNT: 1010000002389509
INFO: 2024/03/05 23:11:24 =========================================================================================
2024/03/05 23:11:24 
2024/03/05 23:15:58 
INFO: 2024/03/05 23:15:58                - - - - Trace_Credittransfer - - - -   
INFO: 2024/03/05 23:15:58 Unique-ID: 2568e40504ea4fb495530e209ec92508
INFO: 2024/03/05 23:15:58 DECISIONDATE: 2024-03-05 23:15:58
INFO: 2024/03/05 23:15:58 RESPONSE: (Method Not Allowed - 400)
INFO: 2024/03/05 23:15:58 INSTRUCTION_ID: 20240219CAMZPHM2XXXB00000000004609
INFO: 2024/03/05 23:15:58 TRANSACTIONTYPE: null
INFO: 2024/03/05 23:15:58 STATUS: null
INFO: 2024/03/05 23:15:58 TRACE_ALERT: null
INFO: 2024/03/05 23:15:58 TRACE_TYPE: null
INFO: 2024/03/05 23:15:58 ALERT_TYPE: null
INFO: 2024/03/05 23:15:58 FEEDBACK: null
INFO: 2024/03/05 23:15:58 REASONCODE: null
INFO: 2024/03/05 23:15:58 DESCRIPTION: null
INFO: 2024/03/05 23:15:58 LOCALINSTRUMENT: null
INFO: 2024/03/05 23:15:58 REFERENCEID: null
INFO: 2024/03/05 23:15:58 SENDERBIC: null
INFO: 2024/03/05 23:15:58 SENDERNAME: null
INFO: 2024/03/05 23:15:58 SENDERACCOUNT: null
INFO: 2024/03/05 23:15:58 AMOUNTCURRENCY: null
INFO: 2024/03/05 23:15:58 SENDERAMOUNT: 0
INFO: 2024/03/05 23:15:58 RECEIVINGBIC: null
INFO: 2024/03/05 23:15:58 RECEIVINGNAME: null
INFO: 2024/03/05 23:15:58 RECEIVINGACCOUNT: null
INFO: 2024/03/05 23:15:58 =========================================================================================
2024/03/05 23:15:58 
