2024/03/19 08:20:35 
INFO: 2024/03/19 08:20:35                - - - - Trace_Credittransfer - - - -   
INFO: 2024/03/19 08:20:35 Unique-ID: 181410fc27805448da984dd409de28a7
INFO: 2024/03/19 08:20:35 DECISIONDATE: 2024-03-19 08:20:34
INFO: 2024/03/19 08:20:35 RESPONSE:  Success  
INFO: 2024/03/19 08:20:35 INSTRUCTION_ID: 20230907CAMZPHM2XXXB00000000002069
INFO: 2024/03/19 08:20:35 TRANSACTIONTYPE: SENDER
INFO: 2024/03/19 08:20:35 STATUS: FAILED
INFO: 2024/03/19 08:20:35 TRACE_ALERT: ALERT_FINANCIAL_CRIME
INFO: 2024/03/19 08:20:35 TRACE_TYPE: NONE
INFO: 2024/03/19 08:20:35 ALERT_TYPE: ACCOUNT_ALERT
INFO: 2024/03/19 08:20:35 REASONCODE: AB10
INFO: 2024/03/19 08:20:35 LOCALINSTRUMENT: ICRT
INFO: 2024/03/19 08:20:35 REFERENCEID: IFT56-1694068537087
INFO: 2024/03/19 08:20:35 SENDERBIC: CAMZPHM2XXX
INFO: 2024/03/19 08:20:35 SENDERNAME: Quinta Ben
INFO: 2024/03/19 08:20:35 SENDERACCOUNT: 1030000013856053
INFO: 2024/03/19 08:20:35 AMOUNT: 100
INFO: 2024/03/19 08:20:35 AMOUNTCURRENCY: PHP
INFO: 2024/03/19 08:20:35 RECEIVINGBIC: UBPHPHMMXXX
INFO: 2024/03/19 08:20:35 RECEIVINGNAME: AD George Polintang
INFO: 2024/03/19 08:20:35 RECEIVINGACCOUNT: 000000000000
2024/03/19 08:20:35 
2024/03/19 08:20:58 
INFO: 2024/03/19 08:20:58                - - - - Trace_Credittransfer - - - -   
INFO: 2024/03/19 08:20:58 Unique-ID: 81f15e22671f8c149228eb6f7cfe4473
INFO: 2024/03/19 08:20:58 DECISIONDATE: 2024-03-19 08:20:58
INFO: 2024/03/19 08:20:58 RESPONSE:  Success  
INFO: 2024/03/19 08:20:58 INSTRUCTION_ID: 20230907CAMZPHM2XXXB00000000002069
INFO: 2024/03/19 08:20:58 TRANSACTIONTYPE: SENDER
INFO: 2024/03/19 08:20:58 STATUS: FAILED
INFO: 2024/03/19 08:20:58 TRACE_ALERT: ALERT_FINANCIAL_CRIME
INFO: 2024/03/19 08:20:58 TRACE_TYPE: NONE
INFO: 2024/03/19 08:20:58 ALERT_TYPE: ACCOUNT_ALERT
INFO: 2024/03/19 08:20:58 REASONCODE: AB10
INFO: 2024/03/19 08:20:58 LOCALINSTRUMENT: ICRT
INFO: 2024/03/19 08:20:58 REFERENCEID: IFT56-1694068537087
INFO: 2024/03/19 08:20:58 SENDERBIC: CAMZPHM2XXX
INFO: 2024/03/19 08:20:58 SENDERNAME: Quinta Ben
INFO: 2024/03/19 08:20:58 SENDERACCOUNT: 1030000013856053
INFO: 2024/03/19 08:20:58 AMOUNT: 100
INFO: 2024/03/19 08:20:58 AMOUNTCURRENCY: PHP
INFO: 2024/03/19 08:20:58 RECEIVINGBIC: UBPHPHMMXXX
INFO: 2024/03/19 08:20:58 RECEIVINGNAME: AD George Polintang
INFO: 2024/03/19 08:20:58 RECEIVINGACCOUNT: 000000000000
2024/03/19 08:20:58 
2024/03/19 08:28:34 
INFO: 2024/03/19 08:28:34                - - - - Trace_Credittransfer - - - -   
INFO: 2024/03/19 08:28:34 Unique-ID: 8cbb256ca6f706e4d2f029a117594e29
INFO: 2024/03/19 08:28:34 DECISIONDATE: 2024-03-19 08:28:34
INFO: 2024/03/19 08:28:34 RESPONSE:  Success  
INFO: 2024/03/19 08:28:34 INSTRUCTION_ID: 20230907CAMZPHM2XXXB00000000002069
INFO: 2024/03/19 08:28:34 TRANSACTIONTYPE: SENDER
INFO: 2024/03/19 08:28:34 STATUS: FAILED
INFO: 2024/03/19 08:28:34 TRACE_ALERT: ALERT_FINANCIAL_CRIME
INFO: 2024/03/19 08:28:34 TRACE_TYPE: NONE
INFO: 2024/03/19 08:28:34 ALERT_TYPE: ACCOUNT_ALERT
INFO: 2024/03/19 08:28:34 REASONCODE: AB10
INFO: 2024/03/19 08:28:34 LOCALINSTRUMENT: ICRT
INFO: 2024/03/19 08:28:34 REFERENCEID: IFT56-1694068537087
INFO: 2024/03/19 08:28:34 SENDERBIC: CAMZPHM2XXX
INFO: 2024/03/19 08:28:34 SENDERNAME: Quinta Ben
INFO: 2024/03/19 08:28:34 SENDERACCOUNT: 1030000013856053
INFO: 2024/03/19 08:28:34 AMOUNT: 100
INFO: 2024/03/19 08:28:34 AMOUNTCURRENCY: PHP
INFO: 2024/03/19 08:28:34 RECEIVINGBIC: UBPHPHMMXXX
INFO: 2024/03/19 08:28:34 RECEIVINGNAME: AD George Polintang
INFO: 2024/03/19 08:28:34 RECEIVINGACCOUNT: 000000000000
2024/03/19 08:28:34 
2024/03/19 08:29:38 
INFO: 2024/03/19 08:29:38                - - - - Trace_Credittransfer - - - -   
INFO: 2024/03/19 08:29:38 Unique-ID: ee4562e6264a528e2573167128b77f09
INFO: 2024/03/19 08:29:38 DECISIONDATE: 2024-03-19 08:29:38
INFO: 2024/03/19 08:29:38 RESPONSE:  Success  
INFO: 2024/03/19 08:29:38 INSTRUCTION_ID: 20230907CAMZPHM2XXXB00000000002069
INFO: 2024/03/19 08:29:38 TRANSACTIONTYPE: SENDER
INFO: 2024/03/19 08:29:38 STATUS: FAILED
INFO: 2024/03/19 08:29:38 TRACE_ALERT: ALERT_FINANCIAL_CRIME
INFO: 2024/03/19 08:29:38 TRACE_TYPE: NONE
INFO: 2024/03/19 08:29:38 ALERT_TYPE: ACCOUNT_ALERT
INFO: 2024/03/19 08:29:38 REASONCODE: AB10
INFO: 2024/03/19 08:29:38 LOCALINSTRUMENT: ICRT
INFO: 2024/03/19 08:29:38 REFERENCEID: IFT56-1694068537087
INFO: 2024/03/19 08:29:38 SENDERBIC: CAMZPHM2XXX
INFO: 2024/03/19 08:29:38 SENDERNAME: Quinta Ben
INFO: 2024/03/19 08:29:38 SENDERACCOUNT: 1030000013856053
INFO: 2024/03/19 08:29:38 AMOUNT: 100
INFO: 2024/03/19 08:29:38 AMOUNTCURRENCY: PHP
INFO: 2024/03/19 08:29:38 RECEIVINGBIC: UBPHPHMMXXX
INFO: 2024/03/19 08:29:38 RECEIVINGNAME: AD George Polintang
INFO: 2024/03/19 08:29:38 RECEIVINGACCOUNT: 000000000000
2024/03/19 08:29:38 
2024/03/19 08:30:49 
INFO: 2024/03/19 08:30:49                - - - - Trace_Credittransfer - - - -   
INFO: 2024/03/19 08:30:49 Unique-ID: 96e70a472422ed1915f73f570a277164
INFO: 2024/03/19 08:30:49 DECISIONDATE: 2024-03-19 08:30:48
INFO: 2024/03/19 08:30:49 RESPONSE:  Success  
INFO: 2024/03/19 08:30:49 INSTRUCTION_ID: 20230907CAMZPHM2XXXB00000000002069
INFO: 2024/03/19 08:30:49 TRANSACTIONTYPE: SENDER
INFO: 2024/03/19 08:30:49 STATUS: FAILED
INFO: 2024/03/19 08:30:49 TRACE_ALERT: ALERT_FINANCIAL_CRIME
INFO: 2024/03/19 08:30:49 TRACE_TYPE: NONE
INFO: 2024/03/19 08:30:49 ALERT_TYPE: ACCOUNT_ALERT
INFO: 2024/03/19 08:30:49 REASONCODE: AB10
INFO: 2024/03/19 08:30:49 LOCALINSTRUMENT: ICRT
INFO: 2024/03/19 08:30:49 REFERENCEID: IFT56-1694068537087
INFO: 2024/03/19 08:30:49 SENDERBIC: CAMZPHM2XXX
INFO: 2024/03/19 08:30:49 SENDERNAME: Quinta Ben
INFO: 2024/03/19 08:30:49 SENDERACCOUNT: 1030000013856053
INFO: 2024/03/19 08:30:49 AMOUNT: 100
INFO: 2024/03/19 08:30:49 AMOUNTCURRENCY: PHP
INFO: 2024/03/19 08:30:49 RECEIVINGBIC: UBPHPHMMXXX
INFO: 2024/03/19 08:30:49 RECEIVINGNAME: AD George Polintang
INFO: 2024/03/19 08:30:49 RECEIVINGACCOUNT: 000000000000
2024/03/19 08:30:49 
2024/03/19 08:31:34 
INFO: 2024/03/19 08:31:34                - - - - Trace_Credittransfer - - - -   
INFO: 2024/03/19 08:31:34 Unique-ID: 970dfd2013c8509c16ecdd1aa6bffd72
INFO: 2024/03/19 08:31:34 DECISIONDATE: 2024-03-19 08:31:34
INFO: 2024/03/19 08:31:34 RESPONSE:  Success  
INFO: 2024/03/19 08:31:34 INSTRUCTION_ID: 20230907CAMZPHM2XXXB00000000002069
INFO: 2024/03/19 08:31:34 TRANSACTIONTYPE: SENDER
INFO: 2024/03/19 08:31:34 STATUS: FAILED
INFO: 2024/03/19 08:31:34 TRACE_ALERT: ALERT_FINANCIAL_CRIME
INFO: 2024/03/19 08:31:34 TRACE_TYPE: NONE
INFO: 2024/03/19 08:31:34 ALERT_TYPE: ACCOUNT_ALERT
INFO: 2024/03/19 08:31:34 REASONCODE: AB10
INFO: 2024/03/19 08:31:34 LOCALINSTRUMENT: ICRT
INFO: 2024/03/19 08:31:34 REFERENCEID: IFT56-1694068537087
INFO: 2024/03/19 08:31:34 SENDERBIC: CAMZPHM2XXX
INFO: 2024/03/19 08:31:34 SENDERNAME: Quinta Ben
INFO: 2024/03/19 08:31:34 SENDERACCOUNT: 1030000013856053
INFO: 2024/03/19 08:31:34 AMOUNT: 100
INFO: 2024/03/19 08:31:34 AMOUNTCURRENCY: PHP
INFO: 2024/03/19 08:31:34 RECEIVINGBIC: UBPHPHMMXXX
INFO: 2024/03/19 08:31:34 RECEIVINGNAME: AD George Polintang
INFO: 2024/03/19 08:31:34 RECEIVINGACCOUNT: 000000000000
2024/03/19 08:31:34 
2024/03/19 08:35:23 
INFO: 2024/03/19 08:35:23                - - - - Trace_Credittransfer - - - -   
INFO: 2024/03/19 08:35:23 Unique-ID: 77dfeae36e1d4a822756eb2ada098e10
INFO: 2024/03/19 08:35:23 DECISIONDATE: 2024-03-19 08:35:22
INFO: 2024/03/19 08:35:23 RESPONSE:  Success  
INFO: 2024/03/19 08:35:23 INSTRUCTION_ID: 20230907CAMZPHM2XXXB00000000002069
INFO: 2024/03/19 08:35:23 TRANSACTIONTYPE: SENDER
INFO: 2024/03/19 08:35:23 STATUS: FAILED
INFO: 2024/03/19 08:35:23 TRACE_ALERT: ALERT_FINANCIAL_CRIME
INFO: 2024/03/19 08:35:23 TRACE_TYPE: NONE
INFO: 2024/03/19 08:35:23 ALERT_TYPE: ACCOUNT_ALERT
INFO: 2024/03/19 08:35:23 REASONCODE: AB10
INFO: 2024/03/19 08:35:23 LOCALINSTRUMENT: ICRT
INFO: 2024/03/19 08:35:23 REFERENCEID: IFT56-1694068537087
INFO: 2024/03/19 08:35:23 SENDERBIC: CAMZPHM2XXX
INFO: 2024/03/19 08:35:23 SENDERNAME: Quinta Ben
INFO: 2024/03/19 08:35:23 SENDERACCOUNT: 1030000013856053
INFO: 2024/03/19 08:35:23 AMOUNT: 100
INFO: 2024/03/19 08:35:23 AMOUNTCURRENCY: PHP
INFO: 2024/03/19 08:35:23 RECEIVINGBIC: UBPHPHMMXXX
INFO: 2024/03/19 08:35:23 RECEIVINGNAME: AD George Polintang
INFO: 2024/03/19 08:35:23 RECEIVINGACCOUNT: 000000000000
2024/03/19 08:35:23 
2024/03/19 08:37:47 
INFO: 2024/03/19 08:37:47                - - - - Trace_Credittransfer - - - -   
INFO: 2024/03/19 08:37:47 Unique-ID: a9a53af0cd3675a7d07db43b6a3e9262
INFO: 2024/03/19 08:37:47 DECISIONDATE: 2024-03-19 08:37:47
INFO: 2024/03/19 08:37:47 RESPONSE:  Success  
INFO: 2024/03/19 08:37:47 INSTRUCTION_ID: 20230907CAMZPHM2XXXB00000000002069
INFO: 2024/03/19 08:37:47 TRANSACTIONTYPE: SENDER
INFO: 2024/03/19 08:37:47 STATUS: FAILED
INFO: 2024/03/19 08:37:47 TRACE_ALERT: ALERT_FINANCIAL_CRIME
INFO: 2024/03/19 08:37:47 TRACE_TYPE: NONE
INFO: 2024/03/19 08:37:47 ALERT_TYPE: ACCOUNT_ALERT
INFO: 2024/03/19 08:37:47 REASONCODE: AB10
INFO: 2024/03/19 08:37:47 LOCALINSTRUMENT: ICRT
INFO: 2024/03/19 08:37:47 REFERENCEID: IFT56-1694068537087
INFO: 2024/03/19 08:37:47 SENDERBIC: CAMZPHM2XXX
INFO: 2024/03/19 08:37:47 SENDERNAME: Quinta Ben
INFO: 2024/03/19 08:37:47 SENDERACCOUNT: 1030000013856053
INFO: 2024/03/19 08:37:47 AMOUNT: 100
INFO: 2024/03/19 08:37:47 AMOUNTCURRENCY: PHP
INFO: 2024/03/19 08:37:47 RECEIVINGBIC: UBPHPHMMXXX
INFO: 2024/03/19 08:37:47 RECEIVINGNAME: AD George Polintang
INFO: 2024/03/19 08:37:47 RECEIVINGACCOUNT: 000000000000
2024/03/19 08:37:47 
2024/03/19 08:39:42 
INFO: 2024/03/19 08:39:42                - - - - Trace_Credittransfer - - - -   
INFO: 2024/03/19 08:39:42 Unique-ID: d5ba2131ccb6a09ceb737df2585d0c98
INFO: 2024/03/19 08:39:42 DECISIONDATE: 2024-03-19 08:39:41
INFO: 2024/03/19 08:39:42 RESPONSE:  Success  
INFO: 2024/03/19 08:39:42 INSTRUCTION_ID: 20230908CAMZPHM2XXXB00000000002120
INFO: 2024/03/19 08:39:42 TRANSACTIONTYPE: SENDER
INFO: 2024/03/19 08:39:42 STATUS: SUCCESS
INFO: 2024/03/19 08:39:42 TRACE_ALERT: TRACE_FINANCIAL_CRIME
INFO: 2024/03/19 08:39:42 TRACE_TYPE: FRAUD
INFO: 2024/03/19 08:39:42 ALERT_TYPE: NETWORK_ALERT
INFO: 2024/03/19 08:39:42 REASONCODE: NONE
INFO: 2024/03/19 08:39:42 LOCALINSTRUMENT: ICRT
INFO: 2024/03/19 08:39:42 REFERENCEID: IFT56-1694160071150
INFO: 2024/03/19 08:39:42 SENDERBIC: CAMZPHM2XXX
INFO: 2024/03/19 08:39:42 SENDERNAME: Quinta Ben
INFO: 2024/03/19 08:39:42 SENDERACCOUNT: 1030000013856053
INFO: 2024/03/19 08:39:42 AMOUNT: 10
INFO: 2024/03/19 08:39:42 AMOUNTCURRENCY: PHP
INFO: 2024/03/19 08:39:42 RECEIVINGBIC: SRCPPHM2XXX
INFO: 2024/03/19 08:39:42 RECEIVINGNAME: Yen
INFO: 2024/03/19 08:39:42 RECEIVINGACCOUNT: 09176296115
2024/03/19 08:39:42 
2024/03/19 08:39:53 
INFO: 2024/03/19 08:39:53                - - - - Trace_Credittransfer - - - -   
INFO: 2024/03/19 08:39:53 Unique-ID: 34faf8f3e80d3f21504925dfe6df3817
INFO: 2024/03/19 08:39:53 DECISIONDATE: 2024-03-19 08:39:52
INFO: 2024/03/19 08:39:53 RESPONSE:  Success  
INFO: 2024/03/19 08:39:53 INSTRUCTION_ID: 20230907CAMZPHM2XXXB00000000002069
INFO: 2024/03/19 08:39:53 TRANSACTIONTYPE: SENDER
INFO: 2024/03/19 08:39:53 STATUS: FAILED
INFO: 2024/03/19 08:39:53 TRACE_ALERT: ALERT_FINANCIAL_CRIME
INFO: 2024/03/19 08:39:53 TRACE_TYPE: NONE
INFO: 2024/03/19 08:39:53 ALERT_TYPE: ACCOUNT_ALERT
INFO: 2024/03/19 08:39:53 REASONCODE: AB10
INFO: 2024/03/19 08:39:53 LOCALINSTRUMENT: ICRT
INFO: 2024/03/19 08:39:53 REFERENCEID: IFT56-1694068537087
INFO: 2024/03/19 08:39:53 SENDERBIC: CAMZPHM2XXX
INFO: 2024/03/19 08:39:53 SENDERNAME: Quinta Ben
INFO: 2024/03/19 08:39:53 SENDERACCOUNT: 1030000013856053
INFO: 2024/03/19 08:39:53 AMOUNT: 100
INFO: 2024/03/19 08:39:53 AMOUNTCURRENCY: PHP
INFO: 2024/03/19 08:39:53 RECEIVINGBIC: UBPHPHMMXXX
INFO: 2024/03/19 08:39:53 RECEIVINGNAME: AD George Polintang
INFO: 2024/03/19 08:39:53 RECEIVINGACCOUNT: 000000000000
2024/03/19 08:39:53 
2024/03/19 08:40:23 
INFO: 2024/03/19 08:40:23                - - - - Trace_Credittransfer - - - -   
INFO: 2024/03/19 08:40:23 Unique-ID: 7c0c3bc95e23fe086a9cea432726e627
INFO: 2024/03/19 08:40:23 DECISIONDATE: 2024-03-19 08:40:22
INFO: 2024/03/19 08:40:23 RESPONSE:  Success  
INFO: 2024/03/19 08:40:23 INSTRUCTION_ID: 20230907CAMZPHM2XXXB00000000002069
INFO: 2024/03/19 08:40:23 TRANSACTIONTYPE: SENDER
INFO: 2024/03/19 08:40:23 STATUS: FAILED
INFO: 2024/03/19 08:40:23 TRACE_ALERT: ALERT_FINANCIAL_CRIME
INFO: 2024/03/19 08:40:23 TRACE_TYPE: NONE
INFO: 2024/03/19 08:40:23 ALERT_TYPE: ACCOUNT_ALERT
INFO: 2024/03/19 08:40:23 REASONCODE: AB10
INFO: 2024/03/19 08:40:23 LOCALINSTRUMENT: ICRT
INFO: 2024/03/19 08:40:23 REFERENCEID: IFT56-1694068537087
INFO: 2024/03/19 08:40:23 SENDERBIC: CAMZPHM2XXX
INFO: 2024/03/19 08:40:23 SENDERNAME: Quinta Ben
INFO: 2024/03/19 08:40:23 SENDERACCOUNT: 1030000013856053
INFO: 2024/03/19 08:40:23 AMOUNT: 100
INFO: 2024/03/19 08:40:23 AMOUNTCURRENCY: PHP
INFO: 2024/03/19 08:40:23 RECEIVINGBIC: UBPHPHMMXXX
INFO: 2024/03/19 08:40:23 RECEIVINGNAME: AD George Polintang
INFO: 2024/03/19 08:40:23 RECEIVINGACCOUNT: 000000000000
2024/03/19 08:40:23 
2024/03/19 08:40:38 
INFO: 2024/03/19 08:40:38                - - - - Trace_Credittransfer - - - -   
INFO: 2024/03/19 08:40:38 Unique-ID: 4bf7e62e13c4a3f8e52b8b1f25934516
INFO: 2024/03/19 08:40:38 DECISIONDATE: 2024-03-19 08:40:37
INFO: 2024/03/19 08:40:38 RESPONSE:  Success  
INFO: 2024/03/19 08:40:38 INSTRUCTION_ID: 20230907CAMZPHM2XXXB00000000002069
INFO: 2024/03/19 08:40:38 TRANSACTIONTYPE: SENDER
INFO: 2024/03/19 08:40:38 STATUS: FAILED
INFO: 2024/03/19 08:40:38 TRACE_ALERT: ALERT_FINANCIAL_CRIME
INFO: 2024/03/19 08:40:38 TRACE_TYPE: NONE
INFO: 2024/03/19 08:40:38 ALERT_TYPE: ACCOUNT_ALERT
INFO: 2024/03/19 08:40:38 REASONCODE: AB10
INFO: 2024/03/19 08:40:38 LOCALINSTRUMENT: ICRT
INFO: 2024/03/19 08:40:38 REFERENCEID: IFT56-1694068537087
INFO: 2024/03/19 08:40:38 SENDERBIC: CAMZPHM2XXX
INFO: 2024/03/19 08:40:38 SENDERNAME: Quinta Ben
INFO: 2024/03/19 08:40:38 SENDERACCOUNT: 1030000013856053
INFO: 2024/03/19 08:40:38 AMOUNT: 100
INFO: 2024/03/19 08:40:38 AMOUNTCURRENCY: PHP
INFO: 2024/03/19 08:40:38 RECEIVINGBIC: UBPHPHMMXXX
INFO: 2024/03/19 08:40:38 RECEIVINGNAME: AD George Polintang
INFO: 2024/03/19 08:40:38 RECEIVINGACCOUNT: 000000000000
2024/03/19 08:40:38 
2024/03/19 08:40:54 
INFO: 2024/03/19 08:40:54                - - - - Trace_Credittransfer - - - -   
INFO: 2024/03/19 08:40:54 Unique-ID: 1820aac73c5b4d9ef9c83e3020fb7085
INFO: 2024/03/19 08:40:54 DECISIONDATE: 2024-03-19 08:40:53
INFO: 2024/03/19 08:40:54 RESPONSE:  Success  
INFO: 2024/03/19 08:40:54 INSTRUCTION_ID: 20230908CAMZPHM2XXXB00000000002120
INFO: 2024/03/19 08:40:54 TRANSACTIONTYPE: SENDER
INFO: 2024/03/19 08:40:54 STATUS: SUCCESS
INFO: 2024/03/19 08:40:54 TRACE_ALERT: TRACE_FINANCIAL_CRIME
INFO: 2024/03/19 08:40:54 TRACE_TYPE: FRAUD
INFO: 2024/03/19 08:40:54 ALERT_TYPE: NETWORK_ALERT
INFO: 2024/03/19 08:40:54 REASONCODE: NONE
INFO: 2024/03/19 08:40:54 LOCALINSTRUMENT: ICRT
INFO: 2024/03/19 08:40:54 REFERENCEID: IFT56-1694160071150
INFO: 2024/03/19 08:40:54 SENDERBIC: CAMZPHM2XXX
INFO: 2024/03/19 08:40:54 SENDERNAME: Quinta Ben
INFO: 2024/03/19 08:40:54 SENDERACCOUNT: 1030000013856053
INFO: 2024/03/19 08:40:54 AMOUNT: 10
INFO: 2024/03/19 08:40:54 AMOUNTCURRENCY: PHP
INFO: 2024/03/19 08:40:54 RECEIVINGBIC: SRCPPHM2XXX
INFO: 2024/03/19 08:40:54 RECEIVINGNAME: Yen
INFO: 2024/03/19 08:40:54 RECEIVINGACCOUNT: 09176296115
2024/03/19 08:40:54 
2024/03/19 08:41:25 
INFO: 2024/03/19 08:41:25                - - - - Trace_Credittransfer - - - -   
INFO: 2024/03/19 08:41:25 Unique-ID: 282a1c9ebf451d23b28f23e9a6a56abb
INFO: 2024/03/19 08:41:25 DECISIONDATE: 2024-03-19 08:41:25
INFO: 2024/03/19 08:41:25 RESPONSE:  Success  
INFO: 2024/03/19 08:41:25 INSTRUCTION_ID: 20230907CAMZPHM2XXXB00000000002069
INFO: 2024/03/19 08:41:25 TRANSACTIONTYPE: SENDER
INFO: 2024/03/19 08:41:25 STATUS: FAILED
INFO: 2024/03/19 08:41:25 TRACE_ALERT: ALERT_FINANCIAL_CRIME
INFO: 2024/03/19 08:41:25 TRACE_TYPE: NONE
INFO: 2024/03/19 08:41:25 ALERT_TYPE: ACCOUNT_ALERT
INFO: 2024/03/19 08:41:25 REASONCODE: AB10
INFO: 2024/03/19 08:41:25 LOCALINSTRUMENT: ICRT
INFO: 2024/03/19 08:41:25 REFERENCEID: IFT56-1694068537087
INFO: 2024/03/19 08:41:25 SENDERBIC: CAMZPHM2XXX
INFO: 2024/03/19 08:41:25 SENDERNAME: Quinta Ben
INFO: 2024/03/19 08:41:25 SENDERACCOUNT: 1030000013856053
INFO: 2024/03/19 08:41:25 AMOUNT: 100
INFO: 2024/03/19 08:41:25 AMOUNTCURRENCY: PHP
INFO: 2024/03/19 08:41:25 RECEIVINGBIC: UBPHPHMMXXX
INFO: 2024/03/19 08:41:25 RECEIVINGNAME: AD George Polintang
INFO: 2024/03/19 08:41:25 RECEIVINGACCOUNT: 000000000000
2024/03/19 08:41:25 
2024/03/19 08:46:16 
INFO: 2024/03/19 08:46:16                - - - - Trace_Credittransfer - - - -   
INFO: 2024/03/19 08:46:16 Unique-ID: afc32b3768e9c091f809910839f25d70
INFO: 2024/03/19 08:46:16 DECISIONDATE: 2024-03-19 08:46:16
INFO: 2024/03/19 08:46:16 RESPONSE:  Success  
INFO: 2024/03/19 08:46:16 INSTRUCTION_ID: 20230908CAMZPHM2XXXB00000000002120
INFO: 2024/03/19 08:46:16 TRANSACTIONTYPE: SENDER
INFO: 2024/03/19 08:46:16 STATUS: SUCCESS
INFO: 2024/03/19 08:46:16 TRACE_ALERT: TRACE_FINANCIAL_CRIME
INFO: 2024/03/19 08:46:16 TRACE_TYPE: FRAUD
INFO: 2024/03/19 08:46:16 ALERT_TYPE: NETWORK_ALERT
INFO: 2024/03/19 08:46:16 REASONCODE: NONE
INFO: 2024/03/19 08:46:16 LOCALINSTRUMENT: ICRT
INFO: 2024/03/19 08:46:16 REFERENCEID: IFT56-1694160071150
INFO: 2024/03/19 08:46:16 SENDERBIC: CAMZPHM2XXX
INFO: 2024/03/19 08:46:16 SENDERNAME: Quinta Ben
INFO: 2024/03/19 08:46:16 SENDERACCOUNT: 1030000013856053
INFO: 2024/03/19 08:46:16 AMOUNT: 10
INFO: 2024/03/19 08:46:16 AMOUNTCURRENCY: PHP
INFO: 2024/03/19 08:46:16 RECEIVINGBIC: SRCPPHM2XXX
INFO: 2024/03/19 08:46:16 RECEIVINGNAME: Yen
INFO: 2024/03/19 08:46:16 RECEIVINGACCOUNT: 09176296115
2024/03/19 08:46:16 
2024/03/19 08:46:32 
INFO: 2024/03/19 08:46:32                - - - - Trace_Credittransfer - - - -   
INFO: 2024/03/19 08:46:32 Unique-ID: e64910bfd5ed639a6041a6d12d775780
INFO: 2024/03/19 08:46:32 DECISIONDATE: 2024-03-19 08:46:32
INFO: 2024/03/19 08:46:32 RESPONSE:  Success  
INFO: 2024/03/19 08:46:32 INSTRUCTION_ID: 20230908CAMZPHM2XXXB00000000002120
INFO: 2024/03/19 08:46:32 TRANSACTIONTYPE: SENDER
INFO: 2024/03/19 08:46:32 STATUS: SUCCESS
INFO: 2024/03/19 08:46:32 TRACE_ALERT: TRACE_FINANCIAL_CRIME
INFO: 2024/03/19 08:46:32 TRACE_TYPE: FRAUD
INFO: 2024/03/19 08:46:32 ALERT_TYPE: NETWORK_ALERT
INFO: 2024/03/19 08:46:32 REASONCODE: NONE
INFO: 2024/03/19 08:46:32 LOCALINSTRUMENT: ICRT
INFO: 2024/03/19 08:46:32 REFERENCEID: IFT56-1694160071150
INFO: 2024/03/19 08:46:32 SENDERBIC: CAMZPHM2XXX
INFO: 2024/03/19 08:46:32 SENDERNAME: Quinta Ben
INFO: 2024/03/19 08:46:32 SENDERACCOUNT: 1030000013856053
INFO: 2024/03/19 08:46:32 AMOUNT: 10
INFO: 2024/03/19 08:46:32 AMOUNTCURRENCY: PHP
INFO: 2024/03/19 08:46:32 RECEIVINGBIC: SRCPPHM2XXX
INFO: 2024/03/19 08:46:32 RECEIVINGNAME: Yen
INFO: 2024/03/19 08:46:32 RECEIVINGACCOUNT: 09176296115
2024/03/19 08:46:32 
2024/03/19 08:57:18 
INFO: 2024/03/19 08:57:18                - - - - Trace_Credittransfer - - - -   
INFO: 2024/03/19 08:57:18 Unique-ID: e09b74c779cb3f7c797d5c8bf7d2daeb
INFO: 2024/03/19 08:57:18 DECISIONDATE: 2024-03-19 08:57:17
INFO: 2024/03/19 08:57:18 RESPONSE:  Success  
INFO: 2024/03/19 08:57:18 INSTRUCTION_ID: 20230908CAMZPHM2XXXB00000000002120
INFO: 2024/03/19 08:57:18 TRANSACTIONTYPE: SENDER
INFO: 2024/03/19 08:57:18 STATUS: SUCCESS
INFO: 2024/03/19 08:57:18 TRACE_ALERT: TRACE_FINANCIAL_CRIME
INFO: 2024/03/19 08:57:18 TRACE_TYPE: FRAUD
INFO: 2024/03/19 08:57:18 ALERT_TYPE: NETWORK_ALERT
INFO: 2024/03/19 08:57:18 REASONCODE: NONE
INFO: 2024/03/19 08:57:18 LOCALINSTRUMENT: ICRT
INFO: 2024/03/19 08:57:18 REFERENCEID: IFT56-1694160071150
INFO: 2024/03/19 08:57:18 SENDERBIC: CAMZPHM2XXX
INFO: 2024/03/19 08:57:18 SENDERNAME: Quinta Ben
INFO: 2024/03/19 08:57:18 SENDERACCOUNT: 1030000013856053
INFO: 2024/03/19 08:57:18 AMOUNT: 10
INFO: 2024/03/19 08:57:18 AMOUNTCURRENCY: PHP
INFO: 2024/03/19 08:57:18 RECEIVINGBIC: SRCPPHM2XXX
INFO: 2024/03/19 08:57:18 RECEIVINGNAME: Yen
INFO: 2024/03/19 08:57:18 RECEIVINGACCOUNT: 09176296115
2024/03/19 08:57:18 
2024/03/19 08:59:43 
INFO: 2024/03/19 08:59:43                - - - - Trace_Credittransfer - - - -   
INFO: 2024/03/19 08:59:43 Unique-ID: 81e1646ecce23bcea634d9e20cbd87c3
INFO: 2024/03/19 08:59:43 DECISIONDATE: 2024-03-19 08:59:42
INFO: 2024/03/19 08:59:43 RESPONSE:  Success  
INFO: 2024/03/19 08:59:43 INSTRUCTION_ID: 20230908CAMZPHM2XXXB00000000002120
INFO: 2024/03/19 08:59:43 TRANSACTIONTYPE: SENDER
INFO: 2024/03/19 08:59:43 STATUS: SUCCESS
INFO: 2024/03/19 08:59:43 TRACE_ALERT: TRACE_FINANCIAL_CRIME
INFO: 2024/03/19 08:59:43 TRACE_TYPE: FRAUD
INFO: 2024/03/19 08:59:43 ALERT_TYPE: NETWORK_ALERT
INFO: 2024/03/19 08:59:43 REASONCODE: NONE
INFO: 2024/03/19 08:59:43 LOCALINSTRUMENT: ICRT
INFO: 2024/03/19 08:59:43 REFERENCEID: IFT56-1694160071150
INFO: 2024/03/19 08:59:43 SENDERBIC: CAMZPHM2XXX
INFO: 2024/03/19 08:59:43 SENDERNAME: Quinta Ben
INFO: 2024/03/19 08:59:43 SENDERACCOUNT: 1030000013856053
INFO: 2024/03/19 08:59:43 AMOUNT: 10
INFO: 2024/03/19 08:59:43 AMOUNTCURRENCY: PHP
INFO: 2024/03/19 08:59:43 RECEIVINGBIC: SRCPPHM2XXX
INFO: 2024/03/19 08:59:43 RECEIVINGNAME: Yen
INFO: 2024/03/19 08:59:43 RECEIVINGACCOUNT: 09176296115
2024/03/19 08:59:43 
2024/03/19 09:24:49 
INFO: 2024/03/19 09:24:49                - - - - Trace_Credittransfer - - - -   
INFO: 2024/03/19 09:24:49 Unique-ID: b5712c88cad519238eaf91884c5cc85d
INFO: 2024/03/19 09:24:49 DECISIONDATE: 2024-03-19 09:24:48
INFO: 2024/03/19 09:24:49 RESPONSE:  Success  
INFO: 2024/03/19 09:24:49 INSTRUCTION_ID: 20230908CAMZPHM2XXXB00000000002120
INFO: 2024/03/19 09:24:49 TRANSACTIONTYPE: SENDER
INFO: 2024/03/19 09:24:49 STATUS: SUCCESS
INFO: 2024/03/19 09:24:49 TRACE_ALERT: TRACE_FINANCIAL_CRIME
INFO: 2024/03/19 09:24:49 TRACE_TYPE: FRAUD
INFO: 2024/03/19 09:24:49 ALERT_TYPE: NETWORK_ALERT
INFO: 2024/03/19 09:24:49 REASONCODE: NONE
INFO: 2024/03/19 09:24:49 LOCALINSTRUMENT: ICRT
INFO: 2024/03/19 09:24:49 REFERENCEID: IFT56-1694160071150
INFO: 2024/03/19 09:24:49 SENDERBIC: CAMZPHM2XXX
INFO: 2024/03/19 09:24:49 SENDERNAME: Quinta Ben
INFO: 2024/03/19 09:24:49 SENDERACCOUNT: 1030000013856053
INFO: 2024/03/19 09:24:49 AMOUNT: 10
INFO: 2024/03/19 09:24:49 AMOUNTCURRENCY: PHP
INFO: 2024/03/19 09:24:49 RECEIVINGBIC: SRCPPHM2XXX
INFO: 2024/03/19 09:24:49 RECEIVINGNAME: Yen
INFO: 2024/03/19 09:24:49 RECEIVINGACCOUNT: 09176296115
2024/03/19 09:24:49 
2024/03/19 09:44:26 
INFO: 2024/03/19 09:44:26                - - - - Trace_Credittransfer - - - -   
INFO: 2024/03/19 09:44:26 Unique-ID: 097441897210adf48dd09b1c63f17ba7
INFO: 2024/03/19 09:44:26 DECISIONDATE: 2024-03-19 09:44:25
INFO: 2024/03/19 09:44:26 RESPONSE:  Success  
INFO: 2024/03/19 09:44:26 INSTRUCTION_ID: 20230908CAMZPHM2XXXB00000000002120
INFO: 2024/03/19 09:44:26 TRANSACTIONTYPE: SENDER
INFO: 2024/03/19 09:44:26 STATUS: SUCCESS
INFO: 2024/03/19 09:44:26 TRACE_ALERT: TRACE_FINANCIAL_CRIME
INFO: 2024/03/19 09:44:26 TRACE_TYPE: FRAUD
INFO: 2024/03/19 09:44:26 ALERT_TYPE: NETWORK_ALERT
INFO: 2024/03/19 09:44:26 REASONCODE: NONE
INFO: 2024/03/19 09:44:26 LOCALINSTRUMENT: ICRT
INFO: 2024/03/19 09:44:26 REFERENCEID: IFT56-1694160071150
INFO: 2024/03/19 09:44:26 SENDERBIC: CAMZPHM2XXX
INFO: 2024/03/19 09:44:26 SENDERNAME: Quinta Ben
INFO: 2024/03/19 09:44:26 SENDERACCOUNT: 1030000013856053
INFO: 2024/03/19 09:44:26 AMOUNT: 10
INFO: 2024/03/19 09:44:26 AMOUNTCURRENCY: PHP
INFO: 2024/03/19 09:44:26 RECEIVINGBIC: SRCPPHM2XXX
INFO: 2024/03/19 09:44:26 RECEIVINGNAME: Yen
INFO: 2024/03/19 09:44:26 RECEIVINGACCOUNT: 09176296115
2024/03/19 09:44:26 
2024/03/19 09:59:35 
INFO: 2024/03/19 09:59:35                - - - - Trace_Credittransfer - - - -   
INFO: 2024/03/19 09:59:35 Unique-ID: 997774cf417969d63b725304947836b4
INFO: 2024/03/19 09:59:35 DECISIONDATE: 2024-03-19 09:59:34
INFO: 2024/03/19 09:59:35 RESPONSE:  Success  
INFO: 2024/03/19 09:59:35 INSTRUCTION_ID: 20230907CAMZPHM2XXXB00000000002069
INFO: 2024/03/19 09:59:35 TRANSACTIONTYPE: SENDER
INFO: 2024/03/19 09:59:35 STATUS: FAILED
INFO: 2024/03/19 09:59:35 TRACE_ALERT: ALERT_FINANCIAL_CRIME
INFO: 2024/03/19 09:59:35 TRACE_TYPE: NONE
INFO: 2024/03/19 09:59:35 ALERT_TYPE: ACCOUNT_ALERT
INFO: 2024/03/19 09:59:35 REASONCODE: AB10
INFO: 2024/03/19 09:59:35 LOCALINSTRUMENT: ICRT
INFO: 2024/03/19 09:59:35 REFERENCEID: IFT56-1694068537087
INFO: 2024/03/19 09:59:35 SENDERBIC: CAMZPHM2XXX
INFO: 2024/03/19 09:59:35 SENDERNAME: Quinta Ben
INFO: 2024/03/19 09:59:35 SENDERACCOUNT: 1030000013856053
INFO: 2024/03/19 09:59:35 AMOUNT: 100
INFO: 2024/03/19 09:59:35 AMOUNTCURRENCY: PHP
INFO: 2024/03/19 09:59:35 RECEIVINGBIC: UBPHPHMMXXX
INFO: 2024/03/19 09:59:35 RECEIVINGNAME: AD George Polintang
INFO: 2024/03/19 09:59:35 RECEIVINGACCOUNT: 000000000000
2024/03/19 09:59:35 
2024/03/19 10:27:11 
INFO: 2024/03/19 10:27:11                - - - - Trace_Credittransfer - - - -   
INFO: 2024/03/19 10:27:11 Unique-ID: cd59adb8c1fabd084aa10ab088e31513
INFO: 2024/03/19 10:27:11 DECISIONDATE: 2024-03-19 10:27:10
INFO: 2024/03/19 10:27:11 RESPONSE:  Success  
INFO: 2024/03/19 10:27:11 INSTRUCTION_ID: 20231124CAMZPHM2XXXB00000000002770
INFO: 2024/03/19 10:27:11 TRANSACTIONTYPE: SENDER
INFO: 2024/03/19 10:27:11 STATUS: SUCCESS-ACTC
INFO: 2024/03/19 10:27:11 TRACE_ALERT: ALERT_FINANCIAL_CRIME
INFO: 2024/03/19 10:27:11 TRACE_TYPE: NONE
INFO: 2024/03/19 10:27:11 ALERT_TYPE: ACCOUNT_ALERT
INFO: 2024/03/19 10:27:11 REASONCODE: NONE
INFO: 2024/03/19 10:27:11 LOCALINSTRUMENT: ICRT
INFO: 2024/03/19 10:27:11 REFERENCEID: IFT847-1687744873497
INFO: 2024/03/19 10:27:11 SENDERBIC: CAMZPHM2XXX
INFO: 2024/03/19 10:27:11 SENDERNAME: Bernard
INFO: 2024/03/19 10:27:11 SENDERACCOUNT: 1030000000502918
INFO: 2024/03/19 10:27:11 AMOUNT: 105.8
INFO: 2024/03/19 10:27:11 AMOUNTCURRENCY: PHP
INFO: 2024/03/19 10:27:11 RECEIVINGBIC: SRCPPHM2XXX
INFO: 2024/03/19 10:27:11 RECEIVINGNAME: George
INFO: 2024/03/19 10:27:11 RECEIVINGACCOUNT: 09176296115
2024/03/19 10:27:11 
2024/03/19 10:27:27 
INFO: 2024/03/19 10:27:27                - - - - Trace_Credittransfer - - - -   
INFO: 2024/03/19 10:27:27 Unique-ID: 52d78d1e5962b3ed5d7932c653981b38
INFO: 2024/03/19 10:27:27 DECISIONDATE: 2024-03-19 10:27:26
INFO: 2024/03/19 10:27:27 RESPONSE:  Success  
INFO: 2024/03/19 10:27:27 INSTRUCTION_ID: 20230908CAMZPHM2XXXB00000000002120
INFO: 2024/03/19 10:27:27 TRANSACTIONTYPE: SENDER
INFO: 2024/03/19 10:27:27 STATUS: SUCCESS
INFO: 2024/03/19 10:27:27 TRACE_ALERT: TRACE_FINANCIAL_CRIME
INFO: 2024/03/19 10:27:27 TRACE_TYPE: FRAUD
INFO: 2024/03/19 10:27:27 ALERT_TYPE: NETWORK_ALERT
INFO: 2024/03/19 10:27:27 REASONCODE: NONE
INFO: 2024/03/19 10:27:27 LOCALINSTRUMENT: ICRT
INFO: 2024/03/19 10:27:27 REFERENCEID: IFT56-1694160071150
INFO: 2024/03/19 10:27:27 SENDERBIC: CAMZPHM2XXX
INFO: 2024/03/19 10:27:27 SENDERNAME: Quinta Ben
INFO: 2024/03/19 10:27:27 SENDERACCOUNT: 1030000013856053
INFO: 2024/03/19 10:27:27 AMOUNT: 10
INFO: 2024/03/19 10:27:27 AMOUNTCURRENCY: PHP
INFO: 2024/03/19 10:27:27 RECEIVINGBIC: SRCPPHM2XXX
INFO: 2024/03/19 10:27:27 RECEIVINGNAME: Yen
INFO: 2024/03/19 10:27:27 RECEIVINGACCOUNT: 09176296115
2024/03/19 10:27:27 
2024/03/19 10:47:35 
INFO: 2024/03/19 10:47:35                - - - - Trace_Credittransfer - - - -   
INFO: 2024/03/19 10:47:35 Unique-ID: 9f67729c8e3dbae3755ef55da4b538e3
INFO: 2024/03/19 10:47:35 DECISIONDATE: 2024-03-19 10:47:34
INFO: 2024/03/19 10:47:35 RESPONSE:  Success  
INFO: 2024/03/19 10:47:35 INSTRUCTION_ID: 20231124CAMZPHM2XXXB00000000002770
INFO: 2024/03/19 10:47:35 TRANSACTIONTYPE: SENDER
INFO: 2024/03/19 10:47:35 STATUS: SUCCESS-ACTC
INFO: 2024/03/19 10:47:35 TRACE_ALERT: ALERT_FINANCIAL_CRIME
INFO: 2024/03/19 10:47:35 TRACE_TYPE: NONE
INFO: 2024/03/19 10:47:35 ALERT_TYPE: ACCOUNT_ALERT
INFO: 2024/03/19 10:47:35 REASONCODE: NONE
INFO: 2024/03/19 10:47:35 LOCALINSTRUMENT: ICRT
INFO: 2024/03/19 10:47:35 REFERENCEID: IFT847-1687744873497
INFO: 2024/03/19 10:47:35 SENDERBIC: CAMZPHM2XXX
INFO: 2024/03/19 10:47:35 SENDERNAME: Bernard
INFO: 2024/03/19 10:47:35 SENDERACCOUNT: 1030000000502918
INFO: 2024/03/19 10:47:35 AMOUNT: 105.8
INFO: 2024/03/19 10:47:35 AMOUNTCURRENCY: PHP
INFO: 2024/03/19 10:47:35 RECEIVINGBIC: SRCPPHM2XXX
INFO: 2024/03/19 10:47:35 RECEIVINGNAME: George
INFO: 2024/03/19 10:47:35 RECEIVINGACCOUNT: 09176296115
2024/03/19 10:47:35 
2024/03/19 10:48:28 
INFO: 2024/03/19 10:48:28                - - - - Trace_Credittransfer - - - -   
INFO: 2024/03/19 10:48:28 Unique-ID: 857bc6043d638041cadf9d1cb6cf1a45
INFO: 2024/03/19 10:48:28 DECISIONDATE: 2024-03-19 10:48:28
INFO: 2024/03/19 10:48:28 RESPONSE:  Success  
INFO: 2024/03/19 10:48:28 INSTRUCTION_ID: 20231124CAMZPHM2XXXB00000000002770
INFO: 2024/03/19 10:48:28 TRANSACTIONTYPE: SENDER
INFO: 2024/03/19 10:48:28 STATUS: SUCCESS-ACTC
INFO: 2024/03/19 10:48:28 TRACE_ALERT: ALERT_FINANCIAL_CRIME
INFO: 2024/03/19 10:48:28 TRACE_TYPE: NONE
INFO: 2024/03/19 10:48:28 ALERT_TYPE: ACCOUNT_ALERT
INFO: 2024/03/19 10:48:28 REASONCODE: NONE
INFO: 2024/03/19 10:48:28 LOCALINSTRUMENT: ICRT
INFO: 2024/03/19 10:48:28 REFERENCEID: IFT847-1687744873497
INFO: 2024/03/19 10:48:28 SENDERBIC: CAMZPHM2XXX
INFO: 2024/03/19 10:48:28 SENDERNAME: Bernard
INFO: 2024/03/19 10:48:28 SENDERACCOUNT: 1030000000502918
INFO: 2024/03/19 10:48:28 AMOUNT: 105.8
INFO: 2024/03/19 10:48:28 AMOUNTCURRENCY: PHP
INFO: 2024/03/19 10:48:28 RECEIVINGBIC: SRCPPHM2XXX
INFO: 2024/03/19 10:48:28 RECEIVINGNAME: George
INFO: 2024/03/19 10:48:28 RECEIVINGACCOUNT: 09176296115
2024/03/19 10:48:28 
2024/03/19 10:49:37 
INFO: 2024/03/19 10:49:37                - - - - Trace_Credittransfer - - - -   
INFO: 2024/03/19 10:49:37 Unique-ID: 0cafe529118ee65aea99da5baab53280
INFO: 2024/03/19 10:49:37 DECISIONDATE: 2024-03-19 10:49:37
INFO: 2024/03/19 10:49:37 RESPONSE:  Success  
INFO: 2024/03/19 10:49:37 INSTRUCTION_ID: 20231124CAMZPHM2XXXB00000000002770
INFO: 2024/03/19 10:49:37 TRANSACTIONTYPE: SENDER
INFO: 2024/03/19 10:49:37 STATUS: SUCCESS-ACTC
INFO: 2024/03/19 10:49:37 TRACE_ALERT: ALERT_FINANCIAL_CRIME
INFO: 2024/03/19 10:49:37 TRACE_TYPE: NONE
INFO: 2024/03/19 10:49:37 ALERT_TYPE: ACCOUNT_ALERT
INFO: 2024/03/19 10:49:37 REASONCODE: NONE
INFO: 2024/03/19 10:49:37 LOCALINSTRUMENT: ICRT
INFO: 2024/03/19 10:49:37 REFERENCEID: IFT847-1687744873497
INFO: 2024/03/19 10:49:37 SENDERBIC: CAMZPHM2XXX
INFO: 2024/03/19 10:49:37 SENDERNAME: Bernard
INFO: 2024/03/19 10:49:37 SENDERACCOUNT: 1030000000502918
INFO: 2024/03/19 10:49:37 AMOUNT: 105.8
INFO: 2024/03/19 10:49:37 AMOUNTCURRENCY: PHP
INFO: 2024/03/19 10:49:37 RECEIVINGBIC: SRCPPHM2XXX
INFO: 2024/03/19 10:49:37 RECEIVINGNAME: George
INFO: 2024/03/19 10:49:37 RECEIVINGACCOUNT: 09176296115
2024/03/19 10:49:37 
2024/03/19 10:49:53 
INFO: 2024/03/19 10:49:53                - - - - Trace_Credittransfer - - - -   
INFO: 2024/03/19 10:49:53 Unique-ID: e1d1ee123083ea6e2aad65f686e34328
INFO: 2024/03/19 10:49:53 DECISIONDATE: 2024-03-19 10:49:53
INFO: 2024/03/19 10:49:53 RESPONSE:  Success  
INFO: 2024/03/19 10:49:53 INSTRUCTION_ID: 20231124CAMZPHM2XXXB00000000002770
INFO: 2024/03/19 10:49:53 TRANSACTIONTYPE: SENDER
INFO: 2024/03/19 10:49:53 STATUS: SUCCESS-ACTC
INFO: 2024/03/19 10:49:53 TRACE_ALERT: ALERT_FINANCIAL_CRIME
INFO: 2024/03/19 10:49:53 TRACE_TYPE: NONE
INFO: 2024/03/19 10:49:53 ALERT_TYPE: ACCOUNT_ALERT
INFO: 2024/03/19 10:49:53 REASONCODE: NONE
INFO: 2024/03/19 10:49:53 LOCALINSTRUMENT: ICRT
INFO: 2024/03/19 10:49:53 REFERENCEID: IFT847-1687744873497
INFO: 2024/03/19 10:49:53 SENDERBIC: CAMZPHM2XXX
INFO: 2024/03/19 10:49:53 SENDERNAME: Bernard
INFO: 2024/03/19 10:49:53 SENDERACCOUNT: 1030000000502918
INFO: 2024/03/19 10:49:53 AMOUNT: 105.8
INFO: 2024/03/19 10:49:53 AMOUNTCURRENCY: PHP
INFO: 2024/03/19 10:49:53 RECEIVINGBIC: SRCPPHM2XXX
INFO: 2024/03/19 10:49:53 RECEIVINGNAME: George
INFO: 2024/03/19 10:49:53 RECEIVINGACCOUNT: 09176296115
2024/03/19 10:49:53 
2024/03/19 11:27:24 
INFO: 2024/03/19 11:27:24                - - - - Trace_Credittransfer - - - -   
INFO: 2024/03/19 11:27:24 Unique-ID: 65651279792dde1274a1034acfdcb797
INFO: 2024/03/19 11:27:24 DECISIONDATE: 2024-03-19 11:27:23
INFO: 2024/03/19 11:27:24 RESPONSE:  Success  
INFO: 2024/03/19 11:27:24 INSTRUCTION_ID: 20231124CAMZPHM2XXXB00000000002770
INFO: 2024/03/19 11:27:24 TRANSACTIONTYPE: SENDER
INFO: 2024/03/19 11:27:24 STATUS: SUCCESS-ACTC
INFO: 2024/03/19 11:27:24 TRACE_ALERT: ALERT_FINANCIAL_CRIME
INFO: 2024/03/19 11:27:24 TRACE_TYPE: NONE
INFO: 2024/03/19 11:27:24 ALERT_TYPE: ACCOUNT_ALERT
INFO: 2024/03/19 11:27:24 REASONCODE: NONE
INFO: 2024/03/19 11:27:24 LOCALINSTRUMENT: ICRT
INFO: 2024/03/19 11:27:24 REFERENCEID: IFT847-1687744873497
INFO: 2024/03/19 11:27:24 SENDERBIC: CAMZPHM2XXX
INFO: 2024/03/19 11:27:24 SENDERNAME: Bernard
INFO: 2024/03/19 11:27:24 SENDERACCOUNT: 1030000000502918
INFO: 2024/03/19 11:27:24 AMOUNT: 105.8
INFO: 2024/03/19 11:27:24 AMOUNTCURRENCY: PHP
INFO: 2024/03/19 11:27:24 RECEIVINGBIC: SRCPPHM2XXX
INFO: 2024/03/19 11:27:24 RECEIVINGNAME: George
INFO: 2024/03/19 11:27:24 RECEIVINGACCOUNT: 09176296115
2024/03/19 11:27:24 
2024/03/19 11:28:19 
INFO: 2024/03/19 11:28:19                - - - - Trace_Credittransfer - - - -   
INFO: 2024/03/19 11:28:19 Unique-ID: 5ca5a0b5d54bb7c726361863dfdd4cb7
INFO: 2024/03/19 11:28:19 DECISIONDATE: 2024-03-19 11:28:18
INFO: 2024/03/19 11:28:19 RESPONSE:  Success  
INFO: 2024/03/19 11:28:19 INSTRUCTION_ID: 20231124CAMZPHM2XXXB00000000002770
INFO: 2024/03/19 11:28:19 TRANSACTIONTYPE: SENDER
INFO: 2024/03/19 11:28:19 STATUS: SUCCESS-ACTC
INFO: 2024/03/19 11:28:19 TRACE_ALERT: ALERT_FINANCIAL_CRIME
INFO: 2024/03/19 11:28:19 TRACE_TYPE: NONE
INFO: 2024/03/19 11:28:19 ALERT_TYPE: ACCOUNT_ALERT
INFO: 2024/03/19 11:28:19 REASONCODE: NONE
INFO: 2024/03/19 11:28:19 LOCALINSTRUMENT: ICRT
INFO: 2024/03/19 11:28:19 REFERENCEID: IFT847-1687744873497
INFO: 2024/03/19 11:28:19 SENDERBIC: CAMZPHM2XXX
INFO: 2024/03/19 11:28:19 SENDERNAME: Bernard
INFO: 2024/03/19 11:28:19 SENDERACCOUNT: 1030000000502918
INFO: 2024/03/19 11:28:19 AMOUNT: 105.8
INFO: 2024/03/19 11:28:19 AMOUNTCURRENCY: PHP
INFO: 2024/03/19 11:28:19 RECEIVINGBIC: SRCPPHM2XXX
INFO: 2024/03/19 11:28:19 RECEIVINGNAME: George
INFO: 2024/03/19 11:28:19 RECEIVINGACCOUNT: 09176296115
2024/03/19 11:28:19 
2024/03/19 11:29:56 
INFO: 2024/03/19 11:29:56                - - - - Trace_Credittransfer - - - -   
INFO: 2024/03/19 11:29:56 Unique-ID: d0cf922723b9665436d347fbf34b6cf3
INFO: 2024/03/19 11:29:56 DECISIONDATE: 2024-03-19 11:29:56
INFO: 2024/03/19 11:29:56 RESPONSE:  Success  
INFO: 2024/03/19 11:29:56 INSTRUCTION_ID: 20231124CAMZPHM2XXXB00000000002770
INFO: 2024/03/19 11:29:56 TRANSACTIONTYPE: SENDER
INFO: 2024/03/19 11:29:56 STATUS: SUCCESS-ACTC
INFO: 2024/03/19 11:29:56 TRACE_ALERT: ALERT_FINANCIAL_CRIME
INFO: 2024/03/19 11:29:56 TRACE_TYPE: NONE
INFO: 2024/03/19 11:29:56 ALERT_TYPE: ACCOUNT_ALERT
INFO: 2024/03/19 11:29:56 REASONCODE: NONE
INFO: 2024/03/19 11:29:56 LOCALINSTRUMENT: ICRT
INFO: 2024/03/19 11:29:56 REFERENCEID: IFT847-1687744873497
INFO: 2024/03/19 11:29:56 SENDERBIC: CAMZPHM2XXX
INFO: 2024/03/19 11:29:56 SENDERNAME: Bernard
INFO: 2024/03/19 11:29:56 SENDERACCOUNT: 1030000000502918
INFO: 2024/03/19 11:29:56 AMOUNT: 105.8
INFO: 2024/03/19 11:29:56 AMOUNTCURRENCY: PHP
INFO: 2024/03/19 11:29:56 RECEIVINGBIC: SRCPPHM2XXX
INFO: 2024/03/19 11:29:56 RECEIVINGNAME: George
INFO: 2024/03/19 11:29:56 RECEIVINGACCOUNT: 09176296115
2024/03/19 11:29:56 
2024/03/19 11:30:05 
INFO: 2024/03/19 11:30:05                - - - - Trace_Credittransfer - - - -   
INFO: 2024/03/19 11:30:05 Unique-ID: 8f5e290b49967ac73edbe444dd1e1651
INFO: 2024/03/19 11:30:05 DECISIONDATE: 2024-03-19 11:30:04
INFO: 2024/03/19 11:30:05 RESPONSE:  Success  
INFO: 2024/03/19 11:30:05 INSTRUCTION_ID: 20230908CAMZPHM2XXXB00000000002120
INFO: 2024/03/19 11:30:05 TRANSACTIONTYPE: SENDER
INFO: 2024/03/19 11:30:05 STATUS: SUCCESS
INFO: 2024/03/19 11:30:05 TRACE_ALERT: TRACE_FINANCIAL_CRIME
INFO: 2024/03/19 11:30:05 TRACE_TYPE: FRAUD
INFO: 2024/03/19 11:30:05 ALERT_TYPE: NETWORK_ALERT
INFO: 2024/03/19 11:30:05 REASONCODE: NONE
INFO: 2024/03/19 11:30:05 LOCALINSTRUMENT: ICRT
INFO: 2024/03/19 11:30:05 REFERENCEID: IFT56-1694160071150
INFO: 2024/03/19 11:30:05 SENDERBIC: CAMZPHM2XXX
INFO: 2024/03/19 11:30:05 SENDERNAME: Quinta Ben
INFO: 2024/03/19 11:30:05 SENDERACCOUNT: 1030000013856053
INFO: 2024/03/19 11:30:05 AMOUNT: 10
INFO: 2024/03/19 11:30:05 AMOUNTCURRENCY: PHP
INFO: 2024/03/19 11:30:05 RECEIVINGBIC: SRCPPHM2XXX
INFO: 2024/03/19 11:30:05 RECEIVINGNAME: Yen
INFO: 2024/03/19 11:30:05 RECEIVINGACCOUNT: 09176296115
2024/03/19 11:30:05 
2024/03/19 11:31:45 
INFO: 2024/03/19 11:31:45                - - - - Trace_Credittransfer - - - -   
INFO: 2024/03/19 11:31:45 Unique-ID: 7952dc66946134c913b40ae0b5510889
INFO: 2024/03/19 11:31:45 DECISIONDATE: 2024-03-19 11:31:44
INFO: 2024/03/19 11:31:45 RESPONSE:  Success  
INFO: 2024/03/19 11:31:45 INSTRUCTION_ID: 20231124CAMZPHM2XXXB00000000002770
INFO: 2024/03/19 11:31:45 TRANSACTIONTYPE: SENDER
INFO: 2024/03/19 11:31:45 STATUS: SUCCESS-ACTC
INFO: 2024/03/19 11:31:45 TRACE_ALERT: ALERT_FINANCIAL_CRIME
INFO: 2024/03/19 11:31:45 TRACE_TYPE: NONE
INFO: 2024/03/19 11:31:45 ALERT_TYPE: ACCOUNT_ALERT
INFO: 2024/03/19 11:31:45 REASONCODE: NONE
INFO: 2024/03/19 11:31:45 LOCALINSTRUMENT: ICRT
INFO: 2024/03/19 11:31:45 REFERENCEID: IFT847-1687744873497
INFO: 2024/03/19 11:31:45 SENDERBIC: CAMZPHM2XXX
INFO: 2024/03/19 11:31:45 SENDERNAME: Bernard
INFO: 2024/03/19 11:31:45 SENDERACCOUNT: 1030000000502918
INFO: 2024/03/19 11:31:45 AMOUNT: 105.8
INFO: 2024/03/19 11:31:45 AMOUNTCURRENCY: PHP
INFO: 2024/03/19 11:31:45 RECEIVINGBIC: SRCPPHM2XXX
INFO: 2024/03/19 11:31:45 RECEIVINGNAME: George
INFO: 2024/03/19 11:31:45 RECEIVINGACCOUNT: 09176296115
2024/03/19 11:31:45 
2024/03/19 11:33:45 
INFO: 2024/03/19 11:33:45                - - - - Trace_Credittransfer - - - -   
INFO: 2024/03/19 11:33:45 Unique-ID: 02523883e2b17b33fdf6181fc6f03523
INFO: 2024/03/19 11:33:45 DECISIONDATE: 2024-03-19 11:33:45
INFO: 2024/03/19 11:33:45 RESPONSE:  Success  
INFO: 2024/03/19 11:33:45 INSTRUCTION_ID: 20231124CAMZPHM2XXXB00000000002770
INFO: 2024/03/19 11:33:45 TRANSACTIONTYPE: SENDER
INFO: 2024/03/19 11:33:45 STATUS: SUCCESS-ACTC
INFO: 2024/03/19 11:33:45 TRACE_ALERT: ALERT_FINANCIAL_CRIME
INFO: 2024/03/19 11:33:45 TRACE_TYPE: NONE
INFO: 2024/03/19 11:33:45 ALERT_TYPE: ACCOUNT_ALERT
INFO: 2024/03/19 11:33:45 REASONCODE: NONE
INFO: 2024/03/19 11:33:45 LOCALINSTRUMENT: ICRT
INFO: 2024/03/19 11:33:45 REFERENCEID: IFT847-1687744873497
INFO: 2024/03/19 11:33:45 SENDERBIC: CAMZPHM2XXX
INFO: 2024/03/19 11:33:45 SENDERNAME: Bernard
INFO: 2024/03/19 11:33:45 SENDERACCOUNT: 1030000000502918
INFO: 2024/03/19 11:33:45 AMOUNT: 105.8
INFO: 2024/03/19 11:33:45 AMOUNTCURRENCY: PHP
INFO: 2024/03/19 11:33:45 RECEIVINGBIC: SRCPPHM2XXX
INFO: 2024/03/19 11:33:45 RECEIVINGNAME: George
INFO: 2024/03/19 11:33:45 RECEIVINGACCOUNT: 09176296115
2024/03/19 11:33:45 
2024/03/19 11:35:02 
INFO: 2024/03/19 11:35:02                - - - - Trace_Credittransfer - - - -   
INFO: 2024/03/19 11:35:02 Unique-ID: 7cc0b64a6db2d3cb6739381ef079eb16
INFO: 2024/03/19 11:35:02 DECISIONDATE: 2024-03-19 11:35:01
INFO: 2024/03/19 11:35:02 RESPONSE:  Success  
INFO: 2024/03/19 11:35:02 INSTRUCTION_ID: 20231124CAMZPHM2XXXB00000000002770
INFO: 2024/03/19 11:35:02 TRANSACTIONTYPE: SENDER
INFO: 2024/03/19 11:35:02 STATUS: SUCCESS-ACTC
INFO: 2024/03/19 11:35:02 TRACE_ALERT: ALERT_FINANCIAL_CRIME
INFO: 2024/03/19 11:35:02 TRACE_TYPE: NONE
INFO: 2024/03/19 11:35:02 ALERT_TYPE: ACCOUNT_ALERT
INFO: 2024/03/19 11:35:02 REASONCODE: NONE
INFO: 2024/03/19 11:35:02 LOCALINSTRUMENT: ICRT
INFO: 2024/03/19 11:35:02 REFERENCEID: IFT847-1687744873497
INFO: 2024/03/19 11:35:02 SENDERBIC: CAMZPHM2XXX
INFO: 2024/03/19 11:35:02 SENDERNAME: Bernard
INFO: 2024/03/19 11:35:02 SENDERACCOUNT: 1030000000502918
INFO: 2024/03/19 11:35:02 AMOUNT: 105.8
INFO: 2024/03/19 11:35:02 AMOUNTCURRENCY: PHP
INFO: 2024/03/19 11:35:02 RECEIVINGBIC: SRCPPHM2XXX
INFO: 2024/03/19 11:35:02 RECEIVINGNAME: George
INFO: 2024/03/19 11:35:02 RECEIVINGACCOUNT: 09176296115
2024/03/19 11:35:02 
2024/03/19 11:35:42 
INFO: 2024/03/19 11:35:42                - - - - Trace_Credittransfer - - - -   
INFO: 2024/03/19 11:35:42 Unique-ID: 4d6b03fa9a88e5d7a72f5a622b4de63a
INFO: 2024/03/19 11:35:42 DECISIONDATE: 2024-03-19 11:35:40
INFO: 2024/03/19 11:35:42 RESPONSE:  Success  
INFO: 2024/03/19 11:35:42 INSTRUCTION_ID: 20230908CAMZPHM2XXXB00000000002120
INFO: 2024/03/19 11:35:42 TRANSACTIONTYPE: SENDER
INFO: 2024/03/19 11:35:42 STATUS: SUCCESS
INFO: 2024/03/19 11:35:42 TRACE_ALERT: TRACE_FINANCIAL_CRIME
INFO: 2024/03/19 11:35:42 TRACE_TYPE: FRAUD
INFO: 2024/03/19 11:35:42 ALERT_TYPE: NETWORK_ALERT
INFO: 2024/03/19 11:35:42 REASONCODE: NONE
INFO: 2024/03/19 11:35:42 LOCALINSTRUMENT: ICRT
INFO: 2024/03/19 11:35:42 REFERENCEID: IFT56-1694160071150
INFO: 2024/03/19 11:35:42 SENDERBIC: CAMZPHM2XXX
INFO: 2024/03/19 11:35:42 SENDERNAME: Quinta Ben
INFO: 2024/03/19 11:35:42 SENDERACCOUNT: 1030000013856053
INFO: 2024/03/19 11:35:42 AMOUNT: 10
INFO: 2024/03/19 11:35:42 AMOUNTCURRENCY: PHP
INFO: 2024/03/19 11:35:42 RECEIVINGBIC: SRCPPHM2XXX
INFO: 2024/03/19 11:35:42 RECEIVINGNAME: Yen
INFO: 2024/03/19 11:35:42 RECEIVINGACCOUNT: 09176296115
2024/03/19 11:35:42 
2024/03/19 11:35:57 
INFO: 2024/03/19 11:35:57                - - - - Trace_Credittransfer - - - -   
INFO: 2024/03/19 11:35:57 Unique-ID: cfe2642c1c1e4346980d0b330e3c7c95
INFO: 2024/03/19 11:35:57 DECISIONDATE: 2024-03-19 11:35:56
INFO: 2024/03/19 11:35:57 RESPONSE:  Success  
INFO: 2024/03/19 11:35:57 INSTRUCTION_ID: 20231124CAMZPHM2XXXB00000000002770
INFO: 2024/03/19 11:35:57 TRANSACTIONTYPE: SENDER
INFO: 2024/03/19 11:35:57 STATUS: SUCCESS-ACTC
INFO: 2024/03/19 11:35:57 TRACE_ALERT: ALERT_FINANCIAL_CRIME
INFO: 2024/03/19 11:35:57 TRACE_TYPE: NONE
INFO: 2024/03/19 11:35:57 ALERT_TYPE: ACCOUNT_ALERT
INFO: 2024/03/19 11:35:57 REASONCODE: NONE
INFO: 2024/03/19 11:35:57 LOCALINSTRUMENT: ICRT
INFO: 2024/03/19 11:35:57 REFERENCEID: IFT847-1687744873497
INFO: 2024/03/19 11:35:57 SENDERBIC: CAMZPHM2XXX
INFO: 2024/03/19 11:35:57 SENDERNAME: Bernard
INFO: 2024/03/19 11:35:57 SENDERACCOUNT: 1030000000502918
INFO: 2024/03/19 11:35:57 AMOUNT: 105.8
INFO: 2024/03/19 11:35:57 AMOUNTCURRENCY: PHP
INFO: 2024/03/19 11:35:57 RECEIVINGBIC: SRCPPHM2XXX
INFO: 2024/03/19 11:35:57 RECEIVINGNAME: George
INFO: 2024/03/19 11:35:57 RECEIVINGACCOUNT: 09176296115
2024/03/19 11:35:57 
2024/03/19 11:37:08 
INFO: 2024/03/19 11:37:08                - - - - Trace_Credittransfer - - - -   
INFO: 2024/03/19 11:37:08 Unique-ID: 70fcc3ec1534acb4a3e92c6f7b5af924
INFO: 2024/03/19 11:37:08 DECISIONDATE: 2024-03-19 11:37:07
INFO: 2024/03/19 11:37:08 RESPONSE:  Success  
INFO: 2024/03/19 11:37:08 INSTRUCTION_ID: 20230908CAMZPHM2XXXB00000000002120
INFO: 2024/03/19 11:37:08 TRANSACTIONTYPE: SENDER
INFO: 2024/03/19 11:37:08 STATUS: SUCCESS
INFO: 2024/03/19 11:37:08 TRACE_ALERT: TRACE_FINANCIAL_CRIME
INFO: 2024/03/19 11:37:08 TRACE_TYPE: FRAUD
INFO: 2024/03/19 11:37:08 ALERT_TYPE: NETWORK_ALERT
INFO: 2024/03/19 11:37:08 REASONCODE: NONE
INFO: 2024/03/19 11:37:08 LOCALINSTRUMENT: ICRT
INFO: 2024/03/19 11:37:08 REFERENCEID: IFT56-1694160071150
INFO: 2024/03/19 11:37:08 SENDERBIC: CAMZPHM2XXX
INFO: 2024/03/19 11:37:08 SENDERNAME: Quinta Ben
INFO: 2024/03/19 11:37:08 SENDERACCOUNT: 1030000013856053
INFO: 2024/03/19 11:37:08 AMOUNT: 10
INFO: 2024/03/19 11:37:08 AMOUNTCURRENCY: PHP
INFO: 2024/03/19 11:37:08 RECEIVINGBIC: SRCPPHM2XXX
INFO: 2024/03/19 11:37:08 RECEIVINGNAME: Yen
INFO: 2024/03/19 11:37:08 RECEIVINGACCOUNT: 09176296115
2024/03/19 11:37:08 
2024/03/19 11:37:21 
INFO: 2024/03/19 11:37:22                - - - - Trace_Credittransfer - - - -   
INFO: 2024/03/19 11:37:22 Unique-ID: b7a936650ed1c2642139c78f3bda0d9d
INFO: 2024/03/19 11:37:22 DECISIONDATE: 2024-03-19 11:37:21
INFO: 2024/03/19 11:37:22 RESPONSE:  Success  
INFO: 2024/03/19 11:37:22 INSTRUCTION_ID: 20231124CAMZPHM2XXXB00000000002770
INFO: 2024/03/19 11:37:22 TRANSACTIONTYPE: SENDER
INFO: 2024/03/19 11:37:22 STATUS: SUCCESS-ACTC
INFO: 2024/03/19 11:37:22 TRACE_ALERT: ALERT_FINANCIAL_CRIME
INFO: 2024/03/19 11:37:22 TRACE_TYPE: NONE
INFO: 2024/03/19 11:37:22 ALERT_TYPE: ACCOUNT_ALERT
INFO: 2024/03/19 11:37:22 REASONCODE: NONE
INFO: 2024/03/19 11:37:22 LOCALINSTRUMENT: ICRT
INFO: 2024/03/19 11:37:22 REFERENCEID: IFT847-1687744873497
INFO: 2024/03/19 11:37:22 SENDERBIC: CAMZPHM2XXX
INFO: 2024/03/19 11:37:22 SENDERNAME: Bernard
INFO: 2024/03/19 11:37:22 SENDERACCOUNT: 1030000000502918
INFO: 2024/03/19 11:37:22 AMOUNT: 105.8
INFO: 2024/03/19 11:37:22 AMOUNTCURRENCY: PHP
INFO: 2024/03/19 11:37:22 RECEIVINGBIC: SRCPPHM2XXX
INFO: 2024/03/19 11:37:22 RECEIVINGNAME: George
INFO: 2024/03/19 11:37:22 RECEIVINGACCOUNT: 09176296115
2024/03/19 11:37:22 
2024/03/19 11:38:39 
INFO: 2024/03/19 11:38:39                - - - - Trace_Credittransfer - - - -   
INFO: 2024/03/19 11:38:39 Unique-ID: 9032475ee906955a4db45e12c0f197c6
INFO: 2024/03/19 11:38:39 DECISIONDATE: 2024-03-19 11:38:39
INFO: 2024/03/19 11:38:39 RESPONSE:  Success  
INFO: 2024/03/19 11:38:39 INSTRUCTION_ID: 20231124CAMZPHM2XXXB00000000002770
INFO: 2024/03/19 11:38:39 TRANSACTIONTYPE: SENDER
INFO: 2024/03/19 11:38:39 STATUS: SUCCESS-ACTC
INFO: 2024/03/19 11:38:39 TRACE_ALERT: ALERT_FINANCIAL_CRIME
INFO: 2024/03/19 11:38:39 TRACE_TYPE: NONE
INFO: 2024/03/19 11:38:39 ALERT_TYPE: ACCOUNT_ALERT
INFO: 2024/03/19 11:38:39 REASONCODE: NONE
INFO: 2024/03/19 11:38:39 LOCALINSTRUMENT: ICRT
INFO: 2024/03/19 11:38:39 REFERENCEID: IFT847-1687744873497
INFO: 2024/03/19 11:38:39 SENDERBIC: CAMZPHM2XXX
INFO: 2024/03/19 11:38:39 SENDERNAME: Bernard
INFO: 2024/03/19 11:38:39 SENDERACCOUNT: 1030000000502918
INFO: 2024/03/19 11:38:39 AMOUNT: 105.8
INFO: 2024/03/19 11:38:39 AMOUNTCURRENCY: PHP
INFO: 2024/03/19 11:38:39 RECEIVINGBIC: SRCPPHM2XXX
INFO: 2024/03/19 11:38:39 RECEIVINGNAME: George
INFO: 2024/03/19 11:38:39 RECEIVINGACCOUNT: 09176296115
2024/03/19 11:38:39 
2024/03/19 11:50:28 
INFO: 2024/03/19 11:50:28                - - - - Trace_Credittransfer - - - -   
INFO: 2024/03/19 11:50:28 Unique-ID: 1e030068d89efea6c71fe53ff350d76f
INFO: 2024/03/19 11:50:28 DECISIONDATE: 2024-03-19 11:50:28
INFO: 2024/03/19 11:50:28 RESPONSE:  Success  
INFO: 2024/03/19 11:50:28 INSTRUCTION_ID: 20231124CAMZPHM2XXXB00000000002770
INFO: 2024/03/19 11:50:28 TRANSACTIONTYPE: SENDER
INFO: 2024/03/19 11:50:28 STATUS: SUCCESS-ACTC
INFO: 2024/03/19 11:50:28 TRACE_ALERT: ALERT_FINANCIAL_CRIME
INFO: 2024/03/19 11:50:28 TRACE_TYPE: NONE
INFO: 2024/03/19 11:50:28 ALERT_TYPE: ACCOUNT_ALERT
INFO: 2024/03/19 11:50:28 REASONCODE: NONE
INFO: 2024/03/19 11:50:28 LOCALINSTRUMENT: ICRT
INFO: 2024/03/19 11:50:28 REFERENCEID: IFT847-1687744873497
INFO: 2024/03/19 11:50:28 SENDERBIC: CAMZPHM2XXX
INFO: 2024/03/19 11:50:28 SENDERNAME: Bernard
INFO: 2024/03/19 11:50:28 SENDERACCOUNT: 1030000000502918
INFO: 2024/03/19 11:50:28 AMOUNT: 105.8
INFO: 2024/03/19 11:50:28 AMOUNTCURRENCY: PHP
INFO: 2024/03/19 11:50:28 RECEIVINGBIC: SRCPPHM2XXX
INFO: 2024/03/19 11:50:28 RECEIVINGNAME: George
INFO: 2024/03/19 11:50:28 RECEIVINGACCOUNT: 09176296115
2024/03/19 11:50:28 
2024/03/19 12:01:30 
INFO: 2024/03/19 12:01:30                - - - - Trace_Credittransfer - - - -   
INFO: 2024/03/19 12:01:30 Unique-ID: 58ae7c3b1b81c8cb5002a3f9895f808d
INFO: 2024/03/19 12:01:30 DECISIONDATE: 2024-03-19 12:01:30
INFO: 2024/03/19 12:01:30 RESPONSE:  Success  
INFO: 2024/03/19 12:01:30 INSTRUCTION_ID: 20231124CAMZPHM2XXXB00000000002770
INFO: 2024/03/19 12:01:30 TRANSACTIONTYPE: SENDER
INFO: 2024/03/19 12:01:30 STATUS: SUCCESS-ACTC
INFO: 2024/03/19 12:01:30 TRACE_ALERT: ALERT_FINANCIAL_CRIME
INFO: 2024/03/19 12:01:30 TRACE_TYPE: NONE
INFO: 2024/03/19 12:01:30 ALERT_TYPE: ACCOUNT_ALERT
INFO: 2024/03/19 12:01:30 REASONCODE: NONE
INFO: 2024/03/19 12:01:30 LOCALINSTRUMENT: ICRT
INFO: 2024/03/19 12:01:30 REFERENCEID: IFT847-1687744873497
INFO: 2024/03/19 12:01:30 SENDERBIC: CAMZPHM2XXX
INFO: 2024/03/19 12:01:30 SENDERNAME: Bernard
INFO: 2024/03/19 12:01:30 SENDERACCOUNT: 1030000000502918
INFO: 2024/03/19 12:01:30 AMOUNT: 105.8
INFO: 2024/03/19 12:01:30 AMOUNTCURRENCY: PHP
INFO: 2024/03/19 12:01:30 RECEIVINGBIC: SRCPPHM2XXX
INFO: 2024/03/19 12:01:30 RECEIVINGNAME: George
INFO: 2024/03/19 12:01:30 RECEIVINGACCOUNT: 09176296115
2024/03/19 12:01:30 
2024/03/19 13:19:44 
INFO: 2024/03/19 13:19:44                - - - - Trace_Credittransfer - - - -   
INFO: 2024/03/19 13:19:44 Unique-ID: 5f75e1ad8c16d2b836234d82116f481f
INFO: 2024/03/19 13:19:44 DECISIONDATE: 2024-03-19 13:19:43
INFO: 2024/03/19 13:19:44 RESPONSE:  Success  
INFO: 2024/03/19 13:19:44 INSTRUCTION_ID: 20231124CAMZPHM2XXXB00000000002770
INFO: 2024/03/19 13:19:44 TRANSACTIONTYPE: SENDER
INFO: 2024/03/19 13:19:44 STATUS: SUCCESS-ACTC
INFO: 2024/03/19 13:19:44 TRACE_ALERT: ALERT_FINANCIAL_CRIME
INFO: 2024/03/19 13:19:44 TRACE_TYPE: NONE
INFO: 2024/03/19 13:19:44 ALERT_TYPE: ACCOUNT_ALERT
INFO: 2024/03/19 13:19:44 REASONCODE: NONE
INFO: 2024/03/19 13:19:44 LOCALINSTRUMENT: ICRT
INFO: 2024/03/19 13:19:44 REFERENCEID: IFT847-1687744873497
INFO: 2024/03/19 13:19:44 SENDERBIC: CAMZPHM2XXX
INFO: 2024/03/19 13:19:44 SENDERNAME: Bernard
INFO: 2024/03/19 13:19:44 SENDERACCOUNT: 1030000000502918
INFO: 2024/03/19 13:19:44 AMOUNT: 105.8
INFO: 2024/03/19 13:19:44 AMOUNTCURRENCY: PHP
INFO: 2024/03/19 13:19:44 RECEIVINGBIC: SRCPPHM2XXX
INFO: 2024/03/19 13:19:44 RECEIVINGNAME: George
INFO: 2024/03/19 13:19:44 RECEIVINGACCOUNT: 09176296115
2024/03/19 13:19:44 
2024/03/19 13:25:49 
INFO: 2024/03/19 13:25:49                - - - - Trace_Credittransfer - - - -   
INFO: 2024/03/19 13:25:49 Unique-ID: 24c152194c4be1b443902538db2c8a3a
INFO: 2024/03/19 13:25:49 DECISIONDATE: 2024-03-19 13:25:48
INFO: 2024/03/19 13:25:49 RESPONSE:  Success  
INFO: 2024/03/19 13:25:49 INSTRUCTION_ID: 20230908CAMZPHM2XXXB00000000002120
INFO: 2024/03/19 13:25:49 TRANSACTIONTYPE: SENDER
INFO: 2024/03/19 13:25:49 STATUS: SUCCESS
INFO: 2024/03/19 13:25:49 TRACE_ALERT: TRACE_FINANCIAL_CRIME
INFO: 2024/03/19 13:25:49 TRACE_TYPE: FRAUD
INFO: 2024/03/19 13:25:49 ALERT_TYPE: NETWORK_ALERT
INFO: 2024/03/19 13:25:49 REASONCODE: NONE
INFO: 2024/03/19 13:25:49 LOCALINSTRUMENT: ICRT
INFO: 2024/03/19 13:25:49 REFERENCEID: IFT56-1694160071150
INFO: 2024/03/19 13:25:49 SENDERBIC: CAMZPHM2XXX
INFO: 2024/03/19 13:25:49 SENDERNAME: Quinta Ben
INFO: 2024/03/19 13:25:49 SENDERACCOUNT: 1030000013856053
INFO: 2024/03/19 13:25:49 AMOUNT: 10
INFO: 2024/03/19 13:25:49 AMOUNTCURRENCY: PHP
INFO: 2024/03/19 13:25:49 RECEIVINGBIC: SRCPPHM2XXX
INFO: 2024/03/19 13:25:49 RECEIVINGNAME: Yen
INFO: 2024/03/19 13:25:49 RECEIVINGACCOUNT: 09176296115
2024/03/19 13:25:49 
2024/03/19 13:33:52 
INFO: 2024/03/19 13:33:52                - - - - Trace_Credittransfer - - - -   
INFO: 2024/03/19 13:33:52 Unique-ID: f61e0845dad4d8b8f5f29f9d173d00a2
INFO: 2024/03/19 13:33:52 DECISIONDATE: 2024-03-19 13:33:52
INFO: 2024/03/19 13:33:52 RESPONSE:  Success  
INFO: 2024/03/19 13:33:52 INSTRUCTION_ID: 20231124CAMZPHM2XXXB00000000002770
INFO: 2024/03/19 13:33:52 TRANSACTIONTYPE: SENDER
INFO: 2024/03/19 13:33:52 STATUS: SUCCESS-ACTC
INFO: 2024/03/19 13:33:52 TRACE_ALERT: ALERT_FINANCIAL_CRIME
INFO: 2024/03/19 13:33:52 TRACE_TYPE: NONE
INFO: 2024/03/19 13:33:52 ALERT_TYPE: ACCOUNT_ALERT
INFO: 2024/03/19 13:33:52 REASONCODE: NONE
INFO: 2024/03/19 13:33:52 LOCALINSTRUMENT: ICRT
INFO: 2024/03/19 13:33:52 REFERENCEID: IFT847-1687744873497
INFO: 2024/03/19 13:33:52 SENDERBIC: CAMZPHM2XXX
INFO: 2024/03/19 13:33:52 SENDERNAME: Bernard
INFO: 2024/03/19 13:33:52 SENDERACCOUNT: 1030000000502918
INFO: 2024/03/19 13:33:52 AMOUNT: 105.8
INFO: 2024/03/19 13:33:52 AMOUNTCURRENCY: PHP
INFO: 2024/03/19 13:33:52 RECEIVINGBIC: SRCPPHM2XXX
INFO: 2024/03/19 13:33:52 RECEIVINGNAME: George
INFO: 2024/03/19 13:33:52 RECEIVINGACCOUNT: 09176296115
2024/03/19 13:33:52 
2024/03/19 13:37:42 
INFO: 2024/03/19 13:37:42                - - - - Trace_Credittransfer - - - -   
INFO: 2024/03/19 13:37:42 Unique-ID: 38d646383d1d588d69afb328de12b238
INFO: 2024/03/19 13:37:42 DECISIONDATE: 2024-03-19 13:37:42
INFO: 2024/03/19 13:37:42 RESPONSE:  Success  
INFO: 2024/03/19 13:37:42 INSTRUCTION_ID: 20231124CAMZPHM2XXXB00000000002770
INFO: 2024/03/19 13:37:42 TRANSACTIONTYPE: SENDER
INFO: 2024/03/19 13:37:42 STATUS: SUCCESS-ACTC
INFO: 2024/03/19 13:37:42 TRACE_ALERT: ALERT_FINANCIAL_CRIME
INFO: 2024/03/19 13:37:42 TRACE_TYPE: NONE
INFO: 2024/03/19 13:37:42 ALERT_TYPE: ACCOUNT_ALERT
INFO: 2024/03/19 13:37:42 REASONCODE: NONE
INFO: 2024/03/19 13:37:42 LOCALINSTRUMENT: ICRT
INFO: 2024/03/19 13:37:42 REFERENCEID: IFT847-1687744873497
INFO: 2024/03/19 13:37:42 SENDERBIC: CAMZPHM2XXX
INFO: 2024/03/19 13:37:42 SENDERNAME: Bernard
INFO: 2024/03/19 13:37:42 SENDERACCOUNT: 1030000000502918
INFO: 2024/03/19 13:37:42 AMOUNT: 105.8
INFO: 2024/03/19 13:37:42 AMOUNTCURRENCY: PHP
INFO: 2024/03/19 13:37:42 RECEIVINGBIC: SRCPPHM2XXX
INFO: 2024/03/19 13:37:42 RECEIVINGNAME: George
INFO: 2024/03/19 13:37:42 RECEIVINGACCOUNT: 09176296115
2024/03/19 13:37:42 
2024/03/19 13:38:28 
INFO: 2024/03/19 13:38:28                - - - - Trace_Credittransfer - - - -   
INFO: 2024/03/19 13:38:28 Unique-ID: 0e5bc6bc04e2832d275f0ee48eec6ebc
INFO: 2024/03/19 13:38:28 DECISIONDATE: 2024-03-19 13:38:28
INFO: 2024/03/19 13:38:28 RESPONSE:  Success  
INFO: 2024/03/19 13:38:28 INSTRUCTION_ID: 20231124CAMZPHM2XXXB00000000002770
INFO: 2024/03/19 13:38:28 TRANSACTIONTYPE: SENDER
INFO: 2024/03/19 13:38:28 STATUS: SUCCESS-ACTC
INFO: 2024/03/19 13:38:28 TRACE_ALERT: ALERT_FINANCIAL_CRIME
INFO: 2024/03/19 13:38:28 TRACE_TYPE: NONE
INFO: 2024/03/19 13:38:28 ALERT_TYPE: ACCOUNT_ALERT
INFO: 2024/03/19 13:38:28 REASONCODE: NONE
INFO: 2024/03/19 13:38:28 LOCALINSTRUMENT: ICRT
INFO: 2024/03/19 13:38:28 REFERENCEID: IFT847-1687744873497
INFO: 2024/03/19 13:38:28 SENDERBIC: CAMZPHM2XXX
INFO: 2024/03/19 13:38:28 SENDERNAME: Bernard
INFO: 2024/03/19 13:38:28 SENDERACCOUNT: 1030000000502918
INFO: 2024/03/19 13:38:28 AMOUNT: 105.8
INFO: 2024/03/19 13:38:28 AMOUNTCURRENCY: PHP
INFO: 2024/03/19 13:38:28 RECEIVINGBIC: SRCPPHM2XXX
INFO: 2024/03/19 13:38:28 RECEIVINGNAME: George
INFO: 2024/03/19 13:38:28 RECEIVINGACCOUNT: 09176296115
2024/03/19 13:38:28 
2024/03/19 13:39:03 
INFO: 2024/03/19 13:39:03                - - - - Trace_Credittransfer - - - -   
INFO: 2024/03/19 13:39:03 Unique-ID: 8ffc49830a760ead2a5a541350849faa
INFO: 2024/03/19 13:39:03 DECISIONDATE: 2024-03-19 13:39:03
INFO: 2024/03/19 13:39:03 RESPONSE:  Success  
INFO: 2024/03/19 13:39:03 INSTRUCTION_ID: 20231124CAMZPHM2XXXB00000000002770
INFO: 2024/03/19 13:39:03 TRANSACTIONTYPE: SENDER
INFO: 2024/03/19 13:39:03 STATUS: SUCCESS-ACTC
INFO: 2024/03/19 13:39:03 TRACE_ALERT: ALERT_FINANCIAL_CRIME
INFO: 2024/03/19 13:39:03 TRACE_TYPE: NONE
INFO: 2024/03/19 13:39:03 ALERT_TYPE: ACCOUNT_ALERT
INFO: 2024/03/19 13:39:03 REASONCODE: NONE
INFO: 2024/03/19 13:39:03 LOCALINSTRUMENT: ICRT
INFO: 2024/03/19 13:39:03 REFERENCEID: IFT847-1687744873497
INFO: 2024/03/19 13:39:03 SENDERBIC: CAMZPHM2XXX
INFO: 2024/03/19 13:39:03 SENDERNAME: Bernard
INFO: 2024/03/19 13:39:03 SENDERACCOUNT: 1030000000502918
INFO: 2024/03/19 13:39:03 AMOUNT: 105.8
INFO: 2024/03/19 13:39:03 AMOUNTCURRENCY: PHP
INFO: 2024/03/19 13:39:03 RECEIVINGBIC: SRCPPHM2XXX
INFO: 2024/03/19 13:39:03 RECEIVINGNAME: George
INFO: 2024/03/19 13:39:03 RECEIVINGACCOUNT: 09176296115
2024/03/19 13:39:03 
2024/03/19 13:53:39 
INFO: 2024/03/19 13:53:39                - - - - Trace_Credittransfer - - - -   
INFO: 2024/03/19 13:53:39 Unique-ID: 789b13dc43f08b2a527efeb2c52aea89
INFO: 2024/03/19 13:53:39 DECISIONDATE: 2024-03-19 13:53:39
INFO: 2024/03/19 13:53:39 RESPONSE:  Success  
INFO: 2024/03/19 13:53:39 INSTRUCTION_ID: 20230908CAMZPHM2XXXB00000000002120
INFO: 2024/03/19 13:53:39 TRANSACTIONTYPE: SENDER
INFO: 2024/03/19 13:53:39 STATUS: SUCCESS
INFO: 2024/03/19 13:53:39 TRACE_ALERT: TRACE_FINANCIAL_CRIME
INFO: 2024/03/19 13:53:39 TRACE_TYPE: FRAUD
INFO: 2024/03/19 13:53:39 ALERT_TYPE: NETWORK_ALERT
INFO: 2024/03/19 13:53:39 REASONCODE: NONE
INFO: 2024/03/19 13:53:39 LOCALINSTRUMENT: ICRT
INFO: 2024/03/19 13:53:39 REFERENCEID: IFT56-1694160071150
INFO: 2024/03/19 13:53:39 SENDERBIC: CAMZPHM2XXX
INFO: 2024/03/19 13:53:39 SENDERNAME: Quinta Ben
INFO: 2024/03/19 13:53:39 SENDERACCOUNT: 1030000013856053
INFO: 2024/03/19 13:53:39 AMOUNT: 10
INFO: 2024/03/19 13:53:39 AMOUNTCURRENCY: PHP
INFO: 2024/03/19 13:53:39 RECEIVINGBIC: SRCPPHM2XXX
INFO: 2024/03/19 13:53:39 RECEIVINGNAME: Yen
INFO: 2024/03/19 13:53:39 RECEIVINGACCOUNT: 09176296115
2024/03/19 13:53:39 
2024/03/19 13:54:19 
INFO: 2024/03/19 13:54:19                - - - - Trace_Credittransfer - - - -   
INFO: 2024/03/19 13:54:19 Unique-ID: 6b7fc799e69bd7df37772957bf7b68d3
INFO: 2024/03/19 13:54:19 DECISIONDATE: 2024-03-19 13:54:18
INFO: 2024/03/19 13:54:19 RESPONSE:  Success  
INFO: 2024/03/19 13:54:19 INSTRUCTION_ID: 20230908CAMZPHM2XXXB00000000002120
INFO: 2024/03/19 13:54:19 TRANSACTIONTYPE: SENDER
INFO: 2024/03/19 13:54:19 STATUS: SUCCESS
INFO: 2024/03/19 13:54:19 TRACE_ALERT: TRACE_FINANCIAL_CRIME
INFO: 2024/03/19 13:54:19 TRACE_TYPE: FRAUD
INFO: 2024/03/19 13:54:19 ALERT_TYPE: NETWORK_ALERT
INFO: 2024/03/19 13:54:19 REASONCODE: NONE
INFO: 2024/03/19 13:54:19 LOCALINSTRUMENT: ICRT
INFO: 2024/03/19 13:54:19 REFERENCEID: IFT56-1694160071150
INFO: 2024/03/19 13:54:19 SENDERBIC: CAMZPHM2XXX
INFO: 2024/03/19 13:54:19 SENDERNAME: Quinta Ben
INFO: 2024/03/19 13:54:19 SENDERACCOUNT: 1030000013856053
INFO: 2024/03/19 13:54:19 AMOUNT: 10
INFO: 2024/03/19 13:54:19 AMOUNTCURRENCY: PHP
INFO: 2024/03/19 13:54:19 RECEIVINGBIC: SRCPPHM2XXX
INFO: 2024/03/19 13:54:19 RECEIVINGNAME: Yen
INFO: 2024/03/19 13:54:19 RECEIVINGACCOUNT: 09176296115
2024/03/19 13:54:19 
2024/03/19 14:21:14 
INFO: 2024/03/19 14:21:14                - - - - Trace_Credittransfer - - - -   
INFO: 2024/03/19 14:21:14 Unique-ID: ca28010fb4748f9c618f670f03e14a0a
INFO: 2024/03/19 14:21:14 DECISIONDATE: 2024-03-19 14:21:13
INFO: 2024/03/19 14:21:14 RESPONSE:  Success  
INFO: 2024/03/19 14:21:14 INSTRUCTION_ID: 20231124CAMZPHM2XXXB00000000002770
INFO: 2024/03/19 14:21:14 TRANSACTIONTYPE: SENDER
INFO: 2024/03/19 14:21:14 STATUS: SUCCESS-ACTC
INFO: 2024/03/19 14:21:14 TRACE_ALERT: ALERT_FINANCIAL_CRIME
INFO: 2024/03/19 14:21:14 TRACE_TYPE: NONE
INFO: 2024/03/19 14:21:14 ALERT_TYPE: ACCOUNT_ALERT
INFO: 2024/03/19 14:21:14 REASONCODE: NONE
INFO: 2024/03/19 14:21:14 LOCALINSTRUMENT: ICRT
INFO: 2024/03/19 14:21:14 REFERENCEID: IFT847-1687744873497
INFO: 2024/03/19 14:21:14 SENDERBIC: CAMZPHM2XXX
INFO: 2024/03/19 14:21:14 SENDERNAME: Bernard
INFO: 2024/03/19 14:21:14 SENDERACCOUNT: 1030000000502918
INFO: 2024/03/19 14:21:14 AMOUNT: 105.8
INFO: 2024/03/19 14:21:14 AMOUNTCURRENCY: PHP
INFO: 2024/03/19 14:21:14 RECEIVINGBIC: SRCPPHM2XXX
INFO: 2024/03/19 14:21:14 RECEIVINGNAME: George
INFO: 2024/03/19 14:21:14 RECEIVINGACCOUNT: 09176296115
2024/03/19 14:21:14 
