2024/03/15 08:05:31 
INFO: 2024/03/15 08:05:31                - - - - Trace_Credittransfer - - - -   
INFO: 2024/03/15 08:05:31 Unique-IDz: 12d34e152edb78a1a82604f498bd68e5
INFO: 2024/03/15 08:05:31 DECISIONDATE: 2024-03-15 08:05:30
INFO: 2024/03/15 08:05:31 RESPONSE:  Success  
INFO: 2024/03/15 08:05:31 INSTRUCTION_ID: 20230908CAMZPHM2XXXB00000000002120
INFO: 2024/03/15 08:05:31 TRANSACTIONTYPE: SENDER
INFO: 2024/03/15 08:05:31 STATUS: SUCCESS
INFO: 2024/03/15 08:05:31 TRACE_ALERT: TRACE_FINANCIAL_CRIME
INFO: 2024/03/15 08:05:31 TRACE_TYPE: FRAUD
INFO: 2024/03/15 08:05:31 ALERT_TYPE: NETWORK_ALERT
INFO: 2024/03/15 08:05:31 FEEDBACK: ACTIONED_MULE
INFO: 2024/03/15 08:05:31 REASONCODE: NONE
INFO: 2024/03/15 08:05:31 LOCALINSTRUMENT: ICRT
INFO: 2024/03/15 08:05:31 REFERENCEID: IFT56-1694160071150
2024/03/15 08:05:31 
2024/03/15 13:36:18 
INFO: 2024/03/15 13:36:18                - - - - Trace_Credittransfer - - - -   
INFO: 2024/03/15 13:36:18 Unique-ID: 3b3e21238bdee8043ec2d3f41722da2f
INFO: 2024/03/15 13:36:18 DECISIONDATE: 2024-03-15 13:36:17
INFO: 2024/03/15 13:36:18 RESPONSE:  Success  
INFO: 2024/03/15 13:36:18 INSTRUCTION_ID: 20230908CAMZPHM2XXXB00000000002120
INFO: 2024/03/15 13:36:18 TRANSACTIONTYPE: SENDER
INFO: 2024/03/15 13:36:18 STATUS: SUCCESS
INFO: 2024/03/15 13:36:18 TRACE_ALERT: TRACE_FINANCIAL_CRIME
INFO: 2024/03/15 13:36:18 TRACE_TYPE: FRAUD
INFO: 2024/03/15 13:36:18 ALERT_TYPE: NETWORK_ALERT
INFO: 2024/03/15 13:36:18 REASONCODE: NONE
INFO: 2024/03/15 13:36:18 LOCALINSTRUMENT: ICRT
INFO: 2024/03/15 13:36:18 REFERENCEID: IFT56-1694160071150
INFO: 2024/03/15 13:36:18 SENDERBIC: CAMZPHM2XXX
INFO: 2024/03/15 13:36:18 SENDERNAME: Quinta Ben
INFO: 2024/03/15 13:36:18 SENDERACCOUNT: 1030000013856053
INFO: 2024/03/15 13:36:18 AMOUNT: 10
INFO: 2024/03/15 13:36:18 AMOUNTCURRENCY: PHP
INFO: 2024/03/15 13:36:18 RECEIVINGBIC: SRCPPHM2XXX
INFO: 2024/03/15 13:36:18 RECEIVINGNAME: Yen
INFO: 2024/03/15 13:36:18 RECEIVINGACCOUNT: 09176296115
2024/03/15 13:36:18 
2024/03/15 13:37:39 
INFO: 2024/03/15 13:37:39                - - - - Trace_Credittransfer - - - -   
INFO: 2024/03/15 13:37:39 Unique-ID: 74ab03eaadcc35842c7280f5882f04ed
INFO: 2024/03/15 13:37:39 DECISIONDATE: 2024-03-15 13:37:39
INFO: 2024/03/15 13:37:39 RESPONSE: (Method Not Allowed - 400)
INFO: 2024/03/15 13:37:39 INSTRUCTION_ID: 
INFO: 2024/03/15 13:37:39 TRANSACTIONTYPE: null
INFO: 2024/03/15 13:37:39 STATUS: null
INFO: 2024/03/15 13:37:39 TRACE_ALERT: TRACE_FINANCIAL_CRIME
INFO: 2024/03/15 13:37:39 TRACE_TYPE: FRAUD
INFO: 2024/03/15 13:37:39 ALERT_TYPE: null
INFO: 2024/03/15 13:37:39 REASONCODE: null
INFO: 2024/03/15 13:37:39 LOCALINSTRUMENT: null
INFO: 2024/03/15 13:37:39 REFERENCEID: null
INFO: 2024/03/15 13:37:39 SENDERBIC: null
INFO: 2024/03/15 13:37:39 SENDERNAME: null
INFO: 2024/03/15 13:37:39 SENDERACCOUNT: null
INFO: 2024/03/15 13:37:39 AMOUNT: 0
INFO: 2024/03/15 13:37:39 AMOUNTCURRENCY: null
INFO: 2024/03/15 13:37:39 RECEIVINGBIC: null
INFO: 2024/03/15 13:37:39 RECEIVINGNAME: null
INFO: 2024/03/15 13:37:39 RECEIVINGACCOUNT: null
2024/03/15 13:37:39 
2024/03/15 13:39:15 
INFO: 2024/03/15 13:39:15                - - - - Trace_Credittransfer - - - -   
INFO: 2024/03/15 13:39:15 Unique-ID: 76edcedc074cc9eedab687aa2696b52a
INFO: 2024/03/15 13:39:15 DECISIONDATE: 2024-03-15 13:39:14
INFO: 2024/03/15 13:39:15 RESPONSE: (Method Not Allowed - 400)
INFO: 2024/03/15 13:39:15 INSTRUCTION_ID: 
INFO: 2024/03/15 13:39:15 TRANSACTIONTYPE: null1
INFO: 2024/03/15 13:39:15 STATUS: null2
INFO: 2024/03/15 13:39:15 TRACE_ALERT: TRACE_FINANCIAL_CRIME
INFO: 2024/03/15 13:39:15 TRACE_TYPE: FRAUD
INFO: 2024/03/15 13:39:15 ALERT_TYPE: null14
INFO: 2024/03/15 13:39:15 REASONCODE: null3
INFO: 2024/03/15 13:39:15 LOCALINSTRUMENT: null5
INFO: 2024/03/15 13:39:15 REFERENCEID: null6
INFO: 2024/03/15 13:39:15 SENDERBIC: null7
INFO: 2024/03/15 13:39:15 SENDERNAME: null8
INFO: 2024/03/15 13:39:15 SENDERACCOUNT: null9
INFO: 2024/03/15 13:39:15 AMOUNT: 0
INFO: 2024/03/15 13:39:15 AMOUNTCURRENCY: null10
INFO: 2024/03/15 13:39:15 RECEIVINGBIC: null11
INFO: 2024/03/15 13:39:15 RECEIVINGNAME: null12
INFO: 2024/03/15 13:39:15 RECEIVINGACCOUNT: null13
2024/03/15 13:39:15 
2024/03/15 13:40:53 
INFO: 2024/03/15 13:40:53                - - - - Trace_Credittransfer - - - -   
INFO: 2024/03/15 13:40:53 Unique-IDz: 12d34e152edb78a1a82604f498bd68e5
INFO: 2024/03/15 13:40:53 DECISIONDATE: 2024-03-15 13:40:53
INFO: 2024/03/15 13:40:53 RESPONSE:  Success  
INFO: 2024/03/15 13:40:53 INSTRUCTION_ID: 20230908CAMZPHM2XXXB00000000002120
INFO: 2024/03/15 13:40:53 TRANSACTIONTYPE: SENDER
INFO: 2024/03/15 13:40:53 STATUS: SUCCESS
INFO: 2024/03/15 13:40:53 TRACE_ALERT: TRACE_FINANCIAL_CRIME
INFO: 2024/03/15 13:40:53 TRACE_TYPE: FRAUD
INFO: 2024/03/15 13:40:53 ALERT_TYPE: NETWORK_ALERT
INFO: 2024/03/15 13:40:53 FEEDBACK: ACTIONED_MULE
INFO: 2024/03/15 13:40:53 REASONCODE: NONE
INFO: 2024/03/15 13:40:53 LOCALINSTRUMENT: ICRT
INFO: 2024/03/15 13:40:53 REFERENCEID: IFT56-1694160071150
2024/03/15 13:40:53 
2024/03/15 13:40:53 
INFO: 2024/03/15 13:40:53                - - - - Trace_Credittransfer - - - -   
INFO: 2024/03/15 13:40:53 Unique-IDz: 3b3e21238bdee8043ec2d3f41722da2f
INFO: 2024/03/15 13:40:53 DECISIONDATE: 2024-03-15 13:40:53
INFO: 2024/03/15 13:40:53 RESPONSE:  Success  
INFO: 2024/03/15 13:40:53 INSTRUCTION_ID: 20230908CAMZPHM2XXXB00000000002120
INFO: 2024/03/15 13:40:53 TRANSACTIONTYPE: SENDER
INFO: 2024/03/15 13:40:53 STATUS: SUCCESS
INFO: 2024/03/15 13:40:53 TRACE_ALERT: TRACE_FINANCIAL_CRIME
INFO: 2024/03/15 13:40:53 TRACE_TYPE: FRAUD
INFO: 2024/03/15 13:40:53 ALERT_TYPE: NETWORK_ALERT
INFO: 2024/03/15 13:40:53 FEEDBACK: ACTIONED_MULE
INFO: 2024/03/15 13:40:53 REASONCODE: NONE
INFO: 2024/03/15 13:40:53 LOCALINSTRUMENT: ICRT
INFO: 2024/03/15 13:40:53 REFERENCEID: IFT56-1694160071150
2024/03/15 13:40:53 
2024/03/15 13:40:54 
INFO: 2024/03/15 13:40:54                - - - - Trace_Credittransfer - - - -   
INFO: 2024/03/15 13:40:54 Unique-IDz: 74ab03eaadcc35842c7280f5882f04ed
INFO: 2024/03/15 13:40:54 DECISIONDATE: 2024-03-15 13:40:53
INFO: 2024/03/15 13:40:54 RESPONSE:  Success  
INFO: 2024/03/15 13:40:54 INSTRUCTION_ID: 
INFO: 2024/03/15 13:40:54 TRANSACTIONTYPE: null
INFO: 2024/03/15 13:40:54 STATUS: null
INFO: 2024/03/15 13:40:54 TRACE_ALERT: TRACE_FINANCIAL_CRIME
INFO: 2024/03/15 13:40:54 TRACE_TYPE: FRAUD
INFO: 2024/03/15 13:40:54 ALERT_TYPE: null
INFO: 2024/03/15 13:40:54 FEEDBACK: ACTIONED_MULE
INFO: 2024/03/15 13:40:54 REASONCODE: null
INFO: 2024/03/15 13:40:54 LOCALINSTRUMENT: null
INFO: 2024/03/15 13:40:54 REFERENCEID: null
2024/03/15 13:40:54 
2024/03/15 13:40:54 
INFO: 2024/03/15 13:40:54                - - - - Trace_Credittransfer - - - -   
INFO: 2024/03/15 13:40:54 Unique-IDz: 76edcedc074cc9eedab687aa2696b52a
INFO: 2024/03/15 13:40:54 DECISIONDATE: 2024-03-15 13:40:53
INFO: 2024/03/15 13:40:54 RESPONSE:  Success  
INFO: 2024/03/15 13:40:54 INSTRUCTION_ID: 
INFO: 2024/03/15 13:40:54 TRANSACTIONTYPE: null1
INFO: 2024/03/15 13:40:54 STATUS: null2
INFO: 2024/03/15 13:40:54 TRACE_ALERT: TRACE_FINANCIAL_CRIME
INFO: 2024/03/15 13:40:54 TRACE_TYPE: FRAUD
INFO: 2024/03/15 13:40:54 ALERT_TYPE: null14
INFO: 2024/03/15 13:40:54 FEEDBACK: ACTIONED_MULE
INFO: 2024/03/15 13:40:54 REASONCODE: null3
INFO: 2024/03/15 13:40:54 LOCALINSTRUMENT: null5
INFO: 2024/03/15 13:40:54 REFERENCEID: null6
2024/03/15 13:40:54 
2024/03/15 13:43:00 
INFO: 2024/03/15 13:43:00                - - - - Trace_Credittransfer - - - -   
INFO: 2024/03/15 13:43:00 Unique-IDz: 12d34e152edb78a1a82604f498bd68e5
INFO: 2024/03/15 13:43:00 DECISIONDATE: 2024-03-15 13:43:00
INFO: 2024/03/15 13:43:00 RESPONSE:  Success  
INFO: 2024/03/15 13:43:00 INSTRUCTION_ID: 20230908CAMZPHM2XXXB00000000002120
INFO: 2024/03/15 13:43:00 TRANSACTIONTYPE: SENDER
INFO: 2024/03/15 13:43:00 STATUS: SUCCESS
INFO: 2024/03/15 13:43:00 TRACE_ALERT: TRACE_FINANCIAL_CRIME
INFO: 2024/03/15 13:43:00 TRACE_TYPE: FRAUD
INFO: 2024/03/15 13:43:00 ALERT_TYPE: NETWORK_ALERT
INFO: 2024/03/15 13:43:00 FEEDBACK: ACTIONED_MULE
INFO: 2024/03/15 13:43:00 REASONCODE: NONE
INFO: 2024/03/15 13:43:00 LOCALINSTRUMENT: ICRT
INFO: 2024/03/15 13:43:00 REFERENCEID: IFT56-1694160071150
2024/03/15 13:43:00 
2024/03/15 13:43:00 
INFO: 2024/03/15 13:43:00                - - - - Trace_Credittransfer - - - -   
INFO: 2024/03/15 13:43:00 Unique-IDz: 3b3e21238bdee8043ec2d3f41722da2f
INFO: 2024/03/15 13:43:00 DECISIONDATE: 2024-03-15 13:43:00
INFO: 2024/03/15 13:43:00 RESPONSE:  Success  
INFO: 2024/03/15 13:43:00 INSTRUCTION_ID: 20230908CAMZPHM2XXXB00000000002120
INFO: 2024/03/15 13:43:00 TRANSACTIONTYPE: SENDER
INFO: 2024/03/15 13:43:00 STATUS: SUCCESS
INFO: 2024/03/15 13:43:00 TRACE_ALERT: TRACE_FINANCIAL_CRIME
INFO: 2024/03/15 13:43:00 TRACE_TYPE: FRAUD
INFO: 2024/03/15 13:43:00 ALERT_TYPE: NETWORK_ALERT
INFO: 2024/03/15 13:43:00 FEEDBACK: ACTIONED_MULE
INFO: 2024/03/15 13:43:00 REASONCODE: NONE
INFO: 2024/03/15 13:43:00 LOCALINSTRUMENT: ICRT
INFO: 2024/03/15 13:43:00 REFERENCEID: IFT56-1694160071150
2024/03/15 13:43:00 
2024/03/15 13:43:00 
INFO: 2024/03/15 13:43:00                - - - - Trace_Credittransfer - - - -   
INFO: 2024/03/15 13:43:00 Unique-IDz: 74ab03eaadcc35842c7280f5882f04ed
INFO: 2024/03/15 13:43:00 DECISIONDATE: 2024-03-15 13:43:00
INFO: 2024/03/15 13:43:00 RESPONSE:  Success  
INFO: 2024/03/15 13:43:00 INSTRUCTION_ID: 
INFO: 2024/03/15 13:43:00 TRANSACTIONTYPE: null
INFO: 2024/03/15 13:43:00 STATUS: null
INFO: 2024/03/15 13:43:00 TRACE_ALERT: TRACE_FINANCIAL_CRIME
INFO: 2024/03/15 13:43:00 TRACE_TYPE: FRAUD
INFO: 2024/03/15 13:43:00 ALERT_TYPE: null
INFO: 2024/03/15 13:43:00 FEEDBACK: ACTIONED_MULE
INFO: 2024/03/15 13:43:00 REASONCODE: null
INFO: 2024/03/15 13:43:00 LOCALINSTRUMENT: null
INFO: 2024/03/15 13:43:00 REFERENCEID: null
2024/03/15 13:43:00 
2024/03/15 13:43:00 
INFO: 2024/03/15 13:43:00                - - - - Trace_Credittransfer - - - -   
INFO: 2024/03/15 13:43:00 Unique-IDz: 76edcedc074cc9eedab687aa2696b52a
INFO: 2024/03/15 13:43:00 DECISIONDATE: 2024-03-15 13:43:00
INFO: 2024/03/15 13:43:00 RESPONSE:  Success  
INFO: 2024/03/15 13:43:00 INSTRUCTION_ID: 
INFO: 2024/03/15 13:43:00 TRANSACTIONTYPE: null1
INFO: 2024/03/15 13:43:00 STATUS: null2
INFO: 2024/03/15 13:43:00 TRACE_ALERT: TRACE_FINANCIAL_CRIME
INFO: 2024/03/15 13:43:00 TRACE_TYPE: FRAUD
INFO: 2024/03/15 13:43:00 ALERT_TYPE: null14
INFO: 2024/03/15 13:43:00 FEEDBACK: ACTIONED_MULE
INFO: 2024/03/15 13:43:00 REASONCODE: null3
INFO: 2024/03/15 13:43:00 LOCALINSTRUMENT: null5
INFO: 2024/03/15 13:43:00 REFERENCEID: null6
2024/03/15 13:43:00 
2024/03/15 13:43:49 
INFO: 2024/03/15 13:43:49                - - - - Trace_Credittransfer - - - -   
INFO: 2024/03/15 13:43:49 Unique-IDz: 12d34e152edb78a1a82604f498bd68e5
INFO: 2024/03/15 13:43:49 DECISIONDATE: 2024-03-15 13:43:48
INFO: 2024/03/15 13:43:49 RESPONSE:  Success  
INFO: 2024/03/15 13:43:49 INSTRUCTION_ID: 20230908CAMZPHM2XXXB00000000002120
INFO: 2024/03/15 13:43:49 TRANSACTIONTYPE: SENDER
INFO: 2024/03/15 13:43:49 STATUS: SUCCESS
INFO: 2024/03/15 13:43:49 TRACE_ALERT: TRACE_FINANCIAL_CRIME
INFO: 2024/03/15 13:43:49 TRACE_TYPE: FRAUD
INFO: 2024/03/15 13:43:49 ALERT_TYPE: NETWORK_ALERT
INFO: 2024/03/15 13:43:49 FEEDBACK: ACTIONED_MULE
INFO: 2024/03/15 13:43:49 REASONCODE: NONE
INFO: 2024/03/15 13:43:49 LOCALINSTRUMENT: ICRT
INFO: 2024/03/15 13:43:49 REFERENCEID: IFT56-1694160071150
2024/03/15 13:43:49 
2024/03/15 13:43:49 
INFO: 2024/03/15 13:43:49                - - - - Trace_Credittransfer - - - -   
INFO: 2024/03/15 13:43:49 Unique-IDz: 3b3e21238bdee8043ec2d3f41722da2f
INFO: 2024/03/15 13:43:49 DECISIONDATE: 2024-03-15 13:43:48
INFO: 2024/03/15 13:43:49 RESPONSE:  Success  
INFO: 2024/03/15 13:43:49 INSTRUCTION_ID: 20230908CAMZPHM2XXXB00000000002120
INFO: 2024/03/15 13:43:49 TRANSACTIONTYPE: SENDER
INFO: 2024/03/15 13:43:49 STATUS: SUCCESS
INFO: 2024/03/15 13:43:49 TRACE_ALERT: TRACE_FINANCIAL_CRIME
INFO: 2024/03/15 13:43:49 TRACE_TYPE: FRAUD
INFO: 2024/03/15 13:43:49 ALERT_TYPE: NETWORK_ALERT
INFO: 2024/03/15 13:43:49 FEEDBACK: ACTIONED_MULE
INFO: 2024/03/15 13:43:49 REASONCODE: NONE
INFO: 2024/03/15 13:43:49 LOCALINSTRUMENT: ICRT
INFO: 2024/03/15 13:43:49 REFERENCEID: IFT56-1694160071150
2024/03/15 13:43:49 
2024/03/15 13:43:49 
INFO: 2024/03/15 13:43:49                - - - - Trace_Credittransfer - - - -   
INFO: 2024/03/15 13:43:49 Unique-IDz: 74ab03eaadcc35842c7280f5882f04ed
INFO: 2024/03/15 13:43:49 DECISIONDATE: 2024-03-15 13:43:48
INFO: 2024/03/15 13:43:49 RESPONSE:  Success  
INFO: 2024/03/15 13:43:49 INSTRUCTION_ID: 
INFO: 2024/03/15 13:43:49 TRANSACTIONTYPE: null
INFO: 2024/03/15 13:43:49 STATUS: null
INFO: 2024/03/15 13:43:49 TRACE_ALERT: TRACE_FINANCIAL_CRIME
INFO: 2024/03/15 13:43:49 TRACE_TYPE: FRAUD
INFO: 2024/03/15 13:43:49 ALERT_TYPE: null
INFO: 2024/03/15 13:43:49 FEEDBACK: ACTIONED_MULE
INFO: 2024/03/15 13:43:49 REASONCODE: null
INFO: 2024/03/15 13:43:49 LOCALINSTRUMENT: null
INFO: 2024/03/15 13:43:49 REFERENCEID: null
2024/03/15 13:43:49 
2024/03/15 13:43:49 
INFO: 2024/03/15 13:43:49                - - - - Trace_Credittransfer - - - -   
INFO: 2024/03/15 13:43:49 Unique-IDz: 76edcedc074cc9eedab687aa2696b52a
INFO: 2024/03/15 13:43:49 DECISIONDATE: 2024-03-15 13:43:48
INFO: 2024/03/15 13:43:49 RESPONSE:  Success  
INFO: 2024/03/15 13:43:49 INSTRUCTION_ID: 
INFO: 2024/03/15 13:43:49 TRANSACTIONTYPE: null1
INFO: 2024/03/15 13:43:49 STATUS: null2
INFO: 2024/03/15 13:43:49 TRACE_ALERT: TRACE_FINANCIAL_CRIME
INFO: 2024/03/15 13:43:49 TRACE_TYPE: FRAUD
INFO: 2024/03/15 13:43:49 ALERT_TYPE: null14
INFO: 2024/03/15 13:43:49 FEEDBACK: ACTIONED_MULE
INFO: 2024/03/15 13:43:49 REASONCODE: null3
INFO: 2024/03/15 13:43:49 LOCALINSTRUMENT: null5
INFO: 2024/03/15 13:43:49 REFERENCEID: null6
2024/03/15 13:43:49 
2024/03/15 13:43:56 
INFO: 2024/03/15 13:43:56                - - - - Trace_Credittransfer - - - -   
INFO: 2024/03/15 13:43:56 Unique-IDz: 12d34e152edb78a1a82604f498bd68e5
INFO: 2024/03/15 13:43:56 DECISIONDATE: 2024-03-15 13:43:55
INFO: 2024/03/15 13:43:56 RESPONSE:  Success  
INFO: 2024/03/15 13:43:56 INSTRUCTION_ID: 20230908CAMZPHM2XXXB00000000002120
INFO: 2024/03/15 13:43:56 TRANSACTIONTYPE: SENDER
INFO: 2024/03/15 13:43:56 STATUS: SUCCESS
INFO: 2024/03/15 13:43:56 TRACE_ALERT: TRACE_FINANCIAL_CRIME
INFO: 2024/03/15 13:43:56 TRACE_TYPE: FRAUD
INFO: 2024/03/15 13:43:56 ALERT_TYPE: NETWORK_ALERT
INFO: 2024/03/15 13:43:56 FEEDBACK: ACTIONED_MULE
INFO: 2024/03/15 13:43:56 REASONCODE: NONE
INFO: 2024/03/15 13:43:56 LOCALINSTRUMENT: ICRT
INFO: 2024/03/15 13:43:56 REFERENCEID: IFT56-1694160071150
2024/03/15 13:43:56 
2024/03/15 13:43:56 
INFO: 2024/03/15 13:43:56                - - - - Trace_Credittransfer - - - -   
INFO: 2024/03/15 13:43:56 Unique-IDz: 3b3e21238bdee8043ec2d3f41722da2f
INFO: 2024/03/15 13:43:56 DECISIONDATE: 2024-03-15 13:43:55
INFO: 2024/03/15 13:43:56 RESPONSE:  Success  
INFO: 2024/03/15 13:43:56 INSTRUCTION_ID: 20230908CAMZPHM2XXXB00000000002120
INFO: 2024/03/15 13:43:56 TRANSACTIONTYPE: SENDER
INFO: 2024/03/15 13:43:56 STATUS: SUCCESS
INFO: 2024/03/15 13:43:56 TRACE_ALERT: TRACE_FINANCIAL_CRIME
INFO: 2024/03/15 13:43:56 TRACE_TYPE: FRAUD
INFO: 2024/03/15 13:43:56 ALERT_TYPE: NETWORK_ALERT
INFO: 2024/03/15 13:43:56 FEEDBACK: ACTIONED_MULE
INFO: 2024/03/15 13:43:56 REASONCODE: NONE
INFO: 2024/03/15 13:43:56 LOCALINSTRUMENT: ICRT
INFO: 2024/03/15 13:43:56 REFERENCEID: IFT56-1694160071150
2024/03/15 13:43:56 
2024/03/15 13:43:56 
INFO: 2024/03/15 13:43:56                - - - - Trace_Credittransfer - - - -   
INFO: 2024/03/15 13:43:56 Unique-IDz: 74ab03eaadcc35842c7280f5882f04ed
INFO: 2024/03/15 13:43:56 DECISIONDATE: 2024-03-15 13:43:55
INFO: 2024/03/15 13:43:56 RESPONSE:  Success  
INFO: 2024/03/15 13:43:56 INSTRUCTION_ID: 
INFO: 2024/03/15 13:43:56 TRANSACTIONTYPE: null
INFO: 2024/03/15 13:43:56 STATUS: null
INFO: 2024/03/15 13:43:56 TRACE_ALERT: TRACE_FINANCIAL_CRIME
INFO: 2024/03/15 13:43:56 TRACE_TYPE: FRAUD
INFO: 2024/03/15 13:43:56 ALERT_TYPE: null
INFO: 2024/03/15 13:43:56 FEEDBACK: ACTIONED_MULE
INFO: 2024/03/15 13:43:56 REASONCODE: null
INFO: 2024/03/15 13:43:56 LOCALINSTRUMENT: null
INFO: 2024/03/15 13:43:56 REFERENCEID: null
2024/03/15 13:43:56 
2024/03/15 13:43:56 
INFO: 2024/03/15 13:43:56                - - - - Trace_Credittransfer - - - -   
INFO: 2024/03/15 13:43:56 Unique-IDz: 76edcedc074cc9eedab687aa2696b52a
INFO: 2024/03/15 13:43:56 DECISIONDATE: 2024-03-15 13:43:55
INFO: 2024/03/15 13:43:56 RESPONSE:  Success  
INFO: 2024/03/15 13:43:56 INSTRUCTION_ID: 
INFO: 2024/03/15 13:43:56 TRANSACTIONTYPE: null1
INFO: 2024/03/15 13:43:56 STATUS: null2
INFO: 2024/03/15 13:43:56 TRACE_ALERT: TRACE_FINANCIAL_CRIME
INFO: 2024/03/15 13:43:56 TRACE_TYPE: FRAUD
INFO: 2024/03/15 13:43:56 ALERT_TYPE: null14
INFO: 2024/03/15 13:43:56 FEEDBACK: ACTIONED_MULE
INFO: 2024/03/15 13:43:56 REASONCODE: null3
INFO: 2024/03/15 13:43:56 LOCALINSTRUMENT: null5
INFO: 2024/03/15 13:43:56 REFERENCEID: null6
2024/03/15 13:43:56 
2024/03/15 13:44:06 
INFO: 2024/03/15 13:44:06                - - - - Trace_Credittransfer - - - -   
INFO: 2024/03/15 13:44:06 Unique-IDz: 12d34e152edb78a1a82604f498bd68e5
INFO: 2024/03/15 13:44:06 DECISIONDATE: 2024-03-15 13:44:05
INFO: 2024/03/15 13:44:06 RESPONSE:  Success  
INFO: 2024/03/15 13:44:06 INSTRUCTION_ID: 20230908CAMZPHM2XXXB00000000002120
INFO: 2024/03/15 13:44:06 TRANSACTIONTYPE: SENDER
INFO: 2024/03/15 13:44:06 STATUS: SUCCESS
INFO: 2024/03/15 13:44:06 TRACE_ALERT: TRACE_FINANCIAL_CRIME
INFO: 2024/03/15 13:44:06 TRACE_TYPE: FRAUD
INFO: 2024/03/15 13:44:06 ALERT_TYPE: NETWORK_ALERT
INFO: 2024/03/15 13:44:06 FEEDBACK: ACTIONED_MULE
INFO: 2024/03/15 13:44:06 REASONCODE: NONE
INFO: 2024/03/15 13:44:06 LOCALINSTRUMENT: ICRT
INFO: 2024/03/15 13:44:06 REFERENCEID: IFT56-1694160071150
2024/03/15 13:44:06 
2024/03/15 13:44:06 
INFO: 2024/03/15 13:44:06                - - - - Trace_Credittransfer - - - -   
INFO: 2024/03/15 13:44:06 Unique-IDz: 3b3e21238bdee8043ec2d3f41722da2f
INFO: 2024/03/15 13:44:06 DECISIONDATE: 2024-03-15 13:44:05
INFO: 2024/03/15 13:44:06 RESPONSE:  Success  
INFO: 2024/03/15 13:44:06 INSTRUCTION_ID: 20230908CAMZPHM2XXXB00000000002120
INFO: 2024/03/15 13:44:06 TRANSACTIONTYPE: SENDER
INFO: 2024/03/15 13:44:06 STATUS: SUCCESS
INFO: 2024/03/15 13:44:06 TRACE_ALERT: TRACE_FINANCIAL_CRIME
INFO: 2024/03/15 13:44:06 TRACE_TYPE: FRAUD
INFO: 2024/03/15 13:44:06 ALERT_TYPE: NETWORK_ALERT
INFO: 2024/03/15 13:44:06 FEEDBACK: ACTIONED_MULE
INFO: 2024/03/15 13:44:06 REASONCODE: NONE
INFO: 2024/03/15 13:44:06 LOCALINSTRUMENT: ICRT
INFO: 2024/03/15 13:44:06 REFERENCEID: IFT56-1694160071150
2024/03/15 13:44:06 
2024/03/15 13:44:06 
INFO: 2024/03/15 13:44:06                - - - - Trace_Credittransfer - - - -   
INFO: 2024/03/15 13:44:06 Unique-IDz: 74ab03eaadcc35842c7280f5882f04ed
INFO: 2024/03/15 13:44:06 DECISIONDATE: 2024-03-15 13:44:05
INFO: 2024/03/15 13:44:06 RESPONSE:  Success  
INFO: 2024/03/15 13:44:06 INSTRUCTION_ID: 
INFO: 2024/03/15 13:44:06 TRANSACTIONTYPE: null
INFO: 2024/03/15 13:44:06 STATUS: null
INFO: 2024/03/15 13:44:06 TRACE_ALERT: TRACE_FINANCIAL_CRIME
INFO: 2024/03/15 13:44:06 TRACE_TYPE: FRAUD
INFO: 2024/03/15 13:44:06 ALERT_TYPE: null
INFO: 2024/03/15 13:44:06 FEEDBACK: ACTIONED_MULE
INFO: 2024/03/15 13:44:06 REASONCODE: null
INFO: 2024/03/15 13:44:06 LOCALINSTRUMENT: null
INFO: 2024/03/15 13:44:06 REFERENCEID: null
2024/03/15 13:44:06 
2024/03/15 13:44:06 
INFO: 2024/03/15 13:44:06                - - - - Trace_Credittransfer - - - -   
INFO: 2024/03/15 13:44:06 Unique-IDz: 76edcedc074cc9eedab687aa2696b52a
INFO: 2024/03/15 13:44:06 DECISIONDATE: 2024-03-15 13:44:05
INFO: 2024/03/15 13:44:06 RESPONSE:  Success  
INFO: 2024/03/15 13:44:06 INSTRUCTION_ID: 
INFO: 2024/03/15 13:44:06 TRANSACTIONTYPE: null1
INFO: 2024/03/15 13:44:06 STATUS: null2
INFO: 2024/03/15 13:44:06 TRACE_ALERT: TRACE_FINANCIAL_CRIME
INFO: 2024/03/15 13:44:06 TRACE_TYPE: FRAUD
INFO: 2024/03/15 13:44:06 ALERT_TYPE: null14
INFO: 2024/03/15 13:44:06 FEEDBACK: ACTIONED_MULE
INFO: 2024/03/15 13:44:06 REASONCODE: null3
INFO: 2024/03/15 13:44:06 LOCALINSTRUMENT: null5
INFO: 2024/03/15 13:44:06 REFERENCEID: null6
2024/03/15 13:44:06 
2024/03/15 13:44:11 
INFO: 2024/03/15 13:44:11                - - - - Trace_Credittransfer - - - -   
INFO: 2024/03/15 13:44:11 Unique-IDz: 12d34e152edb78a1a82604f498bd68e5
INFO: 2024/03/15 13:44:11 DECISIONDATE: 2024-03-15 13:44:11
INFO: 2024/03/15 13:44:11 RESPONSE:  Success  
INFO: 2024/03/15 13:44:11 INSTRUCTION_ID: 20230908CAMZPHM2XXXB00000000002120
INFO: 2024/03/15 13:44:11 TRANSACTIONTYPE: SENDER
INFO: 2024/03/15 13:44:11 STATUS: SUCCESS
INFO: 2024/03/15 13:44:11 TRACE_ALERT: TRACE_FINANCIAL_CRIME
INFO: 2024/03/15 13:44:11 TRACE_TYPE: FRAUD
INFO: 2024/03/15 13:44:11 ALERT_TYPE: NETWORK_ALERT
INFO: 2024/03/15 13:44:11 FEEDBACK: ACTIONED_MULE
INFO: 2024/03/15 13:44:11 REASONCODE: NONE
INFO: 2024/03/15 13:44:11 LOCALINSTRUMENT: ICRT
INFO: 2024/03/15 13:44:11 REFERENCEID: IFT56-1694160071150
2024/03/15 13:44:11 
2024/03/15 13:44:11 
INFO: 2024/03/15 13:44:11                - - - - Trace_Credittransfer - - - -   
INFO: 2024/03/15 13:44:11 Unique-IDz: 3b3e21238bdee8043ec2d3f41722da2f
INFO: 2024/03/15 13:44:11 DECISIONDATE: 2024-03-15 13:44:11
INFO: 2024/03/15 13:44:11 RESPONSE:  Success  
INFO: 2024/03/15 13:44:11 INSTRUCTION_ID: 20230908CAMZPHM2XXXB00000000002120
INFO: 2024/03/15 13:44:11 TRANSACTIONTYPE: SENDER
INFO: 2024/03/15 13:44:11 STATUS: SUCCESS
INFO: 2024/03/15 13:44:11 TRACE_ALERT: TRACE_FINANCIAL_CRIME
INFO: 2024/03/15 13:44:11 TRACE_TYPE: FRAUD
INFO: 2024/03/15 13:44:11 ALERT_TYPE: NETWORK_ALERT
INFO: 2024/03/15 13:44:11 FEEDBACK: ACTIONED_MULE
INFO: 2024/03/15 13:44:11 REASONCODE: NONE
INFO: 2024/03/15 13:44:11 LOCALINSTRUMENT: ICRT
INFO: 2024/03/15 13:44:11 REFERENCEID: IFT56-1694160071150
2024/03/15 13:44:11 
2024/03/15 13:44:11 
INFO: 2024/03/15 13:44:11                - - - - Trace_Credittransfer - - - -   
INFO: 2024/03/15 13:44:11 Unique-IDz: 74ab03eaadcc35842c7280f5882f04ed
INFO: 2024/03/15 13:44:11 DECISIONDATE: 2024-03-15 13:44:11
INFO: 2024/03/15 13:44:11 RESPONSE:  Success  
INFO: 2024/03/15 13:44:11 INSTRUCTION_ID: 
INFO: 2024/03/15 13:44:11 TRANSACTIONTYPE: null
INFO: 2024/03/15 13:44:11 STATUS: null
INFO: 2024/03/15 13:44:11 TRACE_ALERT: TRACE_FINANCIAL_CRIME
INFO: 2024/03/15 13:44:11 TRACE_TYPE: FRAUD
INFO: 2024/03/15 13:44:11 ALERT_TYPE: null
INFO: 2024/03/15 13:44:11 FEEDBACK: ACTIONED_MULE
INFO: 2024/03/15 13:44:11 REASONCODE: null
INFO: 2024/03/15 13:44:11 LOCALINSTRUMENT: null
INFO: 2024/03/15 13:44:11 REFERENCEID: null
2024/03/15 13:44:11 
2024/03/15 13:44:12 
INFO: 2024/03/15 13:44:12                - - - - Trace_Credittransfer - - - -   
INFO: 2024/03/15 13:44:12 Unique-IDz: 76edcedc074cc9eedab687aa2696b52a
INFO: 2024/03/15 13:44:12 DECISIONDATE: 2024-03-15 13:44:11
INFO: 2024/03/15 13:44:12 RESPONSE:  Success  
INFO: 2024/03/15 13:44:12 INSTRUCTION_ID: 
INFO: 2024/03/15 13:44:12 TRANSACTIONTYPE: null1
INFO: 2024/03/15 13:44:12 STATUS: null2
INFO: 2024/03/15 13:44:12 TRACE_ALERT: TRACE_FINANCIAL_CRIME
INFO: 2024/03/15 13:44:12 TRACE_TYPE: FRAUD
INFO: 2024/03/15 13:44:12 ALERT_TYPE: null14
INFO: 2024/03/15 13:44:12 FEEDBACK: ACTIONED_MULE
INFO: 2024/03/15 13:44:12 REASONCODE: null3
INFO: 2024/03/15 13:44:12 LOCALINSTRUMENT: null5
INFO: 2024/03/15 13:44:12 REFERENCEID: null6
2024/03/15 13:44:12 
2024/03/15 13:44:15 
INFO: 2024/03/15 13:44:15                - - - - Trace_Credittransfer - - - -   
INFO: 2024/03/15 13:44:15 Unique-IDz: 12d34e152edb78a1a82604f498bd68e5
INFO: 2024/03/15 13:44:15 DECISIONDATE: 2024-03-15 13:44:15
INFO: 2024/03/15 13:44:15 RESPONSE:  Success  
INFO: 2024/03/15 13:44:15 INSTRUCTION_ID: 20230908CAMZPHM2XXXB00000000002120
INFO: 2024/03/15 13:44:15 TRANSACTIONTYPE: SENDER
INFO: 2024/03/15 13:44:15 STATUS: SUCCESS
INFO: 2024/03/15 13:44:15 TRACE_ALERT: TRACE_FINANCIAL_CRIME
INFO: 2024/03/15 13:44:15 TRACE_TYPE: FRAUD
INFO: 2024/03/15 13:44:15 ALERT_TYPE: NETWORK_ALERT
INFO: 2024/03/15 13:44:15 FEEDBACK: ACTIONED_MULE
INFO: 2024/03/15 13:44:15 REASONCODE: NONE
INFO: 2024/03/15 13:44:15 LOCALINSTRUMENT: ICRT
INFO: 2024/03/15 13:44:15 REFERENCEID: IFT56-1694160071150
2024/03/15 13:44:15 
2024/03/15 13:44:15 
INFO: 2024/03/15 13:44:15                - - - - Trace_Credittransfer - - - -   
INFO: 2024/03/15 13:44:15 Unique-IDz: 3b3e21238bdee8043ec2d3f41722da2f
INFO: 2024/03/15 13:44:15 DECISIONDATE: 2024-03-15 13:44:15
INFO: 2024/03/15 13:44:15 RESPONSE:  Success  
INFO: 2024/03/15 13:44:15 INSTRUCTION_ID: 20230908CAMZPHM2XXXB00000000002120
INFO: 2024/03/15 13:44:15 TRANSACTIONTYPE: SENDER
INFO: 2024/03/15 13:44:15 STATUS: SUCCESS
INFO: 2024/03/15 13:44:15 TRACE_ALERT: TRACE_FINANCIAL_CRIME
INFO: 2024/03/15 13:44:15 TRACE_TYPE: FRAUD
INFO: 2024/03/15 13:44:15 ALERT_TYPE: NETWORK_ALERT
INFO: 2024/03/15 13:44:15 FEEDBACK: ACTIONED_MULE
INFO: 2024/03/15 13:44:15 REASONCODE: NONE
INFO: 2024/03/15 13:44:15 LOCALINSTRUMENT: ICRT
INFO: 2024/03/15 13:44:15 REFERENCEID: IFT56-1694160071150
2024/03/15 13:44:15 
2024/03/15 13:44:16 
INFO: 2024/03/15 13:44:16                - - - - Trace_Credittransfer - - - -   
INFO: 2024/03/15 13:44:16 Unique-IDz: 74ab03eaadcc35842c7280f5882f04ed
INFO: 2024/03/15 13:44:16 DECISIONDATE: 2024-03-15 13:44:15
INFO: 2024/03/15 13:44:16 RESPONSE:  Success  
INFO: 2024/03/15 13:44:16 INSTRUCTION_ID: 
INFO: 2024/03/15 13:44:16 TRANSACTIONTYPE: null
INFO: 2024/03/15 13:44:16 STATUS: null
INFO: 2024/03/15 13:44:16 TRACE_ALERT: TRACE_FINANCIAL_CRIME
INFO: 2024/03/15 13:44:16 TRACE_TYPE: FRAUD
INFO: 2024/03/15 13:44:16 ALERT_TYPE: null
INFO: 2024/03/15 13:44:16 FEEDBACK: ACTIONED_MULE
INFO: 2024/03/15 13:44:16 REASONCODE: null
INFO: 2024/03/15 13:44:16 LOCALINSTRUMENT: null
INFO: 2024/03/15 13:44:16 REFERENCEID: null
2024/03/15 13:44:16 
2024/03/15 13:44:16 
INFO: 2024/03/15 13:44:16                - - - - Trace_Credittransfer - - - -   
INFO: 2024/03/15 13:44:16 Unique-IDz: 76edcedc074cc9eedab687aa2696b52a
INFO: 2024/03/15 13:44:16 DECISIONDATE: 2024-03-15 13:44:15
INFO: 2024/03/15 13:44:16 RESPONSE:  Success  
INFO: 2024/03/15 13:44:16 INSTRUCTION_ID: 
INFO: 2024/03/15 13:44:16 TRANSACTIONTYPE: null1
INFO: 2024/03/15 13:44:16 STATUS: null2
INFO: 2024/03/15 13:44:16 TRACE_ALERT: TRACE_FINANCIAL_CRIME
INFO: 2024/03/15 13:44:16 TRACE_TYPE: FRAUD
INFO: 2024/03/15 13:44:16 ALERT_TYPE: null14
INFO: 2024/03/15 13:44:16 FEEDBACK: ACTIONED_MULE
INFO: 2024/03/15 13:44:16 REASONCODE: null3
INFO: 2024/03/15 13:44:16 LOCALINSTRUMENT: null5
INFO: 2024/03/15 13:44:16 REFERENCEID: null6
2024/03/15 13:44:16 
2024/03/15 13:44:23 
INFO: 2024/03/15 13:44:23                - - - - Trace_Credittransfer - - - -   
INFO: 2024/03/15 13:44:23 Unique-IDz: 12d34e152edb78a1a82604f498bd68e5
INFO: 2024/03/15 13:44:23 DECISIONDATE: 2024-03-15 13:44:23
INFO: 2024/03/15 13:44:23 RESPONSE:  Success  
INFO: 2024/03/15 13:44:23 INSTRUCTION_ID: 20230908CAMZPHM2XXXB00000000002120
INFO: 2024/03/15 13:44:23 TRANSACTIONTYPE: SENDER
INFO: 2024/03/15 13:44:23 STATUS: SUCCESS
INFO: 2024/03/15 13:44:23 TRACE_ALERT: TRACE_FINANCIAL_CRIME
INFO: 2024/03/15 13:44:23 TRACE_TYPE: FRAUD
INFO: 2024/03/15 13:44:23 ALERT_TYPE: NETWORK_ALERT
INFO: 2024/03/15 13:44:23 FEEDBACK: ACTIONED_MULE
INFO: 2024/03/15 13:44:23 REASONCODE: NONE
INFO: 2024/03/15 13:44:23 LOCALINSTRUMENT: ICRT
INFO: 2024/03/15 13:44:23 REFERENCEID: IFT56-1694160071150
2024/03/15 13:44:23 
2024/03/15 13:44:23 
INFO: 2024/03/15 13:44:23                - - - - Trace_Credittransfer - - - -   
INFO: 2024/03/15 13:44:23 Unique-IDz: 3b3e21238bdee8043ec2d3f41722da2f
INFO: 2024/03/15 13:44:23 DECISIONDATE: 2024-03-15 13:44:23
INFO: 2024/03/15 13:44:23 RESPONSE:  Success  
INFO: 2024/03/15 13:44:23 INSTRUCTION_ID: 20230908CAMZPHM2XXXB00000000002120
INFO: 2024/03/15 13:44:23 TRANSACTIONTYPE: SENDER
INFO: 2024/03/15 13:44:23 STATUS: SUCCESS
INFO: 2024/03/15 13:44:23 TRACE_ALERT: TRACE_FINANCIAL_CRIME
INFO: 2024/03/15 13:44:23 TRACE_TYPE: FRAUD
INFO: 2024/03/15 13:44:23 ALERT_TYPE: NETWORK_ALERT
INFO: 2024/03/15 13:44:23 FEEDBACK: ACTIONED_MULE
INFO: 2024/03/15 13:44:23 REASONCODE: NONE
INFO: 2024/03/15 13:44:23 LOCALINSTRUMENT: ICRT
INFO: 2024/03/15 13:44:23 REFERENCEID: IFT56-1694160071150
2024/03/15 13:44:23 
2024/03/15 13:44:23 
INFO: 2024/03/15 13:44:23                - - - - Trace_Credittransfer - - - -   
INFO: 2024/03/15 13:44:23 Unique-IDz: 74ab03eaadcc35842c7280f5882f04ed
INFO: 2024/03/15 13:44:23 DECISIONDATE: 2024-03-15 13:44:23
INFO: 2024/03/15 13:44:23 RESPONSE:  Success  
INFO: 2024/03/15 13:44:23 INSTRUCTION_ID: 
INFO: 2024/03/15 13:44:23 TRANSACTIONTYPE: null
INFO: 2024/03/15 13:44:23 STATUS: null
INFO: 2024/03/15 13:44:23 TRACE_ALERT: TRACE_FINANCIAL_CRIME
INFO: 2024/03/15 13:44:23 TRACE_TYPE: FRAUD
INFO: 2024/03/15 13:44:23 ALERT_TYPE: null
INFO: 2024/03/15 13:44:23 FEEDBACK: ACTIONED_MULE
INFO: 2024/03/15 13:44:23 REASONCODE: null
INFO: 2024/03/15 13:44:23 LOCALINSTRUMENT: null
INFO: 2024/03/15 13:44:23 REFERENCEID: null
2024/03/15 13:44:23 
2024/03/15 13:44:24 
INFO: 2024/03/15 13:44:24                - - - - Trace_Credittransfer - - - -   
INFO: 2024/03/15 13:44:24 Unique-IDz: 76edcedc074cc9eedab687aa2696b52a
INFO: 2024/03/15 13:44:24 DECISIONDATE: 2024-03-15 13:44:23
INFO: 2024/03/15 13:44:24 RESPONSE:  Success  
INFO: 2024/03/15 13:44:24 INSTRUCTION_ID: 
INFO: 2024/03/15 13:44:24 TRANSACTIONTYPE: null1
INFO: 2024/03/15 13:44:24 STATUS: null2
INFO: 2024/03/15 13:44:24 TRACE_ALERT: TRACE_FINANCIAL_CRIME
INFO: 2024/03/15 13:44:24 TRACE_TYPE: FRAUD
INFO: 2024/03/15 13:44:24 ALERT_TYPE: null14
INFO: 2024/03/15 13:44:24 FEEDBACK: ACTIONED_MULE
INFO: 2024/03/15 13:44:24 REASONCODE: null3
INFO: 2024/03/15 13:44:24 LOCALINSTRUMENT: null5
INFO: 2024/03/15 13:44:24 REFERENCEID: null6
2024/03/15 13:44:24 
2024/03/15 13:44:46 
INFO: 2024/03/15 13:44:46                - - - - Trace_Credittransfer - - - -   
INFO: 2024/03/15 13:44:46 Unique-IDz: 12d34e152edb78a1a82604f498bd68e5
INFO: 2024/03/15 13:44:46 DECISIONDATE: 2024-03-15 13:44:45
INFO: 2024/03/15 13:44:46 RESPONSE:  Success  
INFO: 2024/03/15 13:44:46 INSTRUCTION_ID: 20230908CAMZPHM2XXXB00000000002120
INFO: 2024/03/15 13:44:46 TRANSACTIONTYPE: SENDER
INFO: 2024/03/15 13:44:46 STATUS: SUCCESS
INFO: 2024/03/15 13:44:46 TRACE_ALERT: TRACE_FINANCIAL_CRIME
INFO: 2024/03/15 13:44:46 TRACE_TYPE: FRAUD
INFO: 2024/03/15 13:44:46 ALERT_TYPE: NETWORK_ALERT
INFO: 2024/03/15 13:44:46 FEEDBACK: ACTIONED_MULE
INFO: 2024/03/15 13:44:46 REASONCODE: NONE
INFO: 2024/03/15 13:44:46 LOCALINSTRUMENT: ICRT
INFO: 2024/03/15 13:44:46 REFERENCEID: IFT56-1694160071150
2024/03/15 13:44:46 
2024/03/15 13:44:46 
INFO: 2024/03/15 13:44:46                - - - - Trace_Credittransfer - - - -   
INFO: 2024/03/15 13:44:46 Unique-IDz: 3b3e21238bdee8043ec2d3f41722da2f
INFO: 2024/03/15 13:44:46 DECISIONDATE: 2024-03-15 13:44:45
INFO: 2024/03/15 13:44:46 RESPONSE:  Success  
INFO: 2024/03/15 13:44:46 INSTRUCTION_ID: 20230908CAMZPHM2XXXB00000000002120
INFO: 2024/03/15 13:44:46 TRANSACTIONTYPE: SENDER
INFO: 2024/03/15 13:44:46 STATUS: SUCCESS
INFO: 2024/03/15 13:44:46 TRACE_ALERT: TRACE_FINANCIAL_CRIME
INFO: 2024/03/15 13:44:46 TRACE_TYPE: FRAUD
INFO: 2024/03/15 13:44:46 ALERT_TYPE: NETWORK_ALERT
INFO: 2024/03/15 13:44:46 FEEDBACK: ACTIONED_MULE
INFO: 2024/03/15 13:44:46 REASONCODE: NONE
INFO: 2024/03/15 13:44:46 LOCALINSTRUMENT: ICRT
INFO: 2024/03/15 13:44:46 REFERENCEID: IFT56-1694160071150
2024/03/15 13:44:46 
2024/03/15 13:44:46 
INFO: 2024/03/15 13:44:46                - - - - Trace_Credittransfer - - - -   
INFO: 2024/03/15 13:44:46 Unique-IDz: 74ab03eaadcc35842c7280f5882f04ed
INFO: 2024/03/15 13:44:46 DECISIONDATE: 2024-03-15 13:44:45
INFO: 2024/03/15 13:44:46 RESPONSE:  Success  
INFO: 2024/03/15 13:44:46 INSTRUCTION_ID: 
INFO: 2024/03/15 13:44:46 TRANSACTIONTYPE: null
INFO: 2024/03/15 13:44:46 STATUS: null
INFO: 2024/03/15 13:44:46 TRACE_ALERT: TRACE_FINANCIAL_CRIME
INFO: 2024/03/15 13:44:46 TRACE_TYPE: FRAUD
INFO: 2024/03/15 13:44:46 ALERT_TYPE: null
INFO: 2024/03/15 13:44:46 FEEDBACK: ACTIONED_MULE
INFO: 2024/03/15 13:44:46 REASONCODE: null
INFO: 2024/03/15 13:44:46 LOCALINSTRUMENT: null
INFO: 2024/03/15 13:44:46 REFERENCEID: null
2024/03/15 13:44:46 
2024/03/15 13:44:46 
INFO: 2024/03/15 13:44:46                - - - - Trace_Credittransfer - - - -   
INFO: 2024/03/15 13:44:46 Unique-IDz: 76edcedc074cc9eedab687aa2696b52a
INFO: 2024/03/15 13:44:46 DECISIONDATE: 2024-03-15 13:44:45
INFO: 2024/03/15 13:44:46 RESPONSE:  Success  
INFO: 2024/03/15 13:44:46 INSTRUCTION_ID: 
INFO: 2024/03/15 13:44:46 TRANSACTIONTYPE: null1
INFO: 2024/03/15 13:44:46 STATUS: null2
INFO: 2024/03/15 13:44:46 TRACE_ALERT: TRACE_FINANCIAL_CRIME
INFO: 2024/03/15 13:44:46 TRACE_TYPE: FRAUD
INFO: 2024/03/15 13:44:46 ALERT_TYPE: null14
INFO: 2024/03/15 13:44:46 FEEDBACK: ACTIONED_MULE
INFO: 2024/03/15 13:44:46 REASONCODE: null3
INFO: 2024/03/15 13:44:46 LOCALINSTRUMENT: null5
INFO: 2024/03/15 13:44:46 REFERENCEID: null6
2024/03/15 13:44:46 
2024/03/15 13:46:58 
INFO: 2024/03/15 13:46:58                - - - - Trace_Credittransfer - - - -   
INFO: 2024/03/15 13:46:58 Unique-IDz: 3b3e21238bdee8043ec2d3f41722da2f
INFO: 2024/03/15 13:46:58 DECISIONDATE: 2024-03-15 13:46:58
INFO: 2024/03/15 13:46:58 RESPONSE:  Success  
INFO: 2024/03/15 13:46:58 INSTRUCTION_ID: 20230908CAMZPHM2XXXB00000000002120
INFO: 2024/03/15 13:46:58 TRANSACTIONTYPE: SENDER
INFO: 2024/03/15 13:46:58 STATUS: SUCCESS
INFO: 2024/03/15 13:46:58 TRACE_ALERT: TRACE_FINANCIAL_CRIME
INFO: 2024/03/15 13:46:58 TRACE_TYPE: FRAUD
INFO: 2024/03/15 13:46:58 ALERT_TYPE: NETWORK_ALERT
INFO: 2024/03/15 13:46:58 FEEDBACK: ACTIONED_MULE
INFO: 2024/03/15 13:46:58 REASONCODE: NONE
INFO: 2024/03/15 13:46:58 LOCALINSTRUMENT: ICRT
INFO: 2024/03/15 13:46:58 REFERENCEID: IFT56-1694160071150
2024/03/15 13:46:58 
2024/03/15 13:47:47 
INFO: 2024/03/15 13:47:47                - - - - Trace_Credittransfer - - - -   
INFO: 2024/03/15 13:47:47 Unique-IDz: 3b3e21238bdee8043ec2d3f41722da2f
INFO: 2024/03/15 13:47:47 DECISIONDATE: 2024-03-15 13:47:47
INFO: 2024/03/15 13:47:47 RESPONSE:  Success  
INFO: 2024/03/15 13:47:47 INSTRUCTION_ID: 20230908CAMZPHM2XXXB00000000002120
INFO: 2024/03/15 13:47:47 TRANSACTIONTYPE: SENDER
INFO: 2024/03/15 13:47:47 STATUS: SUCCESS
INFO: 2024/03/15 13:47:47 TRACE_ALERT: TRACE_FINANCIAL_CRIME
INFO: 2024/03/15 13:47:47 TRACE_TYPE: FRAUD
INFO: 2024/03/15 13:47:47 ALERT_TYPE: NETWORK_ALERT
INFO: 2024/03/15 13:47:47 FEEDBACK: ACTIONED_MULE
INFO: 2024/03/15 13:47:47 REASONCODE: NONE
INFO: 2024/03/15 13:47:47 LOCALINSTRUMENT: ICRT
INFO: 2024/03/15 13:47:47 REFERENCEID: IFT56-1694160071150
2024/03/15 13:47:47 
2024/03/15 14:49:02 
INFO: 2024/03/15 14:49:02                - - - - Trace_Credittransfer - - - -   
INFO: 2024/03/15 14:49:02 Unique-ID: c34b7848475f4da1023beafdff22760d
INFO: 2024/03/15 14:49:02 DECISIONDATE: 2024-03-15 14:49:02
INFO: 2024/03/15 14:49:02 RESPONSE:  Success  
INFO: 2024/03/15 14:49:02 INSTRUCTION_ID: 20230907CAMZPHM2XXXB00000000002077
INFO: 2024/03/15 14:49:02 TRANSACTIONTYPE: SENDER
INFO: 2024/03/15 14:49:02 STATUS: FAILED
INFO: 2024/03/15 14:49:02 TRACE_ALERT: ALERT_FINANCIAL_CRIME
INFO: 2024/03/15 14:49:02 TRACE_TYPE: NONE
INFO: 2024/03/15 14:49:02 ALERT_TYPE: ACCOUNT_ALERT
INFO: 2024/03/15 14:49:02 REASONCODE: RC06
INFO: 2024/03/15 14:49:02 LOCALINSTRUMENT: ICRT
INFO: 2024/03/15 14:49:02 REFERENCEID: IFT98-1694073517221
INFO: 2024/03/15 14:49:02 SENDERBIC: CAMZPHM2XXX
INFO: 2024/03/15 14:49:02 SENDERNAME: Agnes Baquillas
INFO: 2024/03/15 14:49:02 SENDERACCOUNT: 1030000000592898
INFO: 2024/03/15 14:49:02 AMOUNT: 1
INFO: 2024/03/15 14:49:02 AMOUNTCURRENCY: PHP
INFO: 2024/03/15 14:49:02 RECEIVINGBIC: BOPIPHMMXXX
INFO: 2024/03/15 14:49:02 RECEIVINGNAME: Janeth
INFO: 2024/03/15 14:49:02 RECEIVINGACCOUNT: 00008889303825
2024/03/15 14:49:02 
