2024/03/08 14:17:44 
INFO: 2024/03/08 14:17:44                - - - - Trace_Credittransfer - - - -   
INFO: 2024/03/08 14:17:44 Unique-ID: 583f54056602310a6c7a276a9c7718f2
INFO: 2024/03/08 14:17:44 DECISIONDATE: 2024-03-08 14:17:44
INFO: 2024/03/08 14:17:44 RESPONSE:  Success  
INFO: 2024/03/08 14:17:44 INSTRUCTION_ID: 20240219CAMZPHM2XXXB00000000008668
INFO: 2024/03/08 14:17:44 TRANSACTIONTYPE: SENDING
INFO: 2024/03/08 14:17:44 STATUS: SUCCESS
INFO: 2024/03/08 14:17:44 TRACE_ALERT: MATCH_FINANCIAL_CRIME
INFO: 2024/03/08 14:17:44 TRACE_TYPE: FRAUD
INFO: 2024/03/08 14:17:44 ALERT_TYPE: TRANSACTION_ALERT
INFO: 2024/03/08 14:17:44 FEEDBACK: ACTIONED_MULE
INFO: 2024/03/08 14:17:44 REASONCODE: ACTC
INFO: 2024/03/08 14:17:44 DESCRIPTION: Transaction processed successfully
INFO: 2024/03/08 14:17:44 LOCALINSTRUMENT: ICRT
INFO: 2024/03/08 14:17:44 REFERENCEID: IFT316-2866936095982
INFO: 2024/03/08 14:17:44 SENDERBIC: CAMZPHM2XXX
INFO: 2024/03/08 14:17:44 SENDERNAME: PIA CAXANDRA SUNE ARGAÑOSA - Postman
INFO: 2024/03/08 14:17:44 SENDERACCOUNT: 1030000000155536
INFO: 2024/03/08 14:17:44 AMOUNTCURRENCY: PHP
INFO: 2024/03/08 14:17:44 SENDERAMOUNT: 105
INFO: 2024/03/08 14:17:44 RECEIVINGBIC: CBMFPHM1XXX
INFO: 2024/03/08 14:17:44 RECEIVINGNAME: George CBI Postman
INFO: 2024/03/08 14:17:44 RECEIVINGACCOUNT: 1010000002389554
2024/03/08 14:17:44 
2024/03/08 14:17:45 
INFO: 2024/03/08 14:17:45                - - - - Trace_Credittransfer - - - -   
INFO: 2024/03/08 14:17:45 Unique-ID: 583f54056602310a6c7a276a9c7718f2
INFO: 2024/03/08 14:17:45 DECISIONDATE: 2024-03-08 14:17:44
INFO: 2024/03/08 14:17:45 RESPONSE:  Success  
INFO: 2024/03/08 14:17:45 INSTRUCTION_ID: 20240219CAMZPHM2XXXB00000000008668
INFO: 2024/03/08 14:17:45 TRANSACTIONTYPE: SENDING
INFO: 2024/03/08 14:17:45 STATUS: SUCCESS
INFO: 2024/03/08 14:17:45 TRACE_ALERT: MATCH_FINANCIAL_CRIME
INFO: 2024/03/08 14:17:45 TRACE_TYPE: FRAUD
INFO: 2024/03/08 14:17:45 ALERT_TYPE: TRANSACTION_ALERT
INFO: 2024/03/08 14:17:45 FEEDBACK: ACTIONED_MULE
INFO: 2024/03/08 14:17:45 REASONCODE: ACTC
INFO: 2024/03/08 14:17:45 DESCRIPTION: Transaction processed successfully
INFO: 2024/03/08 14:17:45 LOCALINSTRUMENT: ICRT
INFO: 2024/03/08 14:17:45 REFERENCEID: IFT316-2866936095982
INFO: 2024/03/08 14:17:45 SENDERBIC: CAMZPHM2XXX
INFO: 2024/03/08 14:17:45 SENDERNAME: PIA CAXANDRA SUNE ARGAÑOSA - Postman
INFO: 2024/03/08 14:17:45 SENDERACCOUNT: 1030000000155536
INFO: 2024/03/08 14:17:45 AMOUNTCURRENCY: PHP
INFO: 2024/03/08 14:17:45 SENDERAMOUNT: 105
INFO: 2024/03/08 14:17:45 RECEIVINGBIC: CBMFPHM1XXX
INFO: 2024/03/08 14:17:45 RECEIVINGNAME: George CBI Postman
INFO: 2024/03/08 14:17:45 RECEIVINGACCOUNT: 1010000002389554
2024/03/08 14:17:45 
2024/03/08 14:17:45 
INFO: 2024/03/08 14:17:45                - - - - Trace_Credittransfer - - - -   
INFO: 2024/03/08 14:17:45 Unique-ID: 583f54056602310a6c7a276a9c7718f2
INFO: 2024/03/08 14:17:45 DECISIONDATE: 2024-03-08 14:17:44
INFO: 2024/03/08 14:17:45 RESPONSE:  Success  
INFO: 2024/03/08 14:17:45 INSTRUCTION_ID: 20240219CAMZPHM2XXXB00000000008829
INFO: 2024/03/08 14:17:45 TRANSACTIONTYPE: SENDING
INFO: 2024/03/08 14:17:45 STATUS: SUCCESS
INFO: 2024/03/08 14:17:45 TRACE_ALERT: MATCH_FINANCIAL_CRIME
INFO: 2024/03/08 14:17:45 TRACE_TYPE: FRAUD
INFO: 2024/03/08 14:17:45 ALERT_TYPE: TRANSACTION_ALERT
INFO: 2024/03/08 14:17:45 FEEDBACK: ACTIONED_MULE
INFO: 2024/03/08 14:17:45 REASONCODE: ACTC
INFO: 2024/03/08 14:17:45 DESCRIPTION: Transaction processed successfully
INFO: 2024/03/08 14:17:45 LOCALINSTRUMENT: ICRT
INFO: 2024/03/08 14:17:45 REFERENCEID: IFT677-307385779086
INFO: 2024/03/08 14:17:45 SENDERBIC: CAMZPHM2XXX
INFO: 2024/03/08 14:17:45 SENDERNAME: PIA CAXANDRA SUNE ARGAÑOSA - Postman
INFO: 2024/03/08 14:17:45 SENDERACCOUNT: 1030000000155536
INFO: 2024/03/08 14:17:45 AMOUNTCURRENCY: PHP
INFO: 2024/03/08 14:17:45 SENDERAMOUNT: 105
INFO: 2024/03/08 14:17:45 RECEIVINGBIC: CBMFPHM1XXX
INFO: 2024/03/08 14:17:45 RECEIVINGNAME: George CBI Postman
INFO: 2024/03/08 14:17:45 RECEIVINGACCOUNT: 1010000002389554
2024/03/08 14:17:45 
2024/03/08 14:17:45 
INFO: 2024/03/08 14:17:45                - - - - Trace_Credittransfer - - - -   
INFO: 2024/03/08 14:17:45 Unique-ID: 583f54056602310a6c7a276a9c7718f2
INFO: 2024/03/08 14:17:45 DECISIONDATE: 2024-03-08 14:17:44
INFO: 2024/03/08 14:17:45 RESPONSE:  Success  
INFO: 2024/03/08 14:17:45 INSTRUCTION_ID: 20240219CAMZPHM2XXXB00000000007672
INFO: 2024/03/08 14:17:45 TRANSACTIONTYPE: SENDING
INFO: 2024/03/08 14:17:45 STATUS: SUCCESS
INFO: 2024/03/08 14:17:45 TRACE_ALERT: MATCH_FINANCIAL_CRIME
INFO: 2024/03/08 14:17:45 TRACE_TYPE: FRAUD
INFO: 2024/03/08 14:17:45 ALERT_TYPE: TRANSACTION_ALERT
INFO: 2024/03/08 14:17:45 FEEDBACK: ACTIONED_MULE
INFO: 2024/03/08 14:17:45 REASONCODE: ACTC
INFO: 2024/03/08 14:17:45 DESCRIPTION: Transaction processed successfully
INFO: 2024/03/08 14:17:45 LOCALINSTRUMENT: ICRT
INFO: 2024/03/08 14:17:45 REFERENCEID: IFT303-7528620894604
INFO: 2024/03/08 14:17:45 SENDERBIC: CAMZPHM2XXX
INFO: 2024/03/08 14:17:45 SENDERNAME: PIA CAXANDRA SUNE ARGAÑOSA - Postman
INFO: 2024/03/08 14:17:45 SENDERACCOUNT: 1030000000155536
INFO: 2024/03/08 14:17:45 AMOUNTCURRENCY: PHP
INFO: 2024/03/08 14:17:45 SENDERAMOUNT: 105
INFO: 2024/03/08 14:17:45 RECEIVINGBIC: CBMFPHM1XXX
INFO: 2024/03/08 14:17:45 RECEIVINGNAME: George CBI Postman
INFO: 2024/03/08 14:17:45 RECEIVINGACCOUNT: 1010000002389554
2024/03/08 14:17:45 
2024/03/08 14:17:45 
INFO: 2024/03/08 14:17:45                - - - - Trace_Credittransfer - - - -   
INFO: 2024/03/08 14:17:45 Unique-ID: 583f54056602310a6c7a276a9c7718f2
INFO: 2024/03/08 14:17:45 DECISIONDATE: 2024-03-08 14:17:44
INFO: 2024/03/08 14:17:45 RESPONSE:  Success  
INFO: 2024/03/08 14:17:45 INSTRUCTION_ID: 20240219CAMZPHM2XXXB00000000008829
INFO: 2024/03/08 14:17:45 TRANSACTIONTYPE: RECEIVING
INFO: 2024/03/08 14:17:45 STATUS: FAILED-RJCT
INFO: 2024/03/08 14:17:45 TRACE_ALERT: MATCH_FINANCIAL_CRIME
INFO: 2024/03/08 14:17:45 TRACE_TYPE: FRAUD
INFO: 2024/03/08 14:17:45 ALERT_TYPE: TRANSACTION_ALERT
INFO: 2024/03/08 14:17:45 FEEDBACK: ACTIONED_MULE
INFO: 2024/03/08 14:17:45 REASONCODE: AC01
INFO: 2024/03/08 14:17:45 DESCRIPTION: Invalid transaction amount
INFO: 2024/03/08 14:17:45 LOCALINSTRUMENT: ICRT
INFO: 2024/03/08 14:17:45 REFERENCEID: IFT548-1316377802124
INFO: 2024/03/08 14:17:45 SENDERBIC: CAMZPHM2XXX
INFO: 2024/03/08 14:17:45 SENDERNAME: PIA CAXANDRA SUNE ARGAÑOSA - Postman
INFO: 2024/03/08 14:17:45 SENDERACCOUNT: 1030000000155536
INFO: 2024/03/08 14:17:45 AMOUNTCURRENCY: PHP
INFO: 2024/03/08 14:17:45 SENDERAMOUNT: 100
INFO: 2024/03/08 14:17:45 RECEIVINGBIC: CBMFPHM1XXX
INFO: 2024/03/08 14:17:45 RECEIVINGNAME: George CBI Postman
INFO: 2024/03/08 14:17:45 RECEIVINGACCOUNT: 1010000002389554
2024/03/08 14:17:45 
2024/03/08 14:17:45 
INFO: 2024/03/08 14:17:45                - - - - Trace_Credittransfer - - - -   
INFO: 2024/03/08 14:17:45 Unique-ID: 583f54056602310a6c7a276a9c7718f2
INFO: 2024/03/08 14:17:45 DECISIONDATE: 2024-03-08 14:17:44
INFO: 2024/03/08 14:17:45 RESPONSE:  Success  
INFO: 2024/03/08 14:17:45 INSTRUCTION_ID: 20240219CAMZPHM2XXXB00000000006985
INFO: 2024/03/08 14:17:45 TRANSACTIONTYPE: SENDING
INFO: 2024/03/08 14:17:45 STATUS: SUCCESS
INFO: 2024/03/08 14:17:45 TRACE_ALERT: MATCH_FINANCIAL_CRIME
INFO: 2024/03/08 14:17:45 TRACE_TYPE: FRAUD
INFO: 2024/03/08 14:17:45 ALERT_TYPE: TRANSACTION_ALERT
INFO: 2024/03/08 14:17:45 FEEDBACK: ACTIONED_MULE
INFO: 2024/03/08 14:17:45 REASONCODE: ACTC
INFO: 2024/03/08 14:17:45 DESCRIPTION: Transaction processed successfully
INFO: 2024/03/08 14:17:45 LOCALINSTRUMENT: ICRT
INFO: 2024/03/08 14:17:45 REFERENCEID: IFT728-4127686633927
INFO: 2024/03/08 14:17:45 SENDERBIC: CAMZPHM2XXX
INFO: 2024/03/08 14:17:45 SENDERNAME: PIA CAXANDRA SUNE ARGAÑOSA - Postman
INFO: 2024/03/08 14:17:45 SENDERACCOUNT: 1030000000155536
INFO: 2024/03/08 14:17:45 AMOUNTCURRENCY: PHP
INFO: 2024/03/08 14:17:45 SENDERAMOUNT: 109
INFO: 2024/03/08 14:17:45 RECEIVINGBIC: CBMFPHM1XXX
INFO: 2024/03/08 14:17:45 RECEIVINGNAME: George CBI Postman
INFO: 2024/03/08 14:17:45 RECEIVINGACCOUNT: 1010000002389554
2024/03/08 14:17:45 
2024/03/08 14:17:45 
INFO: 2024/03/08 14:17:45                - - - - Trace_Credittransfer - - - -   
INFO: 2024/03/08 14:17:45 Unique-ID: 583f54056602310a6c7a276a9c7718f2
INFO: 2024/03/08 14:17:45 DECISIONDATE: 2024-03-08 14:17:44
INFO: 2024/03/08 14:17:45 RESPONSE:  Success  
INFO: 2024/03/08 14:17:45 INSTRUCTION_ID: 20240219CAMZPHM2XXXB0000000000580
INFO: 2024/03/08 14:17:45 TRANSACTIONTYPE: SENDING
INFO: 2024/03/08 14:17:45 STATUS: SUCCESS
INFO: 2024/03/08 14:17:45 TRACE_ALERT: MATCH_FINANCIAL_CRIME
INFO: 2024/03/08 14:17:45 TRACE_TYPE: FRAUD
INFO: 2024/03/08 14:17:45 ALERT_TYPE: TRANSACTION_ALERT
INFO: 2024/03/08 14:17:45 FEEDBACK: ACTIONED_MULE
INFO: 2024/03/08 14:17:45 REASONCODE: ACTC
INFO: 2024/03/08 14:17:45 DESCRIPTION: Transaction processed successfully
INFO: 2024/03/08 14:17:45 LOCALINSTRUMENT: ICRT
INFO: 2024/03/08 14:17:45 REFERENCEID: IFT673-1186681441148
INFO: 2024/03/08 14:17:45 SENDERBIC: CAMZPHM2XXX
INFO: 2024/03/08 14:17:45 SENDERNAME: PIA CAXANDRA SUNE ARGAÑOSA - Postman
INFO: 2024/03/08 14:17:45 SENDERACCOUNT: 1030000000155536
INFO: 2024/03/08 14:17:45 AMOUNTCURRENCY: PHP
INFO: 2024/03/08 14:17:45 SENDERAMOUNT: 109
INFO: 2024/03/08 14:17:45 RECEIVINGBIC: CBMFPHM1XXX
INFO: 2024/03/08 14:17:45 RECEIVINGNAME: George CBI Postman
INFO: 2024/03/08 14:17:45 RECEIVINGACCOUNT: 1010000002389554
2024/03/08 14:17:45 
2024/03/08 14:17:45 
INFO: 2024/03/08 14:17:45                - - - - Trace_Credittransfer - - - -   
INFO: 2024/03/08 14:17:45 Unique-ID: 583f54056602310a6c7a276a9c7718f2
INFO: 2024/03/08 14:17:45 DECISIONDATE: 2024-03-08 14:17:44
INFO: 2024/03/08 14:17:45 RESPONSE:  Success  
INFO: 2024/03/08 14:17:45 INSTRUCTION_ID: 20240219CAMZPHM2XXXB00000000002296
INFO: 2024/03/08 14:17:45 TRANSACTIONTYPE: SENDING
INFO: 2024/03/08 14:17:45 STATUS: SUCCESS
INFO: 2024/03/08 14:17:45 TRACE_ALERT: MATCH_FINANCIAL_CRIME
INFO: 2024/03/08 14:17:45 TRACE_TYPE: FRAUD
INFO: 2024/03/08 14:17:45 ALERT_TYPE: TRANSACTION_ALERT
INFO: 2024/03/08 14:17:45 FEEDBACK: ACTIONED_MULE
INFO: 2024/03/08 14:17:45 REASONCODE: ACTC
INFO: 2024/03/08 14:17:45 DESCRIPTION: Transaction processed successfully
INFO: 2024/03/08 14:17:45 LOCALINSTRUMENT: ICRT
INFO: 2024/03/08 14:17:45 REFERENCEID: IFT782-2536371102244
INFO: 2024/03/08 14:17:45 SENDERBIC: CAMZPHM2XXX
INFO: 2024/03/08 14:17:45 SENDERNAME: CHIENLO MEJIA
INFO: 2024/03/08 14:17:45 SENDERACCOUNT: 1030000000155536
INFO: 2024/03/08 14:17:45 AMOUNTCURRENCY: PHP
INFO: 2024/03/08 14:17:45 SENDERAMOUNT: 109
INFO: 2024/03/08 14:17:45 RECEIVINGBIC: CBMFPHM1XXX
INFO: 2024/03/08 14:17:45 RECEIVINGNAME: RICO VERGARA
INFO: 2024/03/08 14:17:45 RECEIVINGACCOUNT: 1010000002389551
2024/03/08 14:17:45 
2024/03/08 14:17:45 
INFO: 2024/03/08 14:17:45                - - - - Trace_Credittransfer - - - -   
INFO: 2024/03/08 14:17:45 Unique-ID: 583f54056602310a6c7a276a9c7718f2
INFO: 2024/03/08 14:17:45 DECISIONDATE: 2024-03-08 14:17:44
INFO: 2024/03/08 14:17:45 RESPONSE:  Success  
INFO: 2024/03/08 14:17:45 INSTRUCTION_ID: 20240219CAMZPHM2XXXB00000000006083
INFO: 2024/03/08 14:17:45 TRANSACTIONTYPE: SENDING
INFO: 2024/03/08 14:17:45 STATUS: SUCCESS
INFO: 2024/03/08 14:17:45 TRACE_ALERT: MATCH_FINANCIAL_CRIME
INFO: 2024/03/08 14:17:45 TRACE_TYPE: FRAUD
INFO: 2024/03/08 14:17:45 ALERT_TYPE: TRANSACTION_ALERT
INFO: 2024/03/08 14:17:45 FEEDBACK: ACTIONED_MULE
INFO: 2024/03/08 14:17:45 REASONCODE: ACTC
INFO: 2024/03/08 14:17:45 DESCRIPTION: Transaction processed successfully
INFO: 2024/03/08 14:17:45 LOCALINSTRUMENT: ICRT
INFO: 2024/03/08 14:17:45 REFERENCEID: IFT155-3322596436056
INFO: 2024/03/08 14:17:45 SENDERBIC: CAMZPHM2XXX
INFO: 2024/03/08 14:17:45 SENDERNAME: PIA CAXANDRA SUNE ARGAÑOSA - Postman
INFO: 2024/03/08 14:17:45 SENDERACCOUNT: 1030000000155536
INFO: 2024/03/08 14:17:45 AMOUNTCURRENCY: PHP
INFO: 2024/03/08 14:17:45 SENDERAMOUNT: 109
INFO: 2024/03/08 14:17:45 RECEIVINGBIC: CBMFPHM1XXX
INFO: 2024/03/08 14:17:45 RECEIVINGNAME: George CBI Postman
INFO: 2024/03/08 14:17:45 RECEIVINGACCOUNT: 1010000002389554
2024/03/08 14:17:45 
2024/03/08 14:17:45 
INFO: 2024/03/08 14:17:45                - - - - Trace_Credittransfer - - - -   
INFO: 2024/03/08 14:17:45 Unique-ID: 583f54056602310a6c7a276a9c7718f2
INFO: 2024/03/08 14:17:45 DECISIONDATE: 2024-03-08 14:17:44
INFO: 2024/03/08 14:17:45 RESPONSE:  Success  
INFO: 2024/03/08 14:17:45 INSTRUCTION_ID: 20240219CAMZPHM2XXXB00000000001269
INFO: 2024/03/08 14:17:45 TRANSACTIONTYPE: SENDING
INFO: 2024/03/08 14:17:45 STATUS: SUCCESS
INFO: 2024/03/08 14:17:45 TRACE_ALERT: MATCH_FINANCIAL_CRIME
INFO: 2024/03/08 14:17:45 TRACE_TYPE: FRAUD
INFO: 2024/03/08 14:17:45 ALERT_TYPE: TRANSACTION_ALERT
INFO: 2024/03/08 14:17:45 FEEDBACK: ACTIONED_MULE
INFO: 2024/03/08 14:17:45 REASONCODE: ACTC
INFO: 2024/03/08 14:17:45 DESCRIPTION: Transaction processed successfully
INFO: 2024/03/08 14:17:45 LOCALINSTRUMENT: ICRT
INFO: 2024/03/08 14:17:45 REFERENCEID: IFT138-9663399492515
INFO: 2024/03/08 14:17:45 SENDERBIC: CAMZPHM2XXX
INFO: 2024/03/08 14:17:45 SENDERNAME: PIA CAXANDRA SUNE ARGAÑOSA - Postman
INFO: 2024/03/08 14:17:45 SENDERACCOUNT: 1030000000155536
INFO: 2024/03/08 14:17:45 AMOUNTCURRENCY: PHP
INFO: 2024/03/08 14:17:45 SENDERAMOUNT: 120
INFO: 2024/03/08 14:17:45 RECEIVINGBIC: CBMFPHM1XXX
INFO: 2024/03/08 14:17:45 RECEIVINGNAME: George CBI Postman
INFO: 2024/03/08 14:17:45 RECEIVINGACCOUNT: 1010000002389554
2024/03/08 14:17:45 
2024/03/08 14:17:45 
INFO: 2024/03/08 14:17:45                - - - - Trace_Credittransfer - - - -   
INFO: 2024/03/08 14:17:45 Unique-ID: 583f54056602310a6c7a276a9c7718f2
INFO: 2024/03/08 14:17:45 DECISIONDATE: 2024-03-08 14:17:44
INFO: 2024/03/08 14:17:45 RESPONSE:  Success  
INFO: 2024/03/08 14:17:45 INSTRUCTION_ID: 20240219CAMZPHM2XXXB00000000008879
INFO: 2024/03/08 14:17:45 TRANSACTIONTYPE: RECEIVING
INFO: 2024/03/08 14:17:45 STATUS: FAILED-RJCT
INFO: 2024/03/08 14:17:45 TRACE_ALERT: MATCH_FINANCIAL_CRIME
INFO: 2024/03/08 14:17:45 TRACE_TYPE: FRAUD
INFO: 2024/03/08 14:17:45 ALERT_TYPE: TRANSACTION_ALERT
INFO: 2024/03/08 14:17:45 FEEDBACK: ACTIONED_MULE
INFO: 2024/03/08 14:17:45 REASONCODE: AC01
INFO: 2024/03/08 14:17:45 DESCRIPTION: Invalid transaction amount
INFO: 2024/03/08 14:17:45 LOCALINSTRUMENT: ICRT
INFO: 2024/03/08 14:17:45 REFERENCEID: IFT340-5518080519685
INFO: 2024/03/08 14:17:45 SENDERBIC: CAMZPHM2XXX
INFO: 2024/03/08 14:17:45 SENDERNAME: PIA CAXANDRA SUNE ARGAÑOSA - Postman
INFO: 2024/03/08 14:17:45 SENDERACCOUNT: 1030000000155536
INFO: 2024/03/08 14:17:45 AMOUNTCURRENCY: PHP
INFO: 2024/03/08 14:17:45 SENDERAMOUNT: 90
INFO: 2024/03/08 14:17:45 RECEIVINGBIC: CBMFPHM1XXX
INFO: 2024/03/08 14:17:45 RECEIVINGNAME: George CBI Postman
INFO: 2024/03/08 14:17:45 RECEIVINGACCOUNT: 1010000002389554
2024/03/08 14:17:45 
2024/03/08 21:37:46 
INFO: 2024/03/08 21:37:46                - - - - Trace_Credittransfer - - - -   
INFO: 2024/03/08 21:37:46 Unique-ID: a57290c26c0a5b3efb523acc1b1ce99d
INFO: 2024/03/08 21:37:46 DECISIONDATE: 2024-03-08 21:37:45
INFO: 2024/03/08 21:37:46 RESPONSE:  Success  
INFO: 2024/03/08 21:37:46 INSTRUCTION_ID: 20240219CAMZPHM2XXXB00000000008170
INFO: 2024/03/08 21:37:46 TRANSACTIONTYPE: RECEIVING
INFO: 2024/03/08 21:37:46 STATUS: FAILED-RJCT
INFO: 2024/03/08 21:37:46 TRACE_ALERT: TRACE_FINANCIAL_CRIME
INFO: 2024/03/08 21:37:46 TRACE_TYPE: FRAUD
INFO: 2024/03/08 21:37:46 ALERT_TYPE: NETWORK_ALERT
INFO: 2024/03/08 21:37:46 FEEDBACK: ACTIONED_MULE
INFO: 2024/03/08 21:37:46 REASONCODE: AC01
INFO: 2024/03/08 21:37:46 DESCRIPTION: Invalid transaction amount
INFO: 2024/03/08 21:37:46 LOCALINSTRUMENT: ICRT
INFO: 2024/03/08 21:37:46 REFERENCEID: IFT25-1000636444758
INFO: 2024/03/08 21:37:46 SENDERBIC: CAMZPHM2XXX
INFO: 2024/03/08 21:37:46 SENDERNAME: PIA CAXANDRA SUNE ARGAÑOSA
INFO: 2024/03/08 21:37:46 SENDERACCOUNT: 1030000000155500
INFO: 2024/03/08 21:37:46 AMOUNTCURRENCY: PHP
INFO: 2024/03/08 21:37:46 SENDERAMOUNT: 90
INFO: 2024/03/08 21:37:46 RECEIVINGBIC: CBMFPHM1XXX
INFO: 2024/03/08 21:37:46 RECEIVINGNAME: George
INFO: 2024/03/08 21:37:46 RECEIVINGACCOUNT: 1010000002389500
2024/03/08 21:37:46 
2024/03/08 21:37:46 
INFO: 2024/03/08 21:37:46                - - - - Trace_Credittransfer - - - -   
INFO: 2024/03/08 21:37:46 Unique-ID: a57290c26c0a5b3efb523acc1b1ce99d
INFO: 2024/03/08 21:37:46 DECISIONDATE: 2024-03-08 21:37:45
INFO: 2024/03/08 21:37:46 RESPONSE:  Success  
INFO: 2024/03/08 21:37:46 INSTRUCTION_ID: 20240219CAMZPHM2XXXB00000000002973
INFO: 2024/03/08 21:37:46 TRANSACTIONTYPE: SENDING
INFO: 2024/03/08 21:37:46 STATUS: SUCCESS
INFO: 2024/03/08 21:37:46 TRACE_ALERT: TRACE_FINANCIAL_CRIME
INFO: 2024/03/08 21:37:46 TRACE_TYPE: FRAUD
INFO: 2024/03/08 21:37:46 ALERT_TYPE: NETWORK_ALERT
INFO: 2024/03/08 21:37:46 FEEDBACK: ACTIONED_MULE
INFO: 2024/03/08 21:37:46 REASONCODE: ACTC
INFO: 2024/03/08 21:37:46 DESCRIPTION: Transaction processed successfully
INFO: 2024/03/08 21:37:46 LOCALINSTRUMENT: ICRT
INFO: 2024/03/08 21:37:46 REFERENCEID: IFT328-2244791150150
INFO: 2024/03/08 21:37:46 SENDERBIC: CAMZPHM2XXX
INFO: 2024/03/08 21:37:46 SENDERNAME: PIA CAXANDRA SUNE ARGAÑOSA
INFO: 2024/03/08 21:37:46 SENDERACCOUNT: 1030000000155504
INFO: 2024/03/08 21:37:46 AMOUNTCURRENCY: PHP
INFO: 2024/03/08 21:37:46 SENDERAMOUNT: 700000
INFO: 2024/03/08 21:37:46 RECEIVINGBIC: CBMFPHM1XXX
INFO: 2024/03/08 21:37:46 RECEIVINGNAME: George
INFO: 2024/03/08 21:37:46 RECEIVINGACCOUNT: 1010000002389509
2024/03/08 21:37:46 
2024/03/08 21:37:46 
INFO: 2024/03/08 21:37:46                - - - - Trace_Credittransfer - - - -   
INFO: 2024/03/08 21:37:46 Unique-ID: a57290c26c0a5b3efb523acc1b1ce99d
INFO: 2024/03/08 21:37:46 DECISIONDATE: 2024-03-08 21:37:45
INFO: 2024/03/08 21:37:46 RESPONSE:  Success  
INFO: 2024/03/08 21:37:46 INSTRUCTION_ID: 123456789
INFO: 2024/03/08 21:37:46 TRANSACTIONTYPE: SENDING
INFO: 2024/03/08 21:37:46 STATUS: SUCCESS
INFO: 2024/03/08 21:37:46 TRACE_ALERT: TRACE_FINANCIAL_CRIME
INFO: 2024/03/08 21:37:46 TRACE_TYPE: FRAUD
INFO: 2024/03/08 21:37:46 ALERT_TYPE: NETWORK_ALERT
INFO: 2024/03/08 21:37:46 FEEDBACK: ACTIONED_MULE
INFO: 2024/03/08 21:37:46 REASONCODE: ACTC
INFO: 2024/03/08 21:37:46 DESCRIPTION: Transaction processed successfully
INFO: 2024/03/08 21:37:46 LOCALINSTRUMENT: ICRT
INFO: 2024/03/08 21:37:46 REFERENCEID: IFT642-5958271422152
INFO: 2024/03/08 21:37:46 SENDERBIC: CAMZPHM2XXX
INFO: 2024/03/08 21:37:46 SENDERNAME: PIA CAXANDRA SUNE ARGAÑOSA
INFO: 2024/03/08 21:37:46 SENDERACCOUNT: 1030000000155504
INFO: 2024/03/08 21:37:46 AMOUNTCURRENCY: PHP
INFO: 2024/03/08 21:37:46 SENDERAMOUNT: 60000
INFO: 2024/03/08 21:37:46 RECEIVINGBIC: CBMFPHM1XXX
INFO: 2024/03/08 21:37:46 RECEIVINGNAME: George
INFO: 2024/03/08 21:37:46 RECEIVINGACCOUNT: 1010000002389509
2024/03/08 21:37:46 
2024/03/08 21:37:46 
INFO: 2024/03/08 21:37:46                - - - - Trace_Credittransfer - - - -   
INFO: 2024/03/08 21:37:46 Unique-ID: a57290c26c0a5b3efb523acc1b1ce99d
INFO: 2024/03/08 21:37:46 DECISIONDATE: 2024-03-08 21:37:45
INFO: 2024/03/08 21:37:46 RESPONSE:  Success  
INFO: 2024/03/08 21:37:46 INSTRUCTION_ID: 123456789
INFO: 2024/03/08 21:37:46 TRANSACTIONTYPE: SENDING
INFO: 2024/03/08 21:37:46 STATUS: SUCCESS
INFO: 2024/03/08 21:37:46 TRACE_ALERT: TRACE_FINANCIAL_CRIME
INFO: 2024/03/08 21:37:46 TRACE_TYPE: FRAUD
INFO: 2024/03/08 21:37:46 ALERT_TYPE: NETWORK_ALERT
INFO: 2024/03/08 21:37:46 FEEDBACK: ACTIONED_MULE
INFO: 2024/03/08 21:37:46 REASONCODE: ACTC
INFO: 2024/03/08 21:37:46 DESCRIPTION: Transaction processed successfully
INFO: 2024/03/08 21:37:46 LOCALINSTRUMENT: ICRT
INFO: 2024/03/08 21:37:46 REFERENCEID: IFT642-5958271422152
INFO: 2024/03/08 21:37:46 SENDERBIC: CAMZPHM2XXX
INFO: 2024/03/08 21:37:46 SENDERNAME: PIA CAXANDRA SUNE ARGAÑOSA
INFO: 2024/03/08 21:37:46 SENDERACCOUNT: 1030000000155504
INFO: 2024/03/08 21:37:46 AMOUNTCURRENCY: PHP
INFO: 2024/03/08 21:37:46 SENDERAMOUNT: 60000
INFO: 2024/03/08 21:37:46 RECEIVINGBIC: CBMFPHM1XXX
INFO: 2024/03/08 21:37:46 RECEIVINGNAME: George
INFO: 2024/03/08 21:37:46 RECEIVINGACCOUNT: 1010000002389509
2024/03/08 21:37:46 
