2024/03/06 14:42:03 
INFO: 2024/03/06 14:42:03                - - - - Trace_Credittransfer - - - -   
INFO: 2024/03/06 14:42:03 Unique-ID: 07078c5b0a9c9798ad73c920b2ab9a45
INFO: 2024/03/06 14:42:03 DECISIONDATE: 2024-03-06 14:42:03
INFO: 2024/03/06 14:42:03 RESPONSE:  Success  
INFO: 2024/03/06 14:42:03 INSTRUCTION_ID: 20240219CAMZPHM2XXXB00000000004609
INFO: 2024/03/06 14:42:03 TRANSACTIONTYPE: RECEIVING
INFO: 2024/03/06 14:42:03 STATUS: FAILED-RJCT
INFO: 2024/03/06 14:42:03 TRACE_ALERT: ALERT_FINANCIAL_CRIME
INFO: 2024/03/06 14:42:03 TRACE_TYPE: NONE
INFO: 2024/03/06 14:42:03 ALERT_TYPE: ACCOUNT_ALERT
INFO: 2024/03/06 14:42:03 FEEDBACK: ACTIONED_MULE
INFO: 2024/03/06 14:42:03 REASONCODE: AC01
INFO: 2024/03/06 14:42:03 DESCRIPTION: Invalid transaction amount
INFO: 2024/03/06 14:42:03 LOCALINSTRUMENT: ICRT
INFO: 2024/03/06 14:42:03 REFERENCEID: IFT233-1121101550802
INFO: 2024/03/06 14:42:03 SENDERBIC: CAMZPHM2XXX
INFO: 2024/03/06 14:42:03 SENDERNAME: Rica VERGARA
INFO: 2024/03/06 14:42:03 SENDERACCOUNT: 1030000000155523
INFO: 2024/03/06 14:42:03 AMOUNTCURRENCY: PHP
INFO: 2024/03/06 14:42:03 SENDERAMOUNT: 10
INFO: 2024/03/06 14:42:03 RECEIVINGBIC: CBMFPHM1XXX
INFO: 2024/03/06 14:42:03 RECEIVINGNAME: chichi
INFO: 2024/03/06 14:42:03 RECEIVINGACCOUNT: 1010000002389510
INFO: 2024/03/06 14:42:03 =========================================================================================
2024/03/06 14:42:03 
2024/03/06 14:52:47 
INFO: 2024/03/06 14:52:47                - - - - Trace_Credittransfer - - - -   
INFO: 2024/03/06 14:52:47 Unique-ID: b3e084ecdc20470c8cecf4168adc1724
INFO: 2024/03/06 14:52:47 DECISIONDATE: 2024-03-06 14:52:47
INFO: 2024/03/06 14:52:47 RESPONSE:  Success  
INFO: 2024/03/06 14:52:47 INSTRUCTION_ID: 20240219CAMZPHM2XXXB00000000004609
INFO: 2024/03/06 14:52:47 TRANSACTIONTYPE: RECEIVING
INFO: 2024/03/06 14:52:47 STATUS: FAILED-RJCT
INFO: 2024/03/06 14:52:47 TRACE_ALERT: ALERT_FINANCIAL_CRIME
INFO: 2024/03/06 14:52:47 TRACE_TYPE: NONE
INFO: 2024/03/06 14:52:47 ALERT_TYPE: ACCOUNT_ALERT
INFO: 2024/03/06 14:52:47 FEEDBACK: Not Investigated
INFO: 2024/03/06 14:52:47 REASONCODE: AC01
INFO: 2024/03/06 14:52:47 DESCRIPTION: Invalid transaction amount
INFO: 2024/03/06 14:52:47 LOCALINSTRUMENT: ICRT
INFO: 2024/03/06 14:52:47 REFERENCEID: IFT233-1121101550802
INFO: 2024/03/06 14:52:47 SENDERBIC: CAMZPHM2XXX
INFO: 2024/03/06 14:52:47 SENDERNAME: Rica VERGARA
INFO: 2024/03/06 14:52:47 SENDERACCOUNT: 1030000000155523
INFO: 2024/03/06 14:52:47 AMOUNTCURRENCY: PHP
INFO: 2024/03/06 14:52:47 SENDERAMOUNT: 10
INFO: 2024/03/06 14:52:47 RECEIVINGBIC: CBMFPHM1XXX
INFO: 2024/03/06 14:52:47 RECEIVINGNAME: chichi
INFO: 2024/03/06 14:52:47 RECEIVINGACCOUNT: 1010000002389510
INFO: 2024/03/06 14:52:47 =========================================================================================
2024/03/06 14:52:47 
2024/03/06 14:53:30 
INFO: 2024/03/06 14:53:30                - - - - Trace_Credittransfer - - - -   
INFO: 2024/03/06 14:53:30 Unique-ID: 5fd201ace2ecb49a2f0820b657790a9f
INFO: 2024/03/06 14:53:30 DECISIONDATE: 2024-03-06 14:53:30
INFO: 2024/03/06 14:53:30 RESPONSE:  Success  
INFO: 2024/03/06 14:53:30 INSTRUCTION_ID: 20240219CAMZPHM2XXXB00000000006323
INFO: 2024/03/06 14:53:30 TRANSACTIONTYPE: SENDING
INFO: 2024/03/06 14:53:30 STATUS: SUCCESS
INFO: 2024/03/06 14:53:30 TRACE_ALERT: ALERT_FINANCIAL_CRIME
INFO: 2024/03/06 14:53:30 TRACE_TYPE: NONE
INFO: 2024/03/06 14:53:30 ALERT_TYPE: ACCOUNT_ALERT
INFO: 2024/03/06 14:53:30 FEEDBACK: Not Investigated
INFO: 2024/03/06 14:53:30 REASONCODE: ACTC
INFO: 2024/03/06 14:53:30 DESCRIPTION: Transaction processed successfully
INFO: 2024/03/06 14:53:30 LOCALINSTRUMENT: ICRT
INFO: 2024/03/06 14:53:30 REFERENCEID: IFT578-2152941992767
INFO: 2024/03/06 14:53:30 SENDERBIC: CAMZPHM2XXX
INFO: 2024/03/06 14:53:30 SENDERNAME: CHIENLO MEJIA1
INFO: 2024/03/06 14:53:30 SENDERACCOUNT: 1030000000155537
INFO: 2024/03/06 14:53:30 AMOUNTCURRENCY: PHP
INFO: 2024/03/06 14:53:30 SENDERAMOUNT: 109
INFO: 2024/03/06 14:53:30 RECEIVINGBIC: CBMFPHM1XXX
INFO: 2024/03/06 14:53:30 RECEIVINGNAME: RICO VERGARA1
INFO: 2024/03/06 14:53:30 RECEIVINGACCOUNT: 10100000023895511
INFO: 2024/03/06 14:53:30 =========================================================================================
2024/03/06 14:53:30 
2024/03/06 14:53:51 
INFO: 2024/03/06 14:53:51                - - - - Trace_Credittransfer - - - -   
INFO: 2024/03/06 14:53:51 Unique-ID: 3a30f1d734f80808c469218e3e810932
INFO: 2024/03/06 14:53:51 DECISIONDATE: 2024-03-06 14:53:51
INFO: 2024/03/06 14:53:51 RESPONSE:  Success  
INFO: 2024/03/06 14:53:51 INSTRUCTION_ID: 20240219CAMZPHM2XXXB00000000006323
INFO: 2024/03/06 14:53:51 TRANSACTIONTYPE: SENDING
INFO: 2024/03/06 14:53:51 STATUS: SUCCESS
INFO: 2024/03/06 14:53:51 TRACE_ALERT: ALERT_FINANCIAL_CRIME
INFO: 2024/03/06 14:53:51 TRACE_TYPE: NONE
INFO: 2024/03/06 14:53:51 ALERT_TYPE: ACCOUNT_ALERT
INFO: 2024/03/06 14:53:51 FEEDBACK: Not Investigated
INFO: 2024/03/06 14:53:51 REASONCODE: ACTC
INFO: 2024/03/06 14:53:51 DESCRIPTION: Transaction processed successfully
INFO: 2024/03/06 14:53:51 LOCALINSTRUMENT: ICRT
INFO: 2024/03/06 14:53:51 REFERENCEID: IFT578-2152941992767
INFO: 2024/03/06 14:53:51 SENDERBIC: CAMZPHM2XXX
INFO: 2024/03/06 14:53:51 SENDERNAME: CHIENLO MEJIA1
INFO: 2024/03/06 14:53:51 SENDERACCOUNT: 1030000000155537
INFO: 2024/03/06 14:53:51 AMOUNTCURRENCY: PHP
INFO: 2024/03/06 14:53:51 SENDERAMOUNT: 109
INFO: 2024/03/06 14:53:51 RECEIVINGBIC: CBMFPHM1XXX
INFO: 2024/03/06 14:53:51 RECEIVINGNAME: RICO VERGARA1
INFO: 2024/03/06 14:53:51 RECEIVINGACCOUNT: 10100000023895511
INFO: 2024/03/06 14:53:51 =========================================================================================
2024/03/06 14:53:51 
2024/03/06 14:54:04 
INFO: 2024/03/06 14:54:04                - - - - Trace_Credittransfer - - - -   
INFO: 2024/03/06 14:54:04 Unique-ID: 60960fac2a623db5e4be26d9f98baeb0
INFO: 2024/03/06 14:54:04 DECISIONDATE: 2024-03-06 14:54:04
INFO: 2024/03/06 14:54:04 RESPONSE:  Success  
INFO: 2024/03/06 14:54:04 INSTRUCTION_ID: 20240219CAMZPHM2XXXB00000000002296
INFO: 2024/03/06 14:54:04 TRANSACTIONTYPE: SENDING
INFO: 2024/03/06 14:54:04 STATUS: SUCCESS
INFO: 2024/03/06 14:54:04 TRACE_ALERT: ALERT_FINANCIAL_CRIME
INFO: 2024/03/06 14:54:04 TRACE_TYPE: NONE
INFO: 2024/03/06 14:54:04 ALERT_TYPE: ACCOUNT_ALERT
INFO: 2024/03/06 14:54:04 FEEDBACK: Not Investigated
INFO: 2024/03/06 14:54:04 REASONCODE: ACTC
INFO: 2024/03/06 14:54:04 DESCRIPTION: Transaction processed successfully
INFO: 2024/03/06 14:54:04 LOCALINSTRUMENT: ICRT
INFO: 2024/03/06 14:54:04 REFERENCEID: IFT782-2536371102244
INFO: 2024/03/06 14:54:04 SENDERBIC: CAMZPHM2XXX
INFO: 2024/03/06 14:54:04 SENDERNAME: CHIENLO MEJIA
INFO: 2024/03/06 14:54:04 SENDERACCOUNT: 1030000000155536
INFO: 2024/03/06 14:54:04 AMOUNTCURRENCY: PHP
INFO: 2024/03/06 14:54:04 SENDERAMOUNT: 109
INFO: 2024/03/06 14:54:04 RECEIVINGBIC: CBMFPHM1XXX
INFO: 2024/03/06 14:54:04 RECEIVINGNAME: RICO VERGARA
INFO: 2024/03/06 14:54:04 RECEIVINGACCOUNT: 1010000002389551
INFO: 2024/03/06 14:54:04 =========================================================================================
2024/03/06 14:54:04 
2024/03/06 14:54:22 
INFO: 2024/03/06 14:54:22                - - - - Trace_Credittransfer - - - -   
INFO: 2024/03/06 14:54:22 Unique-ID: 7853cd269f118e52eb324eb8574eae61
INFO: 2024/03/06 14:54:22 DECISIONDATE: 2024-03-06 14:54:22
INFO: 2024/03/06 14:54:22 RESPONSE:  Success  
INFO: 2024/03/06 14:54:22 INSTRUCTION_ID: 20240219CAMZPHM2XXXB00000000008668
INFO: 2024/03/06 14:54:22 TRANSACTIONTYPE: SENDING
INFO: 2024/03/06 14:54:22 STATUS: SUCCESS
INFO: 2024/03/06 14:54:22 TRACE_ALERT: ALERT_FINANCIAL_CRIME
INFO: 2024/03/06 14:54:22 TRACE_TYPE: FRAUD
INFO: 2024/03/06 14:54:22 ALERT_TYPE: ACCOUNT_ALERT
INFO: 2024/03/06 14:54:22 FEEDBACK: ACTIONED_MULE
INFO: 2024/03/06 14:54:22 REASONCODE: ACTC
INFO: 2024/03/06 14:54:22 DESCRIPTION: Transaction processed successfully
INFO: 2024/03/06 14:54:22 LOCALINSTRUMENT: ICRT
INFO: 2024/03/06 14:54:22 REFERENCEID: IFT316-2866936095982
INFO: 2024/03/06 14:54:22 SENDERBIC: CAMZPHM2XXX
INFO: 2024/03/06 14:54:22 SENDERNAME: PIA CAXANDRA SUNE ARGAÑOSA - Postman
INFO: 2024/03/06 14:54:22 SENDERACCOUNT: 1030000000155536
INFO: 2024/03/06 14:54:22 AMOUNTCURRENCY: PHP
INFO: 2024/03/06 14:54:22 SENDERAMOUNT: 105
INFO: 2024/03/06 14:54:22 RECEIVINGBIC: CBMFPHM1XXX
INFO: 2024/03/06 14:54:22 RECEIVINGNAME: George CBI Postman
INFO: 2024/03/06 14:54:22 RECEIVINGACCOUNT: 1010000002389554
INFO: 2024/03/06 14:54:22 =========================================================================================
2024/03/06 14:54:22 
2024/03/06 14:54:22 
INFO: 2024/03/06 14:54:22                - - - - Trace_Credittransfer - - - -   
INFO: 2024/03/06 14:54:22 Unique-ID: 7853cd269f118e52eb324eb8574eae61
INFO: 2024/03/06 14:54:22 DECISIONDATE: 2024-03-06 14:54:22
INFO: 2024/03/06 14:54:22 RESPONSE:  Success  
INFO: 2024/03/06 14:54:22 INSTRUCTION_ID: 20240219CAMZPHM2XXXB00000000008668
INFO: 2024/03/06 14:54:22 TRANSACTIONTYPE: SENDING
INFO: 2024/03/06 14:54:22 STATUS: SUCCESS
INFO: 2024/03/06 14:54:22 TRACE_ALERT: ALERT_FINANCIAL_CRIME
INFO: 2024/03/06 14:54:22 TRACE_TYPE: FRAUD
INFO: 2024/03/06 14:54:22 ALERT_TYPE: ACCOUNT_ALERT
INFO: 2024/03/06 14:54:22 FEEDBACK: ACTIONED_MULE
INFO: 2024/03/06 14:54:22 REASONCODE: ACTC
INFO: 2024/03/06 14:54:22 DESCRIPTION: Transaction processed successfully
INFO: 2024/03/06 14:54:22 LOCALINSTRUMENT: ICRT
INFO: 2024/03/06 14:54:22 REFERENCEID: IFT316-2866936095982
INFO: 2024/03/06 14:54:22 SENDERBIC: CAMZPHM2XXX
INFO: 2024/03/06 14:54:22 SENDERNAME: PIA CAXANDRA SUNE ARGAÑOSA - Postman
INFO: 2024/03/06 14:54:22 SENDERACCOUNT: 1030000000155536
INFO: 2024/03/06 14:54:22 AMOUNTCURRENCY: PHP
INFO: 2024/03/06 14:54:22 SENDERAMOUNT: 105
INFO: 2024/03/06 14:54:22 RECEIVINGBIC: CBMFPHM1XXX
INFO: 2024/03/06 14:54:22 RECEIVINGNAME: George CBI Postman
INFO: 2024/03/06 14:54:22 RECEIVINGACCOUNT: 1010000002389554
INFO: 2024/03/06 14:54:22 =========================================================================================
2024/03/06 14:54:22 
2024/03/06 14:59:07 
INFO: 2024/03/06 14:59:07                - - - - Trace_Credittransfer - - - -   
INFO: 2024/03/06 14:59:07 Unique-ID: 93bc514691e443658bd95d04dd63c0f8
INFO: 2024/03/06 14:59:07 DECISIONDATE: 2024-03-06 14:59:07
INFO: 2024/03/06 14:59:07 RESPONSE:  Success  
INFO: 2024/03/06 14:59:07 INSTRUCTION_ID: 20240219CAMZPHM2XXXB00000000006323
INFO: 2024/03/06 14:59:07 TRANSACTIONTYPE: SENDING
INFO: 2024/03/06 14:59:07 STATUS: SUCCESS
INFO: 2024/03/06 14:59:07 TRACE_ALERT: ALERT_FINANCIAL_CRIME
INFO: 2024/03/06 14:59:07 TRACE_TYPE: NONE
INFO: 2024/03/06 14:59:07 ALERT_TYPE: ACCOUNT_ALERT
INFO: 2024/03/06 14:59:07 FEEDBACK: Not Investigated
INFO: 2024/03/06 14:59:07 REASONCODE: ACTC
INFO: 2024/03/06 14:59:07 DESCRIPTION: Transaction processed successfully
INFO: 2024/03/06 14:59:07 LOCALINSTRUMENT: ICRT
INFO: 2024/03/06 14:59:07 REFERENCEID: IFT578-2152941992767
INFO: 2024/03/06 14:59:07 SENDERBIC: CAMZPHM2XXX
INFO: 2024/03/06 14:59:07 SENDERNAME: CHIENLO MEJIA1
INFO: 2024/03/06 14:59:07 SENDERACCOUNT: 1030000000155537
INFO: 2024/03/06 14:59:07 AMOUNTCURRENCY: PHP
INFO: 2024/03/06 14:59:07 SENDERAMOUNT: 109
INFO: 2024/03/06 14:59:07 RECEIVINGBIC: CBMFPHM1XXX
INFO: 2024/03/06 14:59:07 RECEIVINGNAME: RICO VERGARA1
INFO: 2024/03/06 14:59:07 RECEIVINGACCOUNT: 10100000023895511
INFO: 2024/03/06 14:59:07 =========================================================================================
2024/03/06 14:59:07 
2024/03/06 14:59:15 
INFO: 2024/03/06 14:59:15                - - - - Trace_Credittransfer - - - -   
INFO: 2024/03/06 14:59:15 Unique-ID: c617cbd155229c839bfbd2846c715646
INFO: 2024/03/06 14:59:15 DECISIONDATE: 2024-03-06 14:59:15
INFO: 2024/03/06 14:59:15 RESPONSE:  Success  
INFO: 2024/03/06 14:59:15 INSTRUCTION_ID: 20240219CAMZPHM2XXXB00000000008668
INFO: 2024/03/06 14:59:15 TRANSACTIONTYPE: SENDING
INFO: 2024/03/06 14:59:15 STATUS: SUCCESS
INFO: 2024/03/06 14:59:15 TRACE_ALERT: ALERT_FINANCIAL_CRIME
INFO: 2024/03/06 14:59:15 TRACE_TYPE: FRAUD
INFO: 2024/03/06 14:59:15 ALERT_TYPE: ACCOUNT_ALERT
INFO: 2024/03/06 14:59:15 FEEDBACK: 
INFO: 2024/03/06 14:59:15 REASONCODE: ACTC
INFO: 2024/03/06 14:59:15 DESCRIPTION: Transaction processed successfully
INFO: 2024/03/06 14:59:15 LOCALINSTRUMENT: ICRT
INFO: 2024/03/06 14:59:15 REFERENCEID: IFT316-2866936095982
INFO: 2024/03/06 14:59:15 SENDERBIC: CAMZPHM2XXX
INFO: 2024/03/06 14:59:15 SENDERNAME: PIA CAXANDRA SUNE ARGAÑOSA - Postman
INFO: 2024/03/06 14:59:15 SENDERACCOUNT: 1030000000155536
INFO: 2024/03/06 14:59:15 AMOUNTCURRENCY: PHP
INFO: 2024/03/06 14:59:15 SENDERAMOUNT: 105
INFO: 2024/03/06 14:59:15 RECEIVINGBIC: CBMFPHM1XXX
INFO: 2024/03/06 14:59:15 RECEIVINGNAME: George CBI Postman
INFO: 2024/03/06 14:59:15 RECEIVINGACCOUNT: 1010000002389554
INFO: 2024/03/06 14:59:15 =========================================================================================
2024/03/06 14:59:15 
2024/03/06 14:59:15 
INFO: 2024/03/06 14:59:15                - - - - Trace_Credittransfer - - - -   
INFO: 2024/03/06 14:59:15 Unique-ID: c617cbd155229c839bfbd2846c715646
INFO: 2024/03/06 14:59:15 DECISIONDATE: 2024-03-06 14:59:15
INFO: 2024/03/06 14:59:15 RESPONSE:  Success  
INFO: 2024/03/06 14:59:15 INSTRUCTION_ID: 20240219CAMZPHM2XXXB00000000008668
INFO: 2024/03/06 14:59:15 TRANSACTIONTYPE: SENDING
INFO: 2024/03/06 14:59:15 STATUS: SUCCESS
INFO: 2024/03/06 14:59:15 TRACE_ALERT: ALERT_FINANCIAL_CRIME
INFO: 2024/03/06 14:59:15 TRACE_TYPE: FRAUD
INFO: 2024/03/06 14:59:15 ALERT_TYPE: ACCOUNT_ALERT
INFO: 2024/03/06 14:59:15 FEEDBACK: 
INFO: 2024/03/06 14:59:15 REASONCODE: ACTC
INFO: 2024/03/06 14:59:15 DESCRIPTION: Transaction processed successfully
INFO: 2024/03/06 14:59:15 LOCALINSTRUMENT: ICRT
INFO: 2024/03/06 14:59:15 REFERENCEID: IFT316-2866936095982
INFO: 2024/03/06 14:59:15 SENDERBIC: CAMZPHM2XXX
INFO: 2024/03/06 14:59:15 SENDERNAME: PIA CAXANDRA SUNE ARGAÑOSA - Postman
INFO: 2024/03/06 14:59:15 SENDERACCOUNT: 1030000000155536
INFO: 2024/03/06 14:59:15 AMOUNTCURRENCY: PHP
INFO: 2024/03/06 14:59:15 SENDERAMOUNT: 105
INFO: 2024/03/06 14:59:15 RECEIVINGBIC: CBMFPHM1XXX
INFO: 2024/03/06 14:59:15 RECEIVINGNAME: George CBI Postman
INFO: 2024/03/06 14:59:15 RECEIVINGACCOUNT: 1010000002389554
INFO: 2024/03/06 14:59:15 =========================================================================================
2024/03/06 14:59:15 
2024/03/06 15:41:35 
INFO: 2024/03/06 15:41:35                - - - - Trace_Credittransfer - - - -   
INFO: 2024/03/06 15:41:35 Unique-ID: 0a2edb97e47c2d4ca4eea741f0de34ea
INFO: 2024/03/06 15:41:35 DECISIONDATE: 2024-03-06 15:41:35
INFO: 2024/03/06 15:41:35 RESPONSE:  Success  
INFO: 2024/03/06 15:41:35 INSTRUCTION_ID: 20240219CAMZPHM2XXXB00000000006323
INFO: 2024/03/06 15:41:35 TRANSACTIONTYPE: SENDING
INFO: 2024/03/06 15:41:35 STATUS: SUCCESS
INFO: 2024/03/06 15:41:35 TRACE_ALERT: ALERT_FINANCIAL_CRIME
INFO: 2024/03/06 15:41:35 TRACE_TYPE: NONE
INFO: 2024/03/06 15:41:35 ALERT_TYPE: ACCOUNT_ALERT
INFO: 2024/03/06 15:41:35 FEEDBACK: Not Investigated
INFO: 2024/03/06 15:41:35 REASONCODE: ACTC
INFO: 2024/03/06 15:41:35 DESCRIPTION: Transaction processed successfully
INFO: 2024/03/06 15:41:35 LOCALINSTRUMENT: ICRT
INFO: 2024/03/06 15:41:35 REFERENCEID: IFT578-2152941992767
INFO: 2024/03/06 15:41:35 SENDERBIC: CAMZPHM2XXX
INFO: 2024/03/06 15:41:35 SENDERNAME: CHIENLO MEJIA1
INFO: 2024/03/06 15:41:35 SENDERACCOUNT: 1030000000155537
INFO: 2024/03/06 15:41:35 AMOUNTCURRENCY: PHP
INFO: 2024/03/06 15:41:35 SENDERAMOUNT: 109
INFO: 2024/03/06 15:41:35 RECEIVINGBIC: CBMFPHM1XXX
INFO: 2024/03/06 15:41:35 RECEIVINGNAME: RICO VERGARA1
INFO: 2024/03/06 15:41:35 RECEIVINGACCOUNT: 10100000023895511
INFO: 2024/03/06 15:41:35 =========================================================================================
2024/03/06 15:41:35 
2024/03/06 15:45:28 
INFO: 2024/03/06 15:45:28                - - - - Trace_Credittransfer - - - -   
INFO: 2024/03/06 15:45:28 Unique-ID: ea574618afcdb0963c70f27ad39300bb
INFO: 2024/03/06 15:45:28 DECISIONDATE: 2024-03-06 15:45:28
INFO: 2024/03/06 15:45:28 RESPONSE:  Success  
INFO: 2024/03/06 15:45:28 INSTRUCTION_ID: 20240219CAMZPHM2XXXB00000000006323
INFO: 2024/03/06 15:45:28 TRANSACTIONTYPE: SENDING
INFO: 2024/03/06 15:45:28 STATUS: SUCCESS
INFO: 2024/03/06 15:45:28 TRACE_ALERT: ALERT_FINANCIAL_CRIME
INFO: 2024/03/06 15:45:28 TRACE_TYPE: NONE
INFO: 2024/03/06 15:45:28 ALERT_TYPE: ACCOUNT_ALERT
INFO: 2024/03/06 15:45:28 FEEDBACK: Not Investigated
INFO: 2024/03/06 15:45:28 REASONCODE: ACTC
INFO: 2024/03/06 15:45:28 DESCRIPTION: Transaction processed successfully
INFO: 2024/03/06 15:45:28 LOCALINSTRUMENT: ICRT
INFO: 2024/03/06 15:45:28 REFERENCEID: IFT578-2152941992767
INFO: 2024/03/06 15:45:28 SENDERBIC: CAMZPHM2XXX
INFO: 2024/03/06 15:45:28 SENDERNAME: CHIENLO MEJIA1
INFO: 2024/03/06 15:45:28 SENDERACCOUNT: 1030000000155537
INFO: 2024/03/06 15:45:28 AMOUNTCURRENCY: PHP
INFO: 2024/03/06 15:45:28 SENDERAMOUNT: 109
INFO: 2024/03/06 15:45:28 RECEIVINGBIC: CBMFPHM1XXX
INFO: 2024/03/06 15:45:28 RECEIVINGNAME: RICO VERGARA1
INFO: 2024/03/06 15:45:28 RECEIVINGACCOUNT: 10100000023895511
INFO: 2024/03/06 15:45:28 =========================================================================================
2024/03/06 15:45:28 
2024/03/06 15:59:58 
INFO: 2024/03/06 15:59:58                - - - - Trace_Credittransfer - - - -   
INFO: 2024/03/06 15:59:58 Unique-ID: 6076b4d976a88f5ce792c69c1cf2c183
INFO: 2024/03/06 15:59:58 DECISIONDATE: 2024-03-06 15:59:58
INFO: 2024/03/06 15:59:58 RESPONSE:  Success  
INFO: 2024/03/06 15:59:58 INSTRUCTION_ID: 20240219CAMZPHM2XXXB00000000008668
INFO: 2024/03/06 15:59:58 TRANSACTIONTYPE: SENDING
INFO: 2024/03/06 15:59:58 STATUS: SUCCESS
INFO: 2024/03/06 15:59:58 TRACE_ALERT: ALERT_FINANCIAL_CRIME
INFO: 2024/03/06 15:59:58 TRACE_TYPE: FRAUD
INFO: 2024/03/06 15:59:58 ALERT_TYPE: ACCOUNT_ALERT
INFO: 2024/03/06 15:59:58 FEEDBACK: ACTIONED_MULE
INFO: 2024/03/06 15:59:58 REASONCODE: ACTC
INFO: 2024/03/06 15:59:58 DESCRIPTION: Transaction processed successfully
INFO: 2024/03/06 15:59:58 LOCALINSTRUMENT: ICRT
INFO: 2024/03/06 15:59:58 REFERENCEID: IFT316-2866936095982
INFO: 2024/03/06 15:59:58 SENDERBIC: CAMZPHM2XXX
INFO: 2024/03/06 15:59:58 SENDERNAME: PIA CAXANDRA SUNE ARGAÑOSA - Postman
INFO: 2024/03/06 15:59:58 SENDERACCOUNT: 1030000000155536
INFO: 2024/03/06 15:59:58 AMOUNTCURRENCY: PHP
INFO: 2024/03/06 15:59:58 SENDERAMOUNT: 105
INFO: 2024/03/06 15:59:58 RECEIVINGBIC: CBMFPHM1XXX
INFO: 2024/03/06 15:59:58 RECEIVINGNAME: George CBI Postman
INFO: 2024/03/06 15:59:58 RECEIVINGACCOUNT: 1010000002389554
INFO: 2024/03/06 15:59:58 =========================================================================================
2024/03/06 15:59:58 
2024/03/06 15:59:59 
INFO: 2024/03/06 15:59:59                - - - - Trace_Credittransfer - - - -   
INFO: 2024/03/06 15:59:59 Unique-ID: 6076b4d976a88f5ce792c69c1cf2c183
INFO: 2024/03/06 15:59:59 DECISIONDATE: 2024-03-06 15:59:58
INFO: 2024/03/06 15:59:59 RESPONSE:  Success  
INFO: 2024/03/06 15:59:59 INSTRUCTION_ID: 20240219CAMZPHM2XXXB00000000008668
INFO: 2024/03/06 15:59:59 TRANSACTIONTYPE: SENDING
INFO: 2024/03/06 15:59:59 STATUS: SUCCESS
INFO: 2024/03/06 15:59:59 TRACE_ALERT: ALERT_FINANCIAL_CRIME
INFO: 2024/03/06 15:59:59 TRACE_TYPE: FRAUD
INFO: 2024/03/06 15:59:59 ALERT_TYPE: ACCOUNT_ALERT
INFO: 2024/03/06 15:59:59 FEEDBACK: ACTIONED_MULE
INFO: 2024/03/06 15:59:59 REASONCODE: ACTC
INFO: 2024/03/06 15:59:59 DESCRIPTION: Transaction processed successfully
INFO: 2024/03/06 15:59:59 LOCALINSTRUMENT: ICRT
INFO: 2024/03/06 15:59:59 REFERENCEID: IFT316-2866936095982
INFO: 2024/03/06 15:59:59 SENDERBIC: CAMZPHM2XXX
INFO: 2024/03/06 15:59:59 SENDERNAME: PIA CAXANDRA SUNE ARGAÑOSA - Postman
INFO: 2024/03/06 15:59:59 SENDERACCOUNT: 1030000000155536
INFO: 2024/03/06 15:59:59 AMOUNTCURRENCY: PHP
INFO: 2024/03/06 15:59:59 SENDERAMOUNT: 105
INFO: 2024/03/06 15:59:59 RECEIVINGBIC: CBMFPHM1XXX
INFO: 2024/03/06 15:59:59 RECEIVINGNAME: George CBI Postman
INFO: 2024/03/06 15:59:59 RECEIVINGACCOUNT: 1010000002389554
INFO: 2024/03/06 15:59:59 =========================================================================================
2024/03/06 15:59:59 
2024/03/06 16:00:26 
INFO: 2024/03/06 16:00:26                - - - - Trace_Credittransfer - - - -   
INFO: 2024/03/06 16:00:26 Unique-ID: 3700d4fcefeff52e36f89f3b6cd7d838
INFO: 2024/03/06 16:00:26 DECISIONDATE: 2024-03-06 16:00:26
INFO: 2024/03/06 16:00:26 RESPONSE:  Success  
INFO: 2024/03/06 16:00:26 INSTRUCTION_ID: 20240219CAMZPHM2XXXB00000000008668
INFO: 2024/03/06 16:00:26 TRANSACTIONTYPE: SENDING
INFO: 2024/03/06 16:00:26 STATUS: SUCCESS
INFO: 2024/03/06 16:00:26 TRACE_ALERT: ALERT_FINANCIAL_CRIME
INFO: 2024/03/06 16:00:26 TRACE_TYPE: FRAUD
INFO: 2024/03/06 16:00:26 ALERT_TYPE: ACCOUNT_ALERT
INFO: 2024/03/06 16:00:26 FEEDBACK: ACTIONED_MULE
INFO: 2024/03/06 16:00:26 REASONCODE: ACTC
INFO: 2024/03/06 16:00:26 DESCRIPTION: Transaction processed successfully
INFO: 2024/03/06 16:00:26 LOCALINSTRUMENT: ICRT
INFO: 2024/03/06 16:00:26 REFERENCEID: IFT316-2866936095982
INFO: 2024/03/06 16:00:26 SENDERBIC: CAMZPHM2XXX
INFO: 2024/03/06 16:00:26 SENDERNAME: PIA CAXANDRA SUNE ARGAÑOSA - Postman
INFO: 2024/03/06 16:00:26 SENDERACCOUNT: 1030000000155536
INFO: 2024/03/06 16:00:26 AMOUNTCURRENCY: PHP
INFO: 2024/03/06 16:00:26 SENDERAMOUNT: 105
INFO: 2024/03/06 16:00:26 RECEIVINGBIC: CBMFPHM1XXX
INFO: 2024/03/06 16:00:26 RECEIVINGNAME: George CBI Postman
INFO: 2024/03/06 16:00:26 RECEIVINGACCOUNT: 1010000002389554
INFO: 2024/03/06 16:00:26 =========================================================================================
2024/03/06 16:00:26 
2024/03/06 16:00:26 
INFO: 2024/03/06 16:00:26                - - - - Trace_Credittransfer - - - -   
INFO: 2024/03/06 16:00:26 Unique-ID: 3700d4fcefeff52e36f89f3b6cd7d838
INFO: 2024/03/06 16:00:26 DECISIONDATE: 2024-03-06 16:00:26
INFO: 2024/03/06 16:00:26 RESPONSE:  Success  
INFO: 2024/03/06 16:00:26 INSTRUCTION_ID: 20240219CAMZPHM2XXXB00000000008668
INFO: 2024/03/06 16:00:26 TRANSACTIONTYPE: SENDING
INFO: 2024/03/06 16:00:26 STATUS: SUCCESS
INFO: 2024/03/06 16:00:26 TRACE_ALERT: ALERT_FINANCIAL_CRIME
INFO: 2024/03/06 16:00:26 TRACE_TYPE: FRAUD
INFO: 2024/03/06 16:00:26 ALERT_TYPE: ACCOUNT_ALERT
INFO: 2024/03/06 16:00:26 FEEDBACK: ACTIONED_MULE
INFO: 2024/03/06 16:00:26 REASONCODE: ACTC
INFO: 2024/03/06 16:00:26 DESCRIPTION: Transaction processed successfully
INFO: 2024/03/06 16:00:26 LOCALINSTRUMENT: ICRT
INFO: 2024/03/06 16:00:26 REFERENCEID: IFT316-2866936095982
INFO: 2024/03/06 16:00:26 SENDERBIC: CAMZPHM2XXX
INFO: 2024/03/06 16:00:26 SENDERNAME: PIA CAXANDRA SUNE ARGAÑOSA - Postman
INFO: 2024/03/06 16:00:26 SENDERACCOUNT: 1030000000155536
INFO: 2024/03/06 16:00:26 AMOUNTCURRENCY: PHP
INFO: 2024/03/06 16:00:26 SENDERAMOUNT: 105
INFO: 2024/03/06 16:00:26 RECEIVINGBIC: CBMFPHM1XXX
INFO: 2024/03/06 16:00:26 RECEIVINGNAME: George CBI Postman
INFO: 2024/03/06 16:00:26 RECEIVINGACCOUNT: 1010000002389554
INFO: 2024/03/06 16:00:26 =========================================================================================
2024/03/06 16:00:26 
2024/03/06 16:10:55 
INFO: 2024/03/06 16:10:55                - - - - Trace_Credittransfer - - - -   
INFO: 2024/03/06 16:10:55 Unique-ID: 13c248278be4e8ccb31e7750816d66b8
INFO: 2024/03/06 16:10:55 DECISIONDATE: 2024-03-06 16:10:55
INFO: 2024/03/06 16:10:55 RESPONSE:  Success  
INFO: 2024/03/06 16:10:55 INSTRUCTION_ID: 20240219CAMZPHM2XXXB00000000008170
INFO: 2024/03/06 16:10:55 TRANSACTIONTYPE: RECEIVING
INFO: 2024/03/06 16:10:55 STATUS: FAILED-RJCT
INFO: 2024/03/06 16:10:55 TRACE_ALERT: TRACE_FINANCIAL_CRIME
INFO: 2024/03/06 16:10:55 TRACE_TYPE: FRAUD
INFO: 2024/03/06 16:10:55 ALERT_TYPE: TRANSACTION_ALERT
INFO: 2024/03/06 16:10:55 FEEDBACK: ACTIONED_MULE
INFO: 2024/03/06 16:10:55 REASONCODE: AC01
INFO: 2024/03/06 16:10:55 DESCRIPTION: Invalid transaction amount
INFO: 2024/03/06 16:10:55 LOCALINSTRUMENT: ICRT
INFO: 2024/03/06 16:10:55 REFERENCEID: IFT25-1000636444758
INFO: 2024/03/06 16:10:55 SENDERBIC: CAMZPHM2XXX
INFO: 2024/03/06 16:10:55 SENDERNAME: PIA CAXANDRA SUNE ARGAÑOSA
INFO: 2024/03/06 16:10:55 SENDERACCOUNT: 1030000000155500
INFO: 2024/03/06 16:10:55 AMOUNTCURRENCY: PHP
INFO: 2024/03/06 16:10:55 SENDERAMOUNT: 90
INFO: 2024/03/06 16:10:55 RECEIVINGBIC: CBMFPHM1XXX
INFO: 2024/03/06 16:10:55 RECEIVINGNAME: George
INFO: 2024/03/06 16:10:55 RECEIVINGACCOUNT: 1010000002389500
INFO: 2024/03/06 16:10:55 =========================================================================================
2024/03/06 16:10:55 
2024/03/06 16:10:56 
INFO: 2024/03/06 16:10:56                - - - - Trace_Credittransfer - - - -   
INFO: 2024/03/06 16:10:56 Unique-ID: 13c248278be4e8ccb31e7750816d66b8
INFO: 2024/03/06 16:10:56 DECISIONDATE: 2024-03-06 16:10:55
INFO: 2024/03/06 16:10:56 RESPONSE:  Success  
INFO: 2024/03/06 16:10:56 INSTRUCTION_ID: 20240219CAMZPHM2XXXB00000000002973
INFO: 2024/03/06 16:10:56 TRANSACTIONTYPE: SENDING
INFO: 2024/03/06 16:10:56 STATUS: SUCCESS
INFO: 2024/03/06 16:10:56 TRACE_ALERT: TRACE_FINANCIAL_CRIME
INFO: 2024/03/06 16:10:56 TRACE_TYPE: FRAUD
INFO: 2024/03/06 16:10:56 ALERT_TYPE: TRANSACTION_ALERT
INFO: 2024/03/06 16:10:56 FEEDBACK: ACTIONED_MULE
INFO: 2024/03/06 16:10:56 REASONCODE: ACTC
INFO: 2024/03/06 16:10:56 DESCRIPTION: Transaction processed successfully
INFO: 2024/03/06 16:10:56 LOCALINSTRUMENT: ICRT
INFO: 2024/03/06 16:10:56 REFERENCEID: IFT328-2244791150150
INFO: 2024/03/06 16:10:56 SENDERBIC: CAMZPHM2XXX
INFO: 2024/03/06 16:10:56 SENDERNAME: PIA CAXANDRA SUNE ARGAÑOSA
INFO: 2024/03/06 16:10:56 SENDERACCOUNT: 1030000000155504
INFO: 2024/03/06 16:10:56 AMOUNTCURRENCY: PHP
INFO: 2024/03/06 16:10:56 SENDERAMOUNT: 700000
INFO: 2024/03/06 16:10:56 RECEIVINGBIC: CBMFPHM1XXX
INFO: 2024/03/06 16:10:56 RECEIVINGNAME: George
INFO: 2024/03/06 16:10:56 RECEIVINGACCOUNT: 1010000002389509
INFO: 2024/03/06 16:10:56 =========================================================================================
2024/03/06 16:10:56 
2024/03/06 16:11:18 
INFO: 2024/03/06 16:11:18                - - - - Trace_Credittransfer - - - -   
INFO: 2024/03/06 16:11:18 Unique-ID: 766c338dd9761ef97088de936b639e3e
INFO: 2024/03/06 16:11:18 DECISIONDATE: 2024-03-06 16:11:18
INFO: 2024/03/06 16:11:18 RESPONSE:  Success  
INFO: 2024/03/06 16:11:18 INSTRUCTION_ID: 20240219CAMZPHM2XXXB00000000008170
INFO: 2024/03/06 16:11:18 TRANSACTIONTYPE: RECEIVING
INFO: 2024/03/06 16:11:18 STATUS: FAILED-RJCT
INFO: 2024/03/06 16:11:18 TRACE_ALERT: TRACE_FINANCIAL_CRIME
INFO: 2024/03/06 16:11:18 TRACE_TYPE: FRAUD
INFO: 2024/03/06 16:11:18 ALERT_TYPE: TRANSACTION_ALERT
INFO: 2024/03/06 16:11:18 FEEDBACK: ACTIONED_MULE
INFO: 2024/03/06 16:11:18 REASONCODE: AC01
INFO: 2024/03/06 16:11:18 DESCRIPTION: Invalid transaction amount
INFO: 2024/03/06 16:11:18 LOCALINSTRUMENT: ICRT
INFO: 2024/03/06 16:11:18 REFERENCEID: IFT25-1000636444758
INFO: 2024/03/06 16:11:18 SENDERBIC: CAMZPHM2XXX
INFO: 2024/03/06 16:11:18 SENDERNAME: PIA CAXANDRA SUNE ARGAÑOSA
INFO: 2024/03/06 16:11:18 SENDERACCOUNT: 1030000000155500
INFO: 2024/03/06 16:11:18 AMOUNTCURRENCY: PHP
INFO: 2024/03/06 16:11:18 SENDERAMOUNT: 90
INFO: 2024/03/06 16:11:18 RECEIVINGBIC: CBMFPHM1XXX
INFO: 2024/03/06 16:11:18 RECEIVINGNAME: George
INFO: 2024/03/06 16:11:18 RECEIVINGACCOUNT: 1010000002389500
INFO: 2024/03/06 16:11:18 =========================================================================================
2024/03/06 16:11:18 
2024/03/06 16:11:18 
INFO: 2024/03/06 16:11:18                - - - - Trace_Credittransfer - - - -   
INFO: 2024/03/06 16:11:18 Unique-ID: 766c338dd9761ef97088de936b639e3e
INFO: 2024/03/06 16:11:18 DECISIONDATE: 2024-03-06 16:11:18
INFO: 2024/03/06 16:11:18 RESPONSE:  Success  
INFO: 2024/03/06 16:11:18 INSTRUCTION_ID: 20240219CAMZPHM2XXXB00000000002973
INFO: 2024/03/06 16:11:18 TRANSACTIONTYPE: SENDING
INFO: 2024/03/06 16:11:18 STATUS: SUCCESS
INFO: 2024/03/06 16:11:18 TRACE_ALERT: TRACE_FINANCIAL_CRIME
INFO: 2024/03/06 16:11:18 TRACE_TYPE: FRAUD
INFO: 2024/03/06 16:11:18 ALERT_TYPE: TRANSACTION_ALERT
INFO: 2024/03/06 16:11:18 FEEDBACK: ACTIONED_MULE
INFO: 2024/03/06 16:11:18 REASONCODE: ACTC
INFO: 2024/03/06 16:11:18 DESCRIPTION: Transaction processed successfully
INFO: 2024/03/06 16:11:18 LOCALINSTRUMENT: ICRT
INFO: 2024/03/06 16:11:18 REFERENCEID: IFT328-2244791150150
INFO: 2024/03/06 16:11:18 SENDERBIC: CAMZPHM2XXX
INFO: 2024/03/06 16:11:18 SENDERNAME: PIA CAXANDRA SUNE ARGAÑOSA
INFO: 2024/03/06 16:11:18 SENDERACCOUNT: 1030000000155504
INFO: 2024/03/06 16:11:18 AMOUNTCURRENCY: PHP
INFO: 2024/03/06 16:11:18 SENDERAMOUNT: 700000
INFO: 2024/03/06 16:11:18 RECEIVINGBIC: CBMFPHM1XXX
INFO: 2024/03/06 16:11:18 RECEIVINGNAME: George
INFO: 2024/03/06 16:11:18 RECEIVINGACCOUNT: 1010000002389509
INFO: 2024/03/06 16:11:18 =========================================================================================
2024/03/06 16:11:18 
2024/03/06 20:58:44 
INFO: 2024/03/06 20:58:44                - - - - Trace_Credittransfer - - - -   
INFO: 2024/03/06 20:58:44 Unique-ID: 7aa1751302d7e135ad4266531ec3ae52
INFO: 2024/03/06 20:58:44 DECISIONDATE: 2024-03-06 20:58:44
INFO: 2024/03/06 20:58:44 RESPONSE:  Success  
INFO: 2024/03/06 20:58:44 INSTRUCTION_ID: 20240219CAMZPHM2XXXB00000000008668
INFO: 2024/03/06 20:58:44 TRANSACTIONTYPE: SENDING
INFO: 2024/03/06 20:58:44 STATUS: SUCCESS
INFO: 2024/03/06 20:58:44 TRACE_ALERT: MATCH_FINANCIAL_CRIME
INFO: 2024/03/06 20:58:44 TRACE_TYPE: FRAUD
INFO: 2024/03/06 20:58:44 ALERT_TYPE: TRANSACTION_ALERT
INFO: 2024/03/06 20:58:44 FEEDBACK: ACTIONED_MULE
INFO: 2024/03/06 20:58:44 REASONCODE: ACTC
INFO: 2024/03/06 20:58:44 DESCRIPTION: Transaction processed successfully
INFO: 2024/03/06 20:58:44 LOCALINSTRUMENT: ICRT
INFO: 2024/03/06 20:58:44 REFERENCEID: IFT316-2866936095982
INFO: 2024/03/06 20:58:44 SENDERBIC: CAMZPHM2XXX
INFO: 2024/03/06 20:58:44 SENDERNAME: PIA CAXANDRA SUNE ARGAÑOSA - Postman
INFO: 2024/03/06 20:58:44 SENDERACCOUNT: 1030000000155536
INFO: 2024/03/06 20:58:44 AMOUNTCURRENCY: PHP
INFO: 2024/03/06 20:58:44 SENDERAMOUNT: 105
INFO: 2024/03/06 20:58:44 RECEIVINGBIC: CBMFPHM1XXX
INFO: 2024/03/06 20:58:44 RECEIVINGNAME: George CBI Postman
INFO: 2024/03/06 20:58:44 RECEIVINGACCOUNT: 1010000002389554
INFO: 2024/03/06 20:58:44 =========================================================================================
2024/03/06 20:58:44 
2024/03/06 20:58:44 
INFO: 2024/03/06 20:58:44                - - - - Trace_Credittransfer - - - -   
INFO: 2024/03/06 20:58:44 Unique-ID: 7aa1751302d7e135ad4266531ec3ae52
INFO: 2024/03/06 20:58:44 DECISIONDATE: 2024-03-06 20:58:44
INFO: 2024/03/06 20:58:44 RESPONSE:  Success  
INFO: 2024/03/06 20:58:44 INSTRUCTION_ID: 20240219CAMZPHM2XXXB00000000008668
INFO: 2024/03/06 20:58:44 TRANSACTIONTYPE: SENDING
INFO: 2024/03/06 20:58:44 STATUS: SUCCESS
INFO: 2024/03/06 20:58:44 TRACE_ALERT: MATCH_FINANCIAL_CRIME
INFO: 2024/03/06 20:58:44 TRACE_TYPE: FRAUD
INFO: 2024/03/06 20:58:44 ALERT_TYPE: TRANSACTION_ALERT
INFO: 2024/03/06 20:58:44 FEEDBACK: ACTIONED_MULE
INFO: 2024/03/06 20:58:44 REASONCODE: ACTC
INFO: 2024/03/06 20:58:44 DESCRIPTION: Transaction processed successfully
INFO: 2024/03/06 20:58:44 LOCALINSTRUMENT: ICRT
INFO: 2024/03/06 20:58:44 REFERENCEID: IFT316-2866936095982
INFO: 2024/03/06 20:58:44 SENDERBIC: CAMZPHM2XXX
INFO: 2024/03/06 20:58:44 SENDERNAME: PIA CAXANDRA SUNE ARGAÑOSA - Postman
INFO: 2024/03/06 20:58:44 SENDERACCOUNT: 1030000000155536
INFO: 2024/03/06 20:58:44 AMOUNTCURRENCY: PHP
INFO: 2024/03/06 20:58:44 SENDERAMOUNT: 105
INFO: 2024/03/06 20:58:44 RECEIVINGBIC: CBMFPHM1XXX
INFO: 2024/03/06 20:58:44 RECEIVINGNAME: George CBI Postman
INFO: 2024/03/06 20:58:44 RECEIVINGACCOUNT: 1010000002389554
INFO: 2024/03/06 20:58:44 =========================================================================================
2024/03/06 20:58:44 
2024/03/06 20:58:44 
INFO: 2024/03/06 20:58:44                - - - - Trace_Credittransfer - - - -   
INFO: 2024/03/06 20:58:44 Unique-ID: 7aa1751302d7e135ad4266531ec3ae52
INFO: 2024/03/06 20:58:44 DECISIONDATE: 2024-03-06 20:58:44
INFO: 2024/03/06 20:58:44 RESPONSE:  Success  
INFO: 2024/03/06 20:58:44 INSTRUCTION_ID: 20240219CAMZPHM2XXXB00000000008829
INFO: 2024/03/06 20:58:44 TRANSACTIONTYPE: SENDING
INFO: 2024/03/06 20:58:44 STATUS: SUCCESS
INFO: 2024/03/06 20:58:44 TRACE_ALERT: MATCH_FINANCIAL_CRIME
INFO: 2024/03/06 20:58:44 TRACE_TYPE: FRAUD
INFO: 2024/03/06 20:58:44 ALERT_TYPE: TRANSACTION_ALERT
INFO: 2024/03/06 20:58:44 FEEDBACK: ACTIONED_MULE
INFO: 2024/03/06 20:58:44 REASONCODE: ACTC
INFO: 2024/03/06 20:58:44 DESCRIPTION: Transaction processed successfully
INFO: 2024/03/06 20:58:44 LOCALINSTRUMENT: ICRT
INFO: 2024/03/06 20:58:44 REFERENCEID: IFT677-307385779086
INFO: 2024/03/06 20:58:44 SENDERBIC: CAMZPHM2XXX
INFO: 2024/03/06 20:58:44 SENDERNAME: PIA CAXANDRA SUNE ARGAÑOSA - Postman
INFO: 2024/03/06 20:58:44 SENDERACCOUNT: 1030000000155536
INFO: 2024/03/06 20:58:44 AMOUNTCURRENCY: PHP
INFO: 2024/03/06 20:58:44 SENDERAMOUNT: 105
INFO: 2024/03/06 20:58:44 RECEIVINGBIC: CBMFPHM1XXX
INFO: 2024/03/06 20:58:44 RECEIVINGNAME: George CBI Postman
INFO: 2024/03/06 20:58:44 RECEIVINGACCOUNT: 1010000002389554
INFO: 2024/03/06 20:58:44 =========================================================================================
2024/03/06 20:58:44 
2024/03/06 20:58:44 
INFO: 2024/03/06 20:58:44                - - - - Trace_Credittransfer - - - -   
INFO: 2024/03/06 20:58:44 Unique-ID: 7aa1751302d7e135ad4266531ec3ae52
INFO: 2024/03/06 20:58:44 DECISIONDATE: 2024-03-06 20:58:44
INFO: 2024/03/06 20:58:44 RESPONSE:  Success  
INFO: 2024/03/06 20:58:44 INSTRUCTION_ID: 20240219CAMZPHM2XXXB00000000007672
INFO: 2024/03/06 20:58:44 TRANSACTIONTYPE: SENDING
INFO: 2024/03/06 20:58:44 STATUS: SUCCESS
INFO: 2024/03/06 20:58:44 TRACE_ALERT: MATCH_FINANCIAL_CRIME
INFO: 2024/03/06 20:58:44 TRACE_TYPE: FRAUD
INFO: 2024/03/06 20:58:44 ALERT_TYPE: TRANSACTION_ALERT
INFO: 2024/03/06 20:58:44 FEEDBACK: ACTIONED_MULE
INFO: 2024/03/06 20:58:44 REASONCODE: ACTC
INFO: 2024/03/06 20:58:44 DESCRIPTION: Transaction processed successfully
INFO: 2024/03/06 20:58:44 LOCALINSTRUMENT: ICRT
INFO: 2024/03/06 20:58:44 REFERENCEID: IFT303-7528620894604
INFO: 2024/03/06 20:58:44 SENDERBIC: CAMZPHM2XXX
INFO: 2024/03/06 20:58:44 SENDERNAME: PIA CAXANDRA SUNE ARGAÑOSA - Postman
INFO: 2024/03/06 20:58:44 SENDERACCOUNT: 1030000000155536
INFO: 2024/03/06 20:58:44 AMOUNTCURRENCY: PHP
INFO: 2024/03/06 20:58:44 SENDERAMOUNT: 105
INFO: 2024/03/06 20:58:44 RECEIVINGBIC: CBMFPHM1XXX
INFO: 2024/03/06 20:58:44 RECEIVINGNAME: George CBI Postman
INFO: 2024/03/06 20:58:44 RECEIVINGACCOUNT: 1010000002389554
INFO: 2024/03/06 20:58:44 =========================================================================================
2024/03/06 20:58:44 
2024/03/06 20:58:44 
INFO: 2024/03/06 20:58:44                - - - - Trace_Credittransfer - - - -   
INFO: 2024/03/06 20:58:44 Unique-ID: 7aa1751302d7e135ad4266531ec3ae52
INFO: 2024/03/06 20:58:44 DECISIONDATE: 2024-03-06 20:58:44
INFO: 2024/03/06 20:58:44 RESPONSE:  Success  
INFO: 2024/03/06 20:58:44 INSTRUCTION_ID: 20240219CAMZPHM2XXXB00000000008829
INFO: 2024/03/06 20:58:44 TRANSACTIONTYPE: RECEIVING
INFO: 2024/03/06 20:58:44 STATUS: FAILED-RJCT
INFO: 2024/03/06 20:58:44 TRACE_ALERT: MATCH_FINANCIAL_CRIME
INFO: 2024/03/06 20:58:44 TRACE_TYPE: FRAUD
INFO: 2024/03/06 20:58:44 ALERT_TYPE: TRANSACTION_ALERT
INFO: 2024/03/06 20:58:44 FEEDBACK: ACTIONED_MULE
INFO: 2024/03/06 20:58:44 REASONCODE: AC01
INFO: 2024/03/06 20:58:44 DESCRIPTION: Invalid transaction amount
INFO: 2024/03/06 20:58:44 LOCALINSTRUMENT: ICRT
INFO: 2024/03/06 20:58:44 REFERENCEID: IFT548-1316377802124
INFO: 2024/03/06 20:58:44 SENDERBIC: CAMZPHM2XXX
INFO: 2024/03/06 20:58:44 SENDERNAME: PIA CAXANDRA SUNE ARGAÑOSA - Postman
INFO: 2024/03/06 20:58:44 SENDERACCOUNT: 1030000000155536
INFO: 2024/03/06 20:58:44 AMOUNTCURRENCY: PHP
INFO: 2024/03/06 20:58:44 SENDERAMOUNT: 100
INFO: 2024/03/06 20:58:44 RECEIVINGBIC: CBMFPHM1XXX
INFO: 2024/03/06 20:58:44 RECEIVINGNAME: George CBI Postman
INFO: 2024/03/06 20:58:44 RECEIVINGACCOUNT: 1010000002389554
INFO: 2024/03/06 20:58:44 =========================================================================================
2024/03/06 20:58:44 
2024/03/06 20:58:44 
INFO: 2024/03/06 20:58:44                - - - - Trace_Credittransfer - - - -   
INFO: 2024/03/06 20:58:44 Unique-ID: 7aa1751302d7e135ad4266531ec3ae52
INFO: 2024/03/06 20:58:44 DECISIONDATE: 2024-03-06 20:58:44
INFO: 2024/03/06 20:58:44 RESPONSE:  Success  
INFO: 2024/03/06 20:58:44 INSTRUCTION_ID: 20240219CAMZPHM2XXXB00000000006985
INFO: 2024/03/06 20:58:44 TRANSACTIONTYPE: SENDING
INFO: 2024/03/06 20:58:44 STATUS: SUCCESS
INFO: 2024/03/06 20:58:44 TRACE_ALERT: MATCH_FINANCIAL_CRIME
INFO: 2024/03/06 20:58:44 TRACE_TYPE: FRAUD
INFO: 2024/03/06 20:58:44 ALERT_TYPE: TRANSACTION_ALERT
INFO: 2024/03/06 20:58:44 FEEDBACK: ACTIONED_MULE
INFO: 2024/03/06 20:58:44 REASONCODE: ACTC
INFO: 2024/03/06 20:58:44 DESCRIPTION: Transaction processed successfully
INFO: 2024/03/06 20:58:44 LOCALINSTRUMENT: ICRT
INFO: 2024/03/06 20:58:44 REFERENCEID: IFT728-4127686633927
INFO: 2024/03/06 20:58:44 SENDERBIC: CAMZPHM2XXX
INFO: 2024/03/06 20:58:44 SENDERNAME: PIA CAXANDRA SUNE ARGAÑOSA - Postman
INFO: 2024/03/06 20:58:44 SENDERACCOUNT: 1030000000155536
INFO: 2024/03/06 20:58:44 AMOUNTCURRENCY: PHP
INFO: 2024/03/06 20:58:44 SENDERAMOUNT: 109
INFO: 2024/03/06 20:58:44 RECEIVINGBIC: CBMFPHM1XXX
INFO: 2024/03/06 20:58:44 RECEIVINGNAME: George CBI Postman
INFO: 2024/03/06 20:58:44 RECEIVINGACCOUNT: 1010000002389554
INFO: 2024/03/06 20:58:44 =========================================================================================
2024/03/06 20:58:44 
2024/03/06 20:58:44 
INFO: 2024/03/06 20:58:44                - - - - Trace_Credittransfer - - - -   
INFO: 2024/03/06 20:58:44 Unique-ID: 7aa1751302d7e135ad4266531ec3ae52
INFO: 2024/03/06 20:58:44 DECISIONDATE: 2024-03-06 20:58:44
INFO: 2024/03/06 20:58:44 RESPONSE:  Success  
INFO: 2024/03/06 20:58:44 INSTRUCTION_ID: 20240219CAMZPHM2XXXB0000000000580
INFO: 2024/03/06 20:58:44 TRANSACTIONTYPE: SENDING
INFO: 2024/03/06 20:58:44 STATUS: SUCCESS
INFO: 2024/03/06 20:58:44 TRACE_ALERT: MATCH_FINANCIAL_CRIME
INFO: 2024/03/06 20:58:44 TRACE_TYPE: FRAUD
INFO: 2024/03/06 20:58:44 ALERT_TYPE: TRANSACTION_ALERT
INFO: 2024/03/06 20:58:44 FEEDBACK: ACTIONED_MULE
INFO: 2024/03/06 20:58:44 REASONCODE: ACTC
INFO: 2024/03/06 20:58:44 DESCRIPTION: Transaction processed successfully
INFO: 2024/03/06 20:58:44 LOCALINSTRUMENT: ICRT
INFO: 2024/03/06 20:58:44 REFERENCEID: IFT673-1186681441148
INFO: 2024/03/06 20:58:44 SENDERBIC: CAMZPHM2XXX
INFO: 2024/03/06 20:58:44 SENDERNAME: PIA CAXANDRA SUNE ARGAÑOSA - Postman
INFO: 2024/03/06 20:58:44 SENDERACCOUNT: 1030000000155536
INFO: 2024/03/06 20:58:44 AMOUNTCURRENCY: PHP
INFO: 2024/03/06 20:58:44 SENDERAMOUNT: 109
INFO: 2024/03/06 20:58:44 RECEIVINGBIC: CBMFPHM1XXX
INFO: 2024/03/06 20:58:44 RECEIVINGNAME: George CBI Postman
INFO: 2024/03/06 20:58:44 RECEIVINGACCOUNT: 1010000002389554
INFO: 2024/03/06 20:58:44 =========================================================================================
2024/03/06 20:58:44 
2024/03/06 20:58:44 
INFO: 2024/03/06 20:58:44                - - - - Trace_Credittransfer - - - -   
INFO: 2024/03/06 20:58:44 Unique-ID: 7aa1751302d7e135ad4266531ec3ae52
INFO: 2024/03/06 20:58:44 DECISIONDATE: 2024-03-06 20:58:44
INFO: 2024/03/06 20:58:44 RESPONSE:  Success  
INFO: 2024/03/06 20:58:44 INSTRUCTION_ID: 20240219CAMZPHM2XXXB00000000002296
INFO: 2024/03/06 20:58:44 TRANSACTIONTYPE: SENDING
INFO: 2024/03/06 20:58:44 STATUS: SUCCESS
INFO: 2024/03/06 20:58:44 TRACE_ALERT: MATCH_FINANCIAL_CRIME
INFO: 2024/03/06 20:58:44 TRACE_TYPE: FRAUD
INFO: 2024/03/06 20:58:44 ALERT_TYPE: TRANSACTION_ALERT
INFO: 2024/03/06 20:58:44 FEEDBACK: ACTIONED_MULE
INFO: 2024/03/06 20:58:44 REASONCODE: ACTC
INFO: 2024/03/06 20:58:44 DESCRIPTION: Transaction processed successfully
INFO: 2024/03/06 20:58:44 LOCALINSTRUMENT: ICRT
INFO: 2024/03/06 20:58:44 REFERENCEID: IFT782-2536371102244
INFO: 2024/03/06 20:58:44 SENDERBIC: CAMZPHM2XXX
INFO: 2024/03/06 20:58:44 SENDERNAME: CHIENLO MEJIA
INFO: 2024/03/06 20:58:44 SENDERACCOUNT: 1030000000155536
INFO: 2024/03/06 20:58:44 AMOUNTCURRENCY: PHP
INFO: 2024/03/06 20:58:44 SENDERAMOUNT: 109
INFO: 2024/03/06 20:58:44 RECEIVINGBIC: CBMFPHM1XXX
INFO: 2024/03/06 20:58:44 RECEIVINGNAME: RICO VERGARA
INFO: 2024/03/06 20:58:44 RECEIVINGACCOUNT: 1010000002389551
INFO: 2024/03/06 20:58:44 =========================================================================================
2024/03/06 20:58:44 
2024/03/06 20:58:44 
INFO: 2024/03/06 20:58:44                - - - - Trace_Credittransfer - - - -   
INFO: 2024/03/06 20:58:44 Unique-ID: 7aa1751302d7e135ad4266531ec3ae52
INFO: 2024/03/06 20:58:44 DECISIONDATE: 2024-03-06 20:58:44
INFO: 2024/03/06 20:58:44 RESPONSE:  Success  
INFO: 2024/03/06 20:58:44 INSTRUCTION_ID: 20240219CAMZPHM2XXXB00000000006083
INFO: 2024/03/06 20:58:44 TRANSACTIONTYPE: SENDING
INFO: 2024/03/06 20:58:44 STATUS: SUCCESS
INFO: 2024/03/06 20:58:44 TRACE_ALERT: MATCH_FINANCIAL_CRIME
INFO: 2024/03/06 20:58:44 TRACE_TYPE: FRAUD
INFO: 2024/03/06 20:58:44 ALERT_TYPE: TRANSACTION_ALERT
INFO: 2024/03/06 20:58:44 FEEDBACK: ACTIONED_MULE
INFO: 2024/03/06 20:58:44 REASONCODE: ACTC
INFO: 2024/03/06 20:58:44 DESCRIPTION: Transaction processed successfully
INFO: 2024/03/06 20:58:44 LOCALINSTRUMENT: ICRT
INFO: 2024/03/06 20:58:44 REFERENCEID: IFT155-3322596436056
INFO: 2024/03/06 20:58:44 SENDERBIC: CAMZPHM2XXX
INFO: 2024/03/06 20:58:44 SENDERNAME: PIA CAXANDRA SUNE ARGAÑOSA - Postman
INFO: 2024/03/06 20:58:44 SENDERACCOUNT: 1030000000155536
INFO: 2024/03/06 20:58:44 AMOUNTCURRENCY: PHP
INFO: 2024/03/06 20:58:44 SENDERAMOUNT: 109
INFO: 2024/03/06 20:58:44 RECEIVINGBIC: CBMFPHM1XXX
INFO: 2024/03/06 20:58:44 RECEIVINGNAME: George CBI Postman
INFO: 2024/03/06 20:58:44 RECEIVINGACCOUNT: 1010000002389554
INFO: 2024/03/06 20:58:44 =========================================================================================
2024/03/06 20:58:44 
2024/03/06 20:58:44 
INFO: 2024/03/06 20:58:44                - - - - Trace_Credittransfer - - - -   
INFO: 2024/03/06 20:58:44 Unique-ID: 7aa1751302d7e135ad4266531ec3ae52
INFO: 2024/03/06 20:58:44 DECISIONDATE: 2024-03-06 20:58:44
INFO: 2024/03/06 20:58:44 RESPONSE:  Success  
INFO: 2024/03/06 20:58:44 INSTRUCTION_ID: 20240219CAMZPHM2XXXB00000000001269
INFO: 2024/03/06 20:58:44 TRANSACTIONTYPE: SENDING
INFO: 2024/03/06 20:58:44 STATUS: SUCCESS
INFO: 2024/03/06 20:58:44 TRACE_ALERT: MATCH_FINANCIAL_CRIME
INFO: 2024/03/06 20:58:44 TRACE_TYPE: FRAUD
INFO: 2024/03/06 20:58:44 ALERT_TYPE: TRANSACTION_ALERT
INFO: 2024/03/06 20:58:44 FEEDBACK: ACTIONED_MULE
INFO: 2024/03/06 20:58:44 REASONCODE: ACTC
INFO: 2024/03/06 20:58:44 DESCRIPTION: Transaction processed successfully
INFO: 2024/03/06 20:58:44 LOCALINSTRUMENT: ICRT
INFO: 2024/03/06 20:58:44 REFERENCEID: IFT138-9663399492515
INFO: 2024/03/06 20:58:44 SENDERBIC: CAMZPHM2XXX
INFO: 2024/03/06 20:58:44 SENDERNAME: PIA CAXANDRA SUNE ARGAÑOSA - Postman
INFO: 2024/03/06 20:58:44 SENDERACCOUNT: 1030000000155536
INFO: 2024/03/06 20:58:44 AMOUNTCURRENCY: PHP
INFO: 2024/03/06 20:58:44 SENDERAMOUNT: 120
INFO: 2024/03/06 20:58:44 RECEIVINGBIC: CBMFPHM1XXX
INFO: 2024/03/06 20:58:44 RECEIVINGNAME: George CBI Postman
INFO: 2024/03/06 20:58:44 RECEIVINGACCOUNT: 1010000002389554
INFO: 2024/03/06 20:58:44 =========================================================================================
2024/03/06 20:58:44 
2024/03/06 20:58:44 
INFO: 2024/03/06 20:58:44                - - - - Trace_Credittransfer - - - -   
INFO: 2024/03/06 20:58:44 Unique-ID: 7aa1751302d7e135ad4266531ec3ae52
INFO: 2024/03/06 20:58:44 DECISIONDATE: 2024-03-06 20:58:44
INFO: 2024/03/06 20:58:44 RESPONSE:  Success  
INFO: 2024/03/06 20:58:44 INSTRUCTION_ID: 20240219CAMZPHM2XXXB00000000008879
INFO: 2024/03/06 20:58:44 TRANSACTIONTYPE: RECEIVING
INFO: 2024/03/06 20:58:44 STATUS: FAILED-RJCT
INFO: 2024/03/06 20:58:44 TRACE_ALERT: MATCH_FINANCIAL_CRIME
INFO: 2024/03/06 20:58:44 TRACE_TYPE: FRAUD
INFO: 2024/03/06 20:58:44 ALERT_TYPE: TRANSACTION_ALERT
INFO: 2024/03/06 20:58:44 FEEDBACK: ACTIONED_MULE
INFO: 2024/03/06 20:58:44 REASONCODE: AC01
INFO: 2024/03/06 20:58:44 DESCRIPTION: Invalid transaction amount
INFO: 2024/03/06 20:58:44 LOCALINSTRUMENT: ICRT
INFO: 2024/03/06 20:58:44 REFERENCEID: IFT340-5518080519685
INFO: 2024/03/06 20:58:44 SENDERBIC: CAMZPHM2XXX
INFO: 2024/03/06 20:58:44 SENDERNAME: PIA CAXANDRA SUNE ARGAÑOSA - Postman
INFO: 2024/03/06 20:58:44 SENDERACCOUNT: 1030000000155536
INFO: 2024/03/06 20:58:44 AMOUNTCURRENCY: PHP
INFO: 2024/03/06 20:58:44 SENDERAMOUNT: 90
INFO: 2024/03/06 20:58:44 RECEIVINGBIC: CBMFPHM1XXX
INFO: 2024/03/06 20:58:44 RECEIVINGNAME: George CBI Postman
INFO: 2024/03/06 20:58:44 RECEIVINGACCOUNT: 1010000002389554
INFO: 2024/03/06 20:58:44 =========================================================================================
2024/03/06 20:58:44 
