2024/03/25 10:52:07 
INFO: 2024/03/25 10:52:07                - - - - Trace_Credittransfer - - - -   
INFO: 2024/03/25 10:52:07 Unique-ID: 3b1fa684b52221d14adf030de8d5cdb4
INFO: 2024/03/25 10:52:07 DECISIONDATE: 2024-03-25 10:52:06
INFO: 2024/03/25 10:52:07 RESPONSE:  Success  
INFO: 2024/03/25 10:52:07 INSTRUCTION_ID: 20230908CAMZPHM2XXXB00000000002120
INFO: 2024/03/25 10:52:07 TRANSACTIONTYPE: SENDER
INFO: 2024/03/25 10:52:07 STATUS: SUCCESS
INFO: 2024/03/25 10:52:07 TRACE_ALERT: TRACE_FINANCIAL_CRIME
INFO: 2024/03/25 10:52:07 TRACE_TYPE: FRAUD
INFO: 2024/03/25 10:52:07 ALERT_TYPE: NETWORK_ALERT
INFO: 2024/03/25 10:52:07 REASONCODE: NONE
INFO: 2024/03/25 10:52:07 LOCALINSTRUMENT: ICRT
INFO: 2024/03/25 10:52:07 REFERENCEID: IFT56-1694160071150
INFO: 2024/03/25 10:52:07 SENDERBIC: CAMZPHM2XXX
INFO: 2024/03/25 10:52:07 SENDERNAME: Quinta Ben
INFO: 2024/03/25 10:52:07 SENDERACCOUNT: 1030000013856053
INFO: 2024/03/25 10:52:07 AMOUNT: 10
INFO: 2024/03/25 10:52:07 AMOUNTCURRENCY: PHP
INFO: 2024/03/25 10:52:07 RECEIVINGBIC: SRCPPHM2XXX
INFO: 2024/03/25 10:52:07 RECEIVINGNAME: Yen
INFO: 2024/03/25 10:52:07 RECEIVINGACCOUNT: 09176296115
2024/03/25 10:52:07 
2024/03/25 10:52:07 
INFO: 2024/03/25 10:52:07                - - - - Trace_Credittransfer - - - -   
INFO: 2024/03/25 10:52:07 Unique-ID: 3b1fa684b52221d14adf030de8d5cdb4
INFO: 2024/03/25 10:52:07 DECISIONDATE: 2024-03-25 10:52:06
INFO: 2024/03/25 10:52:07 RESPONSE:  Success  
INFO: 2024/03/25 10:52:07 INSTRUCTION_ID: 20231124CAMZPHM2XXXB00000000002773
INFO: 2024/03/25 10:52:07 TRANSACTIONTYPE: SENDER
INFO: 2024/03/25 10:52:07 STATUS: SUCCESS-ACTC
INFO: 2024/03/25 10:52:07 TRACE_ALERT: TRACE_FINANCIAL_CRIME
INFO: 2024/03/25 10:52:07 TRACE_TYPE: FRAUD
INFO: 2024/03/25 10:52:07 ALERT_TYPE: NETWORK_ALERT
INFO: 2024/03/25 10:52:07 REASONCODE: NONE
INFO: 2024/03/25 10:52:07 LOCALINSTRUMENT: ICRT
INFO: 2024/03/25 10:52:07 REFERENCEID: IFT847-1687744873497
INFO: 2024/03/25 10:52:07 SENDERBIC: CAMZPHM2XXX
INFO: 2024/03/25 10:52:07 SENDERNAME: Bernard
INFO: 2024/03/25 10:52:07 SENDERACCOUNT: 1030000000502918
INFO: 2024/03/25 10:52:07 AMOUNT: 60000
INFO: 2024/03/25 10:52:07 AMOUNTCURRENCY: PHP
INFO: 2024/03/25 10:52:07 RECEIVINGBIC: SRCPPHM2XXX
INFO: 2024/03/25 10:52:07 RECEIVINGNAME: George
INFO: 2024/03/25 10:52:07 RECEIVINGACCOUNT: 09176296115
2024/03/25 10:52:07 
