2024/03/07 17:58:02 
INFO: 2024/03/07 17:58:02                - - - - Trace_Credittransfer - - - -   
INFO: 2024/03/07 17:58:02 Unique-ID: 3f5e7d42e560ee0a0ef67bed4064ab7f
INFO: 2024/03/07 17:58:02 DECISIONDATE: 2024-03-07 17:58:02
INFO: 2024/03/07 17:58:02 RESPONSE:  Success  
INFO: 2024/03/07 17:58:02 INSTRUCTION_ID: 20240219CAMZPHM2XXXB00000000008668
INFO: 2024/03/07 17:58:02 TRANSACTIONTYPE: SENDING
INFO: 2024/03/07 17:58:02 STATUS: SUCCESS
INFO: 2024/03/07 17:58:02 TRACE_ALERT: MATCH_FINANCIAL_CRIME
INFO: 2024/03/07 17:58:02 TRACE_TYPE: FRAUD
INFO: 2024/03/07 17:58:02 ALERT_TYPE: TRANSACTION_ALERT
INFO: 2024/03/07 17:58:02 FEEDBACK: ACTIONED_MULE
INFO: 2024/03/07 17:58:02 REASONCODE: ACTC
INFO: 2024/03/07 17:58:02 DESCRIPTION: Transaction processed successfully
INFO: 2024/03/07 17:58:02 LOCALINSTRUMENT: ICRT
INFO: 2024/03/07 17:58:02 REFERENCEID: IFT316-2866936095982
INFO: 2024/03/07 17:58:02 SENDERBIC: CAMZPHM2XXX
INFO: 2024/03/07 17:58:02 SENDERNAME: PIA CAXANDRA SUNE ARGAÑOSA - Postman
INFO: 2024/03/07 17:58:02 SENDERACCOUNT: 1030000000155536
INFO: 2024/03/07 17:58:02 AMOUNTCURRENCY: PHP
INFO: 2024/03/07 17:58:02 SENDERAMOUNT: 105
INFO: 2024/03/07 17:58:02 RECEIVINGBIC: CBMFPHM1XXX
INFO: 2024/03/07 17:58:02 RECEIVINGNAME: George CBI Postman
INFO: 2024/03/07 17:58:02 RECEIVINGACCOUNT: 1010000002389554
INFO: 2024/03/07 17:58:02 =========================================================================================
2024/03/07 17:58:02 
2024/03/07 17:58:02 
INFO: 2024/03/07 17:58:02                - - - - Trace_Credittransfer - - - -   
INFO: 2024/03/07 17:58:02 Unique-ID: 3f5e7d42e560ee0a0ef67bed4064ab7f
INFO: 2024/03/07 17:58:02 DECISIONDATE: 2024-03-07 17:58:02
INFO: 2024/03/07 17:58:02 RESPONSE:  Success  
INFO: 2024/03/07 17:58:02 INSTRUCTION_ID: 20240219CAMZPHM2XXXB00000000008668
INFO: 2024/03/07 17:58:02 TRANSACTIONTYPE: SENDING
INFO: 2024/03/07 17:58:02 STATUS: SUCCESS
INFO: 2024/03/07 17:58:02 TRACE_ALERT: MATCH_FINANCIAL_CRIME
INFO: 2024/03/07 17:58:02 TRACE_TYPE: FRAUD
INFO: 2024/03/07 17:58:02 ALERT_TYPE: TRANSACTION_ALERT
INFO: 2024/03/07 17:58:02 FEEDBACK: ACTIONED_MULE
INFO: 2024/03/07 17:58:02 REASONCODE: ACTC
INFO: 2024/03/07 17:58:02 DESCRIPTION: Transaction processed successfully
INFO: 2024/03/07 17:58:02 LOCALINSTRUMENT: ICRT
INFO: 2024/03/07 17:58:02 REFERENCEID: IFT316-2866936095982
INFO: 2024/03/07 17:58:02 SENDERBIC: CAMZPHM2XXX
INFO: 2024/03/07 17:58:02 SENDERNAME: PIA CAXANDRA SUNE ARGAÑOSA - Postman
INFO: 2024/03/07 17:58:02 SENDERACCOUNT: 1030000000155536
INFO: 2024/03/07 17:58:02 AMOUNTCURRENCY: PHP
INFO: 2024/03/07 17:58:02 SENDERAMOUNT: 105
INFO: 2024/03/07 17:58:02 RECEIVINGBIC: CBMFPHM1XXX
INFO: 2024/03/07 17:58:02 RECEIVINGNAME: George CBI Postman
INFO: 2024/03/07 17:58:02 RECEIVINGACCOUNT: 1010000002389554
INFO: 2024/03/07 17:58:02 =========================================================================================
2024/03/07 17:58:02 
2024/03/07 17:58:02 
INFO: 2024/03/07 17:58:02                - - - - Trace_Credittransfer - - - -   
INFO: 2024/03/07 17:58:02 Unique-ID: 3f5e7d42e560ee0a0ef67bed4064ab7f
INFO: 2024/03/07 17:58:02 DECISIONDATE: 2024-03-07 17:58:02
INFO: 2024/03/07 17:58:02 RESPONSE:  Success  
INFO: 2024/03/07 17:58:02 INSTRUCTION_ID: 20240219CAMZPHM2XXXB00000000008829
INFO: 2024/03/07 17:58:02 TRANSACTIONTYPE: SENDING
INFO: 2024/03/07 17:58:02 STATUS: SUCCESS
INFO: 2024/03/07 17:58:02 TRACE_ALERT: MATCH_FINANCIAL_CRIME
INFO: 2024/03/07 17:58:02 TRACE_TYPE: FRAUD
INFO: 2024/03/07 17:58:02 ALERT_TYPE: TRANSACTION_ALERT
INFO: 2024/03/07 17:58:02 FEEDBACK: ACTIONED_MULE
INFO: 2024/03/07 17:58:02 REASONCODE: ACTC
INFO: 2024/03/07 17:58:02 DESCRIPTION: Transaction processed successfully
INFO: 2024/03/07 17:58:02 LOCALINSTRUMENT: ICRT
INFO: 2024/03/07 17:58:02 REFERENCEID: IFT677-307385779086
INFO: 2024/03/07 17:58:02 SENDERBIC: CAMZPHM2XXX
INFO: 2024/03/07 17:58:02 SENDERNAME: PIA CAXANDRA SUNE ARGAÑOSA - Postman
INFO: 2024/03/07 17:58:02 SENDERACCOUNT: 1030000000155536
INFO: 2024/03/07 17:58:02 AMOUNTCURRENCY: PHP
INFO: 2024/03/07 17:58:02 SENDERAMOUNT: 105
INFO: 2024/03/07 17:58:02 RECEIVINGBIC: CBMFPHM1XXX
INFO: 2024/03/07 17:58:02 RECEIVINGNAME: George CBI Postman
INFO: 2024/03/07 17:58:02 RECEIVINGACCOUNT: 1010000002389554
INFO: 2024/03/07 17:58:02 =========================================================================================
2024/03/07 17:58:02 
2024/03/07 17:58:02 
INFO: 2024/03/07 17:58:02                - - - - Trace_Credittransfer - - - -   
INFO: 2024/03/07 17:58:02 Unique-ID: 3f5e7d42e560ee0a0ef67bed4064ab7f
INFO: 2024/03/07 17:58:02 DECISIONDATE: 2024-03-07 17:58:02
INFO: 2024/03/07 17:58:02 RESPONSE:  Success  
INFO: 2024/03/07 17:58:02 INSTRUCTION_ID: 20240219CAMZPHM2XXXB00000000007672
INFO: 2024/03/07 17:58:02 TRANSACTIONTYPE: SENDING
INFO: 2024/03/07 17:58:02 STATUS: SUCCESS
INFO: 2024/03/07 17:58:02 TRACE_ALERT: MATCH_FINANCIAL_CRIME
INFO: 2024/03/07 17:58:02 TRACE_TYPE: FRAUD
INFO: 2024/03/07 17:58:02 ALERT_TYPE: TRANSACTION_ALERT
INFO: 2024/03/07 17:58:02 FEEDBACK: ACTIONED_MULE
INFO: 2024/03/07 17:58:02 REASONCODE: ACTC
INFO: 2024/03/07 17:58:02 DESCRIPTION: Transaction processed successfully
INFO: 2024/03/07 17:58:02 LOCALINSTRUMENT: ICRT
INFO: 2024/03/07 17:58:02 REFERENCEID: IFT303-7528620894604
INFO: 2024/03/07 17:58:02 SENDERBIC: CAMZPHM2XXX
INFO: 2024/03/07 17:58:02 SENDERNAME: PIA CAXANDRA SUNE ARGAÑOSA - Postman
INFO: 2024/03/07 17:58:02 SENDERACCOUNT: 1030000000155536
INFO: 2024/03/07 17:58:02 AMOUNTCURRENCY: PHP
INFO: 2024/03/07 17:58:02 SENDERAMOUNT: 105
INFO: 2024/03/07 17:58:02 RECEIVINGBIC: CBMFPHM1XXX
INFO: 2024/03/07 17:58:02 RECEIVINGNAME: George CBI Postman
INFO: 2024/03/07 17:58:02 RECEIVINGACCOUNT: 1010000002389554
INFO: 2024/03/07 17:58:02 =========================================================================================
2024/03/07 17:58:02 
2024/03/07 17:58:02 
INFO: 2024/03/07 17:58:02                - - - - Trace_Credittransfer - - - -   
INFO: 2024/03/07 17:58:02 Unique-ID: 3f5e7d42e560ee0a0ef67bed4064ab7f
INFO: 2024/03/07 17:58:02 DECISIONDATE: 2024-03-07 17:58:02
INFO: 2024/03/07 17:58:02 RESPONSE:  Success  
INFO: 2024/03/07 17:58:02 INSTRUCTION_ID: 20240219CAMZPHM2XXXB00000000008829
INFO: 2024/03/07 17:58:02 TRANSACTIONTYPE: RECEIVING
INFO: 2024/03/07 17:58:02 STATUS: FAILED-RJCT
INFO: 2024/03/07 17:58:02 TRACE_ALERT: MATCH_FINANCIAL_CRIME
INFO: 2024/03/07 17:58:02 TRACE_TYPE: FRAUD
INFO: 2024/03/07 17:58:02 ALERT_TYPE: TRANSACTION_ALERT
INFO: 2024/03/07 17:58:02 FEEDBACK: ACTIONED_MULE
INFO: 2024/03/07 17:58:02 REASONCODE: AC01
INFO: 2024/03/07 17:58:02 DESCRIPTION: Invalid transaction amount
INFO: 2024/03/07 17:58:02 LOCALINSTRUMENT: ICRT
INFO: 2024/03/07 17:58:02 REFERENCEID: IFT548-1316377802124
INFO: 2024/03/07 17:58:02 SENDERBIC: CAMZPHM2XXX
INFO: 2024/03/07 17:58:02 SENDERNAME: PIA CAXANDRA SUNE ARGAÑOSA - Postman
INFO: 2024/03/07 17:58:02 SENDERACCOUNT: 1030000000155536
INFO: 2024/03/07 17:58:02 AMOUNTCURRENCY: PHP
INFO: 2024/03/07 17:58:02 SENDERAMOUNT: 100
INFO: 2024/03/07 17:58:02 RECEIVINGBIC: CBMFPHM1XXX
INFO: 2024/03/07 17:58:02 RECEIVINGNAME: George CBI Postman
INFO: 2024/03/07 17:58:02 RECEIVINGACCOUNT: 1010000002389554
INFO: 2024/03/07 17:58:02 =========================================================================================
2024/03/07 17:58:02 
2024/03/07 17:58:02 
INFO: 2024/03/07 17:58:02                - - - - Trace_Credittransfer - - - -   
INFO: 2024/03/07 17:58:02 Unique-ID: 3f5e7d42e560ee0a0ef67bed4064ab7f
INFO: 2024/03/07 17:58:02 DECISIONDATE: 2024-03-07 17:58:02
INFO: 2024/03/07 17:58:02 RESPONSE:  Success  
INFO: 2024/03/07 17:58:02 INSTRUCTION_ID: 20240219CAMZPHM2XXXB00000000006985
INFO: 2024/03/07 17:58:02 TRANSACTIONTYPE: SENDING
INFO: 2024/03/07 17:58:02 STATUS: SUCCESS
INFO: 2024/03/07 17:58:02 TRACE_ALERT: MATCH_FINANCIAL_CRIME
INFO: 2024/03/07 17:58:02 TRACE_TYPE: FRAUD
INFO: 2024/03/07 17:58:02 ALERT_TYPE: TRANSACTION_ALERT
INFO: 2024/03/07 17:58:02 FEEDBACK: ACTIONED_MULE
INFO: 2024/03/07 17:58:02 REASONCODE: ACTC
INFO: 2024/03/07 17:58:02 DESCRIPTION: Transaction processed successfully
INFO: 2024/03/07 17:58:02 LOCALINSTRUMENT: ICRT
INFO: 2024/03/07 17:58:02 REFERENCEID: IFT728-4127686633927
INFO: 2024/03/07 17:58:02 SENDERBIC: CAMZPHM2XXX
INFO: 2024/03/07 17:58:02 SENDERNAME: PIA CAXANDRA SUNE ARGAÑOSA - Postman
INFO: 2024/03/07 17:58:02 SENDERACCOUNT: 1030000000155536
INFO: 2024/03/07 17:58:02 AMOUNTCURRENCY: PHP
INFO: 2024/03/07 17:58:02 SENDERAMOUNT: 109
INFO: 2024/03/07 17:58:02 RECEIVINGBIC: CBMFPHM1XXX
INFO: 2024/03/07 17:58:02 RECEIVINGNAME: George CBI Postman
INFO: 2024/03/07 17:58:02 RECEIVINGACCOUNT: 1010000002389554
INFO: 2024/03/07 17:58:02 =========================================================================================
2024/03/07 17:58:02 
2024/03/07 17:58:02 
INFO: 2024/03/07 17:58:02                - - - - Trace_Credittransfer - - - -   
INFO: 2024/03/07 17:58:02 Unique-ID: 3f5e7d42e560ee0a0ef67bed4064ab7f
INFO: 2024/03/07 17:58:02 DECISIONDATE: 2024-03-07 17:58:02
INFO: 2024/03/07 17:58:02 RESPONSE:  Success  
INFO: 2024/03/07 17:58:02 INSTRUCTION_ID: 20240219CAMZPHM2XXXB0000000000580
INFO: 2024/03/07 17:58:02 TRANSACTIONTYPE: SENDING
INFO: 2024/03/07 17:58:02 STATUS: SUCCESS
INFO: 2024/03/07 17:58:02 TRACE_ALERT: MATCH_FINANCIAL_CRIME
INFO: 2024/03/07 17:58:02 TRACE_TYPE: FRAUD
INFO: 2024/03/07 17:58:02 ALERT_TYPE: TRANSACTION_ALERT
INFO: 2024/03/07 17:58:02 FEEDBACK: ACTIONED_MULE
INFO: 2024/03/07 17:58:02 REASONCODE: ACTC
INFO: 2024/03/07 17:58:02 DESCRIPTION: Transaction processed successfully
INFO: 2024/03/07 17:58:02 LOCALINSTRUMENT: ICRT
INFO: 2024/03/07 17:58:02 REFERENCEID: IFT673-1186681441148
INFO: 2024/03/07 17:58:02 SENDERBIC: CAMZPHM2XXX
INFO: 2024/03/07 17:58:02 SENDERNAME: PIA CAXANDRA SUNE ARGAÑOSA - Postman
INFO: 2024/03/07 17:58:02 SENDERACCOUNT: 1030000000155536
INFO: 2024/03/07 17:58:02 AMOUNTCURRENCY: PHP
INFO: 2024/03/07 17:58:02 SENDERAMOUNT: 109
INFO: 2024/03/07 17:58:02 RECEIVINGBIC: CBMFPHM1XXX
INFO: 2024/03/07 17:58:02 RECEIVINGNAME: George CBI Postman
INFO: 2024/03/07 17:58:02 RECEIVINGACCOUNT: 1010000002389554
INFO: 2024/03/07 17:58:02 =========================================================================================
2024/03/07 17:58:02 
2024/03/07 17:58:02 
INFO: 2024/03/07 17:58:02                - - - - Trace_Credittransfer - - - -   
INFO: 2024/03/07 17:58:02 Unique-ID: 3f5e7d42e560ee0a0ef67bed4064ab7f
INFO: 2024/03/07 17:58:02 DECISIONDATE: 2024-03-07 17:58:02
INFO: 2024/03/07 17:58:02 RESPONSE:  Success  
INFO: 2024/03/07 17:58:02 INSTRUCTION_ID: 20240219CAMZPHM2XXXB00000000002296
INFO: 2024/03/07 17:58:02 TRANSACTIONTYPE: SENDING
INFO: 2024/03/07 17:58:02 STATUS: SUCCESS
INFO: 2024/03/07 17:58:02 TRACE_ALERT: MATCH_FINANCIAL_CRIME
INFO: 2024/03/07 17:58:02 TRACE_TYPE: FRAUD
INFO: 2024/03/07 17:58:02 ALERT_TYPE: TRANSACTION_ALERT
INFO: 2024/03/07 17:58:02 FEEDBACK: ACTIONED_MULE
INFO: 2024/03/07 17:58:02 REASONCODE: ACTC
INFO: 2024/03/07 17:58:02 DESCRIPTION: Transaction processed successfully
INFO: 2024/03/07 17:58:02 LOCALINSTRUMENT: ICRT
INFO: 2024/03/07 17:58:02 REFERENCEID: IFT782-2536371102244
INFO: 2024/03/07 17:58:02 SENDERBIC: CAMZPHM2XXX
INFO: 2024/03/07 17:58:02 SENDERNAME: CHIENLO MEJIA
INFO: 2024/03/07 17:58:02 SENDERACCOUNT: 1030000000155536
INFO: 2024/03/07 17:58:02 AMOUNTCURRENCY: PHP
INFO: 2024/03/07 17:58:02 SENDERAMOUNT: 109
INFO: 2024/03/07 17:58:02 RECEIVINGBIC: CBMFPHM1XXX
INFO: 2024/03/07 17:58:02 RECEIVINGNAME: RICO VERGARA
INFO: 2024/03/07 17:58:02 RECEIVINGACCOUNT: 1010000002389551
INFO: 2024/03/07 17:58:02 =========================================================================================
2024/03/07 17:58:02 
2024/03/07 17:58:02 
INFO: 2024/03/07 17:58:02                - - - - Trace_Credittransfer - - - -   
INFO: 2024/03/07 17:58:02 Unique-ID: 3f5e7d42e560ee0a0ef67bed4064ab7f
INFO: 2024/03/07 17:58:02 DECISIONDATE: 2024-03-07 17:58:02
INFO: 2024/03/07 17:58:02 RESPONSE:  Success  
INFO: 2024/03/07 17:58:02 INSTRUCTION_ID: 20240219CAMZPHM2XXXB00000000006083
INFO: 2024/03/07 17:58:02 TRANSACTIONTYPE: SENDING
INFO: 2024/03/07 17:58:02 STATUS: SUCCESS
INFO: 2024/03/07 17:58:02 TRACE_ALERT: MATCH_FINANCIAL_CRIME
INFO: 2024/03/07 17:58:02 TRACE_TYPE: FRAUD
INFO: 2024/03/07 17:58:02 ALERT_TYPE: TRANSACTION_ALERT
INFO: 2024/03/07 17:58:02 FEEDBACK: ACTIONED_MULE
INFO: 2024/03/07 17:58:02 REASONCODE: ACTC
INFO: 2024/03/07 17:58:02 DESCRIPTION: Transaction processed successfully
INFO: 2024/03/07 17:58:02 LOCALINSTRUMENT: ICRT
INFO: 2024/03/07 17:58:02 REFERENCEID: IFT155-3322596436056
INFO: 2024/03/07 17:58:02 SENDERBIC: CAMZPHM2XXX
INFO: 2024/03/07 17:58:02 SENDERNAME: PIA CAXANDRA SUNE ARGAÑOSA - Postman
INFO: 2024/03/07 17:58:02 SENDERACCOUNT: 1030000000155536
INFO: 2024/03/07 17:58:02 AMOUNTCURRENCY: PHP
INFO: 2024/03/07 17:58:02 SENDERAMOUNT: 109
INFO: 2024/03/07 17:58:02 RECEIVINGBIC: CBMFPHM1XXX
INFO: 2024/03/07 17:58:02 RECEIVINGNAME: George CBI Postman
INFO: 2024/03/07 17:58:02 RECEIVINGACCOUNT: 1010000002389554
INFO: 2024/03/07 17:58:02 =========================================================================================
2024/03/07 17:58:02 
2024/03/07 17:58:02 
INFO: 2024/03/07 17:58:02                - - - - Trace_Credittransfer - - - -   
INFO: 2024/03/07 17:58:02 Unique-ID: 3f5e7d42e560ee0a0ef67bed4064ab7f
INFO: 2024/03/07 17:58:02 DECISIONDATE: 2024-03-07 17:58:02
INFO: 2024/03/07 17:58:02 RESPONSE:  Success  
INFO: 2024/03/07 17:58:02 INSTRUCTION_ID: 20240219CAMZPHM2XXXB00000000001269
INFO: 2024/03/07 17:58:02 TRANSACTIONTYPE: SENDING
INFO: 2024/03/07 17:58:02 STATUS: SUCCESS
INFO: 2024/03/07 17:58:02 TRACE_ALERT: MATCH_FINANCIAL_CRIME
INFO: 2024/03/07 17:58:02 TRACE_TYPE: FRAUD
INFO: 2024/03/07 17:58:02 ALERT_TYPE: TRANSACTION_ALERT
INFO: 2024/03/07 17:58:02 FEEDBACK: ACTIONED_MULE
INFO: 2024/03/07 17:58:02 REASONCODE: ACTC
INFO: 2024/03/07 17:58:02 DESCRIPTION: Transaction processed successfully
INFO: 2024/03/07 17:58:02 LOCALINSTRUMENT: ICRT
INFO: 2024/03/07 17:58:02 REFERENCEID: IFT138-9663399492515
INFO: 2024/03/07 17:58:02 SENDERBIC: CAMZPHM2XXX
INFO: 2024/03/07 17:58:02 SENDERNAME: PIA CAXANDRA SUNE ARGAÑOSA - Postman
INFO: 2024/03/07 17:58:02 SENDERACCOUNT: 1030000000155536
INFO: 2024/03/07 17:58:02 AMOUNTCURRENCY: PHP
INFO: 2024/03/07 17:58:02 SENDERAMOUNT: 120
INFO: 2024/03/07 17:58:02 RECEIVINGBIC: CBMFPHM1XXX
INFO: 2024/03/07 17:58:02 RECEIVINGNAME: George CBI Postman
INFO: 2024/03/07 17:58:02 RECEIVINGACCOUNT: 1010000002389554
INFO: 2024/03/07 17:58:02 =========================================================================================
2024/03/07 17:58:02 
2024/03/07 17:58:02 
INFO: 2024/03/07 17:58:02                - - - - Trace_Credittransfer - - - -   
INFO: 2024/03/07 17:58:02 Unique-ID: 3f5e7d42e560ee0a0ef67bed4064ab7f
INFO: 2024/03/07 17:58:02 DECISIONDATE: 2024-03-07 17:58:02
INFO: 2024/03/07 17:58:02 RESPONSE:  Success  
INFO: 2024/03/07 17:58:02 INSTRUCTION_ID: 20240219CAMZPHM2XXXB00000000008879
INFO: 2024/03/07 17:58:02 TRANSACTIONTYPE: RECEIVING
INFO: 2024/03/07 17:58:02 STATUS: FAILED-RJCT
INFO: 2024/03/07 17:58:02 TRACE_ALERT: MATCH_FINANCIAL_CRIME
INFO: 2024/03/07 17:58:02 TRACE_TYPE: FRAUD
INFO: 2024/03/07 17:58:02 ALERT_TYPE: TRANSACTION_ALERT
INFO: 2024/03/07 17:58:02 FEEDBACK: ACTIONED_MULE
INFO: 2024/03/07 17:58:02 REASONCODE: AC01
INFO: 2024/03/07 17:58:02 DESCRIPTION: Invalid transaction amount
INFO: 2024/03/07 17:58:02 LOCALINSTRUMENT: ICRT
INFO: 2024/03/07 17:58:02 REFERENCEID: IFT340-5518080519685
INFO: 2024/03/07 17:58:02 SENDERBIC: CAMZPHM2XXX
INFO: 2024/03/07 17:58:02 SENDERNAME: PIA CAXANDRA SUNE ARGAÑOSA - Postman
INFO: 2024/03/07 17:58:02 SENDERACCOUNT: 1030000000155536
INFO: 2024/03/07 17:58:02 AMOUNTCURRENCY: PHP
INFO: 2024/03/07 17:58:02 SENDERAMOUNT: 90
INFO: 2024/03/07 17:58:02 RECEIVINGBIC: CBMFPHM1XXX
INFO: 2024/03/07 17:58:02 RECEIVINGNAME: George CBI Postman
INFO: 2024/03/07 17:58:02 RECEIVINGACCOUNT: 1010000002389554
INFO: 2024/03/07 17:58:02 =========================================================================================
2024/03/07 17:58:02 
2024/03/07 17:58:21 
INFO: 2024/03/07 17:58:21                - - - - Trace_Credittransfer - - - -   
INFO: 2024/03/07 17:58:21 Unique-ID: dbc3fd79f1a2199e38f9ba8e50eccd3b
INFO: 2024/03/07 17:58:21 DECISIONDATE: 2024-03-07 17:58:21
INFO: 2024/03/07 17:58:21 RESPONSE:  Success  
INFO: 2024/03/07 17:58:21 INSTRUCTION_ID: 20240219CAMZPHM2XXXB00000000008668
INFO: 2024/03/07 17:58:21 TRANSACTIONTYPE: SENDING
INFO: 2024/03/07 17:58:21 STATUS: SUCCESS
INFO: 2024/03/07 17:58:21 TRACE_ALERT: ALERT_FINANCIAL_CRIME
INFO: 2024/03/07 17:58:21 TRACE_TYPE: FRAUD
INFO: 2024/03/07 17:58:21 ALERT_TYPE: ACCOUNT_ALERT
INFO: 2024/03/07 17:58:21 FEEDBACK: ACTIONED_MULE
INFO: 2024/03/07 17:58:21 REASONCODE: ACTC
INFO: 2024/03/07 17:58:21 DESCRIPTION: Transaction processed successfully
INFO: 2024/03/07 17:58:21 LOCALINSTRUMENT: ICRT
INFO: 2024/03/07 17:58:21 REFERENCEID: IFT316-2866936095982
INFO: 2024/03/07 17:58:21 SENDERBIC: CAMZPHM2XXX
INFO: 2024/03/07 17:58:21 SENDERNAME: PIA CAXANDRA SUNE ARGAÑOSA - Postman
INFO: 2024/03/07 17:58:21 SENDERACCOUNT: 1030000000155536
INFO: 2024/03/07 17:58:21 AMOUNTCURRENCY: PHP
INFO: 2024/03/07 17:58:21 SENDERAMOUNT: 105
INFO: 2024/03/07 17:58:21 RECEIVINGBIC: CBMFPHM1XXX
INFO: 2024/03/07 17:58:21 RECEIVINGNAME: George CBI Postman
INFO: 2024/03/07 17:58:21 RECEIVINGACCOUNT: 1010000002389554
INFO: 2024/03/07 17:58:21 =========================================================================================
2024/03/07 17:58:21 
2024/03/07 17:58:21 
INFO: 2024/03/07 17:58:21                - - - - Trace_Credittransfer - - - -   
INFO: 2024/03/07 17:58:21 Unique-ID: dbc3fd79f1a2199e38f9ba8e50eccd3b
INFO: 2024/03/07 17:58:21 DECISIONDATE: 2024-03-07 17:58:21
INFO: 2024/03/07 17:58:21 RESPONSE:  Success  
INFO: 2024/03/07 17:58:21 INSTRUCTION_ID: 20240219CAMZPHM2XXXB00000000008668
INFO: 2024/03/07 17:58:21 TRANSACTIONTYPE: SENDING
INFO: 2024/03/07 17:58:21 STATUS: SUCCESS
INFO: 2024/03/07 17:58:21 TRACE_ALERT: ALERT_FINANCIAL_CRIME
INFO: 2024/03/07 17:58:21 TRACE_TYPE: FRAUD
INFO: 2024/03/07 17:58:21 ALERT_TYPE: ACCOUNT_ALERT
INFO: 2024/03/07 17:58:21 FEEDBACK: ACTIONED_MULE
INFO: 2024/03/07 17:58:21 REASONCODE: ACTC
INFO: 2024/03/07 17:58:21 DESCRIPTION: Transaction processed successfully
INFO: 2024/03/07 17:58:21 LOCALINSTRUMENT: ICRT
INFO: 2024/03/07 17:58:21 REFERENCEID: IFT316-2866936095982
INFO: 2024/03/07 17:58:21 SENDERBIC: CAMZPHM2XXX
INFO: 2024/03/07 17:58:21 SENDERNAME: PIA CAXANDRA SUNE ARGAÑOSA - Postman
INFO: 2024/03/07 17:58:21 SENDERACCOUNT: 1030000000155536
INFO: 2024/03/07 17:58:21 AMOUNTCURRENCY: PHP
INFO: 2024/03/07 17:58:21 SENDERAMOUNT: 105
INFO: 2024/03/07 17:58:21 RECEIVINGBIC: CBMFPHM1XXX
INFO: 2024/03/07 17:58:21 RECEIVINGNAME: George CBI Postman
INFO: 2024/03/07 17:58:21 RECEIVINGACCOUNT: 1010000002389554
INFO: 2024/03/07 17:58:21 =========================================================================================
2024/03/07 17:58:21 
2024/03/07 17:58:26 
INFO: 2024/03/07 17:58:26                - - - - Trace_Credittransfer - - - -   
INFO: 2024/03/07 17:58:26 Unique-ID: 3562a587fd7390f5b6a543574e5c9d84
INFO: 2024/03/07 17:58:26 DECISIONDATE: 2024-03-07 17:58:26
INFO: 2024/03/07 17:58:26 RESPONSE:  Success  
INFO: 2024/03/07 17:58:26 INSTRUCTION_ID: 20240219CAMZPHM2XXXB00000000008170
INFO: 2024/03/07 17:58:26 TRANSACTIONTYPE: RECEIVING
INFO: 2024/03/07 17:58:26 STATUS: FAILED-RJCT
INFO: 2024/03/07 17:58:26 TRACE_ALERT: TRACE_FINANCIAL_CRIME
INFO: 2024/03/07 17:58:26 TRACE_TYPE: FRAUD
INFO: 2024/03/07 17:58:26 ALERT_TYPE: NETWORK_ALERT
INFO: 2024/03/07 17:58:26 FEEDBACK: ACTIONED_MULE
INFO: 2024/03/07 17:58:26 REASONCODE: AC01
INFO: 2024/03/07 17:58:26 DESCRIPTION: Invalid transaction amount
INFO: 2024/03/07 17:58:26 LOCALINSTRUMENT: ICRT
INFO: 2024/03/07 17:58:26 REFERENCEID: IFT25-1000636444758
INFO: 2024/03/07 17:58:26 SENDERBIC: CAMZPHM2XXX
INFO: 2024/03/07 17:58:26 SENDERNAME: PIA CAXANDRA SUNE ARGAÑOSA
INFO: 2024/03/07 17:58:26 SENDERACCOUNT: 1030000000155500
INFO: 2024/03/07 17:58:26 AMOUNTCURRENCY: PHP
INFO: 2024/03/07 17:58:26 SENDERAMOUNT: 90
INFO: 2024/03/07 17:58:26 RECEIVINGBIC: CBMFPHM1XXX
INFO: 2024/03/07 17:58:26 RECEIVINGNAME: George
INFO: 2024/03/07 17:58:26 RECEIVINGACCOUNT: 1010000002389500
INFO: 2024/03/07 17:58:26 =========================================================================================
2024/03/07 17:58:26 
2024/03/07 17:58:26 
INFO: 2024/03/07 17:58:26                - - - - Trace_Credittransfer - - - -   
INFO: 2024/03/07 17:58:26 Unique-ID: 3562a587fd7390f5b6a543574e5c9d84
INFO: 2024/03/07 17:58:26 DECISIONDATE: 2024-03-07 17:58:26
INFO: 2024/03/07 17:58:26 RESPONSE:  Success  
INFO: 2024/03/07 17:58:26 INSTRUCTION_ID: 20240219CAMZPHM2XXXB00000000002973
INFO: 2024/03/07 17:58:26 TRANSACTIONTYPE: SENDING
INFO: 2024/03/07 17:58:26 STATUS: SUCCESS
INFO: 2024/03/07 17:58:26 TRACE_ALERT: TRACE_FINANCIAL_CRIME
INFO: 2024/03/07 17:58:26 TRACE_TYPE: FRAUD
INFO: 2024/03/07 17:58:26 ALERT_TYPE: NETWORK_ALERT
INFO: 2024/03/07 17:58:26 FEEDBACK: ACTIONED_MULE
INFO: 2024/03/07 17:58:26 REASONCODE: ACTC
INFO: 2024/03/07 17:58:26 DESCRIPTION: Transaction processed successfully
INFO: 2024/03/07 17:58:26 LOCALINSTRUMENT: ICRT
INFO: 2024/03/07 17:58:26 REFERENCEID: IFT328-2244791150150
INFO: 2024/03/07 17:58:26 SENDERBIC: CAMZPHM2XXX
INFO: 2024/03/07 17:58:26 SENDERNAME: PIA CAXANDRA SUNE ARGAÑOSA
INFO: 2024/03/07 17:58:26 SENDERACCOUNT: 1030000000155504
INFO: 2024/03/07 17:58:26 AMOUNTCURRENCY: PHP
INFO: 2024/03/07 17:58:26 SENDERAMOUNT: 700000
INFO: 2024/03/07 17:58:26 RECEIVINGBIC: CBMFPHM1XXX
INFO: 2024/03/07 17:58:26 RECEIVINGNAME: George
INFO: 2024/03/07 17:58:26 RECEIVINGACCOUNT: 1010000002389509
INFO: 2024/03/07 17:58:26 =========================================================================================
2024/03/07 17:58:26 
2024/03/07 18:11:48 
INFO: 2024/03/07 18:11:48                - - - - Trace_Credittransfer - - - -   
INFO: 2024/03/07 18:11:48 Unique-ID: 5392fa79a96941040da5eeb48d58ea19
INFO: 2024/03/07 18:11:48 DECISIONDATE: 2024-03-07 18:11:48
INFO: 2024/03/07 18:11:48 RESPONSE:  Success  
INFO: 2024/03/07 18:11:48 INSTRUCTION_ID: 20240219CAMZPHM2XXXB00000000008668
INFO: 2024/03/07 18:11:48 TRANSACTIONTYPE: SENDING
INFO: 2024/03/07 18:11:48 STATUS: SUCCESS
INFO: 2024/03/07 18:11:48 TRACE_ALERT: ALERT_FINANCIAL_CRIME
INFO: 2024/03/07 18:11:48 TRACE_TYPE: FRAUD
INFO: 2024/03/07 18:11:48 ALERT_TYPE: ACCOUNT_ALERT
INFO: 2024/03/07 18:11:48 FEEDBACK: ACTIONED_MULE
INFO: 2024/03/07 18:11:48 REASONCODE: ACTC
INFO: 2024/03/07 18:11:48 DESCRIPTION: Transaction processed successfully
INFO: 2024/03/07 18:11:48 LOCALINSTRUMENT: ICRT
INFO: 2024/03/07 18:11:48 REFERENCEID: IFT316-2866936095982
INFO: 2024/03/07 18:11:48 SENDERBIC: CAMZPHM2XXX
INFO: 2024/03/07 18:11:48 SENDERNAME: PIA CAXANDRA SUNE ARGAÑOSA - Postman
INFO: 2024/03/07 18:11:48 SENDERACCOUNT: 1030000000155536
INFO: 2024/03/07 18:11:48 AMOUNTCURRENCY: PHP
INFO: 2024/03/07 18:11:48 SENDERAMOUNT: 105
INFO: 2024/03/07 18:11:48 RECEIVINGBIC: CBMFPHM1XXX
INFO: 2024/03/07 18:11:48 RECEIVINGNAME: George CBI Postman
INFO: 2024/03/07 18:11:48 RECEIVINGACCOUNT: 1010000002389554
2024/03/07 18:11:48 
2024/03/07 18:11:49 
INFO: 2024/03/07 18:11:49                - - - - Trace_Credittransfer - - - -   
INFO: 2024/03/07 18:11:49 Unique-ID: 5392fa79a96941040da5eeb48d58ea19
INFO: 2024/03/07 18:11:49 DECISIONDATE: 2024-03-07 18:11:48
INFO: 2024/03/07 18:11:49 RESPONSE:  Success  
INFO: 2024/03/07 18:11:49 INSTRUCTION_ID: 20240219CAMZPHM2XXXB00000000008668
INFO: 2024/03/07 18:11:49 TRANSACTIONTYPE: SENDING
INFO: 2024/03/07 18:11:49 STATUS: SUCCESS
INFO: 2024/03/07 18:11:49 TRACE_ALERT: ALERT_FINANCIAL_CRIME
INFO: 2024/03/07 18:11:49 TRACE_TYPE: FRAUD
INFO: 2024/03/07 18:11:49 ALERT_TYPE: ACCOUNT_ALERT
INFO: 2024/03/07 18:11:49 FEEDBACK: ACTIONED_MULE
INFO: 2024/03/07 18:11:49 REASONCODE: ACTC
INFO: 2024/03/07 18:11:49 DESCRIPTION: Transaction processed successfully
INFO: 2024/03/07 18:11:49 LOCALINSTRUMENT: ICRT
INFO: 2024/03/07 18:11:49 REFERENCEID: IFT316-2866936095982
INFO: 2024/03/07 18:11:49 SENDERBIC: CAMZPHM2XXX
INFO: 2024/03/07 18:11:49 SENDERNAME: PIA CAXANDRA SUNE ARGAÑOSA - Postman
INFO: 2024/03/07 18:11:49 SENDERACCOUNT: 1030000000155536
INFO: 2024/03/07 18:11:49 AMOUNTCURRENCY: PHP
INFO: 2024/03/07 18:11:49 SENDERAMOUNT: 105
INFO: 2024/03/07 18:11:49 RECEIVINGBIC: CBMFPHM1XXX
INFO: 2024/03/07 18:11:49 RECEIVINGNAME: George CBI Postman
INFO: 2024/03/07 18:11:49 RECEIVINGACCOUNT: 1010000002389554
2024/03/07 18:11:49 
2024/03/07 20:10:11 
INFO: 2024/03/07 20:10:11                - - - - Trace_Credittransfer - - - -   
INFO: 2024/03/07 20:10:11 Unique-ID: af39f24cfd431853559191a40ce5971a
INFO: 2024/03/07 20:10:11 DECISIONDATE: 2024-03-07 20:10:11
INFO: 2024/03/07 20:10:11 RESPONSE:  Success  
INFO: 2024/03/07 20:10:11 INSTRUCTION_ID: 20240219CAMZPHM2XXXB00000000008170
INFO: 2024/03/07 20:10:11 TRANSACTIONTYPE: RECEIVING
INFO: 2024/03/07 20:10:11 STATUS: FAILED-RJCT
INFO: 2024/03/07 20:10:11 TRACE_ALERT: TRACE_FINANCIAL_CRIME
INFO: 2024/03/07 20:10:11 TRACE_TYPE: FRAUD
INFO: 2024/03/07 20:10:11 ALERT_TYPE: NETWORK_ALERT
INFO: 2024/03/07 20:10:11 FEEDBACK: ACTIONED_MULE
INFO: 2024/03/07 20:10:11 REASONCODE: AC01
INFO: 2024/03/07 20:10:11 DESCRIPTION: Invalid transaction amount
INFO: 2024/03/07 20:10:11 LOCALINSTRUMENT: ICRT
INFO: 2024/03/07 20:10:11 REFERENCEID: IFT25-1000636444758
INFO: 2024/03/07 20:10:11 SENDERBIC: CAMZPHM2XXX
INFO: 2024/03/07 20:10:11 SENDERNAME: PIA CAXANDRA SUNE ARGAÑOSA
INFO: 2024/03/07 20:10:11 SENDERACCOUNT: 1030000000155500
INFO: 2024/03/07 20:10:11 AMOUNTCURRENCY: PHP
INFO: 2024/03/07 20:10:11 SENDERAMOUNT: 90
INFO: 2024/03/07 20:10:11 RECEIVINGBIC: CBMFPHM1XXX
INFO: 2024/03/07 20:10:11 RECEIVINGNAME: George
INFO: 2024/03/07 20:10:11 RECEIVINGACCOUNT: 1010000002389500
2024/03/07 20:10:11 
2024/03/07 20:10:11 
INFO: 2024/03/07 20:10:11                - - - - Trace_Credittransfer - - - -   
INFO: 2024/03/07 20:10:11 Unique-ID: af39f24cfd431853559191a40ce5971a
INFO: 2024/03/07 20:10:11 DECISIONDATE: 2024-03-07 20:10:11
INFO: 2024/03/07 20:10:11 RESPONSE:  Success  
INFO: 2024/03/07 20:10:11 INSTRUCTION_ID: 20240219CAMZPHM2XXXB00000000002973
INFO: 2024/03/07 20:10:11 TRANSACTIONTYPE: SENDING
INFO: 2024/03/07 20:10:11 STATUS: SUCCESS
INFO: 2024/03/07 20:10:11 TRACE_ALERT: TRACE_FINANCIAL_CRIME
INFO: 2024/03/07 20:10:11 TRACE_TYPE: FRAUD
INFO: 2024/03/07 20:10:11 ALERT_TYPE: NETWORK_ALERT
INFO: 2024/03/07 20:10:11 FEEDBACK: ACTIONED_MULE
INFO: 2024/03/07 20:10:11 REASONCODE: ACTC
INFO: 2024/03/07 20:10:11 DESCRIPTION: Transaction processed successfully
INFO: 2024/03/07 20:10:11 LOCALINSTRUMENT: ICRT
INFO: 2024/03/07 20:10:11 REFERENCEID: IFT328-2244791150150
INFO: 2024/03/07 20:10:11 SENDERBIC: CAMZPHM2XXX
INFO: 2024/03/07 20:10:11 SENDERNAME: PIA CAXANDRA SUNE ARGAÑOSA
INFO: 2024/03/07 20:10:11 SENDERACCOUNT: 1030000000155504
INFO: 2024/03/07 20:10:11 AMOUNTCURRENCY: PHP
INFO: 2024/03/07 20:10:11 SENDERAMOUNT: 700000
INFO: 2024/03/07 20:10:11 RECEIVINGBIC: CBMFPHM1XXX
INFO: 2024/03/07 20:10:11 RECEIVINGNAME: George
INFO: 2024/03/07 20:10:11 RECEIVINGACCOUNT: 1010000002389509
2024/03/07 20:10:11 
2024/03/07 20:12:02 
INFO: 2024/03/07 20:12:02                - - - - Trace_Credittransfer - - - -   
INFO: 2024/03/07 20:12:02 Unique-ID: 973aed8eb19e3ee1a3644d022259f60b
INFO: 2024/03/07 20:12:02 DECISIONDATE: 2024-03-07 20:12:02
INFO: 2024/03/07 20:12:02 RESPONSE:  Success  
INFO: 2024/03/07 20:12:02 INSTRUCTION_ID: 20240219CAMZPHM2XXXB00000000008170
INFO: 2024/03/07 20:12:02 TRANSACTIONTYPE: RECEIVING
INFO: 2024/03/07 20:12:02 STATUS: FAILED-RJCT
INFO: 2024/03/07 20:12:02 TRACE_ALERT: TRACE_FINANCIAL_CRIME
INFO: 2024/03/07 20:12:02 TRACE_TYPE: FRAUD
INFO: 2024/03/07 20:12:02 ALERT_TYPE: NETWORK_ALERT
INFO: 2024/03/07 20:12:02 FEEDBACK: ACTIONED_MULE
INFO: 2024/03/07 20:12:02 REASONCODE: AC01
INFO: 2024/03/07 20:12:02 DESCRIPTION: Invalid transaction amount
INFO: 2024/03/07 20:12:02 LOCALINSTRUMENT: ICRT
INFO: 2024/03/07 20:12:02 REFERENCEID: IFT25-1000636444758
INFO: 2024/03/07 20:12:02 SENDERBIC: CAMZPHM2XXX
INFO: 2024/03/07 20:12:02 SENDERNAME: PIA CAXANDRA SUNE ARGAÑOSA
INFO: 2024/03/07 20:12:02 SENDERACCOUNT: 1030000000155500
INFO: 2024/03/07 20:12:02 AMOUNTCURRENCY: PHP
INFO: 2024/03/07 20:12:02 SENDERAMOUNT: 90
INFO: 2024/03/07 20:12:02 RECEIVINGBIC: CBMFPHM1XXX
INFO: 2024/03/07 20:12:02 RECEIVINGNAME: George
INFO: 2024/03/07 20:12:02 RECEIVINGACCOUNT: 1010000002389500
2024/03/07 20:12:02 
2024/03/07 20:12:02 
INFO: 2024/03/07 20:12:02                - - - - Trace_Credittransfer - - - -   
INFO: 2024/03/07 20:12:02 Unique-ID: 973aed8eb19e3ee1a3644d022259f60b
INFO: 2024/03/07 20:12:02 DECISIONDATE: 2024-03-07 20:12:02
INFO: 2024/03/07 20:12:02 RESPONSE:  Success  
INFO: 2024/03/07 20:12:02 INSTRUCTION_ID: 20240219CAMZPHM2XXXB00000000002973
INFO: 2024/03/07 20:12:02 TRANSACTIONTYPE: SENDING
INFO: 2024/03/07 20:12:02 STATUS: SUCCESS
INFO: 2024/03/07 20:12:02 TRACE_ALERT: TRACE_FINANCIAL_CRIME
INFO: 2024/03/07 20:12:02 TRACE_TYPE: FRAUD
INFO: 2024/03/07 20:12:02 ALERT_TYPE: NETWORK_ALERT
INFO: 2024/03/07 20:12:02 FEEDBACK: ACTIONED_MULE
INFO: 2024/03/07 20:12:02 REASONCODE: ACTC
INFO: 2024/03/07 20:12:02 DESCRIPTION: Transaction processed successfully
INFO: 2024/03/07 20:12:02 LOCALINSTRUMENT: ICRT
INFO: 2024/03/07 20:12:02 REFERENCEID: IFT328-2244791150150
INFO: 2024/03/07 20:12:02 SENDERBIC: CAMZPHM2XXX
INFO: 2024/03/07 20:12:02 SENDERNAME: PIA CAXANDRA SUNE ARGAÑOSA
INFO: 2024/03/07 20:12:02 SENDERACCOUNT: 1030000000155504
INFO: 2024/03/07 20:12:02 AMOUNTCURRENCY: PHP
INFO: 2024/03/07 20:12:02 SENDERAMOUNT: 700000
INFO: 2024/03/07 20:12:02 RECEIVINGBIC: CBMFPHM1XXX
INFO: 2024/03/07 20:12:02 RECEIVINGNAME: George
INFO: 2024/03/07 20:12:02 RECEIVINGACCOUNT: 1010000002389509
2024/03/07 20:12:02 
2024/03/07 20:12:11 
INFO: 2024/03/07 20:12:11                - - - - Trace_Credittransfer - - - -   
INFO: 2024/03/07 20:12:11 Unique-ID: 6a00383445edc57cd4d8ea4004d177ea
INFO: 2024/03/07 20:12:11 DECISIONDATE: 2024-03-07 20:12:11
INFO: 2024/03/07 20:12:11 RESPONSE:  Success  
INFO: 2024/03/07 20:12:11 INSTRUCTION_ID: 20240219CAMZPHM2XXXB00000000008170
INFO: 2024/03/07 20:12:11 TRANSACTIONTYPE: RECEIVING
INFO: 2024/03/07 20:12:11 STATUS: FAILED-RJCT
INFO: 2024/03/07 20:12:11 TRACE_ALERT: TRACE_FINANCIAL_CRIME
INFO: 2024/03/07 20:12:11 TRACE_TYPE: FRAUD
INFO: 2024/03/07 20:12:11 ALERT_TYPE: NETWORK_ALERT
INFO: 2024/03/07 20:12:11 FEEDBACK: ACTIONED_MULE
INFO: 2024/03/07 20:12:11 REASONCODE: AC01
INFO: 2024/03/07 20:12:11 DESCRIPTION: Invalid transaction amount
INFO: 2024/03/07 20:12:11 LOCALINSTRUMENT: ICRT
INFO: 2024/03/07 20:12:11 REFERENCEID: IFT25-1000636444758
INFO: 2024/03/07 20:12:11 SENDERBIC: CAMZPHM2XXX
INFO: 2024/03/07 20:12:11 SENDERNAME: PIA CAXANDRA SUNE ARGAÑOSA
INFO: 2024/03/07 20:12:11 SENDERACCOUNT: 1030000000155500
INFO: 2024/03/07 20:12:11 AMOUNTCURRENCY: PHP
INFO: 2024/03/07 20:12:11 SENDERAMOUNT: 90
INFO: 2024/03/07 20:12:11 RECEIVINGBIC: CBMFPHM1XXX
INFO: 2024/03/07 20:12:11 RECEIVINGNAME: George
INFO: 2024/03/07 20:12:11 RECEIVINGACCOUNT: 1010000002389500
2024/03/07 20:12:11 
2024/03/07 20:12:11 
INFO: 2024/03/07 20:12:11                - - - - Trace_Credittransfer - - - -   
INFO: 2024/03/07 20:12:11 Unique-ID: 6a00383445edc57cd4d8ea4004d177ea
INFO: 2024/03/07 20:12:11 DECISIONDATE: 2024-03-07 20:12:11
INFO: 2024/03/07 20:12:11 RESPONSE:  Success  
INFO: 2024/03/07 20:12:11 INSTRUCTION_ID: 20240219CAMZPHM2XXXB00000000002973
INFO: 2024/03/07 20:12:11 TRANSACTIONTYPE: SENDING
INFO: 2024/03/07 20:12:11 STATUS: SUCCESS
INFO: 2024/03/07 20:12:11 TRACE_ALERT: TRACE_FINANCIAL_CRIME
INFO: 2024/03/07 20:12:11 TRACE_TYPE: FRAUD
INFO: 2024/03/07 20:12:11 ALERT_TYPE: NETWORK_ALERT
INFO: 2024/03/07 20:12:11 FEEDBACK: ACTIONED_MULE
INFO: 2024/03/07 20:12:11 REASONCODE: ACTC
INFO: 2024/03/07 20:12:11 DESCRIPTION: Transaction processed successfully
INFO: 2024/03/07 20:12:11 LOCALINSTRUMENT: ICRT
INFO: 2024/03/07 20:12:11 REFERENCEID: IFT328-2244791150150
INFO: 2024/03/07 20:12:11 SENDERBIC: CAMZPHM2XXX
INFO: 2024/03/07 20:12:11 SENDERNAME: PIA CAXANDRA SUNE ARGAÑOSA
INFO: 2024/03/07 20:12:11 SENDERACCOUNT: 1030000000155504
INFO: 2024/03/07 20:12:11 AMOUNTCURRENCY: PHP
INFO: 2024/03/07 20:12:11 SENDERAMOUNT: 700000
INFO: 2024/03/07 20:12:11 RECEIVINGBIC: CBMFPHM1XXX
INFO: 2024/03/07 20:12:11 RECEIVINGNAME: George
INFO: 2024/03/07 20:12:11 RECEIVINGACCOUNT: 1010000002389509
2024/03/07 20:12:11 
2024/03/07 20:12:11 
INFO: 2024/03/07 20:12:11                - - - - Trace_Credittransfer - - - -   
INFO: 2024/03/07 20:12:11 Unique-ID: 6a00383445edc57cd4d8ea4004d177ea
INFO: 2024/03/07 20:12:11 DECISIONDATE: 2024-03-07 20:12:11
INFO: 2024/03/07 20:12:11 RESPONSE:  Success  
INFO: 2024/03/07 20:12:11 INSTRUCTION_ID: 123456789
INFO: 2024/03/07 20:12:11 TRANSACTIONTYPE: SENDING
INFO: 2024/03/07 20:12:11 STATUS: SUCCESS
INFO: 2024/03/07 20:12:11 TRACE_ALERT: TRACE_FINANCIAL_CRIME
INFO: 2024/03/07 20:12:11 TRACE_TYPE: FRAUD
INFO: 2024/03/07 20:12:11 ALERT_TYPE: NETWORK_ALERT
INFO: 2024/03/07 20:12:11 FEEDBACK: ACTIONED_MULE
INFO: 2024/03/07 20:12:11 REASONCODE: ACTC
INFO: 2024/03/07 20:12:11 DESCRIPTION: Transaction processed successfully
INFO: 2024/03/07 20:12:11 LOCALINSTRUMENT: ICRT
INFO: 2024/03/07 20:12:11 REFERENCEID: IFT642-5958271422152
INFO: 2024/03/07 20:12:11 SENDERBIC: CAMZPHM2XXX
INFO: 2024/03/07 20:12:11 SENDERNAME: PIA CAXANDRA SUNE ARGAÑOSA
INFO: 2024/03/07 20:12:11 SENDERACCOUNT: 1030000000155504
INFO: 2024/03/07 20:12:11 AMOUNTCURRENCY: PHP
INFO: 2024/03/07 20:12:11 SENDERAMOUNT: 60000
INFO: 2024/03/07 20:12:11 RECEIVINGBIC: CBMFPHM1XXX
INFO: 2024/03/07 20:12:11 RECEIVINGNAME: George
INFO: 2024/03/07 20:12:11 RECEIVINGACCOUNT: 1010000002389509
2024/03/07 20:12:11 
2024/03/07 20:12:11 
INFO: 2024/03/07 20:12:11                - - - - Trace_Credittransfer - - - -   
INFO: 2024/03/07 20:12:11 Unique-ID: 6a00383445edc57cd4d8ea4004d177ea
INFO: 2024/03/07 20:12:11 DECISIONDATE: 2024-03-07 20:12:11
INFO: 2024/03/07 20:12:11 RESPONSE:  Success  
INFO: 2024/03/07 20:12:11 INSTRUCTION_ID: 123456789
INFO: 2024/03/07 20:12:11 TRANSACTIONTYPE: SENDING
INFO: 2024/03/07 20:12:11 STATUS: SUCCESS
INFO: 2024/03/07 20:12:11 TRACE_ALERT: TRACE_FINANCIAL_CRIME
INFO: 2024/03/07 20:12:11 TRACE_TYPE: FRAUD
INFO: 2024/03/07 20:12:11 ALERT_TYPE: NETWORK_ALERT
INFO: 2024/03/07 20:12:11 FEEDBACK: ACTIONED_MULE
INFO: 2024/03/07 20:12:11 REASONCODE: ACTC
INFO: 2024/03/07 20:12:11 DESCRIPTION: Transaction processed successfully
INFO: 2024/03/07 20:12:11 LOCALINSTRUMENT: ICRT
INFO: 2024/03/07 20:12:11 REFERENCEID: IFT642-5958271422152
INFO: 2024/03/07 20:12:11 SENDERBIC: CAMZPHM2XXX
INFO: 2024/03/07 20:12:11 SENDERNAME: PIA CAXANDRA SUNE ARGAÑOSA
INFO: 2024/03/07 20:12:11 SENDERACCOUNT: 1030000000155504
INFO: 2024/03/07 20:12:11 AMOUNTCURRENCY: PHP
INFO: 2024/03/07 20:12:11 SENDERAMOUNT: 60000
INFO: 2024/03/07 20:12:11 RECEIVINGBIC: CBMFPHM1XXX
INFO: 2024/03/07 20:12:11 RECEIVINGNAME: George
INFO: 2024/03/07 20:12:11 RECEIVINGACCOUNT: 1010000002389509
2024/03/07 20:12:11 
2024/03/07 20:14:00 
INFO: 2024/03/07 20:14:00                - - - - Trace_Credittransfer - - - -   
INFO: 2024/03/07 20:14:00 Unique-ID: d1879018c45621995802ab9387916408
INFO: 2024/03/07 20:14:00 DECISIONDATE: 2024-03-07 20:14:00
INFO: 2024/03/07 20:14:00 RESPONSE:  Success  
INFO: 2024/03/07 20:14:00 INSTRUCTION_ID: 20240219CAMZPHM2XXXB00000000008170
INFO: 2024/03/07 20:14:00 TRANSACTIONTYPE: RECEIVING
INFO: 2024/03/07 20:14:00 STATUS: FAILED-RJCT
INFO: 2024/03/07 20:14:00 TRACE_ALERT: TRACE_FINANCIAL_CRIME
INFO: 2024/03/07 20:14:00 TRACE_TYPE: FRAUD
INFO: 2024/03/07 20:14:00 ALERT_TYPE: NETWORK_ALERT
INFO: 2024/03/07 20:14:00 FEEDBACK: ACTIONED_MULE
INFO: 2024/03/07 20:14:00 REASONCODE: AC01
INFO: 2024/03/07 20:14:00 DESCRIPTION: Invalid transaction amount
INFO: 2024/03/07 20:14:00 LOCALINSTRUMENT: ICRT
INFO: 2024/03/07 20:14:00 REFERENCEID: IFT25-1000636444758
INFO: 2024/03/07 20:14:00 SENDERBIC: CAMZPHM2XXX
INFO: 2024/03/07 20:14:00 SENDERNAME: PIA CAXANDRA SUNE ARGAÑOSA
INFO: 2024/03/07 20:14:00 SENDERACCOUNT: 1030000000155500
INFO: 2024/03/07 20:14:00 AMOUNTCURRENCY: PHP
INFO: 2024/03/07 20:14:00 SENDERAMOUNT: 90
INFO: 2024/03/07 20:14:00 RECEIVINGBIC: CBMFPHM1XXX
INFO: 2024/03/07 20:14:00 RECEIVINGNAME: George
INFO: 2024/03/07 20:14:00 RECEIVINGACCOUNT: 1010000002389500
2024/03/07 20:14:00 
2024/03/07 20:14:00 
INFO: 2024/03/07 20:14:00                - - - - Trace_Credittransfer - - - -   
INFO: 2024/03/07 20:14:00 Unique-ID: d1879018c45621995802ab9387916408
INFO: 2024/03/07 20:14:00 DECISIONDATE: 2024-03-07 20:14:00
INFO: 2024/03/07 20:14:00 RESPONSE:  Success  
INFO: 2024/03/07 20:14:00 INSTRUCTION_ID: 20240219CAMZPHM2XXXB00000000002973
INFO: 2024/03/07 20:14:00 TRANSACTIONTYPE: SENDING
INFO: 2024/03/07 20:14:00 STATUS: SUCCESS
INFO: 2024/03/07 20:14:00 TRACE_ALERT: TRACE_FINANCIAL_CRIME
INFO: 2024/03/07 20:14:00 TRACE_TYPE: FRAUD
INFO: 2024/03/07 20:14:00 ALERT_TYPE: NETWORK_ALERT
INFO: 2024/03/07 20:14:00 FEEDBACK: ACTIONED_MULE
INFO: 2024/03/07 20:14:00 REASONCODE: ACTC
INFO: 2024/03/07 20:14:00 DESCRIPTION: Transaction processed successfully
INFO: 2024/03/07 20:14:00 LOCALINSTRUMENT: ICRT
INFO: 2024/03/07 20:14:00 REFERENCEID: IFT328-2244791150150
INFO: 2024/03/07 20:14:00 SENDERBIC: CAMZPHM2XXX
INFO: 2024/03/07 20:14:00 SENDERNAME: PIA CAXANDRA SUNE ARGAÑOSA
INFO: 2024/03/07 20:14:00 SENDERACCOUNT: 1030000000155504
INFO: 2024/03/07 20:14:00 AMOUNTCURRENCY: PHP
INFO: 2024/03/07 20:14:00 SENDERAMOUNT: 700000
INFO: 2024/03/07 20:14:00 RECEIVINGBIC: CBMFPHM1XXX
INFO: 2024/03/07 20:14:00 RECEIVINGNAME: George
INFO: 2024/03/07 20:14:00 RECEIVINGACCOUNT: 1010000002389509
2024/03/07 20:14:00 
2024/03/07 20:14:00 
INFO: 2024/03/07 20:14:00                - - - - Trace_Credittransfer - - - -   
INFO: 2024/03/07 20:14:00 Unique-ID: d1879018c45621995802ab9387916408
INFO: 2024/03/07 20:14:00 DECISIONDATE: 2024-03-07 20:14:00
INFO: 2024/03/07 20:14:00 RESPONSE:  Success  
INFO: 2024/03/07 20:14:00 INSTRUCTION_ID: 123456789
INFO: 2024/03/07 20:14:00 TRANSACTIONTYPE: SENDING
INFO: 2024/03/07 20:14:00 STATUS: SUCCESS
INFO: 2024/03/07 20:14:00 TRACE_ALERT: TRACE_FINANCIAL_CRIME
INFO: 2024/03/07 20:14:00 TRACE_TYPE: FRAUD
INFO: 2024/03/07 20:14:00 ALERT_TYPE: NETWORK_ALERT
INFO: 2024/03/07 20:14:00 FEEDBACK: ACTIONED_MULE
INFO: 2024/03/07 20:14:00 REASONCODE: ACTC
INFO: 2024/03/07 20:14:00 DESCRIPTION: Transaction processed successfully
INFO: 2024/03/07 20:14:00 LOCALINSTRUMENT: ICRT
INFO: 2024/03/07 20:14:00 REFERENCEID: IFT642-5958271422152
INFO: 2024/03/07 20:14:00 SENDERBIC: CAMZPHM2XXX
INFO: 2024/03/07 20:14:00 SENDERNAME: PIA CAXANDRA SUNE ARGAÑOSA
INFO: 2024/03/07 20:14:00 SENDERACCOUNT: 1030000000155504
INFO: 2024/03/07 20:14:00 AMOUNTCURRENCY: PHP
INFO: 2024/03/07 20:14:00 SENDERAMOUNT: 60000
INFO: 2024/03/07 20:14:00 RECEIVINGBIC: CBMFPHM1XXX
INFO: 2024/03/07 20:14:00 RECEIVINGNAME: George
INFO: 2024/03/07 20:14:00 RECEIVINGACCOUNT: 1010000002389509
2024/03/07 20:14:00 
2024/03/07 20:14:00 
INFO: 2024/03/07 20:14:00                - - - - Trace_Credittransfer - - - -   
INFO: 2024/03/07 20:14:00 Unique-ID: d1879018c45621995802ab9387916408
INFO: 2024/03/07 20:14:00 DECISIONDATE: 2024-03-07 20:14:00
INFO: 2024/03/07 20:14:00 RESPONSE:  Success  
INFO: 2024/03/07 20:14:00 INSTRUCTION_ID: 123456789
INFO: 2024/03/07 20:14:00 TRANSACTIONTYPE: SENDING
INFO: 2024/03/07 20:14:00 STATUS: SUCCESS
INFO: 2024/03/07 20:14:00 TRACE_ALERT: TRACE_FINANCIAL_CRIME
INFO: 2024/03/07 20:14:00 TRACE_TYPE: FRAUD
INFO: 2024/03/07 20:14:00 ALERT_TYPE: NETWORK_ALERT
INFO: 2024/03/07 20:14:00 FEEDBACK: ACTIONED_MULE
INFO: 2024/03/07 20:14:00 REASONCODE: ACTC
INFO: 2024/03/07 20:14:00 DESCRIPTION: Transaction processed successfully
INFO: 2024/03/07 20:14:00 LOCALINSTRUMENT: ICRT
INFO: 2024/03/07 20:14:00 REFERENCEID: IFT642-5958271422152
INFO: 2024/03/07 20:14:00 SENDERBIC: CAMZPHM2XXX
INFO: 2024/03/07 20:14:00 SENDERNAME: PIA CAXANDRA SUNE ARGAÑOSA
INFO: 2024/03/07 20:14:00 SENDERACCOUNT: 1030000000155504
INFO: 2024/03/07 20:14:00 AMOUNTCURRENCY: PHP
INFO: 2024/03/07 20:14:00 SENDERAMOUNT: 60000
INFO: 2024/03/07 20:14:00 RECEIVINGBIC: CBMFPHM1XXX
INFO: 2024/03/07 20:14:00 RECEIVINGNAME: George
INFO: 2024/03/07 20:14:00 RECEIVINGACCOUNT: 1010000002389509
2024/03/07 20:14:00 
