2024/03/07 20:16:50 
INFO: 2024/03/07 20:16:50                - - - - Alert-Transaction - - - -   
INFO: 2024/03/07 20:16:50 Unique-ID: 7a38a886536dd3f6cde3dc85cb426175
INFO: 2024/03/07 20:16:50 ID-: e99a18c428cb38d5f260853678922e03
INFO: 2024/03/07 20:16:50 RESPONSE:  Success  
INFO: 2024/03/07 20:16:50 COUNT: 4
INFO: 2024/03/07 20:16:50 TXNID: 2b588f38-d1bc-40bf-85fc-91397bc98465
INFO: 2024/03/07 20:16:50 NETWORKALERTID: e99a18c428cb38d5f260853678922e03
INFO: 2024/03/07 20:16:50 NETWORKID: 2b588f38-d1bc-40bf-85fc-91397bc98465
INFO: 2024/03/07 20:16:50 Time: 2017-07-21 17:32:28.001 +0000 UTC
INFO: 2024/03/07 20:16:50 TXNTIME: 2017-07-21 17:32:28.001 +0000 UTC
INFO: 2024/03/07 20:16:50 SOURCEID: GB98MIDL07009312345678
INFO: 2024/03/07 20:16:50 DESTID: GB98MIDL07009312345678
INFO: 2024/03/07 20:16:50 SOURCEBANKID: DEUTDEFF
INFO: 2024/03/07 20:16:50 SOURCEBANKNAME: Barclays
INFO: 2024/03/07 20:16:50 DESTBANKID: DEUTDEFF
INFO: 2024/03/07 20:16:50 DESTBANKNAME: Lloyds
INFO: 2024/03/07 20:16:50 VALUE: 10034
INFO: 2024/03/07 20:16:50 REMITINFO: rent 10 Main St
INFO: 2024/03/07 20:16:50 GENERATION: 4
INFO: 2024/03/07 20:16:50 CURRENCY: GBP
INFO: 2024/03/07 20:16:50 SERVICE: FPS
INFO: 2024/03/07 20:16:50 DWELLTIME: 3 years 6 mons 4 days 12:30:05
INFO: 2024/03/07 20:16:50 TRACETYPE: FRAUD
INFO: 2024/03/07 20:16:50 MULESCORE: 0.87
INFO: 2024/03/07 20:16:50 PARENTALERTID: e99a18c428cb38d5f260853678922e03
INFO: 2024/03/07 20:16:50 MOSTRECENTFEEDBACK: ACTIONED_MULE
INFO: 2024/03/07 20:16:50 DECISIONDATE: 2017-07-21 17:32:28.001 +0000 UTC
INFO: 2024/03/07 20:16:50 =========================================================================================
2024/03/07 20:16:50 
