2024/03/05 18:01:03 
INFO: 2024/03/05 18:01:03                - - - - Alert-Transaction - - - -   
INFO: 2024/03/05 18:01:03 Unique-ID: e220e14be2a0f198c9eb966e695eb42c
INFO: 2024/03/05 18:01:03 ID-: e99a18c428cb38d5f260853678922e03
INFO: 2024/03/05 18:01:03 RESPONSE:  Success  
INFO: 2024/03/05 18:01:03 COUNT: 4
INFO: 2024/03/05 18:01:03 TXNID: 2b588f38-d1bc-40bf-85fc-91397bc98465
INFO: 2024/03/05 18:01:03 NETWORKALERTID: e99a18c428cb38d5f260853678922e03
INFO: 2024/03/05 18:01:03 NETWORKID: 2b588f38-d1bc-40bf-85fc-91397bc98465
INFO: 2024/03/05 18:01:03 Time: 2017-07-21 17:32:28.001 +0000 UTC
INFO: 2024/03/05 18:01:03 TXNTIME: 2017-07-21 17:32:28.001 +0000 UTC
INFO: 2024/03/05 18:01:03 SOURCEID: GB98MIDL07009312345678
INFO: 2024/03/05 18:01:03 DESTID: GB98MIDL07009312345678
INFO: 2024/03/05 18:01:03 SOURCEBANKID: DEUTDEFF
INFO: 2024/03/05 18:01:03 SOURCEBANKNAME: Barclays
INFO: 2024/03/05 18:01:03 DESTBANKID: DEUTDEFF
INFO: 2024/03/05 18:01:03 DESTBANKNAME: Lloyds
INFO: 2024/03/05 18:01:03 VALUE: 10034
INFO: 2024/03/05 18:01:03 REMITINFO: rent 10 Main St
INFO: 2024/03/05 18:01:03 GENERATION: 4
INFO: 2024/03/05 18:01:03 CURRENCY: GBP
INFO: 2024/03/05 18:01:03 SERVICE: FPS
INFO: 2024/03/05 18:01:03 DWELLTIME: 3 years 6 mons 4 days 12:30:05
INFO: 2024/03/05 18:01:03 TRACETYPE: FRAUD
INFO: 2024/03/05 18:01:03 MULESCORE: 0.87
INFO: 2024/03/05 18:01:03 PARENTALERTID: e99a18c428cb38d5f260853678922e03
INFO: 2024/03/05 18:01:03 MOSTRECENTFEEDBACK: ACTIONED_MULE
INFO: 2024/03/05 18:01:03 DECISIONDATE: 2017-07-21 17:32:28.001 +0000 UTC
INFO: 2024/03/05 18:01:03 =========================================================================================
2024/03/05 18:01:03 
2024/03/05 18:01:03 
INFO: 2024/03/05 18:01:03                - - - - Alert-Transaction - - - -   
INFO: 2024/03/05 18:01:03 Unique-ID: e220e14be2a0f198c9eb966e695eb42c
INFO: 2024/03/05 18:01:03 ID-: e99a18c428cb38d5f260853678922e23
INFO: 2024/03/05 18:01:03 RESPONSE:  Success  
INFO: 2024/03/05 18:01:03 COUNT: 4
INFO: 2024/03/05 18:01:03 TXNID: 2b588f38-d1bc-40bf-85fc-91397bc98423
INFO: 2024/03/05 18:01:03 NETWORKALERTID: e99a18c428cb38d5f260853678922e23
INFO: 2024/03/05 18:01:03 NETWORKID: e99a18c428cb38d5f260853678922e23
INFO: 2024/03/05 18:01:03 Time: 2017-07-21 12:00:00 +0000 UTC
INFO: 2024/03/05 18:01:03 TXNTIME: 2017-07-21 12:00:00 +0000 UTC
INFO: 2024/03/05 18:01:03 SOURCEID: GB98MIDL07009312345678
INFO: 2024/03/05 18:01:03 DESTID: GB98MIDL07009312345656
INFO: 2024/03/05 18:01:03 SOURCEBANKID: DEUTDEFF
INFO: 2024/03/05 18:01:03 SOURCEBANKNAME: Barclays
INFO: 2024/03/05 18:01:03 DESTBANKID: DEUTDEFF
INFO: 2024/03/05 18:01:03 DESTBANKNAME: Lloyds
INFO: 2024/03/05 18:01:03 VALUE: 56143
INFO: 2024/03/05 18:01:03 REMITINFO: rent 10 Main St
INFO: 2024/03/05 18:01:03 GENERATION: 4
INFO: 2024/03/05 18:01:03 CURRENCY: GBP
INFO: 2024/03/05 18:01:03 SERVICE: FPS
INFO: 2024/03/05 18:01:03 DWELLTIME: 3 years 6 mons 4 days 12:30:05
INFO: 2024/03/05 18:01:03 TRACETYPE: FRAUD
INFO: 2024/03/05 18:01:03 MULESCORE: 0.87
INFO: 2024/03/05 18:01:03 PARENTALERTID: e99a18c428cb38d5f260853678922e34
INFO: 2024/03/05 18:01:03 MOSTRECENTFEEDBACK: ACTIONED_MULE
INFO: 2024/03/05 18:01:03 DECISIONDATE: 2024-02-26 17:32:28.001 +0000 UTC
INFO: 2024/03/05 18:01:03 =========================================================================================
2024/03/05 18:01:03 
2024/03/05 18:01:03 
INFO: 2024/03/05 18:01:03                - - - - Alert-Transaction - - - -   
INFO: 2024/03/05 18:01:03 Unique-ID: e220e14be2a0f198c9eb966e695eb42c
INFO: 2024/03/05 18:01:03 ID-: e99a18c428cb38d5f260853678922e34
INFO: 2024/03/05 18:01:03 RESPONSE:  Success  
INFO: 2024/03/05 18:01:03 COUNT: 4
INFO: 2024/03/05 18:01:03 TXNID: e99a18c428cb38d5f260853678922e34
INFO: 2024/03/05 18:01:03 NETWORKALERTID: e99a18c428cb38d5f260853678922e34
INFO: 2024/03/05 18:01:03 NETWORKID: e99a18c428cb38d5f260853678922e34
INFO: 2024/03/05 18:01:03 Time: 2017-07-21 17:32:28.001 +0000 UTC
INFO: 2024/03/05 18:01:03 TXNTIME: 2017-07-21 17:32:28.001 +0000 UTC
INFO: 2024/03/05 18:01:03 SOURCEID: GB98MIDL07009312345678
INFO: 2024/03/05 18:01:03 DESTID: GB98MIDL07009312345656
INFO: 2024/03/05 18:01:03 SOURCEBANKID: DEUTDEFF
INFO: 2024/03/05 18:01:03 SOURCEBANKNAME: Barclays
INFO: 2024/03/05 18:01:03 DESTBANKID: DEUTDEFF
INFO: 2024/03/05 18:01:03 DESTBANKNAME: Lloyds
INFO: 2024/03/05 18:01:03 VALUE: 56143
INFO: 2024/03/05 18:01:03 REMITINFO: rent 10 Main St
INFO: 2024/03/05 18:01:03 GENERATION: 11
INFO: 2024/03/05 18:01:03 CURRENCY: GBP
INFO: 2024/03/05 18:01:03 SERVICE: FPS
INFO: 2024/03/05 18:01:03 DWELLTIME: 3 years 6 mons 4 days 12:30:05
INFO: 2024/03/05 18:01:03 TRACETYPE: FRAUD
INFO: 2024/03/05 18:01:03 MULESCORE: 0.87
INFO: 2024/03/05 18:01:03 PARENTALERTID: e99a18c428cb38d5f260853678922e34
INFO: 2024/03/05 18:01:03 MOSTRECENTFEEDBACK: ACTIONED_MULE
INFO: 2024/03/05 18:01:03 DECISIONDATE: 2024-02-26 17:32:28.001 +0000 UTC
INFO: 2024/03/05 18:01:03 =========================================================================================
2024/03/05 18:01:03 
2024/03/05 18:01:03 
INFO: 2024/03/05 18:01:03                - - - - Alert-Transaction - - - -   
INFO: 2024/03/05 18:01:03 Unique-ID: e220e14be2a0f198c9eb966e695eb42c
INFO: 2024/03/05 18:01:03 ID-: e99a18c428cb38d5f260853678922e12
INFO: 2024/03/05 18:01:03 RESPONSE:  Success  
INFO: 2024/03/05 18:01:03 COUNT: 4
INFO: 2024/03/05 18:01:03 TXNID: 2b588f38-d1bc-40bf-85fc-91397bc98434
INFO: 2024/03/05 18:01:03 NETWORKALERTID: e99a18c428cb38d5f260853678922e34
INFO: 2024/03/05 18:01:03 NETWORKID: e99a18c428cb38d5f260853678922e34
INFO: 2024/03/05 18:01:03 Time: 2017-07-21 17:32:28.001 +0000 UTC
INFO: 2024/03/05 18:01:03 TXNTIME: 2017-07-21 17:32:28.001 +0000 UTC
INFO: 2024/03/05 18:01:03 SOURCEID: GB98MIDL07009312345678
INFO: 2024/03/05 18:01:03 DESTID: GB98MIDL07009312345656
INFO: 2024/03/05 18:01:03 SOURCEBANKID: DEUTDEFF
INFO: 2024/03/05 18:01:03 SOURCEBANKNAME: Barclays
INFO: 2024/03/05 18:01:03 DESTBANKID: DEUTDEFF
INFO: 2024/03/05 18:01:03 DESTBANKNAME: Lloyds
INFO: 2024/03/05 18:01:03 VALUE: 56143
INFO: 2024/03/05 18:01:03 REMITINFO: rent 10 Main St
INFO: 2024/03/05 18:01:03 GENERATION: 12
INFO: 2024/03/05 18:01:03 CURRENCY: PHP
INFO: 2024/03/05 18:01:03 SERVICE: FPS
INFO: 2024/03/05 18:01:03 DWELLTIME: 3 years 6 mons 4 days 12:30:05
INFO: 2024/03/05 18:01:03 TRACETYPE: NONE
INFO: 2024/03/05 18:01:03 MULESCORE: 0.87
INFO: 2024/03/05 18:01:03 PARENTALERTID: e99a18c428cb38d5f260853678922e34
INFO: 2024/03/05 18:01:03 MOSTRECENTFEEDBACK: WEW
INFO: 2024/03/05 18:01:03 DECISIONDATE: 2020-01-01 17:32:28.001 +0000 UTC
INFO: 2024/03/05 18:01:03 =========================================================================================
2024/03/05 18:01:03 
