2024/03/22 14:07:17 
INFO: 2024/03/22 14:07:17                - - - - Trace_Credittransfer - - - -   
INFO: 2024/03/22 14:07:17 Unique-ID: 4930c854de3b0b00790e94d113f3005a
INFO: 2024/03/22 14:07:17 DECISIONDATE: 2024-03-22 14:07:16
INFO: 2024/03/22 14:07:17 RESPONSE:  Success  
INFO: 2024/03/22 14:07:17 INSTRUCTION_ID: 20231124CAMZPHM2XXXB00000000002770
INFO: 2024/03/22 14:07:17 TRANSACTIONTYPE: SENDER
INFO: 2024/03/22 14:07:17 STATUS: SUCCESS-ACTC
INFO: 2024/03/22 14:07:17 TRACE_ALERT: ALERT_FINANCIAL_CRIME
INFO: 2024/03/22 14:07:17 TRACE_TYPE: NONE
INFO: 2024/03/22 14:07:17 ALERT_TYPE: ACCOUNT_ALERT
INFO: 2024/03/22 14:07:17 FEEDBACK: NOT_INVESTIGATED
INFO: 2024/03/22 14:07:17 REASONCODE: NONE
INFO: 2024/03/22 14:07:17 LOCALINSTRUMENT: ICRT
INFO: 2024/03/22 14:07:17 REFERENCEID: IFT847-1687744873497
2024/03/22 14:07:17 
2024/03/22 14:08:47 
INFO: 2024/03/22 14:08:47                - - - - Trace_Credittransfer - - - -   
INFO: 2024/03/22 14:08:47 Unique-ID: 57f3952d8faffe5a7901cc769d2ce099
INFO: 2024/03/22 14:08:47 DECISIONDATE: 2024-03-22 14:08:47
INFO: 2024/03/22 14:08:47 RESPONSE:  Success  
INFO: 2024/03/22 14:08:47 INSTRUCTION_ID: 20230908CAMZPHM2XXXB00000000002120
INFO: 2024/03/22 14:08:47 TRANSACTIONTYPE: SENDER
INFO: 2024/03/22 14:08:47 STATUS: SUCCESS
INFO: 2024/03/22 14:08:47 TRACE_ALERT: TRACE_FINANCIAL_CRIME
INFO: 2024/03/22 14:08:47 TRACE_TYPE: FRAUD
INFO: 2024/03/22 14:08:47 ALERT_TYPE: NETWORK_ALERT
INFO: 2024/03/22 14:08:47 FEEDBACK: ACTIONED_MULE
INFO: 2024/03/22 14:08:47 REASONCODE: NONE
INFO: 2024/03/22 14:08:47 LOCALINSTRUMENT: ICRT
INFO: 2024/03/22 14:08:47 REFERENCEID: IFT56-1694160071150
2024/03/22 14:08:47 
2024/03/22 14:08:47 
INFO: 2024/03/22 14:08:47                - - - - Trace_Credittransfer - - - -   
INFO: 2024/03/22 14:08:47 Unique-ID: 57f3952d8faffe5a7901cc769d2ce099
INFO: 2024/03/22 14:08:47 DECISIONDATE: 2024-03-22 14:08:47
INFO: 2024/03/22 14:08:47 RESPONSE:  Success  
INFO: 2024/03/22 14:08:47 INSTRUCTION_ID: 20231124CAMZPHM2XXXB00000000002773
INFO: 2024/03/22 14:08:47 TRANSACTIONTYPE: SENDER
INFO: 2024/03/22 14:08:47 STATUS: SUCCESS-ACTC
INFO: 2024/03/22 14:08:47 TRACE_ALERT: TRACE_FINANCIAL_CRIME
INFO: 2024/03/22 14:08:47 TRACE_TYPE: FRAUD
INFO: 2024/03/22 14:08:47 ALERT_TYPE: NETWORK_ALERT
INFO: 2024/03/22 14:08:47 FEEDBACK: ACTIONED_MULE
INFO: 2024/03/22 14:08:47 REASONCODE: NONE
INFO: 2024/03/22 14:08:47 LOCALINSTRUMENT: ICRT
INFO: 2024/03/22 14:08:47 REFERENCEID: IFT847-1687744873497
2024/03/22 14:08:47 
