2024/03/15 14:45:12 
INFO: 2024/03/15 14:45:12                - - - - Trace_Credittransfer - - - -   
INFO: 2024/03/15 14:45:12 Unique-IDz: 3b3e21238bdee8043ec2d3f41722da2f
INFO: 2024/03/15 14:45:12 DECISIONDATE: 2024-03-15 14:45:11
INFO: 2024/03/15 14:45:12 RESPONSE:  Success  
INFO: 2024/03/15 14:45:12 INSTRUCTION_ID: 20230908CAMZPHM2XXXB00000000002120
INFO: 2024/03/15 14:45:12 TRANSACTIONTYPE: SENDER
INFO: 2024/03/15 14:45:12 STATUS: SUCCESS
INFO: 2024/03/15 14:45:12 TRACE_ALERT: TRACE_FINANCIAL_CRIME
INFO: 2024/03/15 14:45:12 TRACE_TYPE: FRAUD
INFO: 2024/03/15 14:45:12 ALERT_TYPE: NETWORK_ALERT
INFO: 2024/03/15 14:45:12 FEEDBACK: ACTIONED_MULE
INFO: 2024/03/15 14:45:12 REASONCODE: NONE
INFO: 2024/03/15 14:45:12 LOCALINSTRUMENT: ICRT
INFO: 2024/03/15 14:45:12 REFERENCEID: IFT56-1694160071150
2024/03/15 14:45:12 
2024/03/15 14:50:32 
INFO: 2024/03/15 14:50:32                - - - - Trace_Credittransfer - - - -   
INFO: 2024/03/15 14:50:32 Unique-IDz: c34b7848475f4da1023beafdff22760d
INFO: 2024/03/15 14:50:32 DECISIONDATE: 2024-03-15 14:50:31
INFO: 2024/03/15 14:50:32 RESPONSE:  Success  
INFO: 2024/03/15 14:50:32 INSTRUCTION_ID: 20230907CAMZPHM2XXXB00000000002077
INFO: 2024/03/15 14:50:32 TRANSACTIONTYPE: SENDER
INFO: 2024/03/15 14:50:32 STATUS: FAILED
INFO: 2024/03/15 14:50:32 TRACE_ALERT: ALERT_FINANCIAL_CRIME
INFO: 2024/03/15 14:50:32 TRACE_TYPE: NONE
INFO: 2024/03/15 14:50:32 ALERT_TYPE: ACCOUNT_ALERT
INFO: 2024/03/15 14:50:32 FEEDBACK: ACTIONED_MULE
INFO: 2024/03/15 14:50:32 REASONCODE: RC06
INFO: 2024/03/15 14:50:32 LOCALINSTRUMENT: ICRT
INFO: 2024/03/15 14:50:32 REFERENCEID: IFT98-1694073517221
2024/03/15 14:50:32 
2024/03/15 14:54:25 
INFO: 2024/03/15 14:54:25                - - - - Trace_Credittransfer - - - -   
INFO: 2024/03/15 14:54:25 Unique-IDz: c34b7848475f4da1023beafdff22760d
INFO: 2024/03/15 14:54:25 DECISIONDATE: 2024-03-15 14:54:25
INFO: 2024/03/15 14:54:25 RESPONSE:  Success  
INFO: 2024/03/15 14:54:25 INSTRUCTION_ID: 20230907CAMZPHM2XXXB00000000002077
INFO: 2024/03/15 14:54:25 TRANSACTIONTYPE: SENDER
INFO: 2024/03/15 14:54:25 STATUS: FAILED
INFO: 2024/03/15 14:54:25 TRACE_ALERT: ALERT_FINANCIAL_CRIME
INFO: 2024/03/15 14:54:25 TRACE_TYPE: NONE
INFO: 2024/03/15 14:54:25 ALERT_TYPE: ACCOUNT_ALERT
INFO: 2024/03/15 14:54:25 FEEDBACK: ACTIONED_MULE
INFO: 2024/03/15 14:54:25 REASONCODE: RC06
INFO: 2024/03/15 14:54:25 LOCALINSTRUMENT: ICRT
INFO: 2024/03/15 14:54:25 REFERENCEID: IFT98-1694073517221
2024/03/15 14:54:25 
2024/03/15 15:02:29 
INFO: 2024/03/15 15:02:29                - - - - Trace_Credittransfer - - - -   
INFO: 2024/03/15 15:02:29 Unique-IDz: c34b7848475f4da1023beafdff22760d
INFO: 2024/03/15 15:02:29 DECISIONDATE: 2024-03-15 15:02:28
INFO: 2024/03/15 15:02:29 RESPONSE:  Success  
INFO: 2024/03/15 15:02:29 INSTRUCTION_ID: 20230907CAMZPHM2XXXB00000000002077
INFO: 2024/03/15 15:02:29 TRANSACTIONTYPE: SENDER
INFO: 2024/03/15 15:02:29 STATUS: FAILED
INFO: 2024/03/15 15:02:29 TRACE_ALERT: ALERT_FINANCIAL_CRIME
INFO: 2024/03/15 15:02:29 TRACE_TYPE: NONE
INFO: 2024/03/15 15:02:29 ALERT_TYPE: ACCOUNT_ALERT
INFO: 2024/03/15 15:02:29 FEEDBACK: ACTIONED_MULE
INFO: 2024/03/15 15:02:29 REASONCODE: RC06
INFO: 2024/03/15 15:02:29 LOCALINSTRUMENT: ICRT
INFO: 2024/03/15 15:02:29 REFERENCEID: IFT98-1694073517221
2024/03/15 15:02:29 
2024/03/15 15:04:42 
INFO: 2024/03/15 15:04:42                - - - - Trace_Credittransfer - - - -   
INFO: 2024/03/15 15:04:42 Unique-IDz: c34b7848475f4da1023beafdff22760d
INFO: 2024/03/15 15:04:42 DECISIONDATE: 2024-03-15 15:04:42
INFO: 2024/03/15 15:04:42 RESPONSE:  Success  
INFO: 2024/03/15 15:04:42 INSTRUCTION_ID: 20230907CAMZPHM2XXXB00000000002077
INFO: 2024/03/15 15:04:42 TRANSACTIONTYPE: SENDER
INFO: 2024/03/15 15:04:42 STATUS: FAILED
INFO: 2024/03/15 15:04:42 TRACE_ALERT: ALERT_FINANCIAL_CRIME
INFO: 2024/03/15 15:04:42 TRACE_TYPE: NONE
INFO: 2024/03/15 15:04:42 ALERT_TYPE: ACCOUNT_ALERT
INFO: 2024/03/15 15:04:42 FEEDBACK: ACTIONED_MULE
INFO: 2024/03/15 15:04:42 REASONCODE: RC06
INFO: 2024/03/15 15:04:42 LOCALINSTRUMENT: ICRT
INFO: 2024/03/15 15:04:42 REFERENCEID: IFT98-1694073517221
2024/03/15 15:04:42 
2024/03/15 15:18:13 
INFO: 2024/03/15 15:18:13                - - - - Trace_Credittransfer - - - -   
INFO: 2024/03/15 15:18:13 Unique-IDz: c34b7848475f4da1023beafdff22760d
INFO: 2024/03/15 15:18:13 DECISIONDATE: 2024-03-15 15:18:12
INFO: 2024/03/15 15:18:13 RESPONSE:  Success  
INFO: 2024/03/15 15:18:13 INSTRUCTION_ID: 20230907CAMZPHM2XXXB00000000002077
INFO: 2024/03/15 15:18:13 TRANSACTIONTYPE: SENDER
INFO: 2024/03/15 15:18:13 STATUS: FAILED
INFO: 2024/03/15 15:18:13 TRACE_ALERT: ALERT_FINANCIAL_CRIME
INFO: 2024/03/15 15:18:13 TRACE_TYPE: NONE
INFO: 2024/03/15 15:18:13 ALERT_TYPE: ACCOUNT_ALERT
INFO: 2024/03/15 15:18:13 FEEDBACK: NOT_INVESTIGATED
INFO: 2024/03/15 15:18:13 REASONCODE: RC06
INFO: 2024/03/15 15:18:13 LOCALINSTRUMENT: ICRT
INFO: 2024/03/15 15:18:13 REFERENCEID: IFT98-1694073517221
2024/03/15 15:18:13 
2024/03/15 15:18:58 
INFO: 2024/03/15 15:18:58                - - - - Trace_Credittransfer - - - -   
INFO: 2024/03/15 15:18:58 Unique-IDz: c34b7848475f4da1023beafdff22760d
INFO: 2024/03/15 15:18:58 DECISIONDATE: 2024-03-15 15:18:58
INFO: 2024/03/15 15:18:58 RESPONSE:  Success  
INFO: 2024/03/15 15:18:58 INSTRUCTION_ID: 20230907CAMZPHM2XXXB00000000002077
INFO: 2024/03/15 15:18:58 TRANSACTIONTYPE: SENDER
INFO: 2024/03/15 15:18:58 STATUS: FAILED
INFO: 2024/03/15 15:18:58 TRACE_ALERT: ALERT_FINANCIAL_CRIME
INFO: 2024/03/15 15:18:58 TRACE_TYPE: NONE
INFO: 2024/03/15 15:18:58 ALERT_TYPE: ACCOUNT_ALERT
INFO: 2024/03/15 15:18:58 FEEDBACK: NOT_INVESTIGATED
INFO: 2024/03/15 15:18:58 REASONCODE: RC06
INFO: 2024/03/15 15:18:58 LOCALINSTRUMENT: ICRT
INFO: 2024/03/15 15:18:58 REFERENCEID: IFT98-1694073517221
2024/03/15 15:18:58 
2024/03/15 15:19:23 
INFO: 2024/03/15 15:19:23                - - - - Trace_Credittransfer - - - -   
INFO: 2024/03/15 15:19:23 Unique-IDz: c34b7848475f4da1023beafdff22760d
INFO: 2024/03/15 15:19:23 DECISIONDATE: 2024-03-15 15:19:22
INFO: 2024/03/15 15:19:23 RESPONSE:  Success  
INFO: 2024/03/15 15:19:23 INSTRUCTION_ID: 20230907CAMZPHM2XXXB00000000002077
INFO: 2024/03/15 15:19:23 TRANSACTIONTYPE: SENDER
INFO: 2024/03/15 15:19:23 STATUS: FAILED
INFO: 2024/03/15 15:19:23 TRACE_ALERT: ALERT_FINANCIAL_CRIME
INFO: 2024/03/15 15:19:23 TRACE_TYPE: NONE
INFO: 2024/03/15 15:19:23 ALERT_TYPE: ACCOUNT_ALERT
INFO: 2024/03/15 15:19:23 FEEDBACK: NOT_INVESTIGATED
INFO: 2024/03/15 15:19:23 REASONCODE: RC06
INFO: 2024/03/15 15:19:23 LOCALINSTRUMENT: ICRT
INFO: 2024/03/15 15:19:23 REFERENCEID: IFT98-1694073517221
2024/03/15 15:19:23 
2024/03/15 15:33:26 
INFO: 2024/03/15 15:33:26                - - - - Trace_Credittransfer - - - -   
INFO: 2024/03/15 15:33:26 Unique-IDz: 50df73ff941562486b85d36f5ee3c1ff
INFO: 2024/03/15 15:33:26 DECISIONDATE: 2024-03-15 15:33:25
INFO: 2024/03/15 15:33:26 RESPONSE:  Success  
INFO: 2024/03/15 15:33:26 INSTRUCTION_ID: 20231124CAMZPHM2XXXB00000000002770q
INFO: 2024/03/15 15:33:26 TRANSACTIONTYPE: null
INFO: 2024/03/15 15:33:26 STATUS: null
INFO: 2024/03/15 15:33:26 TRACE_ALERT: FEEDBACK_FINANCIAL_CRIME
INFO: 2024/03/15 15:33:26 TRACE_TYPE: null
INFO: 2024/03/15 15:33:26 ALERT_TYPE: null
INFO: 2024/03/15 15:33:26 FEEDBACK: NOT_INVESTIGATED
INFO: 2024/03/15 15:33:26 REASONCODE: null
INFO: 2024/03/15 15:33:26 LOCALINSTRUMENT: null
INFO: 2024/03/15 15:33:26 REFERENCEID: null
2024/03/15 15:33:26 
2024/03/15 15:34:43 
INFO: 2024/03/15 15:34:43                - - - - Trace_Credittransfer - - - -   
INFO: 2024/03/15 15:34:43 Unique-IDz: 50df73ff941562486b85d36f5ee3c1ff
INFO: 2024/03/15 15:34:43 DECISIONDATE: 2024-03-15 15:34:42
INFO: 2024/03/15 15:34:43 RESPONSE:  Success  
INFO: 2024/03/15 15:34:43 INSTRUCTION_ID: 20231124CAMZPHM2XXXB00000000002770q
INFO: 2024/03/15 15:34:43 TRANSACTIONTYPE: null
INFO: 2024/03/15 15:34:43 STATUS: null
INFO: 2024/03/15 15:34:43 TRACE_ALERT: FEEDBACK_FINANCIAL_CRIME
INFO: 2024/03/15 15:34:43 TRACE_TYPE: null
INFO: 2024/03/15 15:34:43 ALERT_TYPE: null
INFO: 2024/03/15 15:34:43 FEEDBACK: NOT_INVESTIGATED
INFO: 2024/03/15 15:34:43 REASONCODE: null
INFO: 2024/03/15 15:34:43 LOCALINSTRUMENT: null
INFO: 2024/03/15 15:34:43 REFERENCEID: null
2024/03/15 15:34:43 
