2024/04/12 13:04:34 
INFO: 2024/04/12 13:04:34                - - - - Trace_Credittransfer - - - -   
INFO: 2024/04/12 13:04:34 Unique-ID: 1828a9cde5ed0c7d0121a0a78822ed18
INFO: 2024/04/12 13:04:34 DECISIONDATE: 2024-04-12 13:04:33
INFO: 2024/04/12 13:04:34 RESPONSE:  Success  
INFO: 2024/04/12 13:04:34 INSTRUCTION_ID: 20231124CAMZPHM2XXXB00000000002770
INFO: 2024/04/12 13:04:34 TRANSACTIONTYPE: SENDER
INFO: 2024/04/12 13:04:34 STATUS: SUCCESS-ACTC
INFO: 2024/04/12 13:04:34 TRACE_ALERT: ALERT_FINANCIAL_CRIME
INFO: 2024/04/12 13:04:34 TRACE_TYPE: NONE
INFO: 2024/04/12 13:04:34 ALERT_TYPE: ACCOUNT_ALERT
INFO: 2024/04/12 13:04:34 FEEDBACK: NOT_INVESTIGATED
INFO: 2024/04/12 13:04:34 REASONCODE: NONE
INFO: 2024/04/12 13:04:34 LOCALINSTRUMENT: ICRT
INFO: 2024/04/12 13:04:34 REFERENCEID: IFT847-1687744873497
INFO: 2024/04/12 13:04:34 Lock: 
INFO: 2024/04/12 13:04:34 SENDER_ACCOUNT: 1030000000502918
2024/04/12 13:04:34 
2024/04/12 13:17:12 
INFO: 2024/04/12 13:17:12                - - - - Trace_Credittransfer - - - -   
INFO: 2024/04/12 13:17:12 Unique-ID: 1828a9cde5ed0c7d0121a0a78822ed18
INFO: 2024/04/12 13:17:12 DECISIONDATE: 2024-04-12 13:17:11
INFO: 2024/04/12 13:17:12 RESPONSE:  Success  
INFO: 2024/04/12 13:17:12 INSTRUCTION_ID: 20231124CAMZPHM2XXXB00000000002770
INFO: 2024/04/12 13:17:12 TRANSACTIONTYPE: SENDER
INFO: 2024/04/12 13:17:12 STATUS: SUCCESS-ACTC
INFO: 2024/04/12 13:17:12 TRACE_ALERT: ALERT_FINANCIAL_CRIME
INFO: 2024/04/12 13:17:12 TRACE_TYPE: NONE
INFO: 2024/04/12 13:17:12 ALERT_TYPE: ACCOUNT_ALERT
INFO: 2024/04/12 13:17:12 FEEDBACK: NOT_INVESTIGATED
INFO: 2024/04/12 13:17:12 REASONCODE: NONE
INFO: 2024/04/12 13:17:12 LOCALINSTRUMENT: ICRT
INFO: 2024/04/12 13:17:12 REFERENCEID: IFT847-1687744873497
INFO: 2024/04/12 13:17:12 MULE_LOCK: unlock
INFO: 2024/04/12 13:17:12 SENDER_ACCOUNT: 1030000000502918
2024/04/12 13:17:12 
2024/04/12 13:33:29 
INFO: 2024/04/12 13:33:29                - - - - Trace_Credittransfer - - - -   
INFO: 2024/04/12 13:33:29 Unique-ID: b5ba19d82c5d701cf5aeb2301fdbb288
INFO: 2024/04/12 13:33:29 DECISIONDATE: 2024-04-12 13:33:28
INFO: 2024/04/12 13:33:29 RESPONSE:  Success  
INFO: 2024/04/12 13:33:29 INSTRUCTION_ID: 20231124CAMZPHM2XXXB00000000002770
INFO: 2024/04/12 13:33:29 TRANSACTIONTYPE: SENDER
INFO: 2024/04/12 13:33:29 STATUS: SUCCESS-ACTC
INFO: 2024/04/12 13:33:29 TRACE_ALERT: ALERT_FINANCIAL_CRIME
INFO: 2024/04/12 13:33:29 TRACE_TYPE: NONE
INFO: 2024/04/12 13:33:29 ALERT_TYPE: ACCOUNT_ALERT
INFO: 2024/04/12 13:33:29 FEEDBACK: NOT_INVESTIGATED
INFO: 2024/04/12 13:33:29 REASONCODE: NONE
INFO: 2024/04/12 13:33:29 LOCALINSTRUMENT: ICRT
INFO: 2024/04/12 13:33:29 REFERENCEID: IFT847-1687744873497
INFO: 2024/04/12 13:33:29 MULE_LOCK: unlock
INFO: 2024/04/12 13:33:29 SENDER_ACCOUNT: 1030000000502918
2024/04/12 13:33:29 
2024/04/12 14:16:25 
INFO: 2024/04/12 14:16:25                - - - - Trace_Credittransfer - - - -   
INFO: 2024/04/12 14:16:25 Unique-ID: 39422876d0a9fa21b6b965408ae4302d
INFO: 2024/04/12 14:16:25 DECISIONDATE: 2024-04-12 14:16:18
INFO: 2024/04/12 14:16:25 RESPONSE:  Success  
INFO: 2024/04/12 14:16:25 INSTRUCTION_ID: 20230908CAMZPHM2XXXB00000000002120
INFO: 2024/04/12 14:16:25 TRANSACTIONTYPE: SENDER
INFO: 2024/04/12 14:16:25 STATUS: SUCCESS
INFO: 2024/04/12 14:16:25 TRACE_ALERT: TRACE_FINANCIAL_CRIME
INFO: 2024/04/12 14:16:25 TRACE_TYPE: FRAUD
INFO: 2024/04/12 14:16:25 ALERT_TYPE: NETWORK_ALERT
INFO: 2024/04/12 14:16:25 FEEDBACK: ACTIONED_MULE
INFO: 2024/04/12 14:16:25 REASONCODE: NONE
INFO: 2024/04/12 14:16:25 LOCALINSTRUMENT: ICRT
INFO: 2024/04/12 14:16:25 REFERENCEID: IFT56-1694160071150
INFO: 2024/04/12 14:16:25 MULE_LOCK: lock
INFO: 2024/04/12 14:16:25 SENDER_ACCOUNT: 1030000013856053
2024/04/12 14:16:25 
2024/04/12 16:09:47 
INFO: 2024/04/12 16:09:47                - - - - Trace_Credittransfer - - - -   
INFO: 2024/04/12 16:09:47 Unique-ID: 39422876d0a9fa21b6b965408ae4302d
INFO: 2024/04/12 16:09:47 DECISIONDATE: 2024-04-12 16:09:40
INFO: 2024/04/12 16:09:47 RESPONSE:  Success  
INFO: 2024/04/12 16:09:47 INSTRUCTION_ID: 20230908CAMZPHM2XXXB00000000002120
INFO: 2024/04/12 16:09:47 TRANSACTIONTYPE: SENDER
INFO: 2024/04/12 16:09:47 STATUS: SUCCESS
INFO: 2024/04/12 16:09:47 TRACE_ALERT: TRACE_FINANCIAL_CRIME
INFO: 2024/04/12 16:09:47 TRACE_TYPE: FRAUD
INFO: 2024/04/12 16:09:47 ALERT_TYPE: NETWORK_ALERT
INFO: 2024/04/12 16:09:47 FEEDBACK: ACTIONED_MULE
INFO: 2024/04/12 16:09:47 REASONCODE: NONE
INFO: 2024/04/12 16:09:47 LOCALINSTRUMENT: ICRT
INFO: 2024/04/12 16:09:47 REFERENCEID: IFT56-1694160071150
INFO: 2024/04/12 16:09:47 MULE_LOCK: lock
INFO: 2024/04/12 16:09:47 SENDER_ACCOUNT: 1030000013856053
2024/04/12 16:09:47 
