2024/04/05 16:00:52 
INFO: 2024/04/05 16:00:52                - - - - Trace_Credittransfer - - - -   
INFO: 2024/04/05 16:00:52 Unique-ID: f555e0b3251109060f3fa97e9b1f6077
INFO: 2024/04/05 16:00:52 DECISIONDATE: 2024-04-05 16:00:52
INFO: 2024/04/05 16:00:52 RESPONSE: (Method Not Allowed - 404)
INFO: 2024/04/05 16:00:52 INSTRUCTION_ID: null
INFO: 2024/04/05 16:00:52 TRANSACTIONTYPE: null
INFO: 2024/04/05 16:00:52 STATUS: null
INFO: 2024/04/05 16:00:52 TRACE_ALERT: NETWORK_FINANCIAL_CRIME
INFO: 2024/04/05 16:00:52 TRACE_TYPE: null
INFO: 2024/04/05 16:00:52 ALERT_TYPE: null
INFO: 2024/04/05 16:00:52 FEEDBACK: null
INFO: 2024/04/05 16:00:52 REASONCODE: null
INFO: 2024/04/05 16:00:52 LOCALINSTRUMENT: null
INFO: 2024/04/05 16:00:52 REFERENCEID: null
INFO: 2024/04/05 16:00:52 Lock: null
2024/04/05 16:00:52 
2024/04/05 16:01:05 
INFO: 2024/04/05 16:01:05                - - - - Trace_Credittransfer - - - -   
INFO: 2024/04/05 16:01:05 Unique-ID: 57f3952d8faffe5a7901cc769d2ce099
INFO: 2024/04/05 16:01:05 DECISIONDATE: 2024-04-05 16:01:05
INFO: 2024/04/05 16:01:05 RESPONSE:  Success  
INFO: 2024/04/05 16:01:05 INSTRUCTION_ID: 20230908CAMZPHM2XXXB00000000002120
INFO: 2024/04/05 16:01:05 TRANSACTIONTYPE: SENDER
INFO: 2024/04/05 16:01:05 STATUS: SUCCESS
INFO: 2024/04/05 16:01:05 TRACE_ALERT: TRACE_FINANCIAL_CRIME
INFO: 2024/04/05 16:01:05 TRACE_TYPE: FRAUD
INFO: 2024/04/05 16:01:05 ALERT_TYPE: NETWORK_ALERT
INFO: 2024/04/05 16:01:05 FEEDBACK: ACTIONED_MULE
INFO: 2024/04/05 16:01:05 REASONCODE: NONE
INFO: 2024/04/05 16:01:05 LOCALINSTRUMENT: ICRT
INFO: 2024/04/05 16:01:05 REFERENCEID: IFT56-1694160071150
INFO: 2024/04/05 16:01:05 Lock: lock
2024/04/05 16:01:05 
2024/04/05 16:01:06 
INFO: 2024/04/05 16:01:06                - - - - Trace_Credittransfer - - - -   
INFO: 2024/04/05 16:01:06 Unique-ID: 57f3952d8faffe5a7901cc769d2ce099
INFO: 2024/04/05 16:01:06 DECISIONDATE: 2024-04-05 16:01:05
INFO: 2024/04/05 16:01:06 RESPONSE:  Success  
INFO: 2024/04/05 16:01:06 INSTRUCTION_ID: 20231124CAMZPHM2XXXB00000000002773
INFO: 2024/04/05 16:01:06 TRANSACTIONTYPE: SENDER
INFO: 2024/04/05 16:01:06 STATUS: SUCCESS-ACTC
INFO: 2024/04/05 16:01:06 TRACE_ALERT: TRACE_FINANCIAL_CRIME
INFO: 2024/04/05 16:01:06 TRACE_TYPE: FRAUD
INFO: 2024/04/05 16:01:06 ALERT_TYPE: NETWORK_ALERT
INFO: 2024/04/05 16:01:06 FEEDBACK: ACTIONED_MULE
INFO: 2024/04/05 16:01:06 REASONCODE: NONE
INFO: 2024/04/05 16:01:06 LOCALINSTRUMENT: ICRT
INFO: 2024/04/05 16:01:06 REFERENCEID: IFT847-1687744873497
INFO: 2024/04/05 16:01:06 Lock: lock
2024/04/05 16:01:06 
