2024/03/05 17:24:39 
INFO: 2024/03/05 17:24:39                - - - - Feedback - - - -   
INFO: 2024/03/05 17:24:39 Unique-ID: e6bc09c59aa88fa549aea18a8a12ab4d
INFO: 2024/03/05 17:24:39 FEEDBACK-REQUEST: 2b588f38d1bc40bf85fc91397bc98466 
INFO: 2024/03/05 17:24:39 ALERTID: e99a18c4-28cb-38d5-f260-853678922e04
INFO: 2024/03/05 17:24:39 RESPONSE:  Success  
INFO: 2024/03/05 17:24:39 =========================================================================================
2024/03/05 17:24:39 
2024/03/05 17:24:40 
INFO: 2024/03/05 17:24:40                - - - - Feedback - - - -   
INFO: 2024/03/05 17:24:40 Unique-ID: 12b1479ae86240b6845e0f2a59bc7f2a
INFO: 2024/03/05 17:24:40 FEEDBACK-REQUEST: 2b588f38d1bc40bf85fc91397bc98466 
INFO: 2024/03/05 17:24:40 ALERTID: e99a18c4-28cb-38d5-f260-853678922e04
INFO: 2024/03/05 17:24:40 RESPONSE:  Success  
INFO: 2024/03/05 17:24:40 =========================================================================================
2024/03/05 17:24:40 
2024/03/05 17:24:40 
INFO: 2024/03/05 17:24:40                - - - - Feedback - - - -   
INFO: 2024/03/05 17:24:40 Unique-ID: afbbcfcc82b34bdd2b099aaacb6e873d
INFO: 2024/03/05 17:24:40 FEEDBACK-REQUEST: 2b588f38d1bc40bf85fc91397bc98466 
INFO: 2024/03/05 17:24:40 ALERTID: e99a18c4-28cb-38d5-f260-853678922e04
INFO: 2024/03/05 17:24:40 RESPONSE:  Success  
INFO: 2024/03/05 17:24:40 =========================================================================================
2024/03/05 17:24:40 
2024/03/05 17:24:41 
INFO: 2024/03/05 17:24:41                - - - - Feedback - - - -   
INFO: 2024/03/05 17:24:41 Unique-ID: f5ade2788d6106b73c97bf1549d3f39d
INFO: 2024/03/05 17:24:41 FEEDBACK-REQUEST: 2b588f38d1bc40bf85fc91397bc98466 
INFO: 2024/03/05 17:24:41 ALERTID: e99a18c4-28cb-38d5-f260-853678922e04
INFO: 2024/03/05 17:24:41 RESPONSE:  Success  
INFO: 2024/03/05 17:24:41 =========================================================================================
2024/03/05 17:24:41 
2024/03/05 17:24:41 
INFO: 2024/03/05 17:24:41                - - - - Feedback - - - -   
INFO: 2024/03/05 17:24:41 Unique-ID: 860d47aac94b3f89fb66201b0cf698dc
INFO: 2024/03/05 17:24:41 FEEDBACK-REQUEST: 2b588f38d1bc40bf85fc91397bc98466 
INFO: 2024/03/05 17:24:41 ALERTID: e99a18c4-28cb-38d5-f260-853678922e04
INFO: 2024/03/05 17:24:41 RESPONSE:  Success  
INFO: 2024/03/05 17:24:41 =========================================================================================
2024/03/05 17:24:41 
2024/03/05 17:24:42 
INFO: 2024/03/05 17:24:42                - - - - Feedback - - - -   
INFO: 2024/03/05 17:24:42 Unique-ID: 24fe22e40a260e44811c92769fe4e482
INFO: 2024/03/05 17:24:42 FEEDBACK-REQUEST: e99a18c4-28cb-38d5-f260-853678922e04
INFO: 2024/03/05 17:24:42 ALERTID: (Rate Limit Exceeded - 429)
INFO: 2024/03/05 17:24:42 RESPONSE: You have exceeded the service rate limit. Maximum allowed: 5 transactions per day
INFO: 2024/03/05 17:24:42 =========================================================================================
2024/03/05 17:24:42 
2024/03/05 17:24:42 
INFO: 2024/03/05 17:24:42                - - - - Feedback - - - -   
INFO: 2024/03/05 17:24:42 Unique-ID: 73d39d9a1518d1615f88fccca93b2272
INFO: 2024/03/05 17:24:42 FEEDBACK-REQUEST: e99a18c4-28cb-38d5-f260-853678922e04
INFO: 2024/03/05 17:24:42 ALERTID: (Rate Limit Exceeded - 429)
INFO: 2024/03/05 17:24:42 RESPONSE: You have exceeded the service rate limit. Maximum allowed: 5 transactions per day
INFO: 2024/03/05 17:24:42 =========================================================================================
2024/03/05 17:24:42 
2024/03/05 17:24:43 
INFO: 2024/03/05 17:24:43                - - - - Feedback - - - -   
INFO: 2024/03/05 17:24:43 Unique-ID: f261d9dd0e6d5c5db7e5091ccd9ffc20
INFO: 2024/03/05 17:24:43 FEEDBACK-REQUEST: e99a18c4-28cb-38d5-f260-853678922e04
INFO: 2024/03/05 17:24:43 ALERTID: (Rate Limit Exceeded - 429)
INFO: 2024/03/05 17:24:43 RESPONSE: You have exceeded the service rate limit. Maximum allowed: 5 transactions per day
INFO: 2024/03/05 17:24:43 =========================================================================================
2024/03/05 17:24:43 
