2024/02/29 23:06:48 
INFO: 2024/02/29 23:06:48                - - - - Feedback - - - -   
INFO: 2024/02/29 23:06:48 Unique-ID: 391a01a036e9e812c36a0cec8fb11f2b
INFO: 2024/02/29 23:06:48 FEEDBACK-REQUEST: 2b588f38d1bc40bf85fc91397bc98466 
INFO: 2024/02/29 23:06:48 ALERTID: e99a18c4-28cb-38d5-f260-853678922e04
INFO: 2024/02/29 23:06:48 RESPONSE:  Success  
INFO: 2024/02/29 23:06:48 =========================================================================================
2024/02/29 23:08:35 
INFO: 2024/02/29 23:08:35                - - - - Feedback - - - -   
INFO: 2024/02/29 23:08:35 Unique-ID: d895f07bb6d73dc19b90ba60202adb8a
INFO: 2024/02/29 23:08:35 FEEDBACK-REQUEST: 2b588f38d1bc40bf85fc91397bc98466 
INFO: 2024/02/29 23:08:35 ALERTID: e99a18c4-28cb-38d5-f260-853678922e04
INFO: 2024/02/29 23:08:35 RESPONSE:  Success  
INFO: 2024/02/29 23:08:35 =========================================================================================
2024/02/29 23:08:35 
2024/02/29 23:09:43 
INFO: 2024/02/29 23:09:43                - - - - Feedback - - - -   
INFO: 2024/02/29 23:09:43 Unique-ID: 1ae9f448dd9baa9b5261c4b4227c0887
INFO: 2024/02/29 23:09:43 FEEDBACK-REQUEST: 2b588f38d1bc40bf85fc91397bc98466 
INFO: 2024/02/29 23:09:43 ALERTID: e99a18c4-28cb-38d5-f260-853678922e04
INFO: 2024/02/29 23:09:43 RESPONSE:  Success  
INFO: 2024/02/29 23:09:43 =========================================================================================
2024/02/29 23:09:43 
INFO: 2024/02/29 23:09:43                - - - - Feedback - - - -   
INFO: 2024/02/29 23:09:43 Unique-IDz: 1ae9f448dd9baa9b5261c4b4227c0887
INFO: 2024/02/29 23:09:43 FEEDBACK-REQUEST: 2b588f38d1bc40bf85fc91397bc98466 
INFO: 2024/02/29 23:09:43 ALERTID: e99a18c4-28cb-38d5-f260-853678922e04
INFO: 2024/02/29 23:09:43 RESPONSE:  Success  
INFO: 2024/02/29 23:09:43 =========================================================================================
2024/02/29 23:09:52 
INFO: 2024/02/29 23:09:52                - - - - Feedback - - - -   
INFO: 2024/02/29 23:09:52 Unique-ID: 2c97fc05276087da145196595c4657a6
INFO: 2024/02/29 23:09:52 FEEDBACK-REQUEST: 2b588f38d1bc40bf85fc91397bc98466 
INFO: 2024/02/29 23:09:52 ALERTID: e99a18c4-28cb-38d5-f260-853678922e04
INFO: 2024/02/29 23:09:52 RESPONSE:  Success  
INFO: 2024/02/29 23:09:52 =========================================================================================
2024/02/29 23:09:52 
INFO: 2024/02/29 23:09:52                - - - - Feedback - - - -   
INFO: 2024/02/29 23:09:52 Unique-IDz: 2c97fc05276087da145196595c4657a6
INFO: 2024/02/29 23:09:52 FEEDBACK-REQUEST: 2b588f38d1bc40bf85fc91397bc98466 
INFO: 2024/02/29 23:09:52 ALERTID: e99a18c4-28cb-38d5-f260-853678922e04
INFO: 2024/02/29 23:09:52 RESPONSE:  Success  
INFO: 2024/02/29 23:09:52 =========================================================================================
2024/02/29 23:15:50 
INFO: 2024/02/29 23:15:50                - - - - Feedback - - - -   
INFO: 2024/02/29 23:15:50 Unique-ID: 5b3dc87542e35e8d987a611278dd91b5
INFO: 2024/02/29 23:15:50 FEEDBACK-REQUEST: 2b588f38d1bc40bf85fc91397bc98466 
INFO: 2024/02/29 23:15:50 ALERTID: e99a18c4-28cb-38d5-f260-853678922e04
INFO: 2024/02/29 23:15:50 RESPONSE:  Success  
INFO: 2024/02/29 23:15:50 =========================================================================================
2024/02/29 23:15:50 
