2024/02/21 01:41:24 
2024/02/21 01:41:24                - - - - Feedback - - - -   
2024/02/21 01:41:24 FEEDBACK: e99a18c4-28cb-38d5-f260-853678922e
2024/02/21 01:41:24 ALERTID: (Conflict - 409)
2024/02/21 01:41:24 RESPONSE:  Alert ID does not match the specified entity
2024/02/21 01:41:24 =========================================================================================
2024/02/21 01:41:34 
2024/02/21 01:41:34                - - - - Feedback - - - -   
2024/02/21 01:41:34 FEEDBACK: 2b588f38d1bc40bf85fc91397bc98465 
2024/02/21 01:41:34 ALERTID: e99a18c4-28cb-38d5-f260-853678922e03
2024/02/21 01:41:34 RESPONSE:  Success  
2024/02/21 01:41:34 =========================================================================================
2024/02/21 01:43:54 
2024/02/21 01:43:54                - - - - Feedback - - - -   
2024/02/21 01:43:54 FEEDBACK: 2b588f38d1bc40bf85fc91397bc98465 
2024/02/21 01:43:54 ALERTID: e99a18c4-28cb-38d5-f260-853678922e03
2024/02/21 01:43:54 RESPONSE:  Success  
2024/02/21 01:43:54 =========================================================================================
2024/02/21 01:44:11 
2024/02/21 01:44:11                - - - - Feedback - - - -   
2024/02/21 01:44:11 FEEDBACK: 2b588f38d1bc40bf85fc91397bc98465 
2024/02/21 01:44:11 ALERTID: e99a18c4-28cb-38d5-f260-853678922e03
2024/02/21 01:44:11 RESPONSE:  Success  
2024/02/21 01:44:11 =========================================================================================
2024/02/21 01:47:17 
2024/02/21 01:47:17                - - - - Feedback - - - -   
2024/02/21 01:47:17 FEEDBACK: e99a18c4-28cb-38d5-f260-853678922e04
2024/02/21 01:47:17 ALERTID: (Bad Request - 400)
2024/02/21 01:47:17 RESPONSE:  The request contains a bad payload
2024/02/21 01:47:17 =========================================================================================
2024/02/21 01:47:33 
2024/02/21 01:47:33                - - - - Feedback - - - -   
2024/02/21 01:47:33 FEEDBACK: e99a18c4-28cb-38d5-f260-853678922e05
2024/02/21 01:47:33 ALERTID: (Bad Request - 400)
2024/02/21 01:47:33 RESPONSE:  The request contains a bad payload
2024/02/21 01:47:33 =========================================================================================
2024/02/21 01:48:35 
2024/02/21 01:48:35                - - - - Feedback - - - -   
2024/02/21 01:48:35 FEEDBACK: 2b588f38d1bc40bf85fc91397bc98445 
2024/02/21 01:48:35 ALERTID: e99a18c4-28cb-38d5-f260-853678922e05
2024/02/21 01:48:35 RESPONSE:  Success  
2024/02/21 01:48:35 =========================================================================================
2024/02/21 01:48:57 
2024/02/21 01:48:57                - - - - Feedback - - - -   
2024/02/21 01:48:57 FEEDBACK: 2b588f38d1bc40bf85fc91397bc98443 
2024/02/21 01:48:57 ALERTID: e99a18c4-28cb-38d5-f260-853678922e78
2024/02/21 01:48:57 RESPONSE:  Success  
2024/02/21 01:48:57 =========================================================================================
2024/02/21 01:49:15 
2024/02/21 01:49:15                - - - - Feedback - - - -   
2024/02/21 01:49:15 FEEDBACK: 
2024/02/21 01:49:15 ALERTID: (Rate Limit Exceeded - 429)
2024/02/21 01:49:15 RESPONSE: You have exceeded the service rate limit. Maximum allowed: ${rate_limit.output} TPS
2024/02/21 01:49:15 =========================================================================================
2024/02/21 01:55:02 
2024/02/21 01:55:02                - - - - Feedback - - - -   
2024/02/21 01:55:02 FEEDBACK: e99a18c4-28cb-38d5-f260-853678922e03
2024/02/21 01:55:02 ALERTID: (Conflict - 409)
2024/02/21 01:55:02 RESPONSE: Network alert ID already exists
2024/02/21 01:55:02 =========================================================================================
2024/02/21 16:17:40 
2024/02/21 16:17:40                - - - - Feedback - - - -   
2024/02/21 16:17:40 FEEDBACK: e99a18c4-28cb-38d5-f260-853678922e03
2024/02/21 16:17:40 ALERTID: (Conflict - 409)
2024/02/21 16:17:40 RESPONSE: Network alert ID already exists
2024/02/21 16:17:40 =========================================================================================
2024/02/21 16:17:44 
2024/02/21 16:17:44                - - - - Feedback - - - -   
2024/02/21 16:17:44 FEEDBACK: 2b588f38d1bc40bf85fc91397bc98443 
2024/02/21 16:17:44 ALERTID: e99a18c4-28cb-38d5-f260-853678922e78
2024/02/21 16:17:44 RESPONSE:  Success  
2024/02/21 16:17:44 =========================================================================================
2024/02/21 18:42:15 
2024/02/21 18:42:15                - - - - Feedback - - - -   
2024/02/21 18:42:15 FEEDBACK: 2b588f38d1bc40bf85fc91397bc98443 
2024/02/21 18:42:15 ALERTID: e99a18c4-28cb-38d5-f260-853678922e78
2024/02/21 18:42:15 RESPONSE:  Success  
2024/02/21 18:42:15 =========================================================================================
2024/02/21 18:44:58 
2024/02/21 18:44:58                - - - - Feedback - - - -   
2024/02/21 18:44:58 FEEDBACK: 2b588f38d1bc40bf85fc91397bc98443 
2024/02/21 18:44:58 ALERTID: e99a18c4-28cb-38d5-f260-853678922e78
2024/02/21 18:44:58 RESPONSE:  Success  
2024/02/21 18:44:58 =========================================================================================
