2024/02/23 20:07:33 
2024/02/23 20:07:33                - - - - Feedback - - - -   
2024/02/23 20:07:33 FEEDBACK: e99a18c4-28cb-38d5-f260-853678922e78388
2024/02/23 20:07:33 ALERTID: (Internal Server Error - 500)
2024/02/23 20:07:33 RESPONSE: Database error
2024/02/23 20:07:33 =========================================================================================
2024/02/23 20:07:38 
2024/02/23 20:07:38                - - - - Feedback - - - -   
2024/02/23 20:07:38 FEEDBACK: e99a18c4-28cb-38d5-f260-853678922e78388
2024/02/23 20:07:38 ALERTID: (Internal Server Error - 500)
2024/02/23 20:07:38 RESPONSE: Database error
2024/02/23 20:07:38 =========================================================================================
2024/02/23 20:09:41 
2024/02/23 20:09:41                - - - - Feedback - - - -   
2024/02/23 20:09:41 FEEDBACK: e99a18c4-28cb-38d5-f260-853678922e78388
2024/02/23 20:09:41 ALERTID: (Internal Server Error - 500)
2024/02/23 20:09:41 RESPONSE: Database error
2024/02/23 20:09:41 =========================================================================================
2024/02/23 20:10:01 
2024/02/23 20:10:01                - - - - Feedback - - - -   
2024/02/23 20:10:01 FEEDBACK: e99a18c4-28cb-38d5-f260-853678922e78388
2024/02/23 20:10:01 ALERTID: (Internal Server Error - 500)
2024/02/23 20:10:01 RESPONSE: Database error
2024/02/23 20:10:01 =========================================================================================
2024/02/23 20:10:50 
2024/02/23 20:10:50                - - - - Feedback - - - -   
2024/02/23 20:10:50 FEEDBACK: e99a18c4-28cb-38d5-f260-853678922e78388
2024/02/23 20:10:50 ALERTID: (Internal Server Error - 500)
2024/02/23 20:10:50 RESPONSE: Database error
2024/02/23 20:10:50 =========================================================================================
2024/02/23 20:10:52 
2024/02/23 20:10:52                - - - - Feedback - - - -   
2024/02/23 20:10:52 FEEDBACK: e99a18c4-28cb-38d5-f260-853678922e78388
2024/02/23 20:10:52 ALERTID: (Internal Server Error - 500)
2024/02/23 20:10:52 RESPONSE: Database error
2024/02/23 20:10:52 =========================================================================================
2024/02/23 20:11:13 
2024/02/23 20:11:13                - - - - Feedback - - - -   
2024/02/23 20:11:13 FEEDBACK: e99a18c4-28cb-38d5-f260-853678922e78388
2024/02/23 20:11:13 ALERTID: (Internal Server Error - 500)
2024/02/23 20:11:13 RESPONSE: Database error
2024/02/23 20:11:13 =========================================================================================
2024/02/23 20:13:34 
2024/02/23 20:13:34                - - - - Feedback - - - -   
2024/02/23 20:13:34 FEEDBACK: e99a18c4-28cb-38d5-f260-853678922e78388
2024/02/23 20:13:34 ALERTID: (Internal Server Error - 500)
2024/02/23 20:13:34 RESPONSE: Database error
2024/02/23 20:13:34 =========================================================================================
2024/02/23 20:13:47 
2024/02/23 20:13:47                - - - - Feedback - - - -   
2024/02/23 20:13:47 FEEDBACK: e99a18c4-28cb-38d5-f260-853678922e78388
2024/02/23 20:13:47 ALERTID: (Internal Server Error - 500)
2024/02/23 20:13:47 RESPONSE: Database error
2024/02/23 20:13:47 =========================================================================================
2024/02/23 20:13:50 
2024/02/23 20:13:50                - - - - Feedback - - - -   
2024/02/23 20:13:50 FEEDBACK: e99a18c4-28cb-38d5-f260-853678922e78388
2024/02/23 20:13:50 ALERTID: (Internal Server Error - 500)
2024/02/23 20:13:50 RESPONSE: Database error
2024/02/23 20:13:50 =========================================================================================
2024/02/23 20:15:57 
2024/02/23 20:15:57                - - - - Feedback - - - -   
2024/02/23 20:15:57 FEEDBACK: e99a18c4-28cb-38d5-f260-853678922e78388
2024/02/23 20:15:57 ALERTID: (Internal Server Error - 500)
2024/02/23 20:15:57 RESPONSE: Database error
2024/02/23 20:15:57 =========================================================================================
2024/02/23 20:16:06 
2024/02/23 20:16:06                - - - - Feedback - - - -   
2024/02/23 20:16:06 FEEDBACK: e99a18c4-28cb-38d5-f260-853678922e78388
2024/02/23 20:16:06 ALERTID: (Internal Server Error - 500)
2024/02/23 20:16:06 RESPONSE: Database error
2024/02/23 20:16:06 =========================================================================================
2024/02/23 20:20:33 
2024/02/23 20:20:33                - - - - Feedback - - - -   
2024/02/23 20:20:33 FEEDBACK: e99a18c4-28cb-38d5-f260-853678922e78388
2024/02/23 20:20:33 ALERTID: (Internal Server Error - 500)
2024/02/23 20:20:33 RESPONSE: Database error
2024/02/23 20:20:33 =========================================================================================
2024/02/23 20:21:27 
2024/02/23 20:21:27                - - - - Feedback - - - -   
2024/02/23 20:21:27 FEEDBACK: e99a18c4-28cb-38d5-f260-853678922e03
2024/02/23 20:21:27 ALERTID: (Conflict - 409)
2024/02/23 20:21:27 RESPONSE: Network alert ID already exists
2024/02/23 20:21:27 =========================================================================================
2024/02/23 20:22:11 
2024/02/23 20:22:11                - - - - Feedback - - - -   
2024/02/23 20:22:11 FEEDBACK: e99a18c4-28cb-38d5-f260-853678922e03
2024/02/23 20:22:11 ALERTID: (Bad Request - 400)
2024/02/23 20:22:11 RESPONSE: The request body is expecting an array
2024/02/23 20:22:11 =========================================================================================
2024/02/23 20:24:06 
2024/02/23 20:24:06                - - - - Feedback - - - -   
2024/02/23 20:24:06 FEEDBACK: e99a18c4-28cb-38d5-f260-853678922e03
2024/02/23 20:24:06 ALERTID: (Bad Request - 400)
2024/02/23 20:24:06 RESPONSE: The request body is expecting an array
2024/02/23 20:24:06 =========================================================================================
2024/02/23 20:24:12 
2024/02/23 20:24:12                - - - - Feedback - - - -   
2024/02/23 20:24:12 FEEDBACK: e99a18c4-28cb-38d5-f260-853678922e78388
2024/02/23 20:24:12 ALERTID: (Internal Server Error - 500)
2024/02/23 20:24:12 RESPONSE: Database error
2024/02/23 20:24:12 =========================================================================================
2024/02/23 20:25:52 
2024/02/23 20:25:52                - - - - Feedback - - - -   
2024/02/23 20:25:52 FEEDBACK: 
2024/02/23 20:25:52 ALERTID: (Rate Limit Exceeded - 429)
2024/02/23 20:25:52 RESPONSE: You have exceeded the service rate limit. Maximum allowed: ${rate_limit.output} TPS
2024/02/23 20:25:52 =========================================================================================
2024/02/23 20:25:55 
2024/02/23 20:25:55                - - - - Feedback - - - -   
2024/02/23 20:25:55 FEEDBACK: 2b588f38d1bc40bf85fc91397bc98443 
2024/02/23 20:25:55 ALERTID: e99a18c4-28cb-38d5-f260-853678922e78
2024/02/23 20:25:55 RESPONSE:  Success  
2024/02/23 20:25:55 =========================================================================================
2024/02/23 20:26:04 
2024/02/23 20:26:04                - - - - Feedback - - - -   
2024/02/23 20:26:04 FEEDBACK: e99a18c4-28cb-38d5-f260-853678922e03
2024/02/23 20:26:04 ALERTID: (Conflict - 409)
2024/02/23 20:26:04 RESPONSE: Network alert ID already exists
2024/02/23 20:26:04 =========================================================================================
2024/02/23 20:26:09 
2024/02/23 20:26:09                - - - - Feedback - - - -   
2024/02/23 20:26:09 FEEDBACK: 2b588f38d1bc40bf85fc91397bc98443 
2024/02/23 20:26:09 ALERTID: e99a18c4-28cb-38d5-f260-853678922e78
2024/02/23 20:26:09 RESPONSE:  Success  
2024/02/23 20:26:09 =========================================================================================
2024/02/23 20:30:35 
2024/02/23 20:30:35                - - - - Feedback - - - -   
2024/02/23 20:30:35 FEEDBACK: e99a18c4-28cb-38d5-f260-853678922e78
2024/02/23 20:30:35 ALERTID: (Bad Request - 400)
2024/02/23 20:30:35 RESPONSE: The request body is expecting an array
2024/02/23 20:30:35 =========================================================================================
2024/02/23 20:30:52 
2024/02/23 20:30:52                - - - - Feedback - - - -   
2024/02/23 20:30:52 FEEDBACK: e99a18c4-28cb-38d5-f260-853678922e78
2024/02/23 20:30:52 ALERTID: (Bad Request - 400)
2024/02/23 20:30:52 RESPONSE: The request body is expecting an array
2024/02/23 20:30:52 =========================================================================================
2024/02/23 20:30:54 
2024/02/23 20:30:54                - - - - Feedback - - - -   
2024/02/23 20:30:54 FEEDBACK: 
2024/02/23 20:30:54 ALERTID: (Rate Limit Exceeded - 429)
2024/02/23 20:30:54 RESPONSE: You have exceeded the service rate limit. Maximum allowed: ${rate_limit.output} TPS
2024/02/23 20:30:54 =========================================================================================
2024/02/23 20:31:10 
2024/02/23 20:31:10                - - - - Feedback - - - -   
2024/02/23 20:31:10 FEEDBACK: 2b588f38d1bc40bf85fc91397bc98443 
2024/02/23 20:31:10 ALERTID: e99a18c4-28cb-38d5-f260-853678922e78
2024/02/23 20:31:10 RESPONSE:  Success  
2024/02/23 20:31:10 =========================================================================================
2024/02/23 20:31:15 
2024/02/23 20:31:15                - - - - Feedback - - - -   
2024/02/23 20:31:15 FEEDBACK: e99a18c4-28cb-38d5-f260-853678922e78
2024/02/23 20:31:15 ALERTID: (Bad Request - 400)
2024/02/23 20:31:15 RESPONSE: The request body is expecting an array
2024/02/23 20:31:15 =========================================================================================
2024/02/23 20:31:51 
2024/02/23 20:31:51                - - - - Feedback - - - -   
2024/02/23 20:31:51 FEEDBACK: e99a18c4-28cb-38d5-f260-853678922e78
2024/02/23 20:31:51 ALERTID: (Bad Request - 400)
2024/02/23 20:31:51 RESPONSE: The request body is expecting an array
2024/02/23 20:31:51 =========================================================================================
2024/02/23 20:47:35 
2024/02/23 20:47:35                - - - - Feedback - - - -   
2024/02/23 20:47:35 ID: (Bad Request - 400)
2024/02/23 20:47:35 FEEDBACK: IFT869-1587634695623
2024/02/23 20:47:35 ALERTID: The request body is expecting an array
2024/02/23 20:47:35 RESPONSE: e99a18c4-28cb-38d5-f260-853678922e78
2024/02/23 20:47:35 =========================================================================================
2024/02/23 20:51:12 
2024/02/23 20:51:12                - - - - Feedback - - - -   
2024/02/23 20:51:12 ID: IFT802-1691079461451
2024/02/23 20:51:12 FEEDBACK: e99a18c4-28cb-38d5-f260-853678922e78
2024/02/23 20:51:12 ALERTID: (Bad Request - 400)
2024/02/23 20:51:12 RESPONSE: The request body is expecting an array
2024/02/23 20:51:12 =========================================================================================
2024/02/23 21:06:27 
2024/02/23 21:06:27                - - - - Feedback - - - -   
2024/02/23 21:06:27 ID: IFT5648259642001150-3868750648477993
2024/02/23 21:06:27 FEEDBACK: e99a18c4-28cb-38d5-f260-853678922e78
2024/02/23 21:06:27 ALERTID: (Bad Request - 400)
2024/02/23 21:06:27 RESPONSE: The request body is expecting an array
2024/02/23 21:06:27 =========================================================================================
2024/02/23 21:07:07 
2024/02/23 21:07:07                - - - - Feedback - - - -   
2024/02/23 21:07:07 ID: 66723593968505534926141966298061
2024/02/23 21:07:07 FEEDBACK: e99a18c4-28cb-38d5-f260-853678922e78
2024/02/23 21:07:07 ALERTID: (Bad Request - 400)
2024/02/23 21:07:07 RESPONSE: The request body is expecting an array
2024/02/23 21:07:07 =========================================================================================
2024/02/23 21:15:51 
2024/02/23 21:15:51                - - - - Feedback - - - -   
2024/02/23 21:15:51 ID: plt8O5iTYjQP8C5m
2024/02/23 21:15:51 FEEDBACK: e99a18c4-28cb-38d5-f260-853678922e78
2024/02/23 21:15:51 ALERTID: (Bad Request - 400)
2024/02/23 21:15:51 RESPONSE: The request body is expecting an array
2024/02/23 21:15:51 =========================================================================================
2024/02/23 21:20:37 
2024/02/23 21:20:37                - - - - Feedback - - - -   
2024/02/23 21:20:37 ID: 69683544062059621142621429934791
2024/02/23 21:20:37 FEEDBACK: e99a18c4-28cb-38d5-f260-853678922e78
2024/02/23 21:20:37 ALERTID: (Conflict - 409)
2024/02/23 21:20:37 RESPONSE:  Alert ID does not match the specified entity
2024/02/23 21:20:37 =========================================================================================
2024/02/23 21:20:43 
2024/02/23 21:20:43                - - - - Feedback - - - -   
2024/02/23 21:20:43 ID: 55221477091363153048294676879993
2024/02/23 21:20:43 FEEDBACK: e99a18c4-28cb-38d5-f260-853678922e78
2024/02/23 21:20:43 ALERTID: (Bad Request - 400)
2024/02/23 21:20:43 RESPONSE: The request body is expecting an array
2024/02/23 21:20:43 =========================================================================================
2024/02/23 21:26:08 
2024/02/23 21:26:08                - - - - Feedback - - - -   
2024/02/23 21:26:08 ID: e8054ffce3691a11cba02d538119729c
2024/02/23 21:26:08 FEEDBACK: e99a18c4-28cb-38d5-f260-853678922e78
2024/02/23 21:26:08 ALERTID: (Bad Request - 400)
2024/02/23 21:26:08 RESPONSE: The request body is expecting an array
2024/02/23 21:26:08 =========================================================================================
2024/02/23 21:26:18 
2024/02/23 21:26:18                - - - - Feedback - - - -   
2024/02/23 21:26:18 ID: eae02cd164c37ae65e0295f617f0fe34
2024/02/23 21:26:18 FEEDBACK: e99a18c4-28cb-38d5-f260-853678922e78
2024/02/23 21:26:18 ALERTID: (Bad Request - 400)
2024/02/23 21:26:18 RESPONSE: The request body is expecting an array
2024/02/23 21:26:18 =========================================================================================
2024/02/23 21:33:50 
2024/02/23 21:33:50                - - - - Feedback - - - -   
2024/02/23 21:33:50 ID: 2bc85759801d03781b09ccffbe23fa5f
2024/02/23 21:33:50 FEEDBACK: e99a18c4-28cb-38d5-f260-853678922e78
2024/02/23 21:33:50 ALERTID: (Bad Request - 400)
2024/02/23 21:33:50 RESPONSE: The request body is expecting an array
2024/02/23 21:33:50 =========================================================================================
2024/02/23 21:35:40 
2024/02/23 21:35:40                - - - - Feedback - - - -   
2024/02/23 21:35:40 ID: ba088734c7c131630b498164c8104483
2024/02/23 21:35:40 FEEDBACK-REQUEST: e99a18c4-28cb-38d5-f260-853678922e78
2024/02/23 21:35:40 ALERTID: (Bad Request - 400)
2024/02/23 21:35:40 RESPONSE: The request body is expecting an array
2024/02/23 21:35:40 =========================================================================================
2024/02/23 21:44:57 
2024/02/23 21:44:57                - - - - Feedback - - - -   
2024/02/23 21:44:57 ID: 33362d5c9ee48aac31c3a4c1ecadf8e2
2024/02/23 21:44:57 FEEDBACK-REQUEST: e99a18c4-28cb-38d5-f260-853678922e78
2024/02/23 21:44:57 ALERTID: (Conflict - 409)
2024/02/23 21:44:57 RESPONSE:  Alert ID does not match the specified entity
2024/02/23 21:44:57 =========================================================================================
2024/02/23 21:45:06 
2024/02/23 21:45:06                - - - - Feedback - - - -   
2024/02/23 21:45:06 ID: 71edffb6e7d54293e5acbd8419a24b82
2024/02/23 21:45:06 FEEDBACK-REQUEST: e99a18c4-28cb-38d5-f260-853678922e78
2024/02/23 21:45:06 ALERTID: (Conflict - 409)
2024/02/23 21:45:06 RESPONSE:  Alert ID does not match the specified entity
2024/02/23 21:45:06 =========================================================================================
2024/02/23 21:49:39 
2024/02/23 21:49:39                - - - - Feedback - - - -   
2024/02/23 21:49:39 ID: 622ad35e0689538dc390eec26ef11037
2024/02/23 21:49:39 FEEDBACK-REQUEST: e99a18c4-28cb-38d5-f260-853678922e78
2024/02/23 21:49:39 ALERTID: (Conflict - 409)
2024/02/23 21:49:39 RESPONSE:  Alert ID does not match the specified entity
2024/02/23 21:49:39 =========================================================================================
2024/02/23 21:50:14 
2024/02/23 21:50:14                - - - - Feedback - - - -   
2024/02/23 21:50:14 ID: 6e8fbc1c95a571820640501186d792b2
2024/02/23 21:50:14 FEEDBACK-REQUEST: e99a18c4-28cb-38d5-f260-853678922e78
2024/02/23 21:50:14 ALERTID: (Conflict - 409)
2024/02/23 21:50:14 RESPONSE:  Alert ID does not match the specified entity
2024/02/23 21:50:14 =========================================================================================
