2024/02/27 22:06:53 
2024/02/27 22:06:53                - - - - Feedback - - - -   
2024/02/27 22:06:53 Unique-IDz: 9a8346ab3f58d7269f97382913bba2b8
2024/02/27 22:06:53 FEEDBACK-REQUEST: 2b588f38d1bc40bf85fc91397bc98466 
2024/02/27 22:06:53 ALERTID: e99a18c4-28cb-38d5-f260-853678922e04
2024/02/27 22:06:53 RESPONSE:  Success  
2024/02/27 22:06:53 =========================================================================================
2024/02/27 22:12:45 
2024/02/27 22:12:45                - - - - Feedback - - - -   
2024/02/27 22:12:45 Unique-IDz: a453a152035a702284b40404743cd0d0
2024/02/27 22:12:45 FEEDBACK-REQUEST: 2b588f38d1bc40bf85fc91397bc98466 
2024/02/27 22:12:45 ALERTID: e99a18c4-28cb-38d5-f260-853678922e04
2024/02/27 22:12:45 RESPONSE:  Success  
2024/02/27 22:12:45 =========================================================================================
2024/02/27 22:12:54 
2024/02/27 22:12:54                - - - - Feedback - - - -   
2024/02/27 22:12:54 Unique-IDz: c4ab9e6e6c0e6aaff67e73a5fb19f510
2024/02/27 22:12:54 FEEDBACK-REQUEST: 2b588f38d1bc40bf85fc91397bc98466 
2024/02/27 22:12:54 ALERTID: e99a18c4-28cb-38d5-f260-853678922e04
2024/02/27 22:12:54 RESPONSE:  Success  
2024/02/27 22:12:54 =========================================================================================
