2024/02/26 14:03:24 
2024/02/26 14:03:24                - - - - Feedback - - - -   
2024/02/26 14:03:24 Unique-ID: 7761e81ed33875100f8a8905b2b51c43
2024/02/26 14:03:24 FEEDBACK-REQUEST: e99a18c4-28cb-38d5-f260-853678922e78
2024/02/26 14:03:24 ALERTID: (Conflict - 409)
2024/02/26 14:03:24 RESPONSE:  Alert ID does not match the specified entity
2024/02/26 14:03:24 =========================================================================================
2024/02/26 14:04:09 
2024/02/26 14:04:09                - - - - Feedback - - - -   
2024/02/26 14:04:09 Unique-ID: 4e59bc9d694d41ba4d0122effc50920f
2024/02/26 14:04:09 FEEDBACK-REQUEST: e99a18c4-28cb-38d5-f260-853678922e78
2024/02/26 14:04:09 ALERTID: (Conflict - 409)
2024/02/26 14:04:09 RESPONSE:  Alert ID does not match the specified entity
2024/02/26 14:04:09 =========================================================================================
2024/02/26 16:50:08 
2024/02/26 16:50:08                - - - - Feedback - - - -   
2024/02/26 16:50:08 Unique-ID: e5c4f88aa59589617d57766d779163dd
2024/02/26 16:50:08 FEEDBACK-REQUEST: e99a18c4-28cb-38d5-f260-853678922e78388
2024/02/26 16:50:08 ALERTID: (Internal Server Error - 500)
2024/02/26 16:50:08 RESPONSE: Database error
2024/02/26 16:50:08 =========================================================================================
2024/02/26 16:52:03 
2024/02/26 16:52:03                - - - - Feedback - - - -   
2024/02/26 16:52:03 Unique-ID: de8beaa97c25621b711150a609b59cf7
2024/02/26 16:52:03 FEEDBACK-REQUEST: e99a18c4-28cb-38d5-f260-853678922e03
2024/02/26 16:52:03 ALERTID: (Conflict - 409)
2024/02/26 16:52:03 RESPONSE: Network alert ID already exists
2024/02/26 16:52:03 =========================================================================================
2024/02/26 16:52:41 
2024/02/26 16:52:41                - - - - Feedback - - - -   
2024/02/26 16:52:41 Unique-ID: 1502b542fb4a40e83fb6941da6f52fd6
2024/02/26 16:52:41 FEEDBACK-REQUEST: e99a18c4-28cb-38d5-f260-853678922e04
2024/02/26 16:52:41 ALERTID: (Conflict - 409)
2024/02/26 16:52:41 RESPONSE:  Alert ID does not match the specified entity
2024/02/26 16:52:41 =========================================================================================
2024/02/26 16:53:09 
2024/02/26 16:53:09                - - - - Feedback - - - -   
2024/02/26 16:53:09 Unique-ID: ec858457d7b87ce9e228aae5f0a84a1a
2024/02/26 16:53:09 FEEDBACK-REQUEST: e99a18c4-28cb-38d5-f260-853678922e04
2024/02/26 16:53:09 ALERTID: (Bad Request - 400)
2024/02/26 16:53:09 RESPONSE: The request body is expecting an array
2024/02/26 16:53:09 =========================================================================================
2024/02/26 16:53:41 
2024/02/26 16:53:41                - - - - Feedback - - - -   
2024/02/26 16:53:41 Unique-ID: 6bc112ec1d4e1a7c32e8111ab3680e99
2024/02/26 16:53:41 FEEDBACK-REQUEST: e99a18c4-28cb-38d5-f260-853678922e04
2024/02/26 16:53:41 ALERTID: (Bad Request - 400)
2024/02/26 16:53:41 RESPONSE: The request body is expecting an array
2024/02/26 16:53:41 =========================================================================================
2024/02/26 16:53:56 
2024/02/26 16:53:56                - - - - Feedback - - - -   
2024/02/26 16:53:56 Unique-ID: bf3c2b0b61c4102431e49f36b999bdeb
2024/02/26 16:53:56 FEEDBACK-REQUEST: 
2024/02/26 16:53:56 ALERTID: (Rate Limit Exceeded - 429)
2024/02/26 16:53:56 RESPONSE: You have exceeded the service rate limit. Maximum allowed: ${rate_limit.output} TPS
2024/02/26 16:53:56 =========================================================================================
2024/02/26 16:53:58 
2024/02/26 16:53:58                - - - - Feedback - - - -   
2024/02/26 16:53:58 Unique-ID: 72a0c5beda7fc3fe5b48341b018dc3a4
2024/02/26 16:53:58 FEEDBACK-REQUEST: e99a18c4-28cb-38d5-f260-853678922e03
2024/02/26 16:53:58 ALERTID: (Conflict - 409)
2024/02/26 16:53:58 RESPONSE: Network alert ID already exists
2024/02/26 16:53:58 =========================================================================================
2024/02/26 16:54:44 
2024/02/26 16:54:44                - - - - Feedback - - - -   
2024/02/26 16:54:44 Unique-ID: 4384a01f3500780bc8635b705c800fdb
2024/02/26 16:54:44 FEEDBACK-REQUEST: e99a18c4-28cb-38d5-f260-853678922e04
2024/02/26 16:54:44 ALERTID: (Conflict - 409)
2024/02/26 16:54:44 RESPONSE:  Alert ID does not match the specified entity
2024/02/26 16:54:44 =========================================================================================
2024/02/26 16:55:05 
2024/02/26 16:55:05                - - - - Feedback - - - -   
2024/02/26 16:55:05 Unique-ID: 38584df7dce0540b399c6cc41e01a7ec
2024/02/26 16:55:05 FEEDBACK-REQUEST: e99a18c4-28cb-38d5-f260-853678922e04
2024/02/26 16:55:05 ALERTID: (Bad Request - 400)
2024/02/26 16:55:05 RESPONSE: The request body is expecting an array
2024/02/26 16:55:05 =========================================================================================
2024/02/26 16:55:47 
2024/02/26 16:55:47                - - - - Feedback - - - -   
2024/02/26 16:55:47 Unique-ID: bf17d167e721a956f5ba606fd305f2e2
2024/02/26 16:55:47 FEEDBACK-REQUEST: e99a18c4-28cb-38d5-f260-853678922e07
2024/02/26 16:55:47 ALERTID: (Conflict - 409)
2024/02/26 16:55:47 RESPONSE:  Alert ID does not match the specified entity
2024/02/26 16:55:47 =========================================================================================
2024/02/26 16:56:01 
2024/02/26 16:56:01                - - - - Feedback - - - -   
2024/02/26 16:56:01 Unique-ID: 4e05eceae55203a2e725f86bc891feba
2024/02/26 16:56:01 FEEDBACK-REQUEST: e99a18c4-28cb-38d5-f260-853678922e04
2024/02/26 16:56:01 ALERTID: (Bad Request - 400)
2024/02/26 16:56:01 RESPONSE: The request body is expecting an array
2024/02/26 16:56:01 =========================================================================================
2024/02/26 16:58:02 
2024/02/26 16:58:02                - - - - Feedback - - - -   
2024/02/26 16:58:02 Unique-ID: 1ac41257afc72c8c9b68756e1316ad62
2024/02/26 16:58:02 FEEDBACK-REQUEST: e99a18c4-28cb-38d5-f260-853678922e04
2024/02/26 16:58:02 ALERTID: (Bad Request - 400)
2024/02/26 16:58:02 RESPONSE: The request body is expecting an array
2024/02/26 16:58:02 =========================================================================================
2024/02/26 16:58:57 
2024/02/26 16:58:57                - - - - Feedback - - - -   
2024/02/26 16:58:57 Unique-ID: 5a60fe8e1b31da0838b39924d429188f
2024/02/26 16:58:57 FEEDBACK-REQUEST: e99a18c4-28cb-38d5-f260-853678922e78388
2024/02/26 16:58:57 ALERTID: (Internal Server Error - 500)
2024/02/26 16:58:57 RESPONSE: Database error
2024/02/26 16:58:57 =========================================================================================
2024/02/26 17:21:50 
2024/02/26 17:21:50                - - - - Feedback - - - -   
2024/02/26 17:21:50 Unique-ID: c07217fd089c5e0d413d4ed8f3cfabdf
2024/02/26 17:21:50 FEEDBACK-REQUEST: e99a18c4-28cb-38d5-f260-853678922e78388
2024/02/26 17:21:50 ALERTID: (Internal Server Error - 500)
2024/02/26 17:21:50 RESPONSE: Database error
2024/02/26 17:21:50 =========================================================================================
2024/02/26 17:22:53 
2024/02/26 17:22:53                - - - - Feedback - - - -   
2024/02/26 17:22:53 Unique-ID: 9760fdfa995c2c90e847e4e42e96e4c1
2024/02/26 17:22:53 FEEDBACK-REQUEST: e99a18c4-28cb-38d5-f260-853678922e04
2024/02/26 17:22:53 ALERTID: (Conflict - 409)
2024/02/26 17:22:53 RESPONSE:  Alert ID does not match the specified entity
2024/02/26 17:22:53 =========================================================================================
2024/02/26 17:23:11 
2024/02/26 17:23:11                - - - - Feedback - - - -   
2024/02/26 17:23:11 Unique-ID: e2993e0bac11c9a0d2a1fda76dd6676b
2024/02/26 17:23:11 FEEDBACK-REQUEST: e99a18c4-28cb-38d5-f260-853678922e04
2024/02/26 17:23:11 ALERTID: (Bad Request - 400)
2024/02/26 17:23:11 RESPONSE: The request body is expecting an array
2024/02/26 17:23:11 =========================================================================================
2024/02/26 17:23:48 
2024/02/26 17:23:48                - - - - Feedback - - - -   
2024/02/26 17:23:48 Unique-ID: b4b47d6dbb0707f6f4212b64d27960bd
2024/02/26 17:23:48 FEEDBACK-REQUEST: 
2024/02/26 17:23:48 ALERTID: (Rate Limit Exceeded - 429)
2024/02/26 17:23:48 RESPONSE: You have exceeded the service rate limit. Maximum allowed: ${rate_limit.output} TPS
2024/02/26 17:23:48 =========================================================================================
2024/02/26 17:24:34 
2024/02/26 17:24:34                - - - - Feedback - - - -   
2024/02/26 17:24:34 Unique-ID: 13505864a933e2ba51b3fb4227eb9ec5
2024/02/26 17:24:34 FEEDBACK-REQUEST: e99a18c4-28cb-38d5-f260-853678922e04
2024/02/26 17:24:34 ALERTID: (Conflict - 409)
2024/02/26 17:24:34 RESPONSE:  Alert ID does not match the specified entity
2024/02/26 17:24:34 =========================================================================================
2024/02/26 17:27:46 
2024/02/26 17:27:46                - - - - Feedback - - - -   
2024/02/26 17:27:46 Unique-ID: c9dee4fdbec17b345ae7aec3d3efdaf0
2024/02/26 17:27:46 FEEDBACK-REQUEST: e99a18c4-28cb-38d5-f260-853678922e07
2024/02/26 17:27:46 ALERTID: (Conflict - 409)
2024/02/26 17:27:46 RESPONSE:  Alert ID does not match the specified entity
2024/02/26 17:27:46 =========================================================================================
2024/02/26 17:28:02 
2024/02/26 17:28:02                - - - - Feedback - - - -   
2024/02/26 17:28:02 Unique-ID: 72fd69563f011848fa6d045e069cee6a
2024/02/26 17:28:02 FEEDBACK-REQUEST: e99a18c4-28cb-38d5-f260-853678922e04
2024/02/26 17:28:02 ALERTID: (Conflict - 409)
2024/02/26 17:28:02 RESPONSE:  Alert ID does not match the specified entity
2024/02/26 17:28:02 =========================================================================================
2024/02/26 17:30:36 
2024/02/26 17:30:36                - - - - Feedback - - - -   
2024/02/26 17:30:36 Unique-ID: b7c33655f724c8c1d355945b1a9dda93
2024/02/26 17:30:36 FEEDBACK-REQUEST: e99a18c4-28cb-38d5-f260-853678922e04
2024/02/26 17:30:36 ALERTID: (Conflict - 409)
2024/02/26 17:30:36 RESPONSE:  Alert ID does not match the specified entity
2024/02/26 17:30:36 =========================================================================================
2024/02/26 17:31:04 
2024/02/26 17:31:04                - - - - Feedback - - - -   
2024/02/26 17:31:04 Unique-ID: 1b52741ea3b864e239934d0878b68493
2024/02/26 17:31:04 FEEDBACK-REQUEST: e99a18c4-28cb-38d5-f260-853678922e04
2024/02/26 17:31:04 ALERTID: (Bad Request - 400)
2024/02/26 17:31:04 RESPONSE: The request body is expecting an array
2024/02/26 17:31:04 =========================================================================================
2024/02/26 17:33:35 
2024/02/26 17:33:35                - - - - Feedback - - - -   
2024/02/26 17:33:35 FEEDBACK-REQUEST: 2b588f38d1bc40bf85fc91397bc98466 
2024/02/26 17:33:35 ALERTID: e99a18c4-28cb-38d5-f260-853678922e04
2024/02/26 17:33:35 RESPONSE:  Success  
2024/02/26 17:33:35 =========================================================================================
2024/02/26 17:36:56 
2024/02/26 17:36:56                - - - - Feedback - - - -   
2024/02/26 17:36:56 Unique-ID: bbff395fd1630429d3342d99858d4fa5
2024/02/26 17:36:56 FEEDBACK-REQUEST: e99a18c4-28cb-38d5-f260-853678922e04
2024/02/26 17:36:56 ALERTID: (Conflict - 409)
2024/02/26 17:36:56 RESPONSE:  Alert ID does not match the specified entity
2024/02/26 17:36:56 =========================================================================================
2024/02/26 17:37:23 
2024/02/26 17:37:23                - - - - Feedback - - - -   
2024/02/26 17:37:23 Unique-ID: 903f2713ba271b892bb28c06f9f0e5b4
2024/02/26 17:37:23 FEEDBACK-REQUEST: e99a18c4-28cb-38d5-f260-853678922e04
2024/02/26 17:37:23 ALERTID: (Conflict - 409)
2024/02/26 17:37:23 RESPONSE:  Alert ID does not match the specified entity
2024/02/26 17:37:23 =========================================================================================
2024/02/26 17:40:45 
2024/02/26 17:40:45                - - - - Feedback - - - -   
2024/02/26 17:40:45 Unique-ID: b3b8138d52603c950c267e3ecb01f5d6
2024/02/26 17:40:45 FEEDBACK-REQUEST: e99a18c4-28cb-38d5-f260-853678922e04
2024/02/26 17:40:45 ALERTID: (Conflict - 409)
2024/02/26 17:40:45 RESPONSE:  Alert ID does not match the specified entity
2024/02/26 17:40:45 =========================================================================================
2024/02/26 17:41:17 
2024/02/26 17:41:17                - - - - Feedback - - - -   
2024/02/26 17:41:17 Unique-ID: 972e5ce0aa9e5a712c9bd1bed3bbc4d9
2024/02/26 17:41:17 FEEDBACK-REQUEST: e99a18c4-28cb-38d5-f260-853678922e04
2024/02/26 17:41:17 ALERTID: (Conflict - 409)
2024/02/26 17:41:17 RESPONSE:  Alert ID does not match the specified entity
2024/02/26 17:41:17 =========================================================================================
2024/02/26 17:41:18 
2024/02/26 17:41:18                - - - - Feedback - - - -   
2024/02/26 17:41:18 Unique-ID: 6edbbf427757821d3946b8f05e4dea5c
2024/02/26 17:41:18 FEEDBACK-REQUEST: e99a18c4-28cb-38d5-f260-853678922e04
2024/02/26 17:41:18 ALERTID: (Conflict - 409)
2024/02/26 17:41:18 RESPONSE:  Alert ID does not match the specified entity
2024/02/26 17:41:18 =========================================================================================
2024/02/26 17:41:39 
2024/02/26 17:41:39                - - - - Feedback - - - -   
2024/02/26 17:41:39 Unique-ID: 0536072ea711b73eac2675ab2d9cc7d4
2024/02/26 17:41:39 FEEDBACK-REQUEST: e99a18c4-28cb-38d5-f260-853678922e04
2024/02/26 17:41:39 ALERTID: (Conflict - 409)
2024/02/26 17:41:39 RESPONSE:  Alert ID does not match the specified entity
2024/02/26 17:41:39 =========================================================================================
2024/02/26 17:42:05 
2024/02/26 17:42:05                - - - - Feedback - - - -   
2024/02/26 17:42:05 Unique-ID: 638ffe612e81e762b39089ef1140007b
2024/02/26 17:42:05 FEEDBACK-REQUEST: e99a18c4-28cb-38d5-f260-853678922e04
2024/02/26 17:42:05 ALERTID: (Conflict - 409)
2024/02/26 17:42:05 RESPONSE:  Alert ID does not match the specified entity
2024/02/26 17:42:05 =========================================================================================
2024/02/26 17:43:03 
2024/02/26 17:43:03                - - - - Feedback - - - -   
2024/02/26 17:43:03 Unique-ID: afcf957002d6839102294947d73192b8
2024/02/26 17:43:03 FEEDBACK-REQUEST: e99a18c4-28cb-38d5-f260-853678922e04
2024/02/26 17:43:03 ALERTID: (Conflict - 409)
2024/02/26 17:43:03 RESPONSE:  Alert ID does not match the specified entity
2024/02/26 17:43:03 =========================================================================================
2024/02/26 17:43:14 
2024/02/26 17:43:14                - - - - Feedback - - - -   
2024/02/26 17:43:14 Unique-ID: 485da3f292cbf2b76ae5de2af89b7343
2024/02/26 17:43:14 FEEDBACK-REQUEST: e99a18c4-28cb-38d5-f260-853678922e04
2024/02/26 17:43:14 ALERTID: (Conflict - 409)
2024/02/26 17:43:14 RESPONSE:  Alert ID does not match the specified entity
2024/02/26 17:43:14 =========================================================================================
2024/02/26 17:45:02 
2024/02/26 17:45:02                - - - - Feedback - - - -   
2024/02/26 17:45:02 Unique-ID: 63de76ffef06ca8978c97d473a647a0c
2024/02/26 17:45:02 FEEDBACK-REQUEST: e99a18c4-28cb-38d5-f260-853678922e04
2024/02/26 17:45:02 ALERTID: (Conflict - 409)
2024/02/26 17:45:02 RESPONSE:  Alert ID does not match the specified entity
2024/02/26 17:45:02 =========================================================================================
2024/02/26 17:45:03 
2024/02/26 17:45:03                - - - - Feedback - - - -   
2024/02/26 17:45:03 Unique-ID: d57b06b0eedecbab69412bc980605633
2024/02/26 17:45:03 FEEDBACK-REQUEST: e99a18c4-28cb-38d5-f260-853678922e04
2024/02/26 17:45:03 ALERTID: (Conflict - 409)
2024/02/26 17:45:03 RESPONSE:  Alert ID does not match the specified entity
2024/02/26 17:45:03 =========================================================================================
2024/02/26 17:45:04 
2024/02/26 17:45:04                - - - - Feedback - - - -   
2024/02/26 17:45:04 Unique-ID: 2649961e97e04e6404f8aca76aa38278
2024/02/26 17:45:04 FEEDBACK-REQUEST: e99a18c4-28cb-38d5-f260-853678922e04
2024/02/26 17:45:04 ALERTID: (Conflict - 409)
2024/02/26 17:45:04 RESPONSE:  Alert ID does not match the specified entity
2024/02/26 17:45:04 =========================================================================================
2024/02/26 17:45:30 
2024/02/26 17:45:30                - - - - Feedback - - - -   
2024/02/26 17:45:30 Unique-ID: bec73b7dd6d9f37f6b3ee71ea2ac1c1f
2024/02/26 17:45:30 FEEDBACK-REQUEST: e99a18c4-28cb-38d5-f260-853678922e04
2024/02/26 17:45:30 ALERTID: (Conflict - 409)
2024/02/26 17:45:30 RESPONSE:  Alert ID does not match the specified entity
2024/02/26 17:45:30 =========================================================================================
2024/02/26 17:46:04 
2024/02/26 17:46:04                - - - - Feedback - - - -   
2024/02/26 17:46:04 Unique-ID: ae1fe2502baced81b7d63529f0fa4b04
2024/02/26 17:46:04 FEEDBACK-REQUEST: e99a18c4-28cb-38d5-f260-853678922e04
2024/02/26 17:46:04 ALERTID: (Conflict - 409)
2024/02/26 17:46:04 RESPONSE:  Alert ID does not match the specified entity
2024/02/26 17:46:04 =========================================================================================
2024/02/26 17:47:07 
2024/02/26 17:47:07                - - - - Feedback - - - -   
2024/02/26 17:47:07 Unique-ID: 2b588f38d1bc40bf85fc91397bc98466 
2024/02/26 17:47:07 FEEDBACK-REQUEST:  Success  
2024/02/26 17:47:07 ALERTID: f63959f4e50eb82bd9f78d0a4665a6cb
2024/02/26 17:47:07 RESPONSE: e99a18c4-28cb-38d5-f260-853678922e04
2024/02/26 17:47:07 =========================================================================================
2024/02/26 17:47:35 
2024/02/26 17:47:35                - - - - Feedback - - - -   
2024/02/26 17:47:35 Unique-ID: 2b588f38d1bc40bf85fc91397bc98466 
2024/02/26 17:47:35 FEEDBACK-REQUEST:  Success  
2024/02/26 17:47:35 ALERTID: 02016205d63916e2ec6f597c1b97478b
2024/02/26 17:47:35 RESPONSE: e99a18c4-28cb-38d5-f260-853678922e04
2024/02/26 17:47:35 =========================================================================================
2024/02/26 17:49:08 
2024/02/26 17:49:08                - - - - Feedback - - - -   
2024/02/26 17:49:08 Unique-IDz: 2b588f38d1bc40bf85fc91397bc98466 
2024/02/26 17:49:08 FEEDBACK-REQUEST:  Success  
2024/02/26 17:49:08 ALERTID: 60077a80b0a7ebff72a19c2842915185
2024/02/26 17:49:08 RESPONSE: e99a18c4-28cb-38d5-f260-853678922e04
2024/02/26 17:49:08 =========================================================================================
2024/02/26 17:49:52 
2024/02/26 17:49:52                - - - - Feedback - - - -   
2024/02/26 17:49:52 Unique-IDz: cac715d4295d0513309a7f7aa6b2d324
2024/02/26 17:49:52 FEEDBACK-REQUEST: 2b588f38d1bc40bf85fc91397bc98466 
2024/02/26 17:49:52 ALERTID: e99a18c4-28cb-38d5-f260-853678922e04
2024/02/26 17:49:52 RESPONSE:  Success  
2024/02/26 17:49:52 =========================================================================================
2024/02/26 17:51:39 
2024/02/26 17:51:39                - - - - Feedback - - - -   
2024/02/26 17:51:39 Unique-IDz: b89e8dd6a49ca6c55ff4e2087f9a3b48
2024/02/26 17:51:39 FEEDBACK-REQUEST: 2b588f38d1bc40bf85fc91397bc98466 
2024/02/26 17:51:39 ALERTID: e99a18c4-28cb-38d5-f260-853678922e04
2024/02/26 17:51:39 RESPONSE:  Success  
2024/02/26 17:51:39 =========================================================================================
