2024/02/29 14:50:08 
2024/02/29 14:50:08                - - - - Feedback - - - -   
2024/02/29 14:50:08 Unique-IDz: 65c116c0eb662cc0a91a369630d340e4
2024/02/29 14:50:08 FEEDBACK-REQUEST: 2b588f38d1bc40bf85fc91397bc98466 
2024/02/29 14:50:08 ALERTID: e99a18c4-28cb-38d5-f260-853678922e04
2024/02/29 14:50:08 RESPONSE:  Success  
2024/02/29 14:50:08 =========================================================================================
2024/02/29 14:50:14 
2024/02/29 14:50:14                - - - - Feedback - - - -   
2024/02/29 14:50:14 Unique-IDz: d736b6cf20d49822cebdd040726e54af
2024/02/29 14:50:14 FEEDBACK-REQUEST: 2b588f38d1bc40bf85fc91397bc98466 
2024/02/29 14:50:14 ALERTID: e99a18c4-28cb-38d5-f260-853678922e04
2024/02/29 14:50:14 RESPONSE:  Success  
2024/02/29 14:50:14 =========================================================================================
2024/02/29 14:50:15 
2024/02/29 14:50:15                - - - - Feedback - - - -   
2024/02/29 14:50:15 Unique-IDz: ddc5a3b5f9f30de11f30c38c2e4fe09a
2024/02/29 14:50:15 FEEDBACK-REQUEST: 2b588f38d1bc40bf85fc91397bc98466 
2024/02/29 14:50:15 ALERTID: e99a18c4-28cb-38d5-f260-853678922e04
2024/02/29 14:50:15 RESPONSE:  Success  
2024/02/29 14:50:15 =========================================================================================
2024/02/29 14:50:16 
2024/02/29 14:50:16                - - - - Feedback - - - -   
2024/02/29 14:50:16 Unique-IDz: d95030768e2023b68d55a23becdc24ae
2024/02/29 14:50:16 FEEDBACK-REQUEST: 2b588f38d1bc40bf85fc91397bc98466 
2024/02/29 14:50:16 ALERTID: e99a18c4-28cb-38d5-f260-853678922e04
2024/02/29 14:50:16 RESPONSE:  Success  
2024/02/29 14:50:16 =========================================================================================
2024/02/29 14:50:16 
2024/02/29 14:50:16                - - - - Feedback - - - -   
2024/02/29 14:50:16 Unique-IDz: 59b288e01771a9ca0eb5a0265354703f
2024/02/29 14:50:16 FEEDBACK-REQUEST: 2b588f38d1bc40bf85fc91397bc98466 
2024/02/29 14:50:16 ALERTID: e99a18c4-28cb-38d5-f260-853678922e04
2024/02/29 14:50:16 RESPONSE:  Success  
2024/02/29 14:50:16 =========================================================================================
2024/02/29 14:50:17 
2024/02/29 14:50:17                - - - - Feedback - - - -   
2024/02/29 14:50:17 Unique-IDz: 121a0af37bde29107ea62b2383b6ac68
2024/02/29 14:50:17 FEEDBACK-REQUEST: 
2024/02/29 14:50:17 ALERTID: (Rate Limit Exceeded - 429)
2024/02/29 14:50:17 RESPONSE: You have exceeded the service rate limit. Maximum allowed: 5 transactions per day
2024/02/29 14:50:17 =========================================================================================
2024/02/29 14:50:39 
2024/02/29 14:50:39                - - - - Feedback - - - -   
2024/02/29 14:50:39 Unique-IDz: a9f9225dd3d2f3987b30d37cf8045de0
2024/02/29 14:50:39 FEEDBACK-REQUEST: 
2024/02/29 14:50:39 ALERTID: (Rate Limit Exceeded - 429)
2024/02/29 14:50:39 RESPONSE: You have exceeded the service rate limit. Maximum allowed: 5 transactions per day
2024/02/29 14:50:39 =========================================================================================
2024/02/29 14:50:57 
2024/02/29 14:50:57                - - - - Feedback - - - -   
2024/02/29 14:50:57 Unique-IDz: 4bcccfcd2d3f754af5566731798d18de
2024/02/29 14:50:57 FEEDBACK-REQUEST: 
2024/02/29 14:50:57 ALERTID: (Rate Limit Exceeded - 429)
2024/02/29 14:50:57 RESPONSE: You have exceeded the service rate limit. Maximum allowed: 5 transactions per day
2024/02/29 14:50:57 =========================================================================================
2024/02/29 14:50:58 
2024/02/29 14:50:58                - - - - Feedback - - - -   
2024/02/29 14:50:58 Unique-IDz: 9a48171222a0aa11ea07eab21710a323
2024/02/29 14:50:58 FEEDBACK-REQUEST: 
2024/02/29 14:50:58 ALERTID: (Rate Limit Exceeded - 429)
2024/02/29 14:50:58 RESPONSE: You have exceeded the service rate limit. Maximum allowed: 5 transactions per day
2024/02/29 14:50:58 =========================================================================================
2024/02/29 14:51:01 
2024/02/29 14:51:01                - - - - Feedback - - - -   
2024/02/29 14:51:01 Unique-IDz: 66cb2c49851a56935d2c0afa5bb12dbe
2024/02/29 14:51:01 FEEDBACK-REQUEST: 
2024/02/29 14:51:01 ALERTID: (Rate Limit Exceeded - 429)
2024/02/29 14:51:01 RESPONSE: You have exceeded the service rate limit. Maximum allowed: 5 transactions per day
2024/02/29 14:51:01 =========================================================================================
2024/02/29 14:51:48 
2024/02/29 14:51:48                - - - - Feedback - - - -   
2024/02/29 14:51:48 Unique-IDz: 5863a922b6b52ffd5e656c488ff30a5b
2024/02/29 14:51:48 FEEDBACK-REQUEST: 
2024/02/29 14:51:48 ALERTID: (Rate Limit Exceeded - 429)
2024/02/29 14:51:48 RESPONSE: You have exceeded the service rate limit. Maximum allowed: 5 transactions per day
2024/02/29 14:51:48 =========================================================================================
2024/02/29 14:52:00 
2024/02/29 14:52:00                - - - - Feedback - - - -   
2024/02/29 14:52:00 Unique-IDz: dd763b967318792acd3411e1a918c5cb
2024/02/29 14:52:00 FEEDBACK-REQUEST: 
2024/02/29 14:52:00 ALERTID: (Rate Limit Exceeded - 429)
2024/02/29 14:52:00 RESPONSE: You have exceeded the service rate limit. Maximum allowed: 5 transactions per day
2024/02/29 14:52:00 =========================================================================================
2024/02/29 14:52:00 
2024/02/29 14:52:00                - - - - Feedback - - - -   
2024/02/29 14:52:00 Unique-IDz: 4e04438123a139221d0e662d835b3fa2
2024/02/29 14:52:00 FEEDBACK-REQUEST: 
2024/02/29 14:52:00 ALERTID: (Rate Limit Exceeded - 429)
2024/02/29 14:52:00 RESPONSE: You have exceeded the service rate limit. Maximum allowed: 5 transactions per day
2024/02/29 14:52:00 =========================================================================================
2024/02/29 14:52:11 
2024/02/29 14:52:11                - - - - Feedback - - - -   
2024/02/29 14:52:11 Unique-IDz: ddf26bbadc23c9571648534d2be36c46
2024/02/29 14:52:11 FEEDBACK-REQUEST: 
2024/02/29 14:52:11 ALERTID: (Rate Limit Exceeded - 429)
2024/02/29 14:52:11 RESPONSE: You have exceeded the service rate limit. Maximum allowed: 5 transactions per day
2024/02/29 14:52:11 =========================================================================================
2024/02/29 14:52:45 
2024/02/29 14:52:45                - - - - Feedback - - - -   
2024/02/29 14:52:45 Unique-IDz: 85a5952ce5a6b332355a77d9a3776714
2024/02/29 14:52:45 FEEDBACK-REQUEST: e99a18c4-28cb-38d5-f260-853678922e78388
2024/02/29 14:52:45 ALERTID: (Internal Server Error - 500)
2024/02/29 14:52:45 RESPONSE: Database error
2024/02/29 14:52:45 =========================================================================================
2024/02/29 14:52:52 
2024/02/29 14:52:52                - - - - Feedback - - - -   
2024/02/29 14:52:52 Unique-IDz: 061db9d7b5431aef826c531d8898c891
2024/02/29 14:52:52 FEEDBACK-REQUEST: e99a18c4-28cb-38d5-f260-853678922055
2024/02/29 14:52:52 ALERTID: (Conflict - 409)
2024/02/29 14:52:52 RESPONSE: Network alert ID already exists
2024/02/29 14:52:52 =========================================================================================
2024/02/29 14:52:53 
2024/02/29 14:52:53                - - - - Feedback - - - -   
2024/02/29 14:52:53 Unique-IDz: 82940c727e642f4950e3d81622aef12d
2024/02/29 14:52:53 FEEDBACK-REQUEST: e99a18c4-28cb-38d5-f260-853678922055
2024/02/29 14:52:53 ALERTID: (Conflict - 409)
2024/02/29 14:52:53 RESPONSE: Network alert ID already exists
2024/02/29 14:52:53 =========================================================================================
2024/02/29 14:52:58 
2024/02/29 14:52:58                - - - - Feedback - - - -   
2024/02/29 14:52:58 Unique-IDz: d1ea1ab0b1d7e14d8d54ad1ac7b8c81f
2024/02/29 14:52:58 FEEDBACK-REQUEST: e99a18c4-28cb-38d5-f260-853678922055
2024/02/29 14:52:58 ALERTID: (Conflict - 409)
2024/02/29 14:52:58 RESPONSE: Network alert ID already exists
2024/02/29 14:52:58 =========================================================================================
2024/02/29 14:53:05 
2024/02/29 14:53:05                - - - - Feedback - - - -   
2024/02/29 14:53:05 Unique-IDz: 2e4610d77274844715984e050046e758
2024/02/29 14:53:05 FEEDBACK-REQUEST: e99a18c4-28cb-38d5-f260-853678922055
2024/02/29 14:53:05 ALERTID: (Conflict - 409)
2024/02/29 14:53:05 RESPONSE: Network alert ID already exists
2024/02/29 14:53:05 =========================================================================================
2024/02/29 14:53:10 
2024/02/29 14:53:10                - - - - Feedback - - - -   
2024/02/29 14:53:10 Unique-IDz: 205c3fe6575ad6987ac3ac7c88ab40cb
2024/02/29 14:53:10 FEEDBACK-REQUEST: e99a18c4-28cb-38d5-f260-853678922e04
2024/02/29 14:53:10 ALERTID: (Bad Request - 400)
2024/02/29 14:53:10 RESPONSE:  The request contains a bad payload
2024/02/29 14:53:10 =========================================================================================
2024/02/29 14:53:29 
2024/02/29 14:53:29                - - - - Feedback - - - -   
2024/02/29 14:53:29 Unique-IDz: 27ba50a19a89ac3fbd4c582c1120513f
2024/02/29 14:53:29 FEEDBACK-REQUEST: e99a18c4-28cb-38d5-f260-853678922e04
2024/02/29 14:53:29 ALERTID: (Bad Request - 400)
2024/02/29 14:53:29 RESPONSE:  The request contains a bad payload
2024/02/29 14:53:29 =========================================================================================
2024/02/29 14:53:33 
2024/02/29 14:53:33                - - - - Feedback - - - -   
2024/02/29 14:53:33 Unique-IDz: 7174f1c9286a5e4efa0cfc4b70a8d6fe
2024/02/29 14:53:33 FEEDBACK-REQUEST: e99a18c4-28cb-38d5-f260-853678922055
2024/02/29 14:53:33 ALERTID: (Conflict - 409)
2024/02/29 14:53:33 RESPONSE: Network alert ID already exists
2024/02/29 14:53:33 =========================================================================================
2024/02/29 14:53:45 
2024/02/29 14:53:45                - - - - Feedback - - - -   
2024/02/29 14:53:45 Unique-IDz: 381181b21715c9cc8115830d36a2f1a3
2024/02/29 14:53:45 FEEDBACK-REQUEST: e99a18c4-28cb-38d5-f260-853678922e04
2024/02/29 14:53:45 ALERTID: (Bad Request - 400)
2024/02/29 14:53:45 RESPONSE:  The request contains a bad payload
2024/02/29 14:53:45 =========================================================================================
2024/02/29 14:55:54 
2024/02/29 14:55:54                - - - - Feedback - - - -   
2024/02/29 14:55:54 Unique-IDz: 5075e6da915f73ee99b145ab352d2cf6
2024/02/29 14:55:54 FEEDBACK-REQUEST: e99a18c4-28cb-38d5-f260-853678922e04
2024/02/29 14:55:54 ALERTID: (Bad Request - 400)
2024/02/29 14:55:54 RESPONSE:  The request contains a bad payload
2024/02/29 14:55:54 =========================================================================================
2024/02/29 14:56:02 
2024/02/29 14:56:02                - - - - Feedback - - - -   
2024/02/29 14:56:02 Unique-IDz: 7ed9fcbc211d294778a63dc1059b1ef0
2024/02/29 14:56:02 FEEDBACK-REQUEST: e99a18c4-28cb-38d5-f260-853678922055
2024/02/29 14:56:02 ALERTID: (Conflict - 409)
2024/02/29 14:56:02 RESPONSE: Network alert ID already exists
2024/02/29 14:56:02 =========================================================================================
2024/02/29 14:56:36 
2024/02/29 14:56:36                - - - - Feedback - - - -   
2024/02/29 14:56:36 Unique-IDz: 0d03a32b558253f2cf3d94d792c9b835
2024/02/29 14:56:36 FEEDBACK-REQUEST: 2b588f38d1bc40bf85fc91397bc98466 
2024/02/29 14:56:36 ALERTID: e99a18c4-28cb-38d5-f260-853678922089
2024/02/29 14:56:36 RESPONSE:  Success  
2024/02/29 14:56:36 =========================================================================================
2024/02/29 14:57:00 
2024/02/29 14:57:00                - - - - Feedback - - - -   
2024/02/29 14:57:00 Unique-IDz: b830ccc51723ddc2a5675c02a837817b
2024/02/29 14:57:00 FEEDBACK-REQUEST: 2b588f38d1bc40bf85fc91397bc98466 
2024/02/29 14:57:00 ALERTID: e99a18c4-28cb-38d5-f260-853678922089
2024/02/29 14:57:00 RESPONSE:  Success  
2024/02/29 14:57:00 =========================================================================================
2024/02/29 14:57:00 
2024/02/29 14:57:00                - - - - Feedback - - - -   
2024/02/29 14:57:00 Unique-IDz: debf5ff8fbca19e4e262437056d480e8
2024/02/29 14:57:00 FEEDBACK-REQUEST: 2b588f38d1bc40bf85fc91397bc98466 
2024/02/29 14:57:00 ALERTID: e99a18c4-28cb-38d5-f260-853678922089
2024/02/29 14:57:00 RESPONSE:  Success  
2024/02/29 14:57:00 =========================================================================================
2024/02/29 14:57:01 
2024/02/29 14:57:01                - - - - Feedback - - - -   
2024/02/29 14:57:01 Unique-IDz: 03b42ee7df08efea79b3a142a24536b2
2024/02/29 14:57:01 FEEDBACK-REQUEST: 2b588f38d1bc40bf85fc91397bc98466 
2024/02/29 14:57:01 ALERTID: e99a18c4-28cb-38d5-f260-853678922089
2024/02/29 14:57:01 RESPONSE:  Success  
2024/02/29 14:57:01 =========================================================================================
2024/02/29 14:57:01 
2024/02/29 14:57:01                - - - - Feedback - - - -   
2024/02/29 14:57:01 Unique-IDz: a1a39979b82b11f9cd8c5dce72f60e73
2024/02/29 14:57:01 FEEDBACK-REQUEST: 2b588f38d1bc40bf85fc91397bc98466 
2024/02/29 14:57:01 ALERTID: e99a18c4-28cb-38d5-f260-853678922089
2024/02/29 14:57:01 RESPONSE:  Success  
2024/02/29 14:57:01 =========================================================================================
2024/02/29 14:57:02 
2024/02/29 14:57:02                - - - - Feedback - - - -   
2024/02/29 14:57:02 Unique-IDz: 1bf4091fb8f33237321147ed66f813ce
2024/02/29 14:57:02 FEEDBACK-REQUEST: e99a18c4-28cb-38d5-f260-853678922089
2024/02/29 14:57:02 ALERTID: (Rate Limit Exceeded - 429)
2024/02/29 14:57:02 RESPONSE: You have exceeded the service rate limit. Maximum allowed: 5 transactions per day
2024/02/29 14:57:02 =========================================================================================
2024/02/29 14:57:03 
2024/02/29 14:57:03                - - - - Feedback - - - -   
2024/02/29 14:57:03 Unique-IDz: 208461ed39ed3d4aca8079543c6115f5
2024/02/29 14:57:03 FEEDBACK-REQUEST: e99a18c4-28cb-38d5-f260-853678922089
2024/02/29 14:57:03 ALERTID: (Rate Limit Exceeded - 429)
2024/02/29 14:57:03 RESPONSE: You have exceeded the service rate limit. Maximum allowed: 5 transactions per day
2024/02/29 14:57:03 =========================================================================================
2024/02/29 14:57:03 
2024/02/29 14:57:03                - - - - Feedback - - - -   
2024/02/29 14:57:03 Unique-IDz: 1f697c27efac541b50eecd6255c74b44
2024/02/29 14:57:03 FEEDBACK-REQUEST: e99a18c4-28cb-38d5-f260-853678922089
2024/02/29 14:57:03 ALERTID: (Rate Limit Exceeded - 429)
2024/02/29 14:57:03 RESPONSE: You have exceeded the service rate limit. Maximum allowed: 5 transactions per day
2024/02/29 14:57:03 =========================================================================================
2024/02/29 14:57:04 
2024/02/29 14:57:04                - - - - Feedback - - - -   
2024/02/29 14:57:04 Unique-IDz: 27b3ab4c98334f4de7e2f2ad4ebb6a77
2024/02/29 14:57:04 FEEDBACK-REQUEST: e99a18c4-28cb-38d5-f260-853678922089
2024/02/29 14:57:04 ALERTID: (Rate Limit Exceeded - 429)
2024/02/29 14:57:04 RESPONSE: You have exceeded the service rate limit. Maximum allowed: 5 transactions per day
2024/02/29 14:57:04 =========================================================================================
2024/02/29 14:57:24 
2024/02/29 14:57:24                - - - - Feedback - - - -   
2024/02/29 14:57:24 Unique-IDz: 2b53e52113477b150e00da6c4ab5a128
2024/02/29 14:57:24 FEEDBACK-REQUEST: e99a18c4-28cb-38d5-f260-853678922e03
2024/02/29 14:57:24 ALERTID: (Conflict - 409)
2024/02/29 14:57:24 RESPONSE: Network alert ID already exists
2024/02/29 14:57:24 =========================================================================================
2024/02/29 14:57:52 
2024/02/29 14:57:52                - - - - Feedback - - - -   
2024/02/29 14:57:52 Unique-IDz: 1e0a35f22d4bf374d32e85a53b6c6e27
2024/02/29 14:57:52 FEEDBACK-REQUEST: 2b588f38d1bc40bf85fc91397bc98466 
2024/02/29 14:57:52 ALERTID: e99a18c4-28cb-38d5-f260-853678922e04
2024/02/29 14:57:52 RESPONSE:  Success  
2024/02/29 14:57:52 =========================================================================================
2024/02/29 14:57:54 
2024/02/29 14:57:54                - - - - Feedback - - - -   
2024/02/29 14:57:54 Unique-IDz: df21d25aa4d10875c69527312b4b3689
2024/02/29 14:57:54 FEEDBACK-REQUEST: 2b588f38d1bc40bf85fc91397bc98466 
2024/02/29 14:57:54 ALERTID: e99a18c4-28cb-38d5-f260-853678922e04
2024/02/29 14:57:54 RESPONSE:  Success  
2024/02/29 14:57:54 =========================================================================================
2024/02/29 14:57:58 
2024/02/29 14:57:58                - - - - Feedback - - - -   
2024/02/29 14:57:58 Unique-IDz: 6602c9523b3f8e77f49ffdc074ec004b
2024/02/29 14:57:58 FEEDBACK-REQUEST: e99a18c4-28cb-38d5-f260-853678922e03
2024/02/29 14:57:58 ALERTID: (Conflict - 409)
2024/02/29 14:57:58 RESPONSE: Network alert ID already exists
2024/02/29 14:57:58 =========================================================================================
2024/02/29 14:57:59 
2024/02/29 14:57:59                - - - - Feedback - - - -   
2024/02/29 14:57:59 Unique-IDz: 9497c957af47d345a53bcb60c8f18281
2024/02/29 14:57:59 FEEDBACK-REQUEST: e99a18c4-28cb-38d5-f260-853678922e03
2024/02/29 14:57:59 ALERTID: (Conflict - 409)
2024/02/29 14:57:59 RESPONSE: Network alert ID already exists
2024/02/29 14:57:59 =========================================================================================
2024/02/29 14:58:00 
2024/02/29 14:58:00                - - - - Feedback - - - -   
2024/02/29 14:58:00 Unique-IDz: b60420347e0092b58dfae85716ba85d5
2024/02/29 14:58:00 FEEDBACK-REQUEST: e99a18c4-28cb-38d5-f260-853678922e03
2024/02/29 14:58:00 ALERTID: (Conflict - 409)
2024/02/29 14:58:00 RESPONSE: Network alert ID already exists
2024/02/29 14:58:00 =========================================================================================
2024/02/29 14:58:14 
2024/02/29 14:58:14                - - - - Feedback - - - -   
2024/02/29 14:58:14 Unique-IDz: 310c8b944893c43ddb99bcc30456b05d
2024/02/29 14:58:14 FEEDBACK-REQUEST: 2b588f38d1bc40bf85fc91397bc98466 
2024/02/29 14:58:14 ALERTID: e99a18c4-28cb-38d5-f260-853678922e04
2024/02/29 14:58:14 RESPONSE:  Success  
2024/02/29 14:58:14 =========================================================================================
2024/02/29 14:58:15 
2024/02/29 14:58:15                - - - - Feedback - - - -   
2024/02/29 14:58:15 Unique-IDz: 422ef50529af54f0a006f5c8fc70d318
2024/02/29 14:58:15 FEEDBACK-REQUEST: 2b588f38d1bc40bf85fc91397bc98466 
2024/02/29 14:58:15 ALERTID: e99a18c4-28cb-38d5-f260-853678922e04
2024/02/29 14:58:15 RESPONSE:  Success  
2024/02/29 14:58:15 =========================================================================================
2024/02/29 14:58:16 
2024/02/29 14:58:16                - - - - Feedback - - - -   
2024/02/29 14:58:16 Unique-IDz: b9fc055095afda77bf23a4a0f98138fd
2024/02/29 14:58:16 FEEDBACK-REQUEST: e99a18c4-28cb-38d5-f260-853678922e04
2024/02/29 14:58:16 ALERTID: (Rate Limit Exceeded - 429)
2024/02/29 14:58:16 RESPONSE: You have exceeded the service rate limit. Maximum allowed: 5 transactions per day
2024/02/29 14:58:16 =========================================================================================
