2024/02/28 16:25:05 
2024/02/28 16:25:05                - - - - Feedback - - - -   
2024/02/28 16:25:05 Unique-IDz: c1a5a06ec4f6e78fef53d8fc80c2a9db
2024/02/28 16:25:05 FEEDBACK-REQUEST: 2b588f38d1bc40bf85fc91397bc98466 
2024/02/28 16:25:05 ALERTID: e99a18c4-28cb-38d5-f260-853678922e04
2024/02/28 16:25:05 RESPONSE:  Success  
2024/02/28 16:25:05 =========================================================================================
2024/02/28 16:25:05 
2024/02/28 16:25:05                - - - - Feedback - - - -   
2024/02/28 16:25:05 Unique-IDz: cabeafa8fb9b55ddca7551e94aaafceb
2024/02/28 16:25:05 FEEDBACK-REQUEST: 2b588f38d1bc40bf85fc91397bc98466 
2024/02/28 16:25:05 ALERTID: e99a18c4-28cb-38d5-f260-853678922e04
2024/02/28 16:25:05 RESPONSE:  Success  
2024/02/28 16:25:05 =========================================================================================
2024/02/28 16:25:06 
2024/02/28 16:25:06                - - - - Feedback - - - -   
2024/02/28 16:25:06 Unique-IDz: 55e12eabf524e13c154ccdd55692a598
2024/02/28 16:25:06 FEEDBACK-REQUEST: 2b588f38d1bc40bf85fc91397bc98466 
2024/02/28 16:25:06 ALERTID: e99a18c4-28cb-38d5-f260-853678922e04
2024/02/28 16:25:06 RESPONSE:  Success  
2024/02/28 16:25:06 =========================================================================================
2024/02/28 16:25:06 
2024/02/28 16:25:06                - - - - Feedback - - - -   
2024/02/28 16:25:06 Unique-IDz: 0c8855b2e0b0114b95e630094e545501
2024/02/28 16:25:06 FEEDBACK-REQUEST: 2b588f38d1bc40bf85fc91397bc98466 
2024/02/28 16:25:06 ALERTID: e99a18c4-28cb-38d5-f260-853678922e04
2024/02/28 16:25:06 RESPONSE:  Success  
2024/02/28 16:25:06 =========================================================================================
2024/02/28 16:25:07 
2024/02/28 16:25:07                - - - - Feedback - - - -   
2024/02/28 16:25:07 Unique-IDz: 65968da447c780da47af4d7fe0ea9bf7
2024/02/28 16:25:07 FEEDBACK-REQUEST: 2b588f38d1bc40bf85fc91397bc98466 
2024/02/28 16:25:07 ALERTID: e99a18c4-28cb-38d5-f260-853678922e04
2024/02/28 16:25:07 RESPONSE:  Success  
2024/02/28 16:25:07 =========================================================================================
2024/02/28 16:25:07 
2024/02/28 16:25:07                - - - - Feedback - - - -   
2024/02/28 16:25:07 Unique-IDz: 2bf7cd8c5d7e477451450113ca0cdcbf
2024/02/28 16:25:07 FEEDBACK-REQUEST: 
2024/02/28 16:25:07 ALERTID: (Rate Limit Exceeded - 429)
2024/02/28 16:25:07 RESPONSE: You have exceeded the service rate limit. Maximum allowed: ${rate_limit.output} TPS
2024/02/28 16:25:07 =========================================================================================
2024/02/28 16:25:08 
2024/02/28 16:25:08                - - - - Feedback - - - -   
2024/02/28 16:25:08 Unique-IDz: 372d6d15183a645be6e0f4df99ccfa04
2024/02/28 16:25:08 FEEDBACK-REQUEST: 2b588f38d1bc40bf85fc91397bc98466 
2024/02/28 16:25:08 ALERTID: e99a18c4-28cb-38d5-f260-853678922e04
2024/02/28 16:25:08 RESPONSE:  Success  
2024/02/28 16:25:08 =========================================================================================
2024/02/28 16:27:05 
2024/02/28 16:27:05                - - - - Feedback - - - -   
2024/02/28 16:27:05 Unique-IDz: 83055d21c3e4a981e6b789d93a4490a1
2024/02/28 16:27:05 FEEDBACK-REQUEST: 2b588f38d1bc40bf85fc91397bc98466 
2024/02/28 16:27:05 ALERTID: e99a18c4-28cb-38d5-f260-853678922e04
2024/02/28 16:27:05 RESPONSE:  Success  
2024/02/28 16:27:05 =========================================================================================
2024/02/28 16:27:05 
2024/02/28 16:27:05                - - - - Feedback - - - -   
2024/02/28 16:27:05 Unique-IDz: 91714324376378c83a8d8b54675fb0be
2024/02/28 16:27:05 FEEDBACK-REQUEST: 2b588f38d1bc40bf85fc91397bc98466 
2024/02/28 16:27:05 ALERTID: e99a18c4-28cb-38d5-f260-853678922e04
2024/02/28 16:27:05 RESPONSE:  Success  
2024/02/28 16:27:05 =========================================================================================
2024/02/28 16:27:06 
2024/02/28 16:27:06                - - - - Feedback - - - -   
2024/02/28 16:27:06 Unique-IDz: d8a1307c60db882c902f8fb177961084
2024/02/28 16:27:06 FEEDBACK-REQUEST: 2b588f38d1bc40bf85fc91397bc98466 
2024/02/28 16:27:06 ALERTID: e99a18c4-28cb-38d5-f260-853678922e04
2024/02/28 16:27:06 RESPONSE:  Success  
2024/02/28 16:27:06 =========================================================================================
2024/02/28 16:27:06 
2024/02/28 16:27:06                - - - - Feedback - - - -   
2024/02/28 16:27:06 Unique-IDz: 4e5304572409e77e003f01d046c09737
2024/02/28 16:27:06 FEEDBACK-REQUEST: 2b588f38d1bc40bf85fc91397bc98466 
2024/02/28 16:27:06 ALERTID: e99a18c4-28cb-38d5-f260-853678922e04
2024/02/28 16:27:06 RESPONSE:  Success  
2024/02/28 16:27:06 =========================================================================================
2024/02/28 16:27:07 
2024/02/28 16:27:07                - - - - Feedback - - - -   
2024/02/28 16:27:07 Unique-IDz: f97d45cf27ab341e7ead016ad25ba5ed
2024/02/28 16:27:07 FEEDBACK-REQUEST: 2b588f38d1bc40bf85fc91397bc98466 
2024/02/28 16:27:07 ALERTID: e99a18c4-28cb-38d5-f260-853678922e04
2024/02/28 16:27:07 RESPONSE:  Success  
2024/02/28 16:27:07 =========================================================================================
2024/02/28 16:27:08 
2024/02/28 16:27:08                - - - - Feedback - - - -   
2024/02/28 16:27:08 Unique-IDz: 8ab4d19496a92cd506f2877d6394f234
2024/02/28 16:27:08 FEEDBACK-REQUEST: 
2024/02/28 16:27:08 ALERTID: (Rate Limit Exceeded - 429)
2024/02/28 16:27:08 RESPONSE: You have exceeded the service rate limit. Maximum allowed: ${rate_limit.output} TPS
2024/02/28 16:27:08 =========================================================================================
2024/02/28 16:27:11 
2024/02/28 16:27:11                - - - - Feedback - - - -   
2024/02/28 16:27:11 Unique-IDz: bcd95503dbf5138169d9f72679347f22
2024/02/28 16:27:11 FEEDBACK-REQUEST: 2b588f38d1bc40bf85fc91397bc98466 
2024/02/28 16:27:11 ALERTID: e99a18c4-28cb-38d5-f260-853678922e04
2024/02/28 16:27:11 RESPONSE:  Success  
2024/02/28 16:27:11 =========================================================================================
2024/02/28 16:29:56 
2024/02/28 16:29:56                - - - - Feedback - - - -   
2024/02/28 16:29:56 Unique-IDz: 8f5659093615a86a61ca67bab9d1fa8c
2024/02/28 16:29:56 FEEDBACK-REQUEST: e99a18c4-28cb-38d5-f260-853678922089
2024/02/28 16:29:56 ALERTID: (Bad Request - 400)
2024/02/28 16:29:56 RESPONSE:  The request contains a bad payload
2024/02/28 16:29:56 =========================================================================================
2024/02/28 16:29:58 
2024/02/28 16:29:58                - - - - Feedback - - - -   
2024/02/28 16:29:58 Unique-IDz: ae0e49ff761f098d95cc93ba56787e9f
2024/02/28 16:29:58 FEEDBACK-REQUEST: e99a18c4-28cb-38d5-f260-853678922089
2024/02/28 16:29:58 ALERTID: (Bad Request - 400)
2024/02/28 16:29:58 RESPONSE:  The request contains a bad payload
2024/02/28 16:29:58 =========================================================================================
2024/02/28 16:30:09 
2024/02/28 16:30:09                - - - - Feedback - - - -   
2024/02/28 16:30:09 Unique-IDz: 0599d368c466dcccf8d44610f4e3900e
2024/02/28 16:30:09 FEEDBACK-REQUEST: 2b588f38d1bc40bf85fc91397bc98466 
2024/02/28 16:30:09 ALERTID: e99a18c4-28cb-38d5-f260-853678922089
2024/02/28 16:30:09 RESPONSE:  Success  
2024/02/28 16:30:09 =========================================================================================
2024/02/28 16:30:12 
2024/02/28 16:30:12                - - - - Feedback - - - -   
2024/02/28 16:30:12 Unique-IDz: 1419634d37c3595462f49d36c213971e
2024/02/28 16:30:12 FEEDBACK-REQUEST: 2b588f38d1bc40bf85fc91397bc98466 
2024/02/28 16:30:12 ALERTID: e99a18c4-28cb-38d5-f260-853678922089
2024/02/28 16:30:12 RESPONSE:  Success  
2024/02/28 16:30:12 =========================================================================================
2024/02/28 16:30:13 
2024/02/28 16:30:13                - - - - Feedback - - - -   
2024/02/28 16:30:13 Unique-IDz: 70b4ba0e33941619ae02f28e53f43690
2024/02/28 16:30:13 FEEDBACK-REQUEST: 
2024/02/28 16:30:13 ALERTID: (Rate Limit Exceeded - 429)
2024/02/28 16:30:13 RESPONSE: You have exceeded the service rate limit. Maximum allowed: ${rate_limit.output} TPS
2024/02/28 16:30:13 =========================================================================================
2024/02/28 16:30:18 
2024/02/28 16:30:18                - - - - Feedback - - - -   
2024/02/28 16:30:18 Unique-IDz: 6264ef36cd3ba5c18a9032f058fa88a8
2024/02/28 16:30:18 FEEDBACK-REQUEST: 2b588f38d1bc40bf85fc91397bc98466 
2024/02/28 16:30:18 ALERTID: e99a18c4-28cb-38d5-f260-853678922089
2024/02/28 16:30:18 RESPONSE:  Success  
2024/02/28 16:30:18 =========================================================================================
2024/02/28 16:30:20 
2024/02/28 16:30:20                - - - - Feedback - - - -   
2024/02/28 16:30:20 Unique-IDz: 2cdd66e32b5d878852e187384d92a553
2024/02/28 16:30:20 FEEDBACK-REQUEST: 2b588f38d1bc40bf85fc91397bc98466 
2024/02/28 16:30:20 ALERTID: e99a18c4-28cb-38d5-f260-853678922089
2024/02/28 16:30:20 RESPONSE:  Success  
2024/02/28 16:30:20 =========================================================================================
2024/02/28 16:30:26 
2024/02/28 16:30:26                - - - - Feedback - - - -   
2024/02/28 16:30:26 Unique-IDz: fad5f35ccc7f382aa024bd9466dc08b2
2024/02/28 16:30:26 FEEDBACK-REQUEST: e99a18c4-28cb-38d5-f260-853678922e04
2024/02/28 16:30:26 ALERTID: (Bad Request - 400)
2024/02/28 16:30:26 RESPONSE:  The request contains a bad payload
2024/02/28 16:30:26 =========================================================================================
2024/02/28 16:30:30 
2024/02/28 16:30:30                - - - - Feedback - - - -   
2024/02/28 16:30:30 Unique-IDz: d714b2ae8e8667abe6b56a862814ef8d
2024/02/28 16:30:30 FEEDBACK-REQUEST: e99a18c4-28cb-38d5-f260-853678922e04
2024/02/28 16:30:30 ALERTID: (Bad Request - 400)
2024/02/28 16:30:30 RESPONSE:  The request contains a bad payload
2024/02/28 16:30:30 =========================================================================================
2024/02/28 16:30:35 
2024/02/28 16:30:35                - - - - Feedback - - - -   
2024/02/28 16:30:35 Unique-IDz: c95df6c7d9ca1e2b437480b50ae4d735
2024/02/28 16:30:35 FEEDBACK-REQUEST: e99a18c4-28cb-38d5-f260-853678922e07
2024/02/28 16:30:35 ALERTID: (Bad Request - 400)
2024/02/28 16:30:35 RESPONSE:  The request contains a bad payload
2024/02/28 16:30:35 =========================================================================================
2024/02/28 16:30:35 
2024/02/28 16:30:35                - - - - Feedback - - - -   
2024/02/28 16:30:35 Unique-IDz: 9ace43c08814d055041a61998a702324
2024/02/28 16:30:35 FEEDBACK-REQUEST: 
2024/02/28 16:30:35 ALERTID: (Rate Limit Exceeded - 429)
2024/02/28 16:30:35 RESPONSE: You have exceeded the service rate limit. Maximum allowed: ${rate_limit.output} TPS
2024/02/28 16:30:35 =========================================================================================
2024/02/28 16:30:39 
2024/02/28 16:30:39                - - - - Feedback - - - -   
2024/02/28 16:30:39 Unique-IDz: 4a380f61cb7b7597968f9cf6ad69bfd2
2024/02/28 16:30:39 FEEDBACK-REQUEST: e99a18c4-28cb-38d5-f260-853678922e04
2024/02/28 16:30:39 ALERTID: (Bad Request - 400)
2024/02/28 16:30:39 RESPONSE:  The request contains a bad payload
2024/02/28 16:30:39 =========================================================================================
2024/02/28 16:30:46 
2024/02/28 16:30:46                - - - - Feedback - - - -   
2024/02/28 16:30:46 Unique-IDz: f7d7730ba780a25dd74eccf4b6ca4fbc
2024/02/28 16:30:46 FEEDBACK-REQUEST: 2b588f38d1bc40bf85fc91397bc98466 
2024/02/28 16:30:46 ALERTID: e99a18c4-28cb-38d5-f260-853678922089
2024/02/28 16:30:46 RESPONSE:  Success  
2024/02/28 16:30:46 =========================================================================================
2024/02/28 16:30:47 
2024/02/28 16:30:47                - - - - Feedback - - - -   
2024/02/28 16:30:47 Unique-IDz: df96820a535130e9505d62501c9b968f
2024/02/28 16:30:47 FEEDBACK-REQUEST: 2b588f38d1bc40bf85fc91397bc98466 
2024/02/28 16:30:47 ALERTID: e99a18c4-28cb-38d5-f260-853678922089
2024/02/28 16:30:47 RESPONSE:  Success  
2024/02/28 16:30:47 =========================================================================================
2024/02/28 16:30:48 
2024/02/28 16:30:48                - - - - Feedback - - - -   
2024/02/28 16:30:48 Unique-IDz: dd0a9468f38930bab0cec93951e90849
2024/02/28 16:30:48 FEEDBACK-REQUEST: 2b588f38d1bc40bf85fc91397bc98466 
2024/02/28 16:30:48 ALERTID: e99a18c4-28cb-38d5-f260-853678922089
2024/02/28 16:30:48 RESPONSE:  Success  
2024/02/28 16:30:48 =========================================================================================
2024/02/28 16:30:48 
2024/02/28 16:30:48                - - - - Feedback - - - -   
2024/02/28 16:30:48 Unique-IDz: 991e75a06e674b18031337b25bf2571b
2024/02/28 16:30:48 FEEDBACK-REQUEST: 2b588f38d1bc40bf85fc91397bc98466 
2024/02/28 16:30:48 ALERTID: e99a18c4-28cb-38d5-f260-853678922089
2024/02/28 16:30:48 RESPONSE:  Success  
2024/02/28 16:30:48 =========================================================================================
2024/02/28 16:30:49 
2024/02/28 16:30:49                - - - - Feedback - - - -   
2024/02/28 16:30:49 Unique-IDz: 2d76fe195e736359e2afce4eaab557f0
2024/02/28 16:30:49 FEEDBACK-REQUEST: 
2024/02/28 16:30:49 ALERTID: (Rate Limit Exceeded - 429)
2024/02/28 16:30:49 RESPONSE: You have exceeded the service rate limit. Maximum allowed: ${rate_limit.output} TPS
2024/02/28 16:30:49 =========================================================================================
2024/02/28 16:37:50 
2024/02/28 16:37:50                - - - - Feedback - - - -   
2024/02/28 16:37:50 Unique-IDz: dee581d319647cee18a1d089cef40b37
2024/02/28 16:37:50 FEEDBACK-REQUEST: 2b588f38d1bc40bf85fc91397bc98466 
2024/02/28 16:37:50 ALERTID: e99a18c4-28cb-38d5-f260-853678922089
2024/02/28 16:37:50 RESPONSE:  Success  
2024/02/28 16:37:50 =========================================================================================
2024/02/28 16:37:51 
2024/02/28 16:37:51                - - - - Feedback - - - -   
2024/02/28 16:37:51 Unique-IDz: 4aab9844633f0124729432db69488eda
2024/02/28 16:37:51 FEEDBACK-REQUEST: 2b588f38d1bc40bf85fc91397bc98466 
2024/02/28 16:37:51 ALERTID: e99a18c4-28cb-38d5-f260-853678922089
2024/02/28 16:37:51 RESPONSE:  Success  
2024/02/28 16:37:51 =========================================================================================
2024/02/28 16:37:51 
2024/02/28 16:37:51                - - - - Feedback - - - -   
2024/02/28 16:37:51 Unique-IDz: 08ffb9feb19c6a97d6e6b692114a509c
2024/02/28 16:37:51 FEEDBACK-REQUEST: 2b588f38d1bc40bf85fc91397bc98466 
2024/02/28 16:37:51 ALERTID: e99a18c4-28cb-38d5-f260-853678922089
2024/02/28 16:37:51 RESPONSE:  Success  
2024/02/28 16:37:51 =========================================================================================
2024/02/28 16:37:52 
2024/02/28 16:37:52                - - - - Feedback - - - -   
2024/02/28 16:37:52 Unique-IDz: 3f22c96403988a96695f97b7412c0653
2024/02/28 16:37:52 FEEDBACK-REQUEST: 2b588f38d1bc40bf85fc91397bc98466 
2024/02/28 16:37:52 ALERTID: e99a18c4-28cb-38d5-f260-853678922089
2024/02/28 16:37:52 RESPONSE:  Success  
2024/02/28 16:37:52 =========================================================================================
2024/02/28 16:37:52 
2024/02/28 16:37:52                - - - - Feedback - - - -   
2024/02/28 16:37:52 Unique-IDz: da55cb99e0a239d172a77336bfc71d65
2024/02/28 16:37:52 FEEDBACK-REQUEST: 2b588f38d1bc40bf85fc91397bc98466 
2024/02/28 16:37:52 ALERTID: e99a18c4-28cb-38d5-f260-853678922089
2024/02/28 16:37:52 RESPONSE:  Success  
2024/02/28 16:37:52 =========================================================================================
2024/02/28 16:37:53 
2024/02/28 16:37:53                - - - - Feedback - - - -   
2024/02/28 16:37:53 Unique-IDz: b23a0ab960efcaa50309e2bfeab550e9
2024/02/28 16:37:53 FEEDBACK-REQUEST: 
2024/02/28 16:37:53 ALERTID: (Rate Limit Exceeded - 429)
2024/02/28 16:37:53 RESPONSE: You have exceeded the service rate limit. Maximum allowed: ${rate_limit.output} TPS
2024/02/28 16:37:53 =========================================================================================
2024/02/28 16:37:54 
2024/02/28 16:37:54                - - - - Feedback - - - -   
2024/02/28 16:37:54 Unique-IDz: 240d918ba28b77370512116a5c3d88db
2024/02/28 16:37:54 FEEDBACK-REQUEST: 
2024/02/28 16:37:54 ALERTID: (Rate Limit Exceeded - 429)
2024/02/28 16:37:54 RESPONSE: You have exceeded the service rate limit. Maximum allowed: ${rate_limit.output} TPS
2024/02/28 16:37:54 =========================================================================================
2024/02/28 16:37:54 
2024/02/28 16:37:54                - - - - Feedback - - - -   
2024/02/28 16:37:54 Unique-IDz: 260433dee4ba199d56a366c85fb5711c
2024/02/28 16:37:54 FEEDBACK-REQUEST: 
2024/02/28 16:37:54 ALERTID: (Rate Limit Exceeded - 429)
2024/02/28 16:37:54 RESPONSE: You have exceeded the service rate limit. Maximum allowed: ${rate_limit.output} TPS
2024/02/28 16:37:54 =========================================================================================
2024/02/28 16:38:13 
2024/02/28 16:38:13                - - - - Feedback - - - -   
2024/02/28 16:38:13 Unique-IDz: f2769610cd5f75b6fe5f926938f87ea7
2024/02/28 16:38:13 FEEDBACK-REQUEST: 
2024/02/28 16:38:13 ALERTID: (Rate Limit Exceeded - 429)
2024/02/28 16:38:13 RESPONSE: You have exceeded the service rate limit. Maximum allowed: ${rate_limit.output} TPS
2024/02/28 16:38:13 =========================================================================================
2024/02/28 16:38:14 
2024/02/28 16:38:14                - - - - Feedback - - - -   
2024/02/28 16:38:14 Unique-IDz: 18da2f59644599d5e49468e33037f132
2024/02/28 16:38:14 FEEDBACK-REQUEST: 
2024/02/28 16:38:14 ALERTID: (Rate Limit Exceeded - 429)
2024/02/28 16:38:14 RESPONSE: You have exceeded the service rate limit. Maximum allowed: ${rate_limit.output} TPS
2024/02/28 16:38:14 =========================================================================================
2024/02/28 16:38:14 
2024/02/28 16:38:14                - - - - Feedback - - - -   
2024/02/28 16:38:14 Unique-IDz: c3f514656d9dcc00673419c66221989e
2024/02/28 16:38:14 FEEDBACK-REQUEST: 
2024/02/28 16:38:14 ALERTID: (Rate Limit Exceeded - 429)
2024/02/28 16:38:14 RESPONSE: You have exceeded the service rate limit. Maximum allowed: ${rate_limit.output} TPS
2024/02/28 16:38:14 =========================================================================================
2024/02/28 16:38:15 
2024/02/28 16:38:15                - - - - Feedback - - - -   
2024/02/28 16:38:15 Unique-IDz: cfb87a4ad6bd839350ab9669723c0f76
2024/02/28 16:38:15 FEEDBACK-REQUEST: 
2024/02/28 16:38:15 ALERTID: (Rate Limit Exceeded - 429)
2024/02/28 16:38:15 RESPONSE: You have exceeded the service rate limit. Maximum allowed: ${rate_limit.output} TPS
2024/02/28 16:38:15 =========================================================================================
2024/02/28 16:38:17 
2024/02/28 16:38:17                - - - - Feedback - - - -   
2024/02/28 16:38:17 Unique-IDz: 2e7f7df58deb87857c66012b01a61879
2024/02/28 16:38:17 FEEDBACK-REQUEST: 
2024/02/28 16:38:17 ALERTID: (Rate Limit Exceeded - 429)
2024/02/28 16:38:17 RESPONSE: You have exceeded the service rate limit. Maximum allowed: ${rate_limit.output} TPS
2024/02/28 16:38:17 =========================================================================================
2024/02/28 16:38:18 
2024/02/28 16:38:18                - - - - Feedback - - - -   
2024/02/28 16:38:18 Unique-IDz: 0777c30d62cb75dffb8833feceb0fbe4
2024/02/28 16:38:18 FEEDBACK-REQUEST: 
2024/02/28 16:38:18 ALERTID: (Rate Limit Exceeded - 429)
2024/02/28 16:38:18 RESPONSE: You have exceeded the service rate limit. Maximum allowed: ${rate_limit.output} TPS
2024/02/28 16:38:18 =========================================================================================
2024/02/28 16:39:52 
2024/02/28 16:39:52                - - - - Feedback - - - -   
2024/02/28 16:39:52 Unique-IDz: 9631cceedf40533ff7398325323af353
2024/02/28 16:39:52 FEEDBACK-REQUEST: 
2024/02/28 16:39:52 ALERTID: (Rate Limit Exceeded - 429)
2024/02/28 16:39:52 RESPONSE: You have exceeded the service rate limit. Maximum allowed: ${rate_limit.output} TPS
2024/02/28 16:39:52 =========================================================================================
2024/02/28 16:39:53 
2024/02/28 16:39:53                - - - - Feedback - - - -   
2024/02/28 16:39:53 Unique-IDz: 571a97f92e37efe5337c19ec12853d78
2024/02/28 16:39:53 FEEDBACK-REQUEST: 
2024/02/28 16:39:53 ALERTID: (Rate Limit Exceeded - 429)
2024/02/28 16:39:53 RESPONSE: You have exceeded the service rate limit. Maximum allowed: ${rate_limit.output} TPS
2024/02/28 16:39:53 =========================================================================================
2024/02/28 16:39:54 
2024/02/28 16:39:54                - - - - Feedback - - - -   
2024/02/28 16:39:54 Unique-IDz: c876ce82295d941d6398e9d8b25ff2ed
2024/02/28 16:39:54 FEEDBACK-REQUEST: 
2024/02/28 16:39:54 ALERTID: (Rate Limit Exceeded - 429)
2024/02/28 16:39:54 RESPONSE: You have exceeded the service rate limit. Maximum allowed: ${rate_limit.output} TPS
2024/02/28 16:39:54 =========================================================================================
2024/02/28 16:39:56 
2024/02/28 16:39:56                - - - - Feedback - - - -   
2024/02/28 16:39:56 Unique-IDz: eaf22788c47596b7977a2d78053f985e
2024/02/28 16:39:56 FEEDBACK-REQUEST: 
2024/02/28 16:39:56 ALERTID: (Rate Limit Exceeded - 429)
2024/02/28 16:39:56 RESPONSE: You have exceeded the service rate limit. Maximum allowed: ${rate_limit.output} TPS
2024/02/28 16:39:56 =========================================================================================
2024/02/28 16:42:03 
2024/02/28 16:42:03                - - - - Feedback - - - -   
2024/02/28 16:42:03 Unique-IDz: d756e254892306f9d94b7f9d27dbccce
2024/02/28 16:42:03 FEEDBACK-REQUEST: 2b588f38d1bc40bf85fc91397bc98455 
2024/02/28 16:42:03 ALERTID: e99a18c4-28cb-38d5-f260-853678922055
2024/02/28 16:42:03 RESPONSE:  Success  
2024/02/28 16:42:03 =========================================================================================
2024/02/28 16:42:05 
2024/02/28 16:42:05                - - - - Feedback - - - -   
2024/02/28 16:42:05 Unique-IDz: 98ad3b0ab02567b4a2d621ae30793e35
2024/02/28 16:42:05 FEEDBACK-REQUEST: 2b588f38d1bc40bf85fc91397bc98455 
2024/02/28 16:42:05 ALERTID: e99a18c4-28cb-38d5-f260-853678922055
2024/02/28 16:42:05 RESPONSE:  Success  
2024/02/28 16:42:05 =========================================================================================
2024/02/28 16:42:05 
2024/02/28 16:42:05                - - - - Feedback - - - -   
2024/02/28 16:42:05 Unique-IDz: d70941d503b6505f33b98f69d6e2376a
2024/02/28 16:42:05 FEEDBACK-REQUEST: 2b588f38d1bc40bf85fc91397bc98455 
2024/02/28 16:42:05 ALERTID: e99a18c4-28cb-38d5-f260-853678922055
2024/02/28 16:42:05 RESPONSE:  Success  
2024/02/28 16:42:05 =========================================================================================
2024/02/28 16:42:06 
2024/02/28 16:42:06                - - - - Feedback - - - -   
2024/02/28 16:42:06 Unique-IDz: 17855be097ea7e8931611099635c35f4
2024/02/28 16:42:06 FEEDBACK-REQUEST: 2b588f38d1bc40bf85fc91397bc98455 
2024/02/28 16:42:06 ALERTID: e99a18c4-28cb-38d5-f260-853678922055
2024/02/28 16:42:06 RESPONSE:  Success  
2024/02/28 16:42:06 =========================================================================================
2024/02/28 16:42:06 
2024/02/28 16:42:06                - - - - Feedback - - - -   
2024/02/28 16:42:06 Unique-IDz: 9224ee9f3265ef4fa395e304034e0bcf
2024/02/28 16:42:06 FEEDBACK-REQUEST: 2b588f38d1bc40bf85fc91397bc98455 
2024/02/28 16:42:06 ALERTID: e99a18c4-28cb-38d5-f260-853678922055
2024/02/28 16:42:06 RESPONSE:  Success  
2024/02/28 16:42:06 =========================================================================================
2024/02/28 16:42:07 
2024/02/28 16:42:07                - - - - Feedback - - - -   
2024/02/28 16:42:07 Unique-IDz: 822c4023ca784a8b99535d8078689be9
2024/02/28 16:42:07 FEEDBACK-REQUEST: 
2024/02/28 16:42:07 ALERTID: (Rate Limit Exceeded - 429)
2024/02/28 16:42:07 RESPONSE: You have exceeded the service rate limit. Maximum allowed: ${rate_limit.output} TPS
2024/02/28 16:42:07 =========================================================================================
2024/02/28 16:42:15 
2024/02/28 16:42:15                - - - - Feedback - - - -   
2024/02/28 16:42:15 Unique-IDz: 832e6da1dc24478af4a419d7abda85ae
2024/02/28 16:42:15 FEEDBACK-REQUEST: 
2024/02/28 16:42:15 ALERTID: (Rate Limit Exceeded - 429)
2024/02/28 16:42:15 RESPONSE: You have exceeded the service rate limit. Maximum allowed: ${rate_limit.output} TPS
2024/02/28 16:42:15 =========================================================================================
2024/02/28 16:42:16 
2024/02/28 16:42:16                - - - - Feedback - - - -   
2024/02/28 16:42:16 Unique-IDz: 5042d1ec2336b1317bce67312f6111b3
2024/02/28 16:42:16 FEEDBACK-REQUEST: 
2024/02/28 16:42:16 ALERTID: (Rate Limit Exceeded - 429)
2024/02/28 16:42:16 RESPONSE: You have exceeded the service rate limit. Maximum allowed: ${rate_limit.output} TPS
2024/02/28 16:42:16 =========================================================================================
2024/02/28 16:42:20 
2024/02/28 16:42:20                - - - - Feedback - - - -   
2024/02/28 16:42:20 Unique-IDz: cf62b4a72a8fc16c22f1a84b8a3783e6
2024/02/28 16:42:20 FEEDBACK-REQUEST: 
2024/02/28 16:42:20 ALERTID: (Rate Limit Exceeded - 429)
2024/02/28 16:42:20 RESPONSE: You have exceeded the service rate limit. Maximum allowed: ${rate_limit.output} TPS
2024/02/28 16:42:20 =========================================================================================
2024/02/28 16:42:23 
2024/02/28 16:42:23                - - - - Feedback - - - -   
2024/02/28 16:42:23 Unique-IDz: 64a4a58e2fbee84bd3d94830e8e94b9e
2024/02/28 16:42:23 FEEDBACK-REQUEST: 
2024/02/28 16:42:23 ALERTID: (Rate Limit Exceeded - 429)
2024/02/28 16:42:23 RESPONSE: You have exceeded the service rate limit. Maximum allowed: ${rate_limit.output} TPS
2024/02/28 16:42:23 =========================================================================================
2024/02/28 16:43:18 
2024/02/28 16:43:18                - - - - Feedback - - - -   
2024/02/28 16:43:18 Unique-IDz: 896d58abb50e57bee399753f44890779
2024/02/28 16:43:18 FEEDBACK-REQUEST: 2b588f38d1bc40bf85fc91397bc98466 
2024/02/28 16:43:18 ALERTID: e99a18c4-28cb-38d5-f260-853678922e04
2024/02/28 16:43:18 RESPONSE:  Success  
2024/02/28 16:43:18 =========================================================================================
2024/02/28 16:43:20 
2024/02/28 16:43:20                - - - - Feedback - - - -   
2024/02/28 16:43:20 Unique-IDz: 0cf07f804e8b7716616870b158d28f40
2024/02/28 16:43:20 FEEDBACK-REQUEST: 2b588f38d1bc40bf85fc91397bc98466 
2024/02/28 16:43:20 ALERTID: e99a18c4-28cb-38d5-f260-853678922e04
2024/02/28 16:43:20 RESPONSE:  Success  
2024/02/28 16:43:20 =========================================================================================
2024/02/28 16:43:20 
2024/02/28 16:43:20                - - - - Feedback - - - -   
2024/02/28 16:43:20 Unique-IDz: de936f2388454a39d5bcefb43fbc8756
2024/02/28 16:43:20 FEEDBACK-REQUEST: 2b588f38d1bc40bf85fc91397bc98466 
2024/02/28 16:43:20 ALERTID: e99a18c4-28cb-38d5-f260-853678922e04
2024/02/28 16:43:20 RESPONSE:  Success  
2024/02/28 16:43:20 =========================================================================================
2024/02/28 16:43:21 
2024/02/28 16:43:21                - - - - Feedback - - - -   
2024/02/28 16:43:21 Unique-IDz: 7f9f1b1964ad231f2cd1979e4901b8a2
2024/02/28 16:43:21 FEEDBACK-REQUEST: 2b588f38d1bc40bf85fc91397bc98466 
2024/02/28 16:43:21 ALERTID: e99a18c4-28cb-38d5-f260-853678922e04
2024/02/28 16:43:21 RESPONSE:  Success  
2024/02/28 16:43:21 =========================================================================================
2024/02/28 16:43:22 
2024/02/28 16:43:22                - - - - Feedback - - - -   
2024/02/28 16:43:22 Unique-IDz: b3e9a37b50f5605b7a6aa28fa90182e9
2024/02/28 16:43:22 FEEDBACK-REQUEST: 2b588f38d1bc40bf85fc91397bc98466 
2024/02/28 16:43:22 ALERTID: e99a18c4-28cb-38d5-f260-853678922e04
2024/02/28 16:43:22 RESPONSE:  Success  
2024/02/28 16:43:22 =========================================================================================
2024/02/28 16:43:22 
2024/02/28 16:43:22                - - - - Feedback - - - -   
2024/02/28 16:43:22 Unique-IDz: 02d43fb31388f7a15c854a52c37d169b
2024/02/28 16:43:22 FEEDBACK-REQUEST: 
2024/02/28 16:43:22 ALERTID: (Rate Limit Exceeded - 429)
2024/02/28 16:43:22 RESPONSE: You have exceeded the service rate limit. Maximum allowed: ${rate_limit.output} TPS
2024/02/28 16:43:22 =========================================================================================
2024/02/28 16:43:27 
2024/02/28 16:43:27                - - - - Feedback - - - -   
2024/02/28 16:43:27 Unique-IDz: a8b16c6f37b656a1f59e3ffc4bf77749
2024/02/28 16:43:27 FEEDBACK-REQUEST: 
2024/02/28 16:43:27 ALERTID: (Rate Limit Exceeded - 429)
2024/02/28 16:43:27 RESPONSE: You have exceeded the service rate limit. Maximum allowed: ${rate_limit.output} TPS
2024/02/28 16:43:27 =========================================================================================
2024/02/28 16:43:27 
2024/02/28 16:43:27                - - - - Feedback - - - -   
2024/02/28 16:43:27 Unique-IDz: f08e1092bce236e3cecb7a25c74ebed1
2024/02/28 16:43:27 FEEDBACK-REQUEST: 
2024/02/28 16:43:27 ALERTID: (Rate Limit Exceeded - 429)
2024/02/28 16:43:27 RESPONSE: You have exceeded the service rate limit. Maximum allowed: ${rate_limit.output} TPS
2024/02/28 16:43:27 =========================================================================================
2024/02/28 16:43:28 
2024/02/28 16:43:28                - - - - Feedback - - - -   
2024/02/28 16:43:28 Unique-IDz: 4ea80c7e0d7dcd614b973f566fbbba93
2024/02/28 16:43:28 FEEDBACK-REQUEST: 
2024/02/28 16:43:28 ALERTID: (Rate Limit Exceeded - 429)
2024/02/28 16:43:28 RESPONSE: You have exceeded the service rate limit. Maximum allowed: ${rate_limit.output} TPS
2024/02/28 16:43:28 =========================================================================================
2024/02/28 16:45:50 
2024/02/28 16:45:50                - - - - Feedback - - - -   
2024/02/28 16:45:50 Unique-IDz: a4148b10b1f8cce60544d2ef8daf3aef
2024/02/28 16:45:50 FEEDBACK-REQUEST: 2b588f38d1bc40bf85fc91397bc98466 
2024/02/28 16:45:50 ALERTID: e99a18c4-28cb-38d5-f260-853678922089
2024/02/28 16:45:50 RESPONSE:  Success  
2024/02/28 16:45:50 =========================================================================================
2024/02/28 16:45:52 
2024/02/28 16:45:52                - - - - Feedback - - - -   
2024/02/28 16:45:52 Unique-IDz: 6e7274e93ed6f8b721a6f2976ff867e3
2024/02/28 16:45:52 FEEDBACK-REQUEST: 2b588f38d1bc40bf85fc91397bc98466 
2024/02/28 16:45:52 ALERTID: e99a18c4-28cb-38d5-f260-853678922089
2024/02/28 16:45:52 RESPONSE:  Success  
2024/02/28 16:45:52 =========================================================================================
2024/02/28 16:45:53 
2024/02/28 16:45:53                - - - - Feedback - - - -   
2024/02/28 16:45:53 Unique-IDz: 25ed39e99714e8acf0aaa85f09b62711
2024/02/28 16:45:53 FEEDBACK-REQUEST: 2b588f38d1bc40bf85fc91397bc98466 
2024/02/28 16:45:53 ALERTID: e99a18c4-28cb-38d5-f260-853678922089
2024/02/28 16:45:53 RESPONSE:  Success  
2024/02/28 16:45:53 =========================================================================================
2024/02/28 16:45:53 
2024/02/28 16:45:53                - - - - Feedback - - - -   
2024/02/28 16:45:53 Unique-IDz: a801d0b50f7bedb379d93730bf0f87aa
2024/02/28 16:45:53 FEEDBACK-REQUEST: 2b588f38d1bc40bf85fc91397bc98466 
2024/02/28 16:45:53 ALERTID: e99a18c4-28cb-38d5-f260-853678922089
2024/02/28 16:45:53 RESPONSE:  Success  
2024/02/28 16:45:53 =========================================================================================
2024/02/28 16:45:54 
2024/02/28 16:45:54                - - - - Feedback - - - -   
2024/02/28 16:45:54 Unique-IDz: a79a51a91a0cb5eb1d4a3da974d4c4ef
2024/02/28 16:45:54 FEEDBACK-REQUEST: 2b588f38d1bc40bf85fc91397bc98466 
2024/02/28 16:45:54 ALERTID: e99a18c4-28cb-38d5-f260-853678922089
2024/02/28 16:45:54 RESPONSE:  Success  
2024/02/28 16:45:54 =========================================================================================
2024/02/28 16:45:54 
2024/02/28 16:45:54                - - - - Feedback - - - -   
2024/02/28 16:45:54 Unique-IDz: e05c4d0d4dd111ea9fda7a9658408dc2
2024/02/28 16:45:54 FEEDBACK-REQUEST: 
2024/02/28 16:45:54 ALERTID: (Rate Limit Exceeded - 429)
2024/02/28 16:45:54 RESPONSE: You have exceeded the service rate limit. Maximum allowed: ${rate_limit.output} TPS
2024/02/28 16:45:54 =========================================================================================
2024/02/28 16:45:59 
2024/02/28 16:45:59                - - - - Feedback - - - -   
2024/02/28 16:45:59 Unique-IDz: fa385b0de6bf2b5488b92443f74919e8
2024/02/28 16:45:59 FEEDBACK-REQUEST: 
2024/02/28 16:45:59 ALERTID: (Rate Limit Exceeded - 429)
2024/02/28 16:45:59 RESPONSE: You have exceeded the service rate limit. Maximum allowed: ${rate_limit.output} TPS
2024/02/28 16:45:59 =========================================================================================
2024/02/28 16:46:00 
2024/02/28 16:46:00                - - - - Feedback - - - -   
2024/02/28 16:46:00 Unique-IDz: 098224556bb65a2e0e174fb1a051857e
2024/02/28 16:46:00 FEEDBACK-REQUEST: 
2024/02/28 16:46:00 ALERTID: (Rate Limit Exceeded - 429)
2024/02/28 16:46:00 RESPONSE: You have exceeded the service rate limit. Maximum allowed: ${rate_limit.output} TPS
2024/02/28 16:46:00 =========================================================================================
2024/02/28 16:46:08 
2024/02/28 16:46:08                - - - - Feedback - - - -   
2024/02/28 16:46:08 Unique-IDz: 0043bc7775625855345b736093b44bf3
2024/02/28 16:46:08 FEEDBACK-REQUEST: 
2024/02/28 16:46:08 ALERTID: (Rate Limit Exceeded - 429)
2024/02/28 16:46:08 RESPONSE: You have exceeded the service rate limit. Maximum allowed: ${rate_limit.output} TPS
2024/02/28 16:46:08 =========================================================================================
2024/02/28 16:46:09 
2024/02/28 16:46:09                - - - - Feedback - - - -   
2024/02/28 16:46:09 Unique-IDz: 35d01be7cb1287797d91254f2f9387d9
2024/02/28 16:46:09 FEEDBACK-REQUEST: 
2024/02/28 16:46:09 ALERTID: (Rate Limit Exceeded - 429)
2024/02/28 16:46:09 RESPONSE: You have exceeded the service rate limit. Maximum allowed: ${rate_limit.output} TPS
2024/02/28 16:46:09 =========================================================================================
2024/02/28 16:56:36 
2024/02/28 16:56:36                - - - - Feedback - - - -   
2024/02/28 16:56:36 Unique-IDz: 27a4d6834e3e44d07bfff1242638bc8b
2024/02/28 16:56:36 RESPONSE:  Success  
2024/02/28 16:56:36 =========================================================================================
2024/02/28 17:33:29 
2024/02/28 17:33:29                - - - - Feedback - - - -   
2024/02/28 17:33:29 Unique-IDz: dd9062a0cdd496f7c8e14b18c72b4bb0
2024/02/28 17:33:29 FEEDBACK-REQUEST: 2b588f38d1bc40bf85fc91397bc98455 
2024/02/28 17:33:29 ALERTID: e99a18c4-28cb-38d5-f260-853678922055
2024/02/28 17:33:29 RESPONSE:  Success  
2024/02/28 17:33:29 =========================================================================================
2024/02/28 17:33:30 
2024/02/28 17:33:30                - - - - Feedback - - - -   
2024/02/28 17:33:30 Unique-IDz: 8a2b7361c266759339cb98732188dea4
2024/02/28 17:33:30 FEEDBACK-REQUEST: 2b588f38d1bc40bf85fc91397bc98455 
2024/02/28 17:33:30 ALERTID: e99a18c4-28cb-38d5-f260-853678922055
2024/02/28 17:33:30 RESPONSE:  Success  
2024/02/28 17:33:30 =========================================================================================
2024/02/28 17:33:30 
2024/02/28 17:33:30                - - - - Feedback - - - -   
2024/02/28 17:33:30 Unique-IDz: 1e8c2d48a37e91b8670fe330a7868c96
2024/02/28 17:33:30 FEEDBACK-REQUEST: 2b588f38d1bc40bf85fc91397bc98455 
2024/02/28 17:33:30 ALERTID: e99a18c4-28cb-38d5-f260-853678922055
2024/02/28 17:33:30 RESPONSE:  Success  
2024/02/28 17:33:30 =========================================================================================
2024/02/28 17:33:31 
2024/02/28 17:33:31                - - - - Feedback - - - -   
2024/02/28 17:33:31 Unique-IDz: caa848e13da23895f87ab852624a928d
2024/02/28 17:33:31 FEEDBACK-REQUEST: 2b588f38d1bc40bf85fc91397bc98455 
2024/02/28 17:33:31 ALERTID: e99a18c4-28cb-38d5-f260-853678922055
2024/02/28 17:33:31 RESPONSE:  Success  
2024/02/28 17:33:31 =========================================================================================
2024/02/28 17:33:31 
2024/02/28 17:33:31                - - - - Feedback - - - -   
2024/02/28 17:33:31 Unique-IDz: 659d57af98240ed15d5320a05f05d9ee
2024/02/28 17:33:31 FEEDBACK-REQUEST: 2b588f38d1bc40bf85fc91397bc98455 
2024/02/28 17:33:31 ALERTID: e99a18c4-28cb-38d5-f260-853678922055
2024/02/28 17:33:31 RESPONSE:  Success  
2024/02/28 17:33:31 =========================================================================================
2024/02/28 17:33:32 
2024/02/28 17:33:32                - - - - Feedback - - - -   
2024/02/28 17:33:32 Unique-IDz: 496a1ccf936bbb9fddeb04d4b2553517
2024/02/28 17:33:32 FEEDBACK-REQUEST: e99a18c4-28cb-38d5-f260-853678922055
2024/02/28 17:33:32 ALERTID: (Rate Limit Exceeded - 429)
2024/02/28 17:33:32 RESPONSE: You have exceeded the service rate limit. Maximum allowed: 5 transactions per day
2024/02/28 17:33:32 =========================================================================================
2024/02/28 17:33:34 
2024/02/28 17:33:34                - - - - Feedback - - - -   
2024/02/28 17:33:34 Unique-IDz: ade635f8d6d6b6e7951e8a18af85575e
2024/02/28 17:33:34 FEEDBACK-REQUEST: e99a18c4-28cb-38d5-f260-853678922055
2024/02/28 17:33:34 ALERTID: (Rate Limit Exceeded - 429)
2024/02/28 17:33:34 RESPONSE: You have exceeded the service rate limit. Maximum allowed: 5 transactions per day
2024/02/28 17:33:34 =========================================================================================
2024/02/28 17:33:39 
2024/02/28 17:33:39                - - - - Feedback - - - -   
2024/02/28 17:33:39 Unique-IDz: e4576635bf786bb97f3ef830ed47cfa0
2024/02/28 17:33:39 FEEDBACK-REQUEST: 2b588f38d1bc40bf85fc91397bc98466 
2024/02/28 17:33:39 ALERTID: e99a18c4-28cb-38d5-f260-853678922e04
2024/02/28 17:33:39 RESPONSE:  Success  
2024/02/28 17:33:39 =========================================================================================
2024/02/28 17:33:41 
2024/02/28 17:33:41                - - - - Feedback - - - -   
2024/02/28 17:33:41 Unique-IDz: 0a52c58d281cf5cc5d7b6e7f75d3cb85
2024/02/28 17:33:41 FEEDBACK-REQUEST: 2b588f38d1bc40bf85fc91397bc98466 
2024/02/28 17:33:41 ALERTID: e99a18c4-28cb-38d5-f260-853678922e04
2024/02/28 17:33:41 RESPONSE:  Success  
2024/02/28 17:33:41 =========================================================================================
2024/02/28 17:33:41 
2024/02/28 17:33:41                - - - - Feedback - - - -   
2024/02/28 17:33:41 Unique-IDz: 507140cf65c44a155c81a741d26aac07
2024/02/28 17:33:41 FEEDBACK-REQUEST: 2b588f38d1bc40bf85fc91397bc98466 
2024/02/28 17:33:41 ALERTID: e99a18c4-28cb-38d5-f260-853678922e04
2024/02/28 17:33:41 RESPONSE:  Success  
2024/02/28 17:33:41 =========================================================================================
2024/02/28 17:33:42 
2024/02/28 17:33:42                - - - - Feedback - - - -   
2024/02/28 17:33:42 Unique-IDz: 4b7801a705d3468bf8e5f89706ee7916
2024/02/28 17:33:42 FEEDBACK-REQUEST: 2b588f38d1bc40bf85fc91397bc98466 
2024/02/28 17:33:42 ALERTID: e99a18c4-28cb-38d5-f260-853678922e04
2024/02/28 17:33:42 RESPONSE:  Success  
2024/02/28 17:33:42 =========================================================================================
2024/02/28 17:33:42 
2024/02/28 17:33:42                - - - - Feedback - - - -   
2024/02/28 17:33:42 Unique-IDz: 9c3082a53b28e8113e8455005a78c4e8
2024/02/28 17:33:42 FEEDBACK-REQUEST: 2b588f38d1bc40bf85fc91397bc98466 
2024/02/28 17:33:42 ALERTID: e99a18c4-28cb-38d5-f260-853678922e04
2024/02/28 17:33:42 RESPONSE:  Success  
2024/02/28 17:33:42 =========================================================================================
2024/02/28 17:33:43 
2024/02/28 17:33:43                - - - - Feedback - - - -   
2024/02/28 17:33:43 Unique-IDz: 84b637ddab1c4a82890068edf1fe8b10
2024/02/28 17:33:43 FEEDBACK-REQUEST: e99a18c4-28cb-38d5-f260-853678922e04
2024/02/28 17:33:43 ALERTID: (Rate Limit Exceeded - 429)
2024/02/28 17:33:43 RESPONSE: You have exceeded the service rate limit. Maximum allowed: 5 transactions per day
2024/02/28 17:33:43 =========================================================================================
2024/02/28 17:33:44 
2024/02/28 17:33:44                - - - - Feedback - - - -   
2024/02/28 17:33:44 Unique-IDz: f8bad9e5249c31c2635573bbe106f975
2024/02/28 17:33:44 FEEDBACK-REQUEST: e99a18c4-28cb-38d5-f260-853678922e04
2024/02/28 17:33:44 ALERTID: (Rate Limit Exceeded - 429)
2024/02/28 17:33:44 RESPONSE: You have exceeded the service rate limit. Maximum allowed: 5 transactions per day
2024/02/28 17:33:44 =========================================================================================
2024/02/28 17:33:58 
2024/02/28 17:33:58                - - - - Feedback - - - -   
2024/02/28 17:33:58 Unique-IDz: e294a5523fc6328811a42ca4a10bad2a
2024/02/28 17:33:58 FEEDBACK-REQUEST: 2b588f38d1bc40bf85fc91397bc98466 
2024/02/28 17:33:58 ALERTID: e99a18c4-28cb-38d5-f260-853678922e04
2024/02/28 17:33:58 RESPONSE:  Success  
2024/02/28 17:33:58 =========================================================================================
2024/02/28 17:34:10 
2024/02/28 17:34:10                - - - - Feedback - - - -   
2024/02/28 17:34:10 Unique-IDz: 5703580535cb74648ce5b8839e3fabc6
2024/02/28 17:34:10 FEEDBACK-REQUEST: 2b588f38d1bc40bf85fc91397bc98466 
2024/02/28 17:34:10 ALERTID: e99a18c4-28cb-38d5-f260-853678922e04
2024/02/28 17:34:10 RESPONSE:  Success  
2024/02/28 17:34:10 =========================================================================================
2024/02/28 17:34:10 
2024/02/28 17:34:10                - - - - Feedback - - - -   
2024/02/28 17:34:10 Unique-IDz: 19def92f73f79925c367d3ab51f42a9a
2024/02/28 17:34:10 FEEDBACK-REQUEST: 2b588f38d1bc40bf85fc91397bc98466 
2024/02/28 17:34:10 ALERTID: e99a18c4-28cb-38d5-f260-853678922e04
2024/02/28 17:34:10 RESPONSE:  Success  
2024/02/28 17:34:10 =========================================================================================
2024/02/28 17:34:10 
2024/02/28 17:34:10                - - - - Feedback - - - -   
2024/02/28 17:34:10 Unique-IDz: 9855df829ecef8f60b1c961c55162a90
2024/02/28 17:34:10 FEEDBACK-REQUEST: 2b588f38d1bc40bf85fc91397bc98466 
2024/02/28 17:34:10 ALERTID: e99a18c4-28cb-38d5-f260-853678922e04
2024/02/28 17:34:10 RESPONSE:  Success  
2024/02/28 17:34:10 =========================================================================================
2024/02/28 17:34:11 
2024/02/28 17:34:11                - - - - Feedback - - - -   
2024/02/28 17:34:11 Unique-IDz: a84a4d433e8c1323f35b165df6e4d6a3
2024/02/28 17:34:11 FEEDBACK-REQUEST: 2b588f38d1bc40bf85fc91397bc98466 
2024/02/28 17:34:11 ALERTID: e99a18c4-28cb-38d5-f260-853678922e04
2024/02/28 17:34:11 RESPONSE:  Success  
2024/02/28 17:34:11 =========================================================================================
2024/02/28 17:34:12 
2024/02/28 17:34:12                - - - - Feedback - - - -   
2024/02/28 17:34:12 Unique-IDz: 7f32e5235ada13c0537661114966c79a
2024/02/28 17:34:12 FEEDBACK-REQUEST: e99a18c4-28cb-38d5-f260-853678922e04
2024/02/28 17:34:12 ALERTID: (Rate Limit Exceeded - 429)
2024/02/28 17:34:12 RESPONSE: You have exceeded the service rate limit. Maximum allowed: 5 transactions per day
2024/02/28 17:34:12 =========================================================================================
2024/02/28 17:34:13 
2024/02/28 17:34:13                - - - - Feedback - - - -   
2024/02/28 17:34:13 Unique-IDz: 80c4cb32dbcb8f227ae2adc221b4eb36
2024/02/28 17:34:13 FEEDBACK-REQUEST: e99a18c4-28cb-38d5-f260-853678922e04
2024/02/28 17:34:13 ALERTID: (Rate Limit Exceeded - 429)
2024/02/28 17:34:13 RESPONSE: You have exceeded the service rate limit. Maximum allowed: 5 transactions per day
2024/02/28 17:34:13 =========================================================================================
2024/02/28 17:34:13 
2024/02/28 17:34:13                - - - - Feedback - - - -   
2024/02/28 17:34:13 Unique-IDz: f319931d29a3cb56381e13608f438e2d
2024/02/28 17:34:13 FEEDBACK-REQUEST: e99a18c4-28cb-38d5-f260-853678922e04
2024/02/28 17:34:13 ALERTID: (Rate Limit Exceeded - 429)
2024/02/28 17:34:13 RESPONSE: You have exceeded the service rate limit. Maximum allowed: 5 transactions per day
2024/02/28 17:34:13 =========================================================================================
2024/02/28 17:34:14 
2024/02/28 17:34:14                - - - - Feedback - - - -   
2024/02/28 17:34:14 Unique-IDz: 2b0c0c4e783184c58382dc18321907d0
2024/02/28 17:34:14 FEEDBACK-REQUEST: e99a18c4-28cb-38d5-f260-853678922e04
2024/02/28 17:34:14 ALERTID: (Rate Limit Exceeded - 429)
2024/02/28 17:34:14 RESPONSE: You have exceeded the service rate limit. Maximum allowed: 5 transactions per day
2024/02/28 17:34:14 =========================================================================================
2024/02/28 17:34:16 
2024/02/28 17:34:16                - - - - Feedback - - - -   
2024/02/28 17:34:16 Unique-IDz: bb3a04adb20a1c9b62c09db3751b0940
2024/02/28 17:34:16 FEEDBACK-REQUEST: e99a18c4-28cb-38d5-f260-853678922e04
2024/02/28 17:34:16 ALERTID: (Rate Limit Exceeded - 429)
2024/02/28 17:34:16 RESPONSE: You have exceeded the service rate limit. Maximum allowed: 5 transactions per day
2024/02/28 17:34:16 =========================================================================================
2024/02/28 17:36:48 
2024/02/28 17:36:48                - - - - Feedback - - - -   
2024/02/28 17:36:48 Unique-IDz: cf5688e17f63ff8b139f2cad67bf2289
2024/02/28 17:36:48 FEEDBACK-REQUEST: 2b588f38d1bc40bf85fc91397bc98466 
2024/02/28 17:36:48 ALERTID: e99a18c4-28cb-38d5-f260-853678922e04
2024/02/28 17:36:48 RESPONSE:  Success  
2024/02/28 17:36:48 =========================================================================================
2024/02/28 17:36:56 
2024/02/28 17:36:56                - - - - Feedback - - - -   
2024/02/28 17:36:56 Unique-IDz: f606060db1d899d0687d8368b61139c7
2024/02/28 17:36:56 FEEDBACK-REQUEST: 2b588f38d1bc40bf85fc91397bc98466 
2024/02/28 17:36:56 ALERTID: e99a18c4-28cb-38d5-f260-853678922e04
2024/02/28 17:36:56 RESPONSE:  Success  
2024/02/28 17:36:56 =========================================================================================
2024/02/28 17:37:00 
2024/02/28 17:37:00                - - - - Feedback - - - -   
2024/02/28 17:37:00 Unique-IDz: c38b0ae01ef36713d8f6757f6f42d005
2024/02/28 17:37:00 FEEDBACK-REQUEST: 2b588f38d1bc40bf85fc91397bc98466 
2024/02/28 17:37:00 ALERTID: e99a18c4-28cb-38d5-f260-853678922e04
2024/02/28 17:37:00 RESPONSE:  Success  
2024/02/28 17:37:00 =========================================================================================
2024/02/28 17:37:01 
2024/02/28 17:37:01                - - - - Feedback - - - -   
2024/02/28 17:37:01 Unique-IDz: dc9f7c6d0260fd07541734435be41c50
2024/02/28 17:37:01 FEEDBACK-REQUEST: 2b588f38d1bc40bf85fc91397bc98466 
2024/02/28 17:37:01 ALERTID: e99a18c4-28cb-38d5-f260-853678922e04
2024/02/28 17:37:01 RESPONSE:  Success  
2024/02/28 17:37:01 =========================================================================================
2024/02/28 17:37:01 
2024/02/28 17:37:01                - - - - Feedback - - - -   
2024/02/28 17:37:01 Unique-IDz: f2db16ce0c88f322d974fc9cd95f2aae
2024/02/28 17:37:01 FEEDBACK-REQUEST: 2b588f38d1bc40bf85fc91397bc98466 
2024/02/28 17:37:01 ALERTID: e99a18c4-28cb-38d5-f260-853678922e04
2024/02/28 17:37:01 RESPONSE:  Success  
2024/02/28 17:37:01 =========================================================================================
2024/02/28 17:37:02 
2024/02/28 17:37:02                - - - - Feedback - - - -   
2024/02/28 17:37:02 Unique-IDz: f7c92075c211d54ba96a908fcac03a5d
2024/02/28 17:37:02 FEEDBACK-REQUEST: e99a18c4-28cb-38d5-f260-853678922e04
2024/02/28 17:37:02 ALERTID: (Rate Limit Exceeded - 429)
2024/02/28 17:37:02 RESPONSE: You have exceeded the service rate limit. Maximum allowed: 5 transactions per day
2024/02/28 17:37:02 =========================================================================================
2024/02/28 17:37:16 
2024/02/28 17:37:16                - - - - Feedback - - - -   
2024/02/28 17:37:16 Unique-IDz: d8b4295d4b857021ce50df6a2a871ad8
2024/02/28 17:37:16 FEEDBACK-REQUEST: e99a18c4-28cb-38d5-f260-853678922e04
2024/02/28 17:37:16 ALERTID: (Rate Limit Exceeded - 429)
2024/02/28 17:37:16 RESPONSE: You have exceeded the service rate limit. Maximum allowed: 5 transactions per day
2024/02/28 17:37:16 =========================================================================================
2024/02/28 17:37:22 
2024/02/28 17:37:22                - - - - Feedback - - - -   
2024/02/28 17:37:22 Unique-IDz: afea4695cd8081cd401eb147a72745cd
2024/02/28 17:37:22 FEEDBACK-REQUEST: 2b588f38d1bc40bf85fc91397bc98466 
2024/02/28 17:37:22 ALERTID: e99a18c4-28cb-38d5-f260-853678922089
2024/02/28 17:37:22 RESPONSE:  Success  
2024/02/28 17:37:22 =========================================================================================
2024/02/28 17:37:34 
2024/02/28 17:37:34                - - - - Feedback - - - -   
2024/02/28 17:37:34 Unique-IDz: 07a8c5726a75ae3ad3003988852c8984
2024/02/28 17:37:34 FEEDBACK-REQUEST: e99a18c4-28cb-38d5-f260-853678922e04
2024/02/28 17:37:34 ALERTID: (Rate Limit Exceeded - 429)
2024/02/28 17:37:34 RESPONSE: You have exceeded the service rate limit. Maximum allowed: 5 transactions per day
2024/02/28 17:37:34 =========================================================================================
2024/02/28 17:37:45 
2024/02/28 17:37:45                - - - - Feedback - - - -   
2024/02/28 17:37:45 Unique-IDz: 2d2c441efd27cdd14bc4c725ed06fb82
2024/02/28 17:37:45 FEEDBACK-REQUEST: e99a18c4-28cb-38d5-f260-853678922e04
2024/02/28 17:37:45 ALERTID: (Rate Limit Exceeded - 429)
2024/02/28 17:37:45 RESPONSE: You have exceeded the service rate limit. Maximum allowed: 5 transactions per day
2024/02/28 17:37:45 =========================================================================================
2024/02/28 17:37:56 
2024/02/28 17:37:56                - - - - Feedback - - - -   
2024/02/28 17:37:56 Unique-IDz: a024ca4babf5183c5cda4f73c748ad33
2024/02/28 17:37:56 FEEDBACK-REQUEST: 2b588f38d1bc40bf85fc91397bc98466 
2024/02/28 17:37:56 ALERTID: e99a18c4-28cb-38d5-f260-853678922089
2024/02/28 17:37:56 RESPONSE:  Success  
2024/02/28 17:37:56 =========================================================================================
2024/02/28 17:38:00 
2024/02/28 17:38:00                - - - - Feedback - - - -   
2024/02/28 17:38:00 Unique-IDz: 0a703352ed111f347cc6b2104dce2da5
2024/02/28 17:38:00 FEEDBACK-REQUEST: 2b588f38d1bc40bf85fc91397bc98466 
2024/02/28 17:38:00 ALERTID: e99a18c4-28cb-38d5-f260-853678922089
2024/02/28 17:38:00 RESPONSE:  Success  
2024/02/28 17:38:00 =========================================================================================
2024/02/28 17:38:00 
2024/02/28 17:38:00                - - - - Feedback - - - -   
2024/02/28 17:38:00 Unique-IDz: d5dcaf6ef8e15ce53d7dc705b4521bfe
2024/02/28 17:38:00 FEEDBACK-REQUEST: 2b588f38d1bc40bf85fc91397bc98466 
2024/02/28 17:38:00 ALERTID: e99a18c4-28cb-38d5-f260-853678922089
2024/02/28 17:38:00 RESPONSE:  Success  
2024/02/28 17:38:00 =========================================================================================
2024/02/28 17:38:01 
2024/02/28 17:38:01                - - - - Feedback - - - -   
2024/02/28 17:38:01 Unique-IDz: f5b4747a2a06500a04dfc1392cfd45c7
2024/02/28 17:38:01 FEEDBACK-REQUEST: 2b588f38d1bc40bf85fc91397bc98466 
2024/02/28 17:38:01 ALERTID: e99a18c4-28cb-38d5-f260-853678922089
2024/02/28 17:38:01 RESPONSE:  Success  
2024/02/28 17:38:01 =========================================================================================
2024/02/28 17:38:02 
2024/02/28 17:38:02                - - - - Feedback - - - -   
2024/02/28 17:38:02 Unique-IDz: aee60af0d804f3d019413c8812799550
2024/02/28 17:38:02 FEEDBACK-REQUEST: e99a18c4-28cb-38d5-f260-853678922089
2024/02/28 17:38:02 ALERTID: (Rate Limit Exceeded - 429)
2024/02/28 17:38:02 RESPONSE: You have exceeded the service rate limit. Maximum allowed: 5 transactions per day
2024/02/28 17:38:02 =========================================================================================
2024/02/28 17:38:04 
2024/02/28 17:38:04                - - - - Feedback - - - -   
2024/02/28 17:38:04 Unique-IDz: 2c6ed4c71123ec9868b5d4a69de544d5
2024/02/28 17:38:04 FEEDBACK-REQUEST: e99a18c4-28cb-38d5-f260-853678922089
2024/02/28 17:38:04 ALERTID: (Rate Limit Exceeded - 429)
2024/02/28 17:38:04 RESPONSE: You have exceeded the service rate limit. Maximum allowed: 5 transactions per day
2024/02/28 17:38:04 =========================================================================================
2024/02/28 17:38:13 
2024/02/28 17:38:13                - - - - Feedback - - - -   
2024/02/28 17:38:13 Unique-IDz: ca7e60096ae99d731adf0d33e1f11cda
2024/02/28 17:38:13 FEEDBACK-REQUEST: 2b588f38d1bc40bf85fc91397bc98455 
2024/02/28 17:38:13 ALERTID: e99a18c4-28cb-38d5-f260-853678922055
2024/02/28 17:38:13 RESPONSE:  Success  
2024/02/28 17:38:13 =========================================================================================
2024/02/28 17:38:15 
2024/02/28 17:38:15                - - - - Feedback - - - -   
2024/02/28 17:38:15 Unique-IDz: fd1218b50d51a6fb17842a14608d0afc
2024/02/28 17:38:15 FEEDBACK-REQUEST: 2b588f38d1bc40bf85fc91397bc98455 
2024/02/28 17:38:15 ALERTID: e99a18c4-28cb-38d5-f260-853678922055
2024/02/28 17:38:15 RESPONSE:  Success  
2024/02/28 17:38:15 =========================================================================================
2024/02/28 17:49:33 
2024/02/28 17:49:33                - - - - Feedback - - - -   
2024/02/28 17:49:33 Unique-IDz: 401326d8ee4ad521429479a610d40e5d
2024/02/28 17:49:33 FEEDBACK-REQUEST: 2b588f38d1bc40bf85fc91397bc98455 
2024/02/28 17:49:33 ALERTID: e99a18c4-28cb-38d5-f260-853678922055
2024/02/28 17:49:33 RESPONSE:  Success  
2024/02/28 17:49:33 =========================================================================================
2024/02/28 17:51:32 
2024/02/28 17:51:32                - - - - Feedback - - - -   
2024/02/28 17:51:32 Unique-IDz: 13ea03b5ae88c1b6ebb4fc0f5719cd21
2024/02/28 17:51:32 FEEDBACK-REQUEST: 2b588f38d1bc40bf85fc91397bc98455 
2024/02/28 17:51:32 ALERTID: e99a18c4-28cb-38d5-f260-853678922055
2024/02/28 17:51:32 RESPONSE:  Success  
2024/02/28 17:51:32 =========================================================================================
2024/02/28 17:51:33 
2024/02/28 17:51:33                - - - - Feedback - - - -   
2024/02/28 17:51:33 Unique-IDz: c280d366b4e148de279b9d5016a6e012
2024/02/28 17:51:33 FEEDBACK-REQUEST: 2b588f38d1bc40bf85fc91397bc98455 
2024/02/28 17:51:33 ALERTID: e99a18c4-28cb-38d5-f260-853678922055
2024/02/28 17:51:33 RESPONSE:  Success  
2024/02/28 17:51:33 =========================================================================================
2024/02/28 17:51:34 
2024/02/28 17:51:34                - - - - Feedback - - - -   
2024/02/28 17:51:34 Unique-IDz: 4a23e4693e0561768af0937e5b986960
2024/02/28 17:51:34 FEEDBACK-REQUEST: 2b588f38d1bc40bf85fc91397bc98455 
2024/02/28 17:51:34 ALERTID: e99a18c4-28cb-38d5-f260-853678922055
2024/02/28 17:51:34 RESPONSE:  Success  
2024/02/28 17:51:34 =========================================================================================
2024/02/28 17:51:34 
2024/02/28 17:51:34                - - - - Feedback - - - -   
2024/02/28 17:51:34 Unique-IDz: a3aead5d0f119516a111edaf806bb6c1
2024/02/28 17:51:34 FEEDBACK-REQUEST: 2b588f38d1bc40bf85fc91397bc98455 
2024/02/28 17:51:34 ALERTID: e99a18c4-28cb-38d5-f260-853678922055
2024/02/28 17:51:34 RESPONSE:  Success  
2024/02/28 17:51:34 =========================================================================================
2024/02/28 17:51:35 
2024/02/28 17:51:35                - - - - Feedback - - - -   
2024/02/28 17:51:35 Unique-IDz: 8e8f220e5119d440e126d6f0aa6ba509
2024/02/28 17:51:35 FEEDBACK-REQUEST: 2b588f38d1bc40bf85fc91397bc98455 
2024/02/28 17:51:35 ALERTID: e99a18c4-28cb-38d5-f260-853678922055
2024/02/28 17:51:35 RESPONSE:  Success  
2024/02/28 17:51:35 =========================================================================================
2024/02/28 17:51:36 
2024/02/28 17:51:36                - - - - Feedback - - - -   
2024/02/28 17:51:36 Unique-IDz: 8f75a8f1085fcc64ceb102a92b434754
2024/02/28 17:51:36 FEEDBACK-REQUEST: e99a18c4-28cb-38d5-f260-853678922055
2024/02/28 17:51:36 ALERTID: (Rate Limit Exceeded - 429)
2024/02/28 17:51:36 RESPONSE: You have exceeded the service rate limit. Maximum allowed: 5 transactions per day
2024/02/28 17:51:36 =========================================================================================
2024/02/28 17:51:39 
2024/02/28 17:51:39                - - - - Feedback - - - -   
2024/02/28 17:51:39 Unique-IDz: 8580835954066dc24bfec583b050272c
2024/02/28 17:51:39 FEEDBACK-REQUEST: e99a18c4-28cb-38d5-f260-853678922055
2024/02/28 17:51:39 ALERTID: (Rate Limit Exceeded - 429)
2024/02/28 17:51:39 RESPONSE: You have exceeded the service rate limit. Maximum allowed: 5 transactions per day
2024/02/28 17:51:39 =========================================================================================
2024/02/28 17:51:48 
2024/02/28 17:51:48                - - - - Feedback - - - -   
2024/02/28 17:51:48 Unique-IDz: 36eab9c447716be4f7155096909fa010
2024/02/28 17:51:48 FEEDBACK-REQUEST: 2b588f38d1bc40bf85fc91397bc98466 
2024/02/28 17:51:48 ALERTID: e99a18c4-28cb-38d5-f260-853678922e04
2024/02/28 17:51:48 RESPONSE:  Success  
2024/02/28 17:51:48 =========================================================================================
2024/02/28 17:51:50 
2024/02/28 17:51:50                - - - - Feedback - - - -   
2024/02/28 17:51:50 Unique-IDz: 46679a56075900c3565b905bc9cf4a3e
2024/02/28 17:51:50 FEEDBACK-REQUEST: 2b588f38d1bc40bf85fc91397bc98466 
2024/02/28 17:51:50 ALERTID: e99a18c4-28cb-38d5-f260-853678922e04
2024/02/28 17:51:50 RESPONSE:  Success  
2024/02/28 17:51:50 =========================================================================================
2024/02/28 17:51:51 
2024/02/28 17:51:51                - - - - Feedback - - - -   
2024/02/28 17:51:51 Unique-IDz: 61b3089659913a4646c8796be47b7dbe
2024/02/28 17:51:51 FEEDBACK-REQUEST: 2b588f38d1bc40bf85fc91397bc98466 
2024/02/28 17:51:51 ALERTID: e99a18c4-28cb-38d5-f260-853678922e04
2024/02/28 17:51:51 RESPONSE:  Success  
2024/02/28 17:51:51 =========================================================================================
2024/02/28 17:51:52 
2024/02/28 17:51:52                - - - - Feedback - - - -   
2024/02/28 17:51:52 Unique-IDz: 96cd020bade8f6fe7488ae5815aacb00
2024/02/28 17:51:52 FEEDBACK-REQUEST: 2b588f38d1bc40bf85fc91397bc98466 
2024/02/28 17:51:52 ALERTID: e99a18c4-28cb-38d5-f260-853678922e04
2024/02/28 17:51:52 RESPONSE:  Success  
2024/02/28 17:51:52 =========================================================================================
2024/02/28 17:51:52 
2024/02/28 17:51:52                - - - - Feedback - - - -   
2024/02/28 17:51:52 Unique-IDz: be44f26e308545c5392e6aeb0de038a8
2024/02/28 17:51:52 FEEDBACK-REQUEST: 2b588f38d1bc40bf85fc91397bc98466 
2024/02/28 17:51:52 ALERTID: e99a18c4-28cb-38d5-f260-853678922e04
2024/02/28 17:51:52 RESPONSE:  Success  
2024/02/28 17:51:52 =========================================================================================
2024/02/28 17:51:53 
2024/02/28 17:51:53                - - - - Feedback - - - -   
2024/02/28 17:51:53 Unique-IDz: 2968357b88663af72ef359a69f123d34
2024/02/28 17:51:53 FEEDBACK-REQUEST: e99a18c4-28cb-38d5-f260-853678922e04
2024/02/28 17:51:53 ALERTID: (Rate Limit Exceeded - 429)
2024/02/28 17:51:53 RESPONSE: You have exceeded the service rate limit. Maximum allowed: 5 transactions per day
2024/02/28 17:51:53 =========================================================================================
2024/02/28 17:52:01 
2024/02/28 17:52:01                - - - - Feedback - - - -   
2024/02/28 17:52:01 Unique-IDz: efb635fd53ef0eaf3afc948365361d56
2024/02/28 17:52:01 FEEDBACK-REQUEST: 2b588f38d1bc40bf85fc91397bc98466 
2024/02/28 17:52:01 ALERTID: e99a18c4-28cb-38d5-f260-853678922e04
2024/02/28 17:52:01 RESPONSE:  Success  
2024/02/28 17:52:01 =========================================================================================
2024/02/28 17:52:16 
2024/02/28 17:52:16                - - - - Feedback - - - -   
2024/02/28 17:52:16 Unique-IDz: ab1fe043e59c4a8f2806d87cdc31d8d0
2024/02/28 17:52:16 FEEDBACK-REQUEST: 2b588f38d1bc40bf85fc91397bc98466 
2024/02/28 17:52:16 ALERTID: e99a18c4-28cb-38d5-f260-853678922e04
2024/02/28 17:52:16 RESPONSE:  Success  
2024/02/28 17:52:16 =========================================================================================
2024/02/28 17:52:24 
2024/02/28 17:52:24                - - - - Feedback - - - -   
2024/02/28 17:52:24 Unique-IDz: 4581e25612cf483e4e5bc4f585215e3f
2024/02/28 17:52:24 FEEDBACK-REQUEST: 2b588f38d1bc40bf85fc91397bc98455 
2024/02/28 17:52:24 ALERTID: e99a18c4-28cb-38d5-f260-853678922055
2024/02/28 17:52:24 RESPONSE:  Success  
2024/02/28 17:52:24 =========================================================================================
2024/02/28 17:52:25 
2024/02/28 17:52:25                - - - - Feedback - - - -   
2024/02/28 17:52:25 Unique-IDz: 98929035ea22ab344cd11de9340351c0
2024/02/28 17:52:25 FEEDBACK-REQUEST: 2b588f38d1bc40bf85fc91397bc98455 
2024/02/28 17:52:25 ALERTID: e99a18c4-28cb-38d5-f260-853678922055
2024/02/28 17:52:25 RESPONSE:  Success  
2024/02/28 17:52:25 =========================================================================================
2024/02/28 17:52:26 
2024/02/28 17:52:26                - - - - Feedback - - - -   
2024/02/28 17:52:26 Unique-IDz: 47c25319247584d2e49d75965238c7f8
2024/02/28 17:52:26 FEEDBACK-REQUEST: 2b588f38d1bc40bf85fc91397bc98455 
2024/02/28 17:52:26 ALERTID: e99a18c4-28cb-38d5-f260-853678922055
2024/02/28 17:52:26 RESPONSE:  Success  
2024/02/28 17:52:26 =========================================================================================
2024/02/28 17:52:27 
2024/02/28 17:52:27                - - - - Feedback - - - -   
2024/02/28 17:52:27 Unique-IDz: 05350b68877281b7c9d15b96a9d6195c
2024/02/28 17:52:27 FEEDBACK-REQUEST: 2b588f38d1bc40bf85fc91397bc98455 
2024/02/28 17:52:27 ALERTID: e99a18c4-28cb-38d5-f260-853678922055
2024/02/28 17:52:27 RESPONSE:  Success  
2024/02/28 17:52:27 =========================================================================================
2024/02/28 17:52:27 
2024/02/28 17:52:27                - - - - Feedback - - - -   
2024/02/28 17:52:27 Unique-IDz: ce6817e74fa2b071790b3cce1f472f90
2024/02/28 17:52:27 FEEDBACK-REQUEST: 2b588f38d1bc40bf85fc91397bc98455 
2024/02/28 17:52:27 ALERTID: e99a18c4-28cb-38d5-f260-853678922055
2024/02/28 17:52:27 RESPONSE:  Success  
2024/02/28 17:52:27 =========================================================================================
2024/02/28 17:52:28 
2024/02/28 17:52:28                - - - - Feedback - - - -   
2024/02/28 17:52:28 Unique-IDz: b14c097ff2586896d8c80fff9709a179
2024/02/28 17:52:28 FEEDBACK-REQUEST: e99a18c4-28cb-38d5-f260-853678922055
2024/02/28 17:52:28 ALERTID: (Rate Limit Exceeded - 429)
2024/02/28 17:52:28 RESPONSE: You have exceeded the service rate limit. Maximum allowed: 5 transactions per day
2024/02/28 17:52:28 =========================================================================================
2024/02/28 17:52:28 
2024/02/28 17:52:28                - - - - Feedback - - - -   
2024/02/28 17:52:28 Unique-IDz: 739bd0cd66e9ac533011d096d6e62414
2024/02/28 17:52:28 FEEDBACK-REQUEST: e99a18c4-28cb-38d5-f260-853678922055
2024/02/28 17:52:28 ALERTID: (Rate Limit Exceeded - 429)
2024/02/28 17:52:28 RESPONSE: You have exceeded the service rate limit. Maximum allowed: 5 transactions per day
2024/02/28 17:52:28 =========================================================================================
2024/02/28 17:52:33 
2024/02/28 17:52:33                - - - - Feedback - - - -   
2024/02/28 17:52:33 Unique-IDz: 263147345136efb8fcfa55cf42a0fea1
2024/02/28 17:52:33 FEEDBACK-REQUEST: 2b588f38d1bc40bf85fc91397bc98466 
2024/02/28 17:52:33 ALERTID: e99a18c4-28cb-38d5-f260-853678922e04
2024/02/28 17:52:33 RESPONSE:  Success  
2024/02/28 17:52:33 =========================================================================================
2024/02/28 17:52:34 
2024/02/28 17:52:34                - - - - Feedback - - - -   
2024/02/28 17:52:34 Unique-IDz: ce1a278dfc52192f09ed105ea1be8b40
2024/02/28 17:52:34 FEEDBACK-REQUEST: 2b588f38d1bc40bf85fc91397bc98466 
2024/02/28 17:52:34 ALERTID: e99a18c4-28cb-38d5-f260-853678922e04
2024/02/28 17:52:34 RESPONSE:  Success  
2024/02/28 17:52:34 =========================================================================================
2024/02/28 17:52:35 
2024/02/28 17:52:35                - - - - Feedback - - - -   
2024/02/28 17:52:35 Unique-IDz: 02628888652e1ff93ba6bc8f1f7daf86
2024/02/28 17:52:35 FEEDBACK-REQUEST: 2b588f38d1bc40bf85fc91397bc98466 
2024/02/28 17:52:35 ALERTID: e99a18c4-28cb-38d5-f260-853678922e04
2024/02/28 17:52:35 RESPONSE:  Success  
2024/02/28 17:52:35 =========================================================================================
2024/02/28 17:52:35 
2024/02/28 17:52:35                - - - - Feedback - - - -   
2024/02/28 17:52:35 Unique-IDz: 5336c8dbed9a989def6b10c657f082bb
2024/02/28 17:52:35 FEEDBACK-REQUEST: e99a18c4-28cb-38d5-f260-853678922e04
2024/02/28 17:52:35 ALERTID: (Rate Limit Exceeded - 429)
2024/02/28 17:52:35 RESPONSE: You have exceeded the service rate limit. Maximum allowed: 5 transactions per day
2024/02/28 17:52:35 =========================================================================================
2024/02/28 17:52:37 
2024/02/28 17:52:37                - - - - Feedback - - - -   
2024/02/28 17:52:37 Unique-IDz: 1af135b4a4c582dc59cc9fe24dd19b12
2024/02/28 17:52:37 FEEDBACK-REQUEST: e99a18c4-28cb-38d5-f260-853678922e04
2024/02/28 17:52:37 ALERTID: (Rate Limit Exceeded - 429)
2024/02/28 17:52:37 RESPONSE: You have exceeded the service rate limit. Maximum allowed: 5 transactions per day
2024/02/28 17:52:37 =========================================================================================
2024/02/28 18:18:19 
2024/02/28 18:18:19                - - - - Feedback - - - -   
2024/02/28 18:18:19 Unique-IDz: b2c48c8d0dd75ecd73b43c19a5711741
2024/02/28 18:18:19 FEEDBACK-REQUEST: 2b588f38d1bc40bf85fc91397bc98466 
2024/02/28 18:18:19 ALERTID: e99a18c4-28cb-38d5-f260-853678922e04
2024/02/28 18:18:19 RESPONSE:  Success  
2024/02/28 18:18:19 =========================================================================================
2024/02/28 18:21:18 
2024/02/28 18:21:18                - - - - Feedback - - - -   
2024/02/28 18:21:18 Unique-IDz: c978ca59859cce4847e48dbd7a02e59b
2024/02/28 18:21:18 FEEDBACK-REQUEST: 2b588f38d1bc40bf85fc91397bc98466 
2024/02/28 18:21:18 ALERTID: e99a18c4-28cb-38d5-f260-853678922e04
2024/02/28 18:21:18 RESPONSE:  Success  
2024/02/28 18:21:18 =========================================================================================
2024/02/28 18:21:19 
2024/02/28 18:21:19                - - - - Feedback - - - -   
2024/02/28 18:21:19 Unique-IDz: 8d3cafb1b3b12d53c3f79b7b87c67517
2024/02/28 18:21:19 FEEDBACK-REQUEST: 2b588f38d1bc40bf85fc91397bc98466 
2024/02/28 18:21:19 ALERTID: e99a18c4-28cb-38d5-f260-853678922e04
2024/02/28 18:21:19 RESPONSE:  Success  
2024/02/28 18:21:19 =========================================================================================
2024/02/28 18:21:19 
2024/02/28 18:21:19                - - - - Feedback - - - -   
2024/02/28 18:21:19 Unique-IDz: 4bfbd8ffc596e35fcc31f876e6313e97
2024/02/28 18:21:19 FEEDBACK-REQUEST: 2b588f38d1bc40bf85fc91397bc98466 
2024/02/28 18:21:19 ALERTID: e99a18c4-28cb-38d5-f260-853678922e04
2024/02/28 18:21:19 RESPONSE:  Success  
2024/02/28 18:21:19 =========================================================================================
2024/02/28 18:21:19 
2024/02/28 18:21:19                - - - - Feedback - - - -   
2024/02/28 18:21:19 Unique-IDz: 6651b935c6834e3a6dc64013376b280a
2024/02/28 18:21:19 FEEDBACK-REQUEST: 2b588f38d1bc40bf85fc91397bc98466 
2024/02/28 18:21:19 ALERTID: e99a18c4-28cb-38d5-f260-853678922e04
2024/02/28 18:21:19 RESPONSE:  Success  
2024/02/28 18:21:19 =========================================================================================
2024/02/28 18:21:20 
2024/02/28 18:21:20                - - - - Feedback - - - -   
2024/02/28 18:21:20 Unique-IDz: 736f125244172e8f43b7d8b3713b3378
2024/02/28 18:21:20 FEEDBACK-REQUEST: 2b588f38d1bc40bf85fc91397bc98466 
2024/02/28 18:21:20 ALERTID: e99a18c4-28cb-38d5-f260-853678922e04
2024/02/28 18:21:20 RESPONSE:  Success  
2024/02/28 18:21:20 =========================================================================================
2024/02/28 18:21:21 
2024/02/28 18:21:21                - - - - Feedback - - - -   
2024/02/28 18:21:21 Unique-IDz: be4bf0098bd5af0e01a2881d62c1231d
2024/02/28 18:21:21 FEEDBACK-REQUEST: e99a18c4-28cb-38d5-f260-853678922e04
2024/02/28 18:21:21 ALERTID: (Rate Limit Exceeded - 429)
2024/02/28 18:21:21 RESPONSE: You have exceeded the service rate limit. Maximum allowed: 5 transactions per day
2024/02/28 18:21:21 =========================================================================================
2024/02/28 18:21:22 
2024/02/28 18:21:22                - - - - Feedback - - - -   
2024/02/28 18:21:22 Unique-IDz: 8ee9d2418668781cb5fceae7b23f0c02
2024/02/28 18:21:22 FEEDBACK-REQUEST: e99a18c4-28cb-38d5-f260-853678922e04
2024/02/28 18:21:22 ALERTID: (Rate Limit Exceeded - 429)
2024/02/28 18:21:22 RESPONSE: You have exceeded the service rate limit. Maximum allowed: 5 transactions per day
2024/02/28 18:21:22 =========================================================================================
2024/02/28 18:25:31 
2024/02/28 18:25:31                - - - - Feedback - - - -   
2024/02/28 18:25:31 Unique-IDz: 4b08e092af106c684129eb45fae41a6a
2024/02/28 18:25:31 RESPONSE:  Success  
2024/02/28 18:25:31 =========================================================================================
2024/02/28 18:29:36 
2024/02/28 18:29:36                - - - - Feedback - - - -   
2024/02/28 18:29:36 Unique-IDz: 57858c4c2f07cbf76790c86fe1d40c89
2024/02/28 18:29:36 RESPONSE:  Success  
2024/02/28 18:29:36 =========================================================================================
2024/02/28 18:29:36 
2024/02/28 18:29:36                - - - - Feedback - - - -   
2024/02/28 18:29:36 Unique-IDz: e91cfa3bcf0b6215ba4e79a9b856659d
2024/02/28 18:29:36 RESPONSE:  Success  
2024/02/28 18:29:36 =========================================================================================
2024/02/28 18:29:37 
2024/02/28 18:29:37                - - - - Feedback - - - -   
2024/02/28 18:29:37 Unique-IDz: aac0d6fa3b0da9c880ec371e4dfdbb6e
2024/02/28 18:29:37 RESPONSE:  Success  
2024/02/28 18:29:37 =========================================================================================
2024/02/28 18:29:38 
2024/02/28 18:29:38                - - - - Feedback - - - -   
2024/02/28 18:29:38 Unique-IDz: bb477299bb2b19061f253055ba9cdf8f
2024/02/28 18:29:38 RESPONSE:  Success  
2024/02/28 18:29:38 =========================================================================================
2024/02/28 18:29:38 
2024/02/28 18:29:38                - - - - Feedback - - - -   
2024/02/28 18:29:38 Unique-IDz: 910b920aa11a6cfff4649b7c7fe28915
2024/02/28 18:29:38 RESPONSE:  Success  
2024/02/28 18:29:38 =========================================================================================
2024/02/28 18:29:39 
2024/02/28 18:29:39                - - - - Feedback - - - -   
2024/02/28 18:29:39 Unique-IDz: bc7884edacdc0ab8e0ee60d423f8a0c0
2024/02/28 18:29:39 RESPONSE: You have exceeded the service rate limit. Maximum allowed: 5 transactions per day
2024/02/28 18:29:39 =========================================================================================
2024/02/28 18:29:40 
2024/02/28 18:29:40                - - - - Feedback - - - -   
2024/02/28 18:29:40 Unique-IDz: ebb770da68da7a9b430abe979d9dacfe
2024/02/28 18:29:40 RESPONSE: You have exceeded the service rate limit. Maximum allowed: 5 transactions per day
2024/02/28 18:29:40 =========================================================================================
2024/02/28 18:29:41 
2024/02/28 18:29:41                - - - - Feedback - - - -   
2024/02/28 18:29:41 Unique-IDz: 5c684cf9ac045b1bfdd708448749b3e9
2024/02/28 18:29:41 RESPONSE: You have exceeded the service rate limit. Maximum allowed: 5 transactions per day
2024/02/28 18:29:41 =========================================================================================
2024/02/28 18:29:41 
2024/02/28 18:29:41                - - - - Feedback - - - -   
2024/02/28 18:29:41 Unique-IDz: aa79eeb274e1386346b6c0c0589808d5
2024/02/28 18:29:41 RESPONSE: You have exceeded the service rate limit. Maximum allowed: 5 transactions per day
2024/02/28 18:29:41 =========================================================================================
2024/02/28 18:29:42 
2024/02/28 18:29:42                - - - - Feedback - - - -   
2024/02/28 18:29:42 Unique-IDz: 978be20d5a8a27e6a79d442a1067880e
2024/02/28 18:29:42 RESPONSE: You have exceeded the service rate limit. Maximum allowed: 5 transactions per day
2024/02/28 18:29:42 =========================================================================================
2024/02/28 20:01:45 
2024/02/28 20:01:45                - - - - Feedback - - - -   
2024/02/28 20:01:45 Unique-IDz: dd82067266994d8f987b25a8974bedd3
2024/02/28 20:01:45 RESPONSE: You have exceeded the service rate limit. Maximum allowed: 5 transactions per day
2024/02/28 20:01:45 =========================================================================================
2024/02/28 20:04:00 
2024/02/28 20:04:00                - - - - Feedback - - - -   
2024/02/28 20:04:00 Unique-IDz: 98d907c92b8c28d13be077f40a847fb3
2024/02/28 20:04:00 RESPONSE: You have exceeded the service rate limit. Maximum allowed: 5 transactions per day
2024/02/28 20:04:00 =========================================================================================
2024/02/28 20:04:19 
2024/02/28 20:04:19                - - - - Feedback - - - -   
2024/02/28 20:04:19 Unique-IDz: 938d3953a368c6253c0ca81074a007b7
2024/02/28 20:04:19 RESPONSE:  Success  
2024/02/28 20:04:19 =========================================================================================
2024/02/28 20:04:25 
2024/02/28 20:04:25                - - - - Feedback - - - -   
2024/02/28 20:04:25 Unique-IDz: 482047264a416fd899d921c556f9f512
2024/02/28 20:04:25 RESPONSE:  Success  
2024/02/28 20:04:25 =========================================================================================
2024/02/28 20:04:26 
2024/02/28 20:04:26                - - - - Feedback - - - -   
2024/02/28 20:04:26 Unique-IDz: b0a6fcc577a7ecc79c0b6b04e479de98
2024/02/28 20:04:26 RESPONSE:  Success  
2024/02/28 20:04:26 =========================================================================================
2024/02/28 20:04:27 
2024/02/28 20:04:27                - - - - Feedback - - - -   
2024/02/28 20:04:27 Unique-IDz: 6d372af524fcba4e8adb5dcee9f553e1
2024/02/28 20:04:27 RESPONSE:  Success  
2024/02/28 20:04:27 =========================================================================================
2024/02/28 20:04:28 
2024/02/28 20:04:28                - - - - Feedback - - - -   
2024/02/28 20:04:28 Unique-IDz: 88ca971899aa7ed1b7e749cbf1a22ca7
2024/02/28 20:04:28 RESPONSE:  Success  
2024/02/28 20:04:28 =========================================================================================
2024/02/28 20:04:29 
2024/02/28 20:04:29                - - - - Feedback - - - -   
2024/02/28 20:04:29 Unique-IDz: 4a38ffd84503c2db47d1b1c0b747dca1
2024/02/28 20:04:29 RESPONSE: You have exceeded the service rate limit. Maximum allowed: 5 transactions per day
2024/02/28 20:04:29 =========================================================================================
2024/02/28 20:08:52 
2024/02/28 20:08:52                - - - - Feedback - - - -   
2024/02/28 20:08:52 Unique-IDz: dc995da3ce7c22480acc4d6db90ab57b
2024/02/28 20:08:52 RESPONSE:  Success  
2024/02/28 20:08:52 INSTRUCTION_ID: 006484
2024/02/28 20:08:52 =========================================================================================
