2024/02/20 21:24:48 
2024/02/20 21:24:48                - - - - Trace-Network - - - -   
2024/02/20 21:24:48 --- ALERT
2024/02/20 21:24:48 TXNID: 2b588f38-d1bc-40bf-85fc-91397bc98465
2024/02/20 21:24:48 RESPONSE:  Success  
2024/02/20 21:24:48 ID: e99a18c428cb38d5f260853678922e03
2024/02/20 21:24:48 TXNID: 2b588f38-d1bc-40bf-85fc-91397bc98465
2024/02/20 21:24:48 NETWORKALERT: e99a18c428cb38d5f260853678922e03
2024/02/20 21:24:48 NETWORKID: 2b588f38-d1bc-40bf-85fc-91397bc98465
2024/02/20 21:24:48 SOURCEID: GB98MIDL07009312345678
2024/02/20 21:24:48 DESTID: GB98MIDL07009312345678
2024/02/20 21:24:48 SOURCEBANKID: DEUTDEFF
2024/02/20 21:24:48 SOURCEBANKNAME: Barclays
2024/02/20 21:24:48 DESTBANKID: DEUTDEFF
2024/02/20 21:24:48 DESTBANKNAME: Lloyds
2024/02/20 21:24:48 TRACETYPE: FRAUD
2024/02/20 21:24:48 PARENTID: e99a18c428cb38d5f260853678922e03
2024/02/20 21:24:48 DECISIONDATE: 2017-07-21 17:32:28.001 +0000 UTC
2024/02/20 21:24:48 STATUS: false
2024/02/20 21:24:48 NEXTPAGINATIONTOKEN: asc:1617275388000:2SKqogOYg2UQRnP1a4oJ66TFHcvfpZpt
2024/02/20 21:24:48 PREVIOUSPAGINATIONTOKEN: asc:1617275388000:2SKqogOYg2UQRnP1a4oJ66TFHcvfpZpt
2024/02/20 21:24:48 --- TRACE_ACC_ALERT
2024/02/20 21:24:48 ID: e99a18c428cb38d5f260853678922e03
2024/02/20 21:24:48 NETWORKALERTID_TRACEACC: e99a18c428cb38d5f260853678922e03
2024/02/20 21:24:48 ACCOUNTID: GB98MIDL07009312345678
2024/02/20 21:24:48 NETWORKID: 2b588f38-d1bc-40bf-85fc-91397bc98465
2024/02/20 21:24:48 OWNINGBANKID: DEUTDEFF
2024/02/20 21:24:48 OWNINGBANKNAME: OwningBank
2024/02/20 21:24:48 TIME: 2017-07-21 17:32:28.001 +0000 UTC
2024/02/20 21:24:48 --- TRACE_VIZURL 
2024/02/20 21:24:48 VIZURL: https://api.fcs.uk.mastercard.com/trace/financialcrime/viz/d41d8cd98f00b204e9800998ecf8427e
2024/02/20 21:24:48 SOURCETXNID: 2b588f38-d1bc-40bf-85fc-91397bc98465
2024/02/20 21:24:48 SOURCETXNTYPE: FRAUD
2024/02/20 21:24:48 PARENTALERTID: e99a18c428cb38d5f260853678922e03
2024/02/20 21:24:48 DECISIONDATE: 2017-07-21 17:32:28.001 +0000 UTC
2024/02/20 21:24:48 MOSTRECENTFEEDBACK: e99a18c428cb38d5f260853678922e03
2024/02/20 21:24:48 =========================================================================================
2024/02/20 21:29:27 
2024/02/20 21:29:27                - - - - Trace-Network - - - -   
2024/02/20 21:29:27 --- ALERT
2024/02/20 21:29:27 TXNID: 2b588f38-d1bc-40bf-85fc-91397bc98465s
2024/02/20 21:29:27 RESPONSE: (Bad Request - 400)
2024/02/20 21:29:27 ID: null
2024/02/20 21:29:27 TXNID: null
2024/02/20 21:29:27 NETWORKALERT: null
2024/02/20 21:29:27 NETWORKID: null
2024/02/20 21:29:27 SOURCEID: null
2024/02/20 21:29:27 DESTID: null
2024/02/20 21:29:27 SOURCEBANKID: null
2024/02/20 21:29:27 SOURCEBANKNAME: null
2024/02/20 21:29:27 DESTBANKID: null
2024/02/20 21:29:27 DESTBANKNAME: null
2024/02/20 21:29:27 TRACETYPE: null
2024/02/20 21:29:27 PARENTID: null
2024/02/20 21:29:27 DECISIONDATE: 2024-02-20 21:29:27.924505 +0800 PST m=+5427.294941668
2024/02/20 21:29:27 STATUS: false
2024/02/20 21:29:27 NEXTPAGINATIONTOKEN: null
2024/02/20 21:29:27 PREVIOUSPAGINATIONTOKEN: null
2024/02/20 21:29:27 --- TRACE_ACC_ALERT
2024/02/20 21:29:27 ID: null
2024/02/20 21:29:27 NETWORKALERTID_TRACEACC: null
2024/02/20 21:29:27 ACCOUNTID: null
2024/02/20 21:29:27 NETWORKID: null
2024/02/20 21:29:27 OWNINGBANKID: null
2024/02/20 21:29:27 OWNINGBANKNAME: null
2024/02/20 21:29:27 TIME: 2024-02-20 21:29:27.924505 +0800 PST m=+5427.294941584
2024/02/20 21:29:27 --- TRACE_VIZURL 
2024/02/20 21:29:27 VIZURL: The request contains a bad payload
2024/02/20 21:29:27 SOURCETXNID: null
2024/02/20 21:29:27 SOURCETXNTYPE: null
2024/02/20 21:29:27 PARENTALERTID: null
2024/02/20 21:29:27 DECISIONDATE: 2024-02-20 21:29:27.924505 +0800 PST m=+5427.294941501
2024/02/20 21:29:27 MOSTRECENTFEEDBACK: null
2024/02/20 21:29:27 =========================================================================================
2024/02/20 21:43:05 
2024/02/20 21:43:05                - - - - Trace-Network - - - -   
2024/02/20 21:43:05 --- ALERT
2024/02/20 21:43:05 TXNID: 2b588f38-d1bc-40bf-85fc-91397bc98465s
2024/02/20 21:43:05 RESPONSE: (Bad Request - 400)
2024/02/20 21:43:05 ID: null
2024/02/20 21:43:05 TXNID: null
2024/02/20 21:43:05 NETWORKALERT: null
2024/02/20 21:43:05 NETWORKID: null
2024/02/20 21:43:05 SOURCEID: null
2024/02/20 21:43:05 DESTID: null
2024/02/20 21:43:05 SOURCEBANKID: null
2024/02/20 21:43:05 SOURCEBANKNAME: null
2024/02/20 21:43:05 DESTBANKID: null
2024/02/20 21:43:05 DESTBANKNAME: null
2024/02/20 21:43:05 TRACETYPE: null
2024/02/20 21:43:05 PARENTID: null
2024/02/20 21:43:05 DECISIONDATE: 2024-02-20 21:43:05.128178 +0800 PST m=+6244.483885709
2024/02/20 21:43:05 STATUS: false
2024/02/20 21:43:05 NEXTPAGINATIONTOKEN: null
2024/02/20 21:43:05 PREVIOUSPAGINATIONTOKEN: null
2024/02/20 21:43:05 --- TRACE_ACC_ALERT
2024/02/20 21:43:05 ID: null
2024/02/20 21:43:05 NETWORKALERTID_TRACEACC: null
2024/02/20 21:43:05 ACCOUNTID: null
2024/02/20 21:43:05 NETWORKID: null
2024/02/20 21:43:05 OWNINGBANKID: null
2024/02/20 21:43:05 OWNINGBANKNAME: null
2024/02/20 21:43:05 TIME: 2024-02-20 21:43:05.128177 +0800 PST m=+6244.483885543
2024/02/20 21:43:05 --- TRACE_VIZURL 
2024/02/20 21:43:05 VIZURL: The request contains a bad payload
2024/02/20 21:43:05 SOURCETXNID: null
2024/02/20 21:43:05 SOURCETXNTYPE: null
2024/02/20 21:43:05 PARENTALERTID: null
2024/02/20 21:43:05 DECISIONDATE: 2024-02-20 21:43:05.128177 +0800 PST m=+6244.483885293
2024/02/20 21:43:05 MOSTRECENTFEEDBACK: null
2024/02/20 21:43:05 =========================================================================================
