2024/02/23 20:25:34 
2024/02/23 20:25:34                - - - - Trace-Network - - - -   
2024/02/23 20:25:34 --- ALERT
2024/02/23 20:25:34 TXNID: 2b588f38-d1bc-40bf-85fc-91397bc98465
2024/02/23 20:25:34 RESPONSE:  Success  
2024/02/23 20:25:34 ID: e99a18c428cb38d5f260853678922e03
2024/02/23 20:25:34 TXNID: 2b588f38-d1bc-40bf-85fc-91397bc98465
2024/02/23 20:25:34 NETWORKALERT: e99a18c428cb38d5f260853678922e03
2024/02/23 20:25:34 NETWORKID: 2b588f38-d1bc-40bf-85fc-91397bc98465
2024/02/23 20:25:34 SOURCEID: GB98MIDL07009312345678
2024/02/23 20:25:34 DESTID: GB98MIDL07009312345678
2024/02/23 20:25:34 SOURCEBANKID: DEUTDEFF
2024/02/23 20:25:34 SOURCEBANKNAME: Barclays
2024/02/23 20:25:34 DESTBANKID: DEUTDEFF
2024/02/23 20:25:34 DESTBANKNAME: Lloyds
2024/02/23 20:25:34 TRACETYPE: FRAUD
2024/02/23 20:25:34 PARENTID: e99a18c428cb38d5f260853678922e03
2024/02/23 20:25:34 DECISIONDATE: 2017-07-21 17:32:28.001 +0000 UTC
2024/02/23 20:25:34 STATUS: false
2024/02/23 20:25:34 NEXTPAGINATIONTOKEN: asc:1617275388000:2SKqogOYg2UQRnP1a4oJ66TFHcvfpZpt
2024/02/23 20:25:34 PREVIOUSPAGINATIONTOKEN: asc:1617275388000:2SKqogOYg2UQRnP1a4oJ66TFHcvfpZpt
2024/02/23 20:25:34 --- TRACE_ACC_ALERT
2024/02/23 20:25:34 ID: e99a18c428cb38d5f260853678922e03
2024/02/23 20:25:34 NETWORKALERTID_TRACEACC: e99a18c428cb38d5f260853678922e03
2024/02/23 20:25:34 ACCOUNTID: GB98MIDL07009312345678
2024/02/23 20:25:34 NETWORKID: 2b588f38-d1bc-40bf-85fc-91397bc98465
2024/02/23 20:25:34 OWNINGBANKID: DEUTDEFF
2024/02/23 20:25:34 OWNINGBANKNAME: OwningBank
2024/02/23 20:25:34 TIME: 2017-07-21 17:32:28.001 +0000 UTC
2024/02/23 20:25:34 --- TRACE_VIZURL 
2024/02/23 20:25:34 VIZURL: http://127.0.0.1:8000/financial-crime/visualisations/network
2024/02/23 20:25:34 SOURCETXNID: 2b588f38-d1bc-40bf-85fc-91397bc98465
2024/02/23 20:25:34 SOURCETXNTYPE: FRAUD
2024/02/23 20:25:34 PARENTALERTID: e99a18c428cb38d5f260853678922e03
2024/02/23 20:25:34 DECISIONDATE: 2017-07-21 17:32:28.001 +0000 UTC
2024/02/23 20:25:34 MOSTRECENTFEEDBACK: e99a18c428cb38d5f260853678922e03
2024/02/23 20:25:34 =========================================================================================
2024/02/23 23:03:46 
2024/02/23 23:03:46                - - - - Trace-Network - - - -   
2024/02/23 23:03:46 Unique-ID: 7d3a8a1411acfbf8627b5aa0eadbda6c
2024/02/23 23:03:46 --- ALERT
2024/02/23 23:03:46 TXNID: 2b588f38-d1bc-40bf-85fc-91397bc98465
2024/02/23 23:03:46 RESPONSE:  Success  
2024/02/23 23:03:46 ID: e99a18c428cb38d5f260853678922e03
2024/02/23 23:03:46 TXNID: 2b588f38-d1bc-40bf-85fc-91397bc98465
2024/02/23 23:03:46 NETWORKALERT: e99a18c428cb38d5f260853678922e03
2024/02/23 23:03:46 NETWORKID: 2b588f38-d1bc-40bf-85fc-91397bc98465
2024/02/23 23:03:46 SOURCEID: GB98MIDL07009312345678
2024/02/23 23:03:46 DESTID: GB98MIDL07009312345678
2024/02/23 23:03:46 SOURCEBANKID: DEUTDEFF
2024/02/23 23:03:46 SOURCEBANKNAME: Barclays
2024/02/23 23:03:46 DESTBANKID: DEUTDEFF
2024/02/23 23:03:46 DESTBANKNAME: Lloyds
2024/02/23 23:03:46 TRACETYPE: FRAUD
2024/02/23 23:03:46 PARENTID: e99a18c428cb38d5f260853678922e03
2024/02/23 23:03:46 DECISIONDATE: 2017-07-21 17:32:28.001 +0000 UTC
2024/02/23 23:03:46 STATUS: false
2024/02/23 23:03:46 NEXTPAGINATIONTOKEN: asc:1617275388000:2SKqogOYg2UQRnP1a4oJ66TFHcvfpZpt
2024/02/23 23:03:46 PREVIOUSPAGINATIONTOKEN: asc:1617275388000:2SKqogOYg2UQRnP1a4oJ66TFHcvfpZpt
2024/02/23 23:03:46 --- TRACE_ACC_ALERT
2024/02/23 23:03:46 ID: e99a18c428cb38d5f260853678922e03
2024/02/23 23:03:46 NETWORKALERTID_TRACEACC: e99a18c428cb38d5f260853678922e03
2024/02/23 23:03:46 ACCOUNTID: GB98MIDL07009312345678
2024/02/23 23:03:46 NETWORKID: 2b588f38-d1bc-40bf-85fc-91397bc98465
2024/02/23 23:03:46 OWNINGBANKID: DEUTDEFF
2024/02/23 23:03:46 OWNINGBANKNAME: OwningBank
2024/02/23 23:03:46 TIME: 2017-07-21 17:32:28.001 +0000 UTC
2024/02/23 23:03:46 --- TRACE_VIZURL 
2024/02/23 23:03:46 VIZURL: http://127.0.0.1:8000/financial-crime/visualisations/network
2024/02/23 23:03:46 SOURCETXNID: 2b588f38-d1bc-40bf-85fc-91397bc98465
2024/02/23 23:03:46 SOURCETXNTYPE: FRAUD
2024/02/23 23:03:46 PARENTALERTID: e99a18c428cb38d5f260853678922e03
2024/02/23 23:03:46 DECISIONDATE: 2017-07-21 17:32:28.001 +0000 UTC
2024/02/23 23:03:46 MOSTRECENTFEEDBACK: e99a18c428cb38d5f260853678922e03
2024/02/23 23:03:46 =========================================================================================
2024/02/23 23:05:31 
2024/02/23 23:05:31                - - - - Trace-Network - - - -   
2024/02/23 23:05:31 Unique-ID: 67e897eb5f89caddc50602a588216e1a
2024/02/23 23:05:31 --- ALERT
2024/02/23 23:05:31 TXNID: 2b588f38-d1bc-40bf-85fc-91397bc98465
2024/02/23 23:05:31 RESPONSE:  Success  
2024/02/23 23:05:31 ID: e99a18c428cb38d5f260853678922e03
2024/02/23 23:05:31 TXNID: 2b588f38-d1bc-40bf-85fc-91397bc98465
2024/02/23 23:05:31 NETWORKALERT: e99a18c428cb38d5f260853678922e03
2024/02/23 23:05:31 NETWORKID: 2b588f38-d1bc-40bf-85fc-91397bc98465
2024/02/23 23:05:31 SOURCEID: GB98MIDL07009312345678
2024/02/23 23:05:31 DESTID: GB98MIDL07009312345678
2024/02/23 23:05:31 SOURCEBANKID: DEUTDEFF
2024/02/23 23:05:31 SOURCEBANKNAME: Barclays
2024/02/23 23:05:31 DESTBANKID: DEUTDEFF
2024/02/23 23:05:31 DESTBANKNAME: Lloyds
2024/02/23 23:05:31 TRACETYPE: FRAUD
2024/02/23 23:05:31 PARENTID: e99a18c428cb38d5f260853678922e03
2024/02/23 23:05:31 DECISIONDATE: 2017-07-21 17:32:28.001 +0000 UTC
2024/02/23 23:05:31 STATUS: false
2024/02/23 23:05:31 NEXTPAGINATIONTOKEN: asc:1617275388000:2SKqogOYg2UQRnP1a4oJ66TFHcvfpZpt
2024/02/23 23:05:31 PREVIOUSPAGINATIONTOKEN: asc:1617275388000:2SKqogOYg2UQRnP1a4oJ66TFHcvfpZpt
2024/02/23 23:05:31 --- TRACE_ACC_ALERT
2024/02/23 23:05:31 ID: e99a18c428cb38d5f260853678922e03
2024/02/23 23:05:31 NETWORKALERTID_TRACEACC: e99a18c428cb38d5f260853678922e03
2024/02/23 23:05:31 ACCOUNTID: GB98MIDL07009312345678
2024/02/23 23:05:31 NETWORKID: 2b588f38-d1bc-40bf-85fc-91397bc98465
2024/02/23 23:05:31 OWNINGBANKID: DEUTDEFF
2024/02/23 23:05:31 OWNINGBANKNAME: OwningBank
2024/02/23 23:05:31 TIME: 2017-07-21 17:32:28.001 +0000 UTC
2024/02/23 23:05:31 --- TRACE_VIZURL 
2024/02/23 23:05:31 VIZURL: http://127.0.0.1:8000/financial-crime/visualisations/network
2024/02/23 23:05:31 SOURCETXNID: 2b588f38-d1bc-40bf-85fc-91397bc98465
2024/02/23 23:05:31 SOURCETXNTYPE: FRAUD
2024/02/23 23:05:31 PARENTALERTID: e99a18c428cb38d5f260853678922e03
2024/02/23 23:05:31 DECISIONDATE: 2017-07-21 17:32:28.001 +0000 UTC
2024/02/23 23:05:31 MOSTRECENTFEEDBACK: e99a18c428cb38d5f260853678922e03
2024/02/23 23:05:31 =========================================================================================
2024/02/23 23:06:31 
2024/02/23 23:06:31                - - - - Trace-Network - - - -   
2024/02/23 23:06:31 Unique-ID: ed502b6cc9db2328106b36a7e73b8085
2024/02/23 23:06:31 --- ALERT
2024/02/23 23:06:31 TXNID: 2b588f38-d1bc-40bf-85fc-91397bc98465
2024/02/23 23:06:31 RESPONSE:  Success  
2024/02/23 23:06:31 ID: e99a18c428cb38d5f260853678922e03
2024/02/23 23:06:31 TXNID: 2b588f38-d1bc-40bf-85fc-91397bc98465
2024/02/23 23:06:31 NETWORKALERT: e99a18c428cb38d5f260853678922e03
2024/02/23 23:06:31 NETWORKID: 2b588f38-d1bc-40bf-85fc-91397bc98465
2024/02/23 23:06:31 SOURCEID: GB98MIDL07009312345678
2024/02/23 23:06:31 DESTID: GB98MIDL07009312345678
2024/02/23 23:06:31 SOURCEBANKID: DEUTDEFF
2024/02/23 23:06:31 SOURCEBANKNAME: Barclays
2024/02/23 23:06:31 DESTBANKID: DEUTDEFF
2024/02/23 23:06:31 DESTBANKNAME: Lloyds
2024/02/23 23:06:31 TRACETYPE: FRAUD
2024/02/23 23:06:31 PARENTID: e99a18c428cb38d5f260853678922e03
2024/02/23 23:06:31 DECISIONDATE: 2017-07-21 17:32:28.001 +0000 UTC
2024/02/23 23:06:31 STATUS: false
2024/02/23 23:06:31 NEXTPAGINATIONTOKEN: asc:1617275388000:2SKqogOYg2UQRnP1a4oJ66TFHcvfpZpt
2024/02/23 23:06:31 PREVIOUSPAGINATIONTOKEN: asc:1617275388000:2SKqogOYg2UQRnP1a4oJ66TFHcvfpZpt
2024/02/23 23:06:31 --- TRACE_ACC_ALERT
2024/02/23 23:06:31 ID: e99a18c428cb38d5f260853678922e03
2024/02/23 23:06:31 NETWORKALERTID_TRACEACC: e99a18c428cb38d5f260853678922e03
2024/02/23 23:06:31 ACCOUNTID: GB98MIDL07009312345678
2024/02/23 23:06:31 NETWORKID: 2b588f38-d1bc-40bf-85fc-91397bc98465
2024/02/23 23:06:31 OWNINGBANKID: DEUTDEFF
2024/02/23 23:06:31 OWNINGBANKNAME: OwningBank
2024/02/23 23:06:31 TIME: 2017-07-21 17:32:28.001 +0000 UTC
2024/02/23 23:06:31 --- TRACE_VIZURL 
2024/02/23 23:06:31 VIZURL: http://127.0.0.1:8000/financial-crime/visualisations/network
2024/02/23 23:06:31 SOURCETXNID: 2b588f38-d1bc-40bf-85fc-91397bc98465
2024/02/23 23:06:31 SOURCETXNTYPE: FRAUD
2024/02/23 23:06:31 PARENTALERTID: e99a18c428cb38d5f260853678922e03
2024/02/23 23:06:31 DECISIONDATE: 2017-07-21 17:32:28.001 +0000 UTC
2024/02/23 23:06:31 MOSTRECENTFEEDBACK: e99a18c428cb38d5f260853678922e03
2024/02/23 23:06:31 =========================================================================================
2024/02/23 23:09:41 
2024/02/23 23:09:41                - - - - Trace-Network - - - -   
2024/02/23 23:09:41 Unique-ID: 0fe15a5bd7d5dd106921ffabd2bbe8a0
2024/02/23 23:09:41 --- ALERT
2024/02/23 23:09:41 TXNID: 2b588f38-d1bc-40bf-85fc-91397bc98465
2024/02/23 23:09:41 RESPONSE:  Success  
2024/02/23 23:09:41 ID: e99a18c428cb38d5f260853678922e03
2024/02/23 23:09:41 TXNID: 2b588f38-d1bc-40bf-85fc-91397bc98465
2024/02/23 23:09:41 NETWORKALERT: e99a18c428cb38d5f260853678922e03
2024/02/23 23:09:41 NETWORKID: 2b588f38-d1bc-40bf-85fc-91397bc98465
2024/02/23 23:09:41 SOURCEID: GB98MIDL07009312345678
2024/02/23 23:09:41 DESTID: GB98MIDL07009312345678
2024/02/23 23:09:41 SOURCEBANKID: DEUTDEFF
2024/02/23 23:09:41 SOURCEBANKNAME: Barclays
2024/02/23 23:09:41 DESTBANKID: DEUTDEFF
2024/02/23 23:09:41 DESTBANKNAME: Lloyds
2024/02/23 23:09:41 TRACETYPE: FRAUD
2024/02/23 23:09:41 PARENTID: e99a18c428cb38d5f260853678922e03
2024/02/23 23:09:41 DECISIONDATE: 2017-07-21 17:32:28.001 +0000 UTC
2024/02/23 23:09:41 STATUS: false
2024/02/23 23:09:41 NEXTPAGINATIONTOKEN: asc:1617275388000:2SKqogOYg2UQRnP1a4oJ66TFHcvfpZpt
2024/02/23 23:09:41 PREVIOUSPAGINATIONTOKEN: asc:1617275388000:2SKqogOYg2UQRnP1a4oJ66TFHcvfpZpt
2024/02/23 23:09:41 --- TRACE_ACC_ALERT
2024/02/23 23:09:41 ID: e99a18c428cb38d5f260853678922e03
2024/02/23 23:09:41 NETWORKALERTID_TRACEACC: e99a18c428cb38d5f260853678922e03
2024/02/23 23:09:41 ACCOUNTID: GB98MIDL07009312345678
2024/02/23 23:09:41 NETWORKID: 2b588f38-d1bc-40bf-85fc-91397bc98465
2024/02/23 23:09:41 OWNINGBANKID: DEUTDEFF
2024/02/23 23:09:41 OWNINGBANKNAME: OwningBank
2024/02/23 23:09:41 TIME: 2017-07-21 17:32:28.001 +0000 UTC
2024/02/23 23:09:41 --- TRACE_VIZURL 
2024/02/23 23:09:41 VIZURL: http://127.0.0.1:8000/financial-crime/visualisations/network
2024/02/23 23:09:41 SOURCETXNID: 2b588f38-d1bc-40bf-85fc-91397bc98465
2024/02/23 23:09:41 SOURCETXNTYPE: FRAUD
2024/02/23 23:09:41 PARENTALERTID: e99a18c428cb38d5f260853678922e03
2024/02/23 23:09:41 DECISIONDATE: 2017-07-21 17:32:28.001 +0000 UTC
2024/02/23 23:09:41 MOSTRECENTFEEDBACK: e99a18c428cb38d5f260853678922e03
2024/02/23 23:09:41 =========================================================================================
2024/02/23 23:16:33 
2024/02/23 23:16:33                - - - - Trace-Network - - - -   
2024/02/23 23:16:33 Unique-ID: 47c8c5e8fe675d12e4f18f4ff3f7f540
2024/02/23 23:16:33 --- ALERT
2024/02/23 23:16:33 TXNID: 2b588f38-d1bc-40bf-85fc-91397bc98465
2024/02/23 23:16:33 RESPONSE:  Success  
2024/02/23 23:16:33 ID: e99a18c428cb38d5f260853678922e03
2024/02/23 23:16:33 TXNID: 2b588f38-d1bc-40bf-85fc-91397bc98465
2024/02/23 23:16:33 NETWORKALERT: e99a18c428cb38d5f260853678922e03
2024/02/23 23:16:33 NETWORKID: 2b588f38-d1bc-40bf-85fc-91397bc98465
2024/02/23 23:16:33 SOURCEID: GB98MIDL07009312345678
2024/02/23 23:16:33 DESTID: GB98MIDL07009312345678
2024/02/23 23:16:33 SOURCEBANKID: DEUTDEFF
2024/02/23 23:16:33 SOURCEBANKNAME: Barclays
2024/02/23 23:16:33 DESTBANKID: DEUTDEFF
2024/02/23 23:16:33 DESTBANKNAME: Lloyds
2024/02/23 23:16:33 TRACETYPE: FRAUD
2024/02/23 23:16:33 PARENTID: e99a18c428cb38d5f260853678922e03
2024/02/23 23:16:33 DECISIONDATE: 2017-07-21 17:32:28.001 +0000 UTC
2024/02/23 23:16:33 STATUS: false
2024/02/23 23:16:33 NEXTPAGINATIONTOKEN: asc:1617275388000:2SKqogOYg2UQRnP1a4oJ66TFHcvfpZpt
2024/02/23 23:16:33 PREVIOUSPAGINATIONTOKEN: asc:1617275388000:2SKqogOYg2UQRnP1a4oJ66TFHcvfpZpt
2024/02/23 23:16:33 --- TRACE_ACC_ALERT
2024/02/23 23:16:33 ID: e99a18c428cb38d5f260853678922e03
2024/02/23 23:16:33 NETWORKALERTID_TRACEACC: e99a18c428cb38d5f260853678922e03
2024/02/23 23:16:33 ACCOUNTID: GB98MIDL07009312345678
2024/02/23 23:16:33 NETWORKID: 2b588f38-d1bc-40bf-85fc-91397bc98465
2024/02/23 23:16:33 OWNINGBANKID: DEUTDEFF
2024/02/23 23:16:33 OWNINGBANKNAME: OwningBank
2024/02/23 23:16:33 TIME: 2017-07-21 17:32:28.001 +0000 UTC
2024/02/23 23:16:33 --- TRACE_VIZURL 
2024/02/23 23:16:33 VIZURL: http://127.0.0.1:8000/financial-crime/visualisations/network
2024/02/23 23:16:33 SOURCETXNID: 2b588f38-d1bc-40bf-85fc-91397bc98465
2024/02/23 23:16:33 SOURCETXNTYPE: FRAUD
2024/02/23 23:16:33 PARENTALERTID: e99a18c428cb38d5f260853678922e03
2024/02/23 23:16:33 DECISIONDATE: 2017-07-21 17:32:28.001 +0000 UTC
2024/02/23 23:16:33 MOSTRECENTFEEDBACK: e99a18c428cb38d5f260853678922e03
2024/02/23 23:16:33 =========================================================================================
2024/02/23 23:19:21 
2024/02/23 23:19:21                - - - - Trace-Network - - - -   
2024/02/23 23:19:21 Unique-ID: 71766281ab932ca20af98ec31da33b8c
2024/02/23 23:19:21 --- ALERT
2024/02/23 23:19:21 TXNID: 2b588f38-d1bc-40bf-85fc-91397bc98465
2024/02/23 23:19:21 RESPONSE:  Success  
2024/02/23 23:19:21 ID: e99a18c428cb38d5f260853678922e03
2024/02/23 23:19:21 TXNID: 2b588f38-d1bc-40bf-85fc-91397bc98465
2024/02/23 23:19:21 NETWORKALERT: e99a18c428cb38d5f260853678922e03
2024/02/23 23:19:21 NETWORKID: 2b588f38-d1bc-40bf-85fc-91397bc98465
2024/02/23 23:19:21 SOURCEID: GB98MIDL07009312345678
2024/02/23 23:19:21 DESTID: GB98MIDL07009312345678
2024/02/23 23:19:21 SOURCEBANKID: DEUTDEFF
2024/02/23 23:19:21 SOURCEBANKNAME: Barclays
2024/02/23 23:19:21 DESTBANKID: DEUTDEFF
2024/02/23 23:19:21 DESTBANKNAME: Lloyds
2024/02/23 23:19:21 TRACETYPE: FRAUD
2024/02/23 23:19:21 PARENTID: e99a18c428cb38d5f260853678922e03
2024/02/23 23:19:21 DECISIONDATE: 2017-07-21 17:32:28.001 +0000 UTC
2024/02/23 23:19:21 STATUS: false
2024/02/23 23:19:21 NEXTPAGINATIONTOKEN: asc:1617275388000:2SKqogOYg2UQRnP1a4oJ66TFHcvfpZpt
2024/02/23 23:19:21 PREVIOUSPAGINATIONTOKEN: asc:1617275388000:2SKqogOYg2UQRnP1a4oJ66TFHcvfpZpt
2024/02/23 23:19:21 --- TRACE_ACC_ALERT
2024/02/23 23:19:21 ID: e99a18c428cb38d5f260853678922e03
2024/02/23 23:19:21 NETWORKALERTID_TRACEACC: e99a18c428cb38d5f260853678922e03
2024/02/23 23:19:21 ACCOUNTID: GB98MIDL07009312345678
2024/02/23 23:19:21 NETWORKID: 2b588f38-d1bc-40bf-85fc-91397bc98465
2024/02/23 23:19:21 OWNINGBANKID: DEUTDEFF
2024/02/23 23:19:21 OWNINGBANKNAME: OwningBank
2024/02/23 23:19:21 TIME: 2017-07-21 17:32:28.001 +0000 UTC
2024/02/23 23:19:21 --- TRACE_VIZURL 
2024/02/23 23:19:21 VIZURL: http://127.0.0.1:8000/financial-crime/visualisations/network
2024/02/23 23:19:21 SOURCETXNID: 2b588f38-d1bc-40bf-85fc-91397bc98465
2024/02/23 23:19:21 SOURCETXNTYPE: FRAUD
2024/02/23 23:19:21 PARENTALERTID: e99a18c428cb38d5f260853678922e03
2024/02/23 23:19:21 DECISIONDATE: 2017-07-21 17:32:28.001 +0000 UTC
2024/02/23 23:19:21 MOSTRECENTFEEDBACK: e99a18c428cb38d5f260853678922e03
2024/02/23 23:19:21 =========================================================================================
2024/02/23 23:26:23 
2024/02/23 23:26:23                - - - - Trace-Network - - - -   
2024/02/23 23:26:23 Unique-ID: 790828ef0522b703e7fbb90899870301
2024/02/23 23:26:23 --- ALERT
2024/02/23 23:26:23 TXNID: 2b588f38-d1bc-40bf-85fc-91397bc98465
2024/02/23 23:26:23 RESPONSE:  Success  
2024/02/23 23:26:23 ID: e99a18c428cb38d5f260853678922e03
2024/02/23 23:26:23 TXNID: 2b588f38-d1bc-40bf-85fc-91397bc98465
2024/02/23 23:26:23 NETWORKALERT: e99a18c428cb38d5f260853678922e03
2024/02/23 23:26:23 NETWORKID: 2b588f38-d1bc-40bf-85fc-91397bc98465
2024/02/23 23:26:23 SOURCEID: GB98MIDL07009312345678
2024/02/23 23:26:23 DESTID: GB98MIDL07009312345678
2024/02/23 23:26:23 SOURCEBANKID: DEUTDEFF
2024/02/23 23:26:23 SOURCEBANKNAME: Barclays
2024/02/23 23:26:23 DESTBANKID: DEUTDEFF
2024/02/23 23:26:23 DESTBANKNAME: Lloyds
2024/02/23 23:26:23 TRACETYPE: FRAUD
2024/02/23 23:26:23 PARENTID: e99a18c428cb38d5f260853678922e03
2024/02/23 23:26:23 DECISIONDATE: 2017-07-21 17:32:28.001 +0000 UTC
2024/02/23 23:26:23 STATUS: false
2024/02/23 23:26:23 NEXTPAGINATIONTOKEN: asc:1617275388000:2SKqogOYg2UQRnP1a4oJ66TFHcvfpZpt
2024/02/23 23:26:23 PREVIOUSPAGINATIONTOKEN: asc:1617275388000:2SKqogOYg2UQRnP1a4oJ66TFHcvfpZpt
2024/02/23 23:26:23 --- TRACE_ACC_ALERT
2024/02/23 23:26:23 ID: e99a18c428cb38d5f260853678922e03
2024/02/23 23:26:23 NETWORKALERTID_TRACEACC: e99a18c428cb38d5f260853678922e03
2024/02/23 23:26:23 ACCOUNTID: GB98MIDL07009312345678
2024/02/23 23:26:23 NETWORKID: 2b588f38-d1bc-40bf-85fc-91397bc98465
2024/02/23 23:26:23 OWNINGBANKID: DEUTDEFF
2024/02/23 23:26:23 OWNINGBANKNAME: OwningBank
2024/02/23 23:26:23 TIME: 2017-07-21 17:32:28.001 +0000 UTC
2024/02/23 23:26:23 --- TRACE_VIZURL 
2024/02/23 23:26:23 VIZURL: http://127.0.0.1:8000/financial-crime/visualisations/network
2024/02/23 23:26:23 SOURCETXNID: 2b588f38-d1bc-40bf-85fc-91397bc98465
2024/02/23 23:26:23 SOURCETXNTYPE: FRAUD
2024/02/23 23:26:23 PARENTALERTID: e99a18c428cb38d5f260853678922e03
2024/02/23 23:26:23 DECISIONDATE: 2017-07-21 17:32:28.001 +0000 UTC
2024/02/23 23:26:23 MOSTRECENTFEEDBACK: e99a18c428cb38d5f260853678922e03
2024/02/23 23:26:23 =========================================================================================
2024/02/23 23:32:53 
2024/02/23 23:32:53                - - - - Trace-Network - - - -   
2024/02/23 23:32:53 Unique-ID: 5635afb5177904abb5d738d0507df2c8
2024/02/23 23:32:53 --- ALERT
2024/02/23 23:32:53 TXNID: 2b588f38-d1bc-40bf-85fc-91397bc98465
2024/02/23 23:32:53 RESPONSE:  Success  
2024/02/23 23:32:53 ID: e99a18c428cb38d5f260853678922e03
2024/02/23 23:32:53 TXNID: 2b588f38-d1bc-40bf-85fc-91397bc98465
2024/02/23 23:32:53 NETWORKALERT: e99a18c428cb38d5f260853678922e03
2024/02/23 23:32:53 NETWORKID: 2b588f38-d1bc-40bf-85fc-91397bc98465
2024/02/23 23:32:53 SOURCEID: GB98MIDL07009312345678
2024/02/23 23:32:53 DESTID: GB98MIDL07009312345678
2024/02/23 23:32:53 SOURCEBANKID: DEUTDEFF
2024/02/23 23:32:53 SOURCEBANKNAME: Barclays
2024/02/23 23:32:53 DESTBANKID: DEUTDEFF
2024/02/23 23:32:53 DESTBANKNAME: Lloyds
2024/02/23 23:32:53 TRACETYPE: FRAUD
2024/02/23 23:32:53 PARENTID: e99a18c428cb38d5f260853678922e03
2024/02/23 23:32:53 DECISIONDATE: 2017-07-21 17:32:28.001 +0000 UTC
2024/02/23 23:32:53 STATUS: false
2024/02/23 23:32:53 NEXTPAGINATIONTOKEN: asc:1617275388000:2SKqogOYg2UQRnP1a4oJ66TFHcvfpZpt
2024/02/23 23:32:53 PREVIOUSPAGINATIONTOKEN: asc:1617275388000:2SKqogOYg2UQRnP1a4oJ66TFHcvfpZpt
2024/02/23 23:32:53 --- TRACE_ACC_ALERT
2024/02/23 23:32:53 ID: e99a18c428cb38d5f260853678922e03
2024/02/23 23:32:53 NETWORKALERTID_TRACEACC: e99a18c428cb38d5f260853678922e03
2024/02/23 23:32:53 ACCOUNTID: GB98MIDL07009312345678
2024/02/23 23:32:53 NETWORKID: 2b588f38-d1bc-40bf-85fc-91397bc98465
2024/02/23 23:32:53 OWNINGBANKID: DEUTDEFF
2024/02/23 23:32:53 OWNINGBANKNAME: OwningBank
2024/02/23 23:32:53 TIME: 2017-07-21 17:32:28.001 +0000 UTC
2024/02/23 23:32:53 --- TRACE_VIZURL 
2024/02/23 23:32:53 VIZURL: http://127.0.0.1:8000/financial-crime/visualisations/network
2024/02/23 23:32:53 SOURCETXNID: 2b588f38-d1bc-40bf-85fc-91397bc98465
2024/02/23 23:32:53 SOURCETXNTYPE: FRAUD
2024/02/23 23:32:53 PARENTALERTID: e99a18c428cb38d5f260853678922e03
2024/02/23 23:32:53 DECISIONDATE: 2017-07-21 17:32:28.001 +0000 UTC
2024/02/23 23:32:53 MOSTRECENTFEEDBACK: e99a18c428cb38d5f260853678922e03
2024/02/23 23:32:53 =========================================================================================
