2024/02/21 16:07:19 
2024/02/21 16:07:19                - - - - Trace-Network - - - -   
2024/02/21 16:07:19 --- ALERT
2024/02/21 16:07:19 TXNID: 2b588f38-d1bc-40bf-85fc-91397bc98465
2024/02/21 16:07:19 RESPONSE:  Success  
2024/02/21 16:07:19 ID: e99a18c428cb38d5f260853678922e03
2024/02/21 16:07:19 TXNID: 2b588f38-d1bc-40bf-85fc-91397bc98465
2024/02/21 16:07:19 NETWORKALERT: e99a18c428cb38d5f260853678922e03
2024/02/21 16:07:19 NETWORKID: 2b588f38-d1bc-40bf-85fc-91397bc98465
2024/02/21 16:07:19 SOURCEID: GB98MIDL07009312345678
2024/02/21 16:07:19 DESTID: GB98MIDL07009312345678
2024/02/21 16:07:19 SOURCEBANKID: DEUTDEFF
2024/02/21 16:07:19 SOURCEBANKNAME: Barclays
2024/02/21 16:07:19 DESTBANKID: DEUTDEFF
2024/02/21 16:07:19 DESTBANKNAME: Lloyds
2024/02/21 16:07:19 TRACETYPE: FRAUD
2024/02/21 16:07:19 PARENTID: e99a18c428cb38d5f260853678922e03
2024/02/21 16:07:19 DECISIONDATE: 2017-07-21 17:32:28.001 +0000 UTC
2024/02/21 16:07:19 STATUS: false
2024/02/21 16:07:19 NEXTPAGINATIONTOKEN: asc:1617275388000:2SKqogOYg2UQRnP1a4oJ66TFHcvfpZpt
2024/02/21 16:07:19 PREVIOUSPAGINATIONTOKEN: asc:1617275388000:2SKqogOYg2UQRnP1a4oJ66TFHcvfpZpt
2024/02/21 16:07:19 --- TRACE_ACC_ALERT
2024/02/21 16:07:19 ID: e99a18c428cb38d5f260853678922e03
2024/02/21 16:07:19 NETWORKALERTID_TRACEACC: e99a18c428cb38d5f260853678922e03
2024/02/21 16:07:19 ACCOUNTID: GB98MIDL07009312345678
2024/02/21 16:07:19 NETWORKID: 2b588f38-d1bc-40bf-85fc-91397bc98465
2024/02/21 16:07:19 OWNINGBANKID: DEUTDEFF
2024/02/21 16:07:19 OWNINGBANKNAME: OwningBank
2024/02/21 16:07:19 TIME: 2017-07-21 17:32:28.001 +0000 UTC
2024/02/21 16:07:19 --- TRACE_VIZURL 
2024/02/21 16:07:19 VIZURL: https://api.fcs.uk.mastercard.com/trace/financialcrime/viz/d41d8cd98f00b204e9800998ecf8427e
2024/02/21 16:07:19 SOURCETXNID: 2b588f38-d1bc-40bf-85fc-91397bc98465
2024/02/21 16:07:19 SOURCETXNTYPE: FRAUD
2024/02/21 16:07:19 PARENTALERTID: e99a18c428cb38d5f260853678922e03
2024/02/21 16:07:19 DECISIONDATE: 2017-07-21 17:32:28.001 +0000 UTC
2024/02/21 16:07:19 MOSTRECENTFEEDBACK: e99a18c428cb38d5f260853678922e03
2024/02/21 16:07:19 =========================================================================================
2024/02/21 18:37:56 
2024/02/21 18:37:56                - - - - Trace-Network - - - -   
2024/02/21 18:37:56 --- ALERT
2024/02/21 18:37:56 TXNID: 2b588f38-d1bc-40bf-85fc-91397bc98465
2024/02/21 18:37:56 RESPONSE:  Success  
2024/02/21 18:37:56 ID: e99a18c428cb38d5f260853678922e03
2024/02/21 18:37:56 TXNID: 2b588f38-d1bc-40bf-85fc-91397bc98465
2024/02/21 18:37:56 NETWORKALERT: e99a18c428cb38d5f260853678922e03
2024/02/21 18:37:56 NETWORKID: 2b588f38-d1bc-40bf-85fc-91397bc98465
2024/02/21 18:37:56 SOURCEID: GB98MIDL07009312345678
2024/02/21 18:37:56 DESTID: GB98MIDL07009312345678
2024/02/21 18:37:56 SOURCEBANKID: DEUTDEFF
2024/02/21 18:37:56 SOURCEBANKNAME: Barclays
2024/02/21 18:37:56 DESTBANKID: DEUTDEFF
2024/02/21 18:37:56 DESTBANKNAME: Lloyds
2024/02/21 18:37:56 TRACETYPE: FRAUD
2024/02/21 18:37:56 PARENTID: e99a18c428cb38d5f260853678922e03
2024/02/21 18:37:56 DECISIONDATE: 2017-07-21 17:32:28.001 +0000 UTC
2024/02/21 18:37:56 STATUS: false
2024/02/21 18:37:56 NEXTPAGINATIONTOKEN: asc:1617275388000:2SKqogOYg2UQRnP1a4oJ66TFHcvfpZpt
2024/02/21 18:37:56 PREVIOUSPAGINATIONTOKEN: asc:1617275388000:2SKqogOYg2UQRnP1a4oJ66TFHcvfpZpt
2024/02/21 18:37:56 --- TRACE_ACC_ALERT
2024/02/21 18:37:56 ID: e99a18c428cb38d5f260853678922e03
2024/02/21 18:37:56 NETWORKALERTID_TRACEACC: e99a18c428cb38d5f260853678922e03
2024/02/21 18:37:56 ACCOUNTID: GB98MIDL07009312345678
2024/02/21 18:37:56 NETWORKID: 2b588f38-d1bc-40bf-85fc-91397bc98465
2024/02/21 18:37:56 OWNINGBANKID: DEUTDEFF
2024/02/21 18:37:56 OWNINGBANKNAME: OwningBank
2024/02/21 18:37:56 TIME: 2017-07-21 17:32:28.001 +0000 UTC
2024/02/21 18:37:56 --- TRACE_VIZURL 
2024/02/21 18:37:56 VIZURL: http://127.0.0.1:8000/financial-crime/visualisations/network
2024/02/21 18:37:56 SOURCETXNID: 2b588f38-d1bc-40bf-85fc-91397bc98465
2024/02/21 18:37:56 SOURCETXNTYPE: FRAUD
2024/02/21 18:37:56 PARENTALERTID: e99a18c428cb38d5f260853678922e03
2024/02/21 18:37:56 DECISIONDATE: 2017-07-21 17:32:28.001 +0000 UTC
2024/02/21 18:37:56 MOSTRECENTFEEDBACK: e99a18c428cb38d5f260853678922e03
2024/02/21 18:37:56 =========================================================================================
