2024/02/26 17:24:56 
2024/02/26 17:24:56                - - - - Trace-Network - - - -   
2024/02/26 17:24:56 Unique-ID: 5ef15708a13bfd6b89d2a26d6af4b7eb
2024/02/26 17:24:56 --- ALERT
2024/02/26 17:24:56 TXNID: 2b588f38-d1bc-40bf-85fc-91397bc98465
2024/02/26 17:24:56 RESPONSE:  Success  
2024/02/26 17:24:56 ID: e99a18c428cb38d5f260853678922e03
2024/02/26 17:24:56 TXNID: 2b588f38-d1bc-40bf-85fc-91397bc98465
2024/02/26 17:24:56 NETWORKALERT: e99a18c428cb38d5f260853678922e03
2024/02/26 17:24:56 NETWORKID: 2b588f38-d1bc-40bf-85fc-91397bc98465
2024/02/26 17:24:56 SOURCEID: GB98MIDL07009312345678
2024/02/26 17:24:56 DESTID: GB98MIDL07009312345678
2024/02/26 17:24:56 SOURCEBANKID: DEUTDEFF
2024/02/26 17:24:56 SOURCEBANKNAME: Barclays
2024/02/26 17:24:56 DESTBANKID: DEUTDEFF
2024/02/26 17:24:56 DESTBANKNAME: Lloyds
2024/02/26 17:24:56 TRACETYPE: FRAUD
2024/02/26 17:24:56 PARENTID: e99a18c428cb38d5f260853678922e03
2024/02/26 17:24:56 DECISIONDATE: 2017-07-21 17:32:28.001 +0000 UTC
2024/02/26 17:24:56 STATUS: false
2024/02/26 17:24:56 NEXTPAGINATIONTOKEN: asc:1617275388000:2SKqogOYg2UQRnP1a4oJ66TFHcvfpZpt
2024/02/26 17:24:56 PREVIOUSPAGINATIONTOKEN: asc:1617275388000:2SKqogOYg2UQRnP1a4oJ66TFHcvfpZpt
2024/02/26 17:24:56 --- TRACE_ACC_ALERT
2024/02/26 17:24:56 ID: e99a18c428cb38d5f260853678922e03
2024/02/26 17:24:56 NETWORKALERTID_TRACEACC: e99a18c428cb38d5f260853678922e03
2024/02/26 17:24:56 ACCOUNTID: GB98MIDL07009312345678
2024/02/26 17:24:56 NETWORKID: 2b588f38-d1bc-40bf-85fc-91397bc98465
2024/02/26 17:24:56 OWNINGBANKID: DEUTDEFF
2024/02/26 17:24:56 OWNINGBANKNAME: OwningBank
2024/02/26 17:24:56 TIME: 2017-07-21 17:32:28.001 +0000 UTC
2024/02/26 17:24:56 --- TRACE_VIZURL 
2024/02/26 17:24:56 VIZURL: http://127.0.0.1:8000/financial-crime/visualisations/network
2024/02/26 17:24:56 SOURCETXNID: 2b588f38-d1bc-40bf-85fc-91397bc98465
2024/02/26 17:24:56 SOURCETXNTYPE: FRAUD
2024/02/26 17:24:56 PARENTALERTID: e99a18c428cb38d5f260853678922e03
2024/02/26 17:24:56 DECISIONDATE: 2017-07-21 17:32:28.001 +0000 UTC
2024/02/26 17:24:56 MOSTRECENTFEEDBACK: e99a18c428cb38d5f260853678922e03
2024/02/26 17:24:56 =========================================================================================
