2024/02/12 18:12:16 
2024/02/12 18:12:16                - - - - Trace-Network - - - -   
2024/02/12 18:12:16 VIZURL:  Internal server error
2024/02/12 18:12:16 VIZURL: (Bad Request - 500)
2024/02/12 18:12:16 SOURCETXNID: null
2024/02/12 18:12:16 SOURCETXNTYPE: null
2024/02/12 18:12:16 LENGTH: 0
2024/02/12 18:12:16 GENERATIONS: 0
2024/02/12 18:12:16 TOTALVALUE: 0
2024/02/12 18:12:16 SOURCEVALUE: 0
2024/02/12 18:12:16 UNIQUEACCOUNTS: 0
2024/02/12 18:12:16 MEANDWELLTIME: null
2024/02/12 18:12:16 MEDIANDWELLTIME: null
2024/02/12 18:12:16 MEANMULESCORE: 0
2024/02/12 18:12:16 ELAPSEDTIME: null
2024/02/12 18:12:16 NUMNOTINVESTIGATED: 0
2024/02/12 18:12:16 PARENTALERTID: null
2024/02/12 18:12:16 DECISIONDATE: 2024-02-12 18:12:16.591984 +0800 PST m=+452.832277418
2024/02/12 18:12:16 MOSTRECENTFEEDBACK: null
2024/02/12 18:12:16 =========================================================================================
2024/02/12 18:12:29 
2024/02/12 18:12:29                - - - - Trace-Network - - - -   
2024/02/12 18:12:29 VIZURL: The request contains a bad payload
2024/02/12 18:12:29 VIZURL: (Bad Request - 400)
2024/02/12 18:12:29 SOURCETXNID: null
2024/02/12 18:12:29 SOURCETXNTYPE: null
2024/02/12 18:12:29 LENGTH: 0
2024/02/12 18:12:29 GENERATIONS: 0
2024/02/12 18:12:29 TOTALVALUE: 0
2024/02/12 18:12:29 SOURCEVALUE: 0
2024/02/12 18:12:29 UNIQUEACCOUNTS: 0
2024/02/12 18:12:29 MEANDWELLTIME: null
2024/02/12 18:12:29 MEDIANDWELLTIME: null
2024/02/12 18:12:29 MEANMULESCORE: 0
2024/02/12 18:12:29 ELAPSEDTIME: null
2024/02/12 18:12:29 NUMNOTINVESTIGATED: 0
2024/02/12 18:12:29 PARENTALERTID: null
2024/02/12 18:12:29 DECISIONDATE: 2024-02-12 18:12:29.809281 +0800 PST m=+1.739226335
2024/02/12 18:12:29 MOSTRECENTFEEDBACK: null
2024/02/12 18:12:29 =========================================================================================
2024/02/12 18:12:47 
2024/02/12 18:12:47                - - - - Trace-Network - - - -   
2024/02/12 18:12:47 VIZURL: The request contains a bad payload
2024/02/12 18:12:47 VIZURL: (Bad Request - 400)
2024/02/12 18:12:47 SOURCETXNID: null
2024/02/12 18:12:47 SOURCETXNTYPE: null
2024/02/12 18:12:47 LENGTH: 0
2024/02/12 18:12:47 GENERATIONS: 0
2024/02/12 18:12:47 TOTALVALUE: 0
2024/02/12 18:12:47 SOURCEVALUE: 0
2024/02/12 18:12:47 UNIQUEACCOUNTS: 0
2024/02/12 18:12:47 MEANDWELLTIME: null
2024/02/12 18:12:47 MEDIANDWELLTIME: null
2024/02/12 18:12:47 MEANMULESCORE: 0
2024/02/12 18:12:47 ELAPSEDTIME: null
2024/02/12 18:12:47 NUMNOTINVESTIGATED: 0
2024/02/12 18:12:47 PARENTALERTID: null
2024/02/12 18:12:47 DECISIONDATE: 2024-02-12 18:12:47.358079 +0800 PST m=+19.288192543
2024/02/12 18:12:47 MOSTRECENTFEEDBACK: null
2024/02/12 18:12:47 =========================================================================================
