2024/02/29 18:33:06 
2024/02/29 18:33:06                - - - - Trace-Network - - - -   
2024/02/29 18:33:06 Unique-ID: 25f3bc0ce3dfba3b5f1446cc4c7ea849
2024/02/29 18:33:06 --- ALERT
2024/02/29 18:33:06 TXNID: 2b588f38-d1bc-40bf-85fc-91397bc98465
2024/02/29 18:33:06 RESPONSE:  Success  
2024/02/29 18:33:06 ID: e99a18c428cb38d5f260853678922e03
2024/02/29 18:33:06 TXNID: 2b588f38-d1bc-40bf-85fc-91397bc98465
2024/02/29 18:33:06 NETWORKALERT: e99a18c428cb38d5f260853678922e03
2024/02/29 18:33:06 NETWORKID: 2b588f38-d1bc-40bf-85fc-91397bc98465
2024/02/29 18:33:06 SOURCEID: GB98MIDL07009312345678
2024/02/29 18:33:06 DESTID: GB98MIDL07009312345678
2024/02/29 18:33:06 SOURCEBANKID: DEUTDEFF
2024/02/29 18:33:06 SOURCEBANKNAME: Barclays
2024/02/29 18:33:06 DESTBANKID: DEUTDEFF
2024/02/29 18:33:06 DESTBANKNAME: Lloyds
2024/02/29 18:33:06 TRACETYPE: FRAUD
2024/02/29 18:33:06 PARENTID: e99a18c428cb38d5f260853678922e03
2024/02/29 18:33:06 DECISIONDATE: 2017-07-21 17:32:28.001 +0000 UTC
2024/02/29 18:33:06 STATUS: false
2024/02/29 18:33:06 NEXTPAGINATIONTOKEN: asc:1617275388000:2SKqogOYg2UQRnP1a4oJ66TFHcvfpZpt
2024/02/29 18:33:06 PREVIOUSPAGINATIONTOKEN: asc:1617275388000:2SKqogOYg2UQRnP1a4oJ66TFHcvfpZpt
2024/02/29 18:33:06 --- TRACE_ACC_ALERT
2024/02/29 18:33:06 ID: e99a18c428cb38d5f260853678922e03
2024/02/29 18:33:06 NETWORKALERTID_TRACEACC: e99a18c428cb38d5f260853678922e03
2024/02/29 18:33:06 ACCOUNTID: GB98MIDL07009312345678
2024/02/29 18:33:06 NETWORKID: 2b588f38-d1bc-40bf-85fc-91397bc98465
2024/02/29 18:33:06 OWNINGBANKID: DEUTDEFF
2024/02/29 18:33:06 OWNINGBANKNAME: OwningBank
2024/02/29 18:33:06 TIME: 2017-07-21 17:32:28.001 +0000 UTC
2024/02/29 18:33:06 --- TRACE_VIZURL 
2024/02/29 18:33:06 VIZURL: http://127.0.0.1:8000/financial-crime/visualisations/network
2024/02/29 18:33:06 SOURCETXNID: 2b588f38-d1bc-40bf-85fc-91397bc98465
2024/02/29 18:33:06 SOURCETXNTYPE: FRAUD
2024/02/29 18:33:06 PARENTALERTID: e99a18c428cb38d5f260853678922e03
2024/02/29 18:33:06 DECISIONDATE: 2017-07-21 17:32:28.001 +0000 UTC
2024/02/29 18:33:06 MOSTRECENTFEEDBACK: e99a18c428cb38d5f260853678922e03
2024/02/29 18:33:06 =========================================================================================
