2024/02/20 21:59:01 
2024/02/20 21:59:01                - - - - Trace-ID - - - -   
2024/02/20 21:59:01 TRACEID: e99a18c428cb38d5f260853678922e04
2024/02/20 21:59:01 NETWORKALERTID: (Conflict - 409)
2024/02/20 21:59:01 RESPONSE:  Alert ID does not match the specified entity
2024/02/20 21:59:01 =========================================================================================
2024/02/20 22:00:57 
2024/02/20 22:00:57                - - - - Trace-ID - - - -   
2024/02/20 22:00:57 TRACEID: e99a18c428cb38d5f260853678922e0434
2024/02/20 22:00:57 NETWORKALERTID: (Conflict - 409)
2024/02/20 22:00:57 RESPONSE:  Alert ID does not match the specified entity
2024/02/20 22:00:57 =========================================================================================
2024/02/20 22:03:49 
2024/02/20 22:03:49                - - - - Trace-ID - - - -   
2024/02/20 22:03:49 TRACEID: e99a18c428cb38d5f260853678922e0434
2024/02/20 22:03:49 NETWORKALERTID: (Bad Request - 400)
2024/02/20 22:03:49 RESPONSE: The request body is expecting an array 
2024/02/20 22:03:49 =========================================================================================
2024/02/20 22:06:15 
2024/02/20 22:06:15                - - - - Trace-ID - - - -   
2024/02/20 22:06:15 TRACEID: e99a18c428cb38d5f260853678922e0434
2024/02/20 22:06:15 NETWORKALERTID: (Bad Request - 400)
2024/02/20 22:06:15 RESPONSE: The request body is expecting an array 
2024/02/20 22:06:15 =========================================================================================
2024/02/20 22:18:51 
2024/02/20 22:18:51                - - - - Trace-ID - - - -   
2024/02/20 22:18:51 TRACEID: e99a18c428cb38d5f260853678922e0412
2024/02/20 22:18:51 NETWORKALERTID: (Bad Request - 400)
2024/02/20 22:18:51 RESPONSE: The request body is expecting an array 
2024/02/20 22:18:51 =========================================================================================
2024/02/20 22:21:19 
2024/02/20 22:21:19                - - - - Trace-ID - - - -   
2024/02/20 22:21:19 TRACEID: e99a18c428cb38d5f260853678922e0412
2024/02/20 22:21:19 NETWORKALERTID: (Bad Request - 400)
2024/02/20 22:21:19 RESPONSE: The request body is expecting an array 
2024/02/20 22:21:19 =========================================================================================
2024/02/20 22:22:00 
2024/02/20 22:22:00                - - - - Trace-ID - - - -   
2024/02/20 22:22:00 TRACEID: e99a18c428cb38d5f260853678922e0412
2024/02/20 22:22:00 NETWORKALERTID: (Bad Request - 400)
2024/02/20 22:22:00 RESPONSE: The request body is expecting an array 
2024/02/20 22:22:00 =========================================================================================
2024/02/20 22:42:05 
2024/02/20 22:42:05                - - - - Trace-ID - - - -   
2024/02/20 22:42:05 TRACEID: e99a18c428cb38d5f260853678922e0412
2024/02/20 22:42:05 NETWORKALERTID: (Conflict - 409)
2024/02/20 22:42:05 RESPONSE:  Alert ID does not match the specified entity
2024/02/20 22:42:05 =========================================================================================
2024/02/20 22:46:02 
2024/02/20 22:46:02                - - - - Trace-ID - - - -   
2024/02/20 22:46:02 TRACEID: 
2024/02/20 22:46:02 NETWORKALERTID: (Rate Limit Exceeded - 409)
2024/02/20 22:46:02 RESPONSE: You have exceeded the service rate limit. Maximum allowed: ${rate_limit.output} TPS
2024/02/20 22:46:02 =========================================================================================
2024/02/20 22:46:06 
2024/02/20 22:46:06                - - - - Trace-ID - - - -   
2024/02/20 22:46:06 TRACEID: e99a18c428cb38d5f260853678922e0404
2024/02/20 22:46:06 NETWORKALERTID: (Conflict - 409)
2024/02/20 22:46:06 RESPONSE:  Alert ID does not match the specified entity
2024/02/20 22:46:06 =========================================================================================
2024/02/20 22:46:39 
2024/02/20 22:46:39                - - - - Trace-ID - - - -   
2024/02/20 22:46:39 TRACEID: e99a18c428cb38d5f260853678922e0404
2024/02/20 22:46:39 NETWORKALERTID: (Conflict - 409)
2024/02/20 22:46:39 RESPONSE:  Alert ID does not match the specified entity
2024/02/20 22:46:39 =========================================================================================
2024/02/20 22:46:41 
2024/02/20 22:46:41                - - - - Trace-ID - - - -   
2024/02/20 22:46:41 TRACEID: e99a18c428cb38d5f260853678922e04165 
2024/02/20 22:46:41 NETWORKALERTID: e99a18c428cb38d5f260853678922e0404
2024/02/20 22:46:41 RESPONSE:  Success  
2024/02/20 22:46:41 =========================================================================================
2024/02/20 22:50:09 
2024/02/20 22:50:09                - - - - Trace-ID - - - -   
2024/02/20 22:50:09 TRACEID: e99a18c428cb38d5f260853678922e04123 
2024/02/20 22:50:09 NETWORKALERTID: e99a18c428cb38d5f260853678922e0412
2024/02/20 22:50:09 RESPONSE:  Success  
2024/02/20 22:50:09 =========================================================================================
2024/02/20 22:53:23 
2024/02/20 22:53:23                - - - - Trace-ID - - - -   
2024/02/20 22:53:23 TRACEID: e99a18c428cb38d5f260853678922e041467 
2024/02/20 22:53:23 NETWORKALERTID: e99a18c428cb38d5f260853678922e0412
2024/02/20 22:53:23 RESPONSE:  Success  
2024/02/20 22:53:23 =========================================================================================
2024/02/20 22:54:51 
2024/02/20 22:54:51                - - - - Trace-ID - - - -   
2024/02/20 22:54:51 TRACEID: 
2024/02/20 22:54:51 NETWORKALERTID: (Rate Limit Exceeded - 409)
2024/02/20 22:54:51 RESPONSE: You have exceeded the service rate limit. Maximum allowed: ${rate_limit.output} TPS
2024/02/20 22:54:51 =========================================================================================
2024/02/20 22:59:42 
2024/02/20 22:59:42                - - - - Trace-ID - - - -   
2024/02/20 22:59:42 TRACEID: e99a18c428cb38d5f260853678922e0412
2024/02/20 22:59:42 NETWORKALERTID: (Permision Denied - 403)
2024/02/20 22:59:42 RESPONSE:  Invalid customer for third party
2024/02/20 22:59:42 =========================================================================================
2024/02/20 22:59:43 
2024/02/20 22:59:43                - - - - Trace-ID - - - -   
2024/02/20 22:59:43 TRACEID: e99a18c428cb38d5f260853678922e0412
2024/02/20 22:59:43 NETWORKALERTID: (Permision Denied - 403)
2024/02/20 22:59:43 RESPONSE:  Invalid customer for third party
2024/02/20 22:59:43 =========================================================================================
2024/02/20 22:59:43 
2024/02/20 22:59:43                - - - - Trace-ID - - - -   
2024/02/20 22:59:43 TRACEID: e99a18c428cb38d5f260853678922e0412
2024/02/20 22:59:43 NETWORKALERTID: (Permision Denied - 403)
2024/02/20 22:59:43 RESPONSE:  Invalid customer for third party
2024/02/20 22:59:43 =========================================================================================
2024/02/20 22:59:53 
2024/02/20 22:59:53                - - - - Trace-ID - - - -   
2024/02/20 22:59:53 TRACEID: e99a18c428cb38d5f260853678922e0412
2024/02/20 22:59:53 NETWORKALERTID: (Permision Denied - 403)
2024/02/20 22:59:53 RESPONSE:  Invalid customer for third party
2024/02/20 22:59:53 =========================================================================================
2024/02/20 22:59:54 
2024/02/20 22:59:54                - - - - Trace-ID - - - -   
2024/02/20 22:59:54 TRACEID: e99a18c428cb38d5f260853678922e0412
2024/02/20 22:59:54 NETWORKALERTID: (Permision Denied - 403)
2024/02/20 22:59:54 RESPONSE:  Invalid customer for third party
2024/02/20 22:59:54 =========================================================================================
2024/02/20 22:59:55 
2024/02/20 22:59:55                - - - - Trace-ID - - - -   
2024/02/20 22:59:55 TRACEID: 
2024/02/20 22:59:55 NETWORKALERTID: (Rate Limit Exceeded - 409)
2024/02/20 22:59:55 RESPONSE: You have exceeded the service rate limit. Maximum allowed: ${rate_limit.output} TPS
2024/02/20 22:59:55 =========================================================================================
2024/02/20 23:00:25 
2024/02/20 23:00:25                - - - - Trace-ID - - - -   
2024/02/20 23:00:25 TRACEID: e99a18c428cb38d5f260853678922e041467 
2024/02/20 23:00:25 NETWORKALERTID: e99a18c428cb38d5f260853678922e0412
2024/02/20 23:00:25 RESPONSE:  Success  
2024/02/20 23:00:25 =========================================================================================
