2024/02/21 01:18:08 
2024/02/21 01:18:08                - - - - Trace-ID - - - -   
2024/02/21 01:18:08 TRACEID: Traceid: e99a18c428cb38d5f260853678922e041465
2024/02/21 01:18:08 NETWORKALERTID: e99a18c428cb38d5f260853678922e0415
2024/02/21 01:18:08 RESPONSE: Success
2024/02/21 01:18:08 =========================================================================================
2024/02/21 01:18:28 
2024/02/21 01:18:28                - - - - Trace-ID - - - -   
2024/02/21 01:18:28 TRACEID: Traceid: e99a18c428cb38d5f260853678922e041465
2024/02/21 01:18:28 NETWORKALERTID: e99a18c428cb38d5f260853678922e0415
2024/02/21 01:18:28 RESPONSE: Success
2024/02/21 01:18:28 =========================================================================================
2024/02/21 01:21:48 
2024/02/21 01:21:48                - - - - Trace-ID - - - -   
2024/02/21 01:21:48 TRACEID: Traceid: e99a18c428cb38d5f260853678922e041465
2024/02/21 01:21:48 NETWORKALERTID: e99a18c428cb38d5f260853678922e0415
2024/02/21 01:21:48 RESPONSE: Success
2024/02/21 01:21:48 =========================================================================================
2024/02/21 01:24:00 
2024/02/21 01:24:00                - - - - Trace-ID - - - -   
2024/02/21 01:24:00 TRACEID: e99a18c428cb38d5f260853678922e0415
2024/02/21 01:24:00 NETWORKALERTID: (Conflict - 409)
2024/02/21 01:24:00 RESPONSE: Network alert ID already exists
2024/02/21 01:24:00 =========================================================================================
2024/02/21 01:25:36 
2024/02/21 01:25:36                - - - - Trace-ID - - - -   
2024/02/21 01:25:36 TRACEID: e99a18c428cb38d5f260853678922e0412
2024/02/21 01:25:36 NETWORKALERTID: (Conflict - 409)
2024/02/21 01:25:36 RESPONSE: Network alert ID already exists
2024/02/21 01:25:36 =========================================================================================
2024/02/21 01:26:06 
2024/02/21 01:26:06                - - - - Trace-ID - - - -   
2024/02/21 01:26:06 TRACEID: e99a18c428cb38d5f260853678922e04444
2024/02/21 01:26:06 NETWORKALERTID: (Conflict - 409)
2024/02/21 01:26:06 RESPONSE: Network alert ID already exists
2024/02/21 01:26:06 =========================================================================================
2024/02/21 01:26:39 
2024/02/21 01:26:39                - - - - Trace-ID - - - -   
2024/02/21 01:26:39 TRACEID: e99a18c428cb38d5f260853678922e0434
2024/02/21 01:26:39 NETWORKALERTID: (Conflict - 409)
2024/02/21 01:26:39 RESPONSE: Network alert ID already exists
2024/02/21 01:26:39 =========================================================================================
2024/02/21 01:27:46 
2024/02/21 01:27:46                - - - - Trace-ID - - - -   
2024/02/21 01:27:46 TRACEID: e99a18c428cb38d5f260853678922e0434
2024/02/21 01:27:46 NETWORKALERTID: (Conflict - 409)
2024/02/21 01:27:46 RESPONSE: Network alert ID already exists
2024/02/21 01:27:46 =========================================================================================
2024/02/21 01:27:52 
2024/02/21 01:27:52                - - - - Trace-ID - - - -   
2024/02/21 01:27:52 TRACEID: e99a18c428cb38d5f260853678922e04444
2024/02/21 01:27:52 NETWORKALERTID: (Conflict - 409)
2024/02/21 01:27:52 RESPONSE: Network alert ID already exists
2024/02/21 01:27:52 =========================================================================================
2024/02/21 01:32:40 
2024/02/21 01:32:40                - - - - Trace-ID - - - -   
2024/02/21 01:32:40 TRACEID: e99a18c428cb38d5f260853678922e04444
2024/02/21 01:32:40 NETWORKALERTID: (Conflict - 409)
2024/02/21 01:32:40 RESPONSE: Network alert ID already exists
2024/02/21 01:32:40 =========================================================================================
2024/02/21 01:32:53 
2024/02/21 01:32:53                - - - - Trace-ID - - - -   
2024/02/21 01:32:53 TRACEID: Traceid: e99a18c428cb38d5f260853678922e0414756
2024/02/21 01:32:53 NETWORKALERTID: e99a18c428cb38d5f260853678922e04444
2024/02/21 01:32:53 RESPONSE: Success
2024/02/21 01:32:53 =========================================================================================
2024/02/21 01:33:14 
2024/02/21 01:33:14                - - - - Trace-ID - - - -   
2024/02/21 01:33:14 TRACEID: e99a18c428cb38d5f260853678922e0412
2024/02/21 01:33:14 NETWORKALERTID: (Conflict - 409)
2024/02/21 01:33:14 RESPONSE: Network alert ID already exists
2024/02/21 01:33:14 =========================================================================================
2024/02/21 01:34:45 
2024/02/21 01:34:45                - - - - Trace-ID - - - -   
2024/02/21 01:34:45 TRACEID: e99a18c428cb38d5f260853678922e0415
2024/02/21 01:34:45 NETWORKALERTID: (Conflict - 409)
2024/02/21 01:34:45 RESPONSE: Network alert ID already exists
2024/02/21 01:34:45 =========================================================================================
2024/02/21 01:34:51 
2024/02/21 01:34:51                - - - - Trace-ID - - - -   
2024/02/21 01:34:51 TRACEID: e99a18c428cb38d5f260853678922e0412
2024/02/21 01:34:51 NETWORKALERTID: (Conflict - 409)
2024/02/21 01:34:51 RESPONSE: Network alert ID already exists
2024/02/21 01:34:51 =========================================================================================
2024/02/21 01:35:02 
2024/02/21 01:35:02                - - - - Trace-ID - - - -   
2024/02/21 01:35:02 TRACEID: Traceid: e99a18c428cb38d5f260853678922e041423
2024/02/21 01:35:02 NETWORKALERTID: e99a18c428cb38d5f260853678922e0434
2024/02/21 01:35:02 RESPONSE: Success
2024/02/21 01:35:02 =========================================================================================
2024/02/21 01:35:11 
2024/02/21 01:35:11                - - - - Trace-ID - - - -   
2024/02/21 01:35:11 TRACEID: 
2024/02/21 01:35:11 NETWORKALERTID: (Rate Limit Exceeded - 429)
2024/02/21 01:35:11 RESPONSE: You have exceeded the service rate limit. Maximum allowed: ${rate_limit.output} TPS
2024/02/21 01:35:11 =========================================================================================
2024/02/21 01:35:14 
2024/02/21 01:35:14                - - - - Trace-ID - - - -   
2024/02/21 01:35:14 TRACEID: Traceid: e99a18c428cb38d5f260853678922e041423
2024/02/21 01:35:14 NETWORKALERTID: e99a18c428cb38d5f260853678922e0434
2024/02/21 01:35:14 RESPONSE: Success
2024/02/21 01:35:14 =========================================================================================
2024/02/21 01:35:17 
2024/02/21 01:35:17                - - - - Trace-ID - - - -   
2024/02/21 01:35:17 TRACEID: e99a18c428cb38d5f260853678922e0434
2024/02/21 01:35:17 NETWORKALERTID: (Not Found - 404)
2024/02/21 01:35:17 RESPONSE: No matching data found
2024/02/21 01:35:17 =========================================================================================
2024/02/21 01:35:20 
2024/02/21 01:35:20                - - - - Trace-ID - - - -   
2024/02/21 01:35:20 TRACEID: Traceid: e99a18c428cb38d5f260853678922e041423
2024/02/21 01:35:20 NETWORKALERTID: e99a18c428cb38d5f260853678922e0434
2024/02/21 01:35:20 RESPONSE: Success
2024/02/21 01:35:20 =========================================================================================
2024/02/21 01:47:05 
2024/02/21 01:47:05                - - - - Trace-ID - - - -   
2024/02/21 01:47:05 TRACEID: e99a18c4-28cb-38d5-f260-853678922e03
2024/02/21 01:47:05 NETWORKALERTID: (Conflict - 409)
2024/02/21 01:47:05 RESPONSE: Network alert ID already exists
2024/02/21 01:47:05 =========================================================================================
2024/02/21 01:49:39 
2024/02/21 01:49:39                - - - - Trace-ID - - - -   
2024/02/21 01:49:39 TRACEID: e99a18c4-28cb-38d5-f260-853678922e03
2024/02/21 01:49:39 NETWORKALERTID: (Conflict - 409)
2024/02/21 01:49:39 RESPONSE: Network alert ID already exists
2024/02/21 01:49:39 =========================================================================================
2024/02/21 01:49:51 
2024/02/21 01:49:51                - - - - Trace-ID - - - -   
2024/02/21 01:49:51 TRACEID: e99a18c4-28cb-38d5-f260-853678922e03
2024/02/21 01:49:51 NETWORKALERTID: (Conflict - 409)
2024/02/21 01:49:51 RESPONSE: Network alert ID already exists
2024/02/21 01:49:51 =========================================================================================
2024/02/21 01:50:04 
2024/02/21 01:50:04                - - - - Trace-ID - - - -   
2024/02/21 01:50:04 TRACEID: e99a18c4-28cb-38d5-f260-853678922e03
2024/02/21 01:50:04 NETWORKALERTID: (Conflict - 409)
2024/02/21 01:50:04 RESPONSE: Network alert ID already exists
2024/02/21 01:50:04 =========================================================================================
2024/02/21 01:50:34 
2024/02/21 01:50:34                - - - - Trace-ID - - - -   
2024/02/21 01:50:34 TRACEID: e99a18c4-28cb-38d5-f260-853678922e03
2024/02/21 01:50:34 NETWORKALERTID: (Conflict - 409)
2024/02/21 01:50:34 RESPONSE: Network alert ID already exists
2024/02/21 01:50:34 =========================================================================================
2024/02/21 01:50:55 
2024/02/21 01:50:55                - - - - Trace-ID - - - -   
2024/02/21 01:50:55 TRACEID: e99a18c4-28cb-38d5-f260-853678922e03
2024/02/21 01:50:55 NETWORKALERTID: (Conflict - 409)
2024/02/21 01:50:55 RESPONSE: Network alert ID already exists
2024/02/21 01:50:55 =========================================================================================
2024/02/21 01:51:54 
2024/02/21 01:51:54                - - - - Trace-ID - - - -   
2024/02/21 01:51:54 TRACEID: e99a18c4-28cb-38d5-f260-853678922e03
2024/02/21 01:51:54 NETWORKALERTID: (Conflict - 409)
2024/02/21 01:51:54 RESPONSE: Network alert ID already existsSSS
2024/02/21 01:51:54 =========================================================================================
2024/02/21 01:53:17 
2024/02/21 01:53:17                - - - - Trace-ID - - - -   
2024/02/21 01:53:17 TRACEID: e99a18c4-28cb-38d5-f260-853678922e03
2024/02/21 01:53:17 NETWORKALERTID: (Conflict - 409)
2024/02/21 01:53:17 RESPONSE: Network alert ID already exists
2024/02/21 01:53:17 =========================================================================================
2024/02/21 01:54:02 
2024/02/21 01:54:02                - - - - Trace-ID - - - -   
2024/02/21 01:54:02 TRACEID: e99a18c4-28cb-38d5-f260-853678922e03
2024/02/21 01:54:02 NETWORKALERTID: (Conflict - 409)
2024/02/21 01:54:02 RESPONSE: Network alert ID already exists
2024/02/21 01:54:02 =========================================================================================
