2024/02/23 23:40:50 
2024/02/23 23:40:50                - - - - Trace-ID - - - -   
2024/02/23 23:40:50 Unique-ID: 9cca915987ee6770f7a5796034d35307
2024/02/23 23:40:50 TRACEID:  e99a18c428cb38d5f260853678922e041423 
2024/02/23 23:40:50 NETWORKALERTID: e99a18c428cb38d5f260853678922e0434
2024/02/23 23:40:50 RESPONSE: Success
2024/02/23 23:40:50 =========================================================================================
2024/02/23 23:42:15 
2024/02/23 23:42:15                - - - - Trace-ID - - - -   
2024/02/23 23:42:15 Unique-ID: 9479caeb41a2184dd6325241f62c645b
2024/02/23 23:42:15 TRACEID:  e99a18c428cb38d5f260853678922e041423 
2024/02/23 23:42:15 NETWORKALERTID: e99a18c428cb38d5f260853678922e0434
2024/02/23 23:42:15 RESPONSE: Success
2024/02/23 23:42:15 =========================================================================================
2024/02/23 23:44:13 
2024/02/23 23:44:13                - - - - Trace-ID - - - -   
2024/02/23 23:44:13 Unique-ID: 4ae7a0c5ed36a40ed4b6db8cb28cbe1d
2024/02/23 23:44:13 TRACEID:  e99a18c428cb38d5f260853678922e041423 
2024/02/23 23:44:13 NETWORKALERTID: e99a18c428cb38d5f260853678922e0434
2024/02/23 23:44:13 RESPONSE: Success
2024/02/23 23:44:13 =========================================================================================
2024/02/23 23:47:45 
2024/02/23 23:47:45                - - - - Trace-ID - - - -   
2024/02/23 23:47:45 Unique-ID: 3a6c912ebbdbe12b68777b4128012eea
2024/02/23 23:47:45 TRACEID:  e99a18c428cb38d5f260853678922e041423 
2024/02/23 23:47:45 NETWORKALERTID: e99a18c428cb38d5f260853678922e0434
2024/02/23 23:47:45 RESPONSE: Success
2024/02/23 23:47:45 =========================================================================================
2024/02/23 23:50:53 
2024/02/23 23:50:53                - - - - Trace-ID - - - -   
2024/02/23 23:50:53 Unique-ID: f0234244bd50d4582f72e9796e7170cd
2024/02/23 23:50:53 TRACEID:  e99a18c428cb38d5f260853678922e041423 
2024/02/23 23:50:53 NETWORKALERTID: e99a18c428cb38d5f260853678922e0434
2024/02/23 23:50:53 RESPONSE: Success
2024/02/23 23:50:53 =========================================================================================
2024/02/23 23:51:21 
2024/02/23 23:51:21                - - - - Trace-ID - - - -   
2024/02/23 23:51:21 Unique-ID: db70ef081ff4f5fd110181aa18297c13
2024/02/23 23:51:21 TRACEID:  e99a18c428cb38d5f260853678922e041423 
2024/02/23 23:51:21 NETWORKALERTID: e99a18c428cb38d5f260853678922e0434
2024/02/23 23:51:21 RESPONSE: Success
2024/02/23 23:51:21 =========================================================================================
