2024/04/02 08:32:57 
INFO: 2024/04/02 08:32:57                - - - - Trace_Transaction_(POSTMAN,MOBILE_PHONE,BROWSER) - - - -   
INFO: 2024/04/02 08:32:57 Message: Transaction detected in POSTMAN from the endpoint of /Email!
INFO: 2024/04/02 08:32:57 Date_Time: 2024-04-02 08:32:57.233003 +0800 PST m=+39.450939292
2024/04/02 08:32:57 
2024/04/02 08:33:43 
INFO: 2024/04/02 08:33:43                - - - - Trace_Transaction_(POSTMAN,MOBILE_PHONE,BROWSER) - - - -   
INFO: 2024/04/02 08:33:43 Message: Transaction detected in POSTMAN from the endpoint of /Email!
INFO: 2024/04/02 08:33:43 Date_Time: 2024-04-02 08:33:43.739973 +0800 PST m=+85.959076126
2024/04/02 08:33:43 
2024/04/02 08:35:23 
INFO: 2024/04/02 08:35:23                - - - - Trace_Transaction_(POSTMAN,MOBILE_PHONE,BROWSER) - - - -   
INFO: 2024/04/02 08:35:23 Message: Transaction detected in MOBILEPHONE from the Device-ID f50f5782db5787db!
INFO: 2024/04/02 08:35:23 Date_Time: 2024-04-02 08:35:23.855349 +0800 PST m=+186.076963459
2024/04/02 08:35:23 
2024/04/02 08:35:44 
INFO: 2024/04/02 08:35:44                - - - - Trace_Transaction_(POSTMAN,MOBILE_PHONE,BROWSER) - - - -   
INFO: 2024/04/02 08:35:44 Message: Transaction detected in MOBILEPHONE from the Device-ID f50f5782db5787db!
INFO: 2024/04/02 08:35:44 Date_Time: 2024-04-02 08:35:44.02994 +0800 PST m=+206.252060417
2024/04/02 08:35:44 
2024/04/02 08:35:50 
INFO: 2024/04/02 08:35:50                - - - - Trace_Transaction_(POSTMAN,MOBILE_PHONE,BROWSER) - - - -   
INFO: 2024/04/02 08:35:50 Message: Transaction detected in POSTMAN from the endpoint of /Email!
INFO: 2024/04/02 08:35:50 Date_Time: 2024-04-02 08:35:50.264619 +0800 PST m=+212.486895417
2024/04/02 08:35:50 
2024/04/02 08:36:38 
INFO: 2024/04/02 08:36:38                - - - - Trace_Transaction_(POSTMAN,MOBILE_PHONE,BROWSER) - - - -   
INFO: 2024/04/02 08:36:38 Message: Transaction detected in POSTMAN from the endpoint of /Email!
INFO: 2024/04/02 08:36:38 Date_Time: 2024-04-02 08:36:38.751352 +0800 PST m=+5.704728168
2024/04/02 08:36:38 
2024/04/02 08:36:50 
INFO: 2024/04/02 08:36:50                - - - - Trace_Transaction_(POSTMAN,MOBILE_PHONE,BROWSER) - - - -   
INFO: 2024/04/02 08:36:50 Message: Transaction detected in POSTMAN from the endpoint of /Email!
INFO: 2024/04/02 08:36:50 Date_Time: 2024-04-02 08:36:50.965642 +0800 PST m=+17.842731126
2024/04/02 08:36:50 
