2024/04/02 08:35:56 
INFO: 2024/04/02 08:35:56                - - - - Trace_Credittransfer - - - -   
INFO: 2024/04/02 08:35:56 Unique-ID: 57f3952d8faffe5a7901cc769d2ce099
INFO: 2024/04/02 08:35:56 DECISIONDATE: 2024-04-02 08:35:55
INFO: 2024/04/02 08:35:56 RESPONSE:  Success  
INFO: 2024/04/02 08:35:56 INSTRUCTION_ID: 20230908CAMZPHM2XXXB00000000002120
INFO: 2024/04/02 08:35:56 TRANSACTIONTYPE: SENDER
INFO: 2024/04/02 08:35:56 STATUS: SUCCESS
INFO: 2024/04/02 08:35:56 TRACE_ALERT: TRACE_FINANCIAL_CRIME
INFO: 2024/04/02 08:35:56 TRACE_TYPE: FRAUD
INFO: 2024/04/02 08:35:56 ALERT_TYPE: NETWORK_ALERT
INFO: 2024/04/02 08:35:56 FEEDBACK: ACTIONED_MULE
INFO: 2024/04/02 08:35:56 REASONCODE: NONE
INFO: 2024/04/02 08:35:56 LOCALINSTRUMENT: ICRT
INFO: 2024/04/02 08:35:56 REFERENCEID: IFT56-1694160071150
2024/04/02 08:35:56 
2024/04/02 08:35:56 
INFO: 2024/04/02 08:35:56                - - - - Trace_Credittransfer - - - -   
INFO: 2024/04/02 08:35:56 Unique-ID: 57f3952d8faffe5a7901cc769d2ce099
INFO: 2024/04/02 08:35:56 DECISIONDATE: 2024-04-02 08:35:55
INFO: 2024/04/02 08:35:56 RESPONSE:  Success  
INFO: 2024/04/02 08:35:56 INSTRUCTION_ID: 20231124CAMZPHM2XXXB00000000002773
INFO: 2024/04/02 08:35:56 TRANSACTIONTYPE: SENDER
INFO: 2024/04/02 08:35:56 STATUS: SUCCESS-ACTC
INFO: 2024/04/02 08:35:56 TRACE_ALERT: TRACE_FINANCIAL_CRIME
INFO: 2024/04/02 08:35:56 TRACE_TYPE: FRAUD
INFO: 2024/04/02 08:35:56 ALERT_TYPE: NETWORK_ALERT
INFO: 2024/04/02 08:35:56 FEEDBACK: ACTIONED_MULE
INFO: 2024/04/02 08:35:56 REASONCODE: NONE
INFO: 2024/04/02 08:35:56 LOCALINSTRUMENT: ICRT
INFO: 2024/04/02 08:35:56 REFERENCEID: IFT847-1687744873497
2024/04/02 08:35:56 
