2024/04/01 11:43:59 
INFO: 2024/04/01 11:43:59                - - - - Trace_Credittransfer - - - -   
INFO: 2024/04/01 11:43:59 Unique-ID: 22da570331cd1f0d471cd9cfcc312ca9
INFO: 2024/04/01 11:43:59 DECISIONDATE: 2024-04-01 11:43:59
INFO: 2024/04/01 11:43:59 RESPONSE: (Method Not Allowed - 404)
INFO: 2024/04/01 11:43:59 INSTRUCTION_ID: null
INFO: 2024/04/01 11:43:59 TRANSACTIONTYPE: null
INFO: 2024/04/01 11:43:59 STATUS: null
INFO: 2024/04/01 11:43:59 TRACE_ALERT: NETWORK_FINANCIAL_CRIME
INFO: 2024/04/01 11:43:59 TRACE_TYPE: null
INFO: 2024/04/01 11:43:59 ALERT_TYPE: null
INFO: 2024/04/01 11:43:59 FEEDBACK: null
INFO: 2024/04/01 11:43:59 REASONCODE: null
INFO: 2024/04/01 11:43:59 LOCALINSTRUMENT: null
INFO: 2024/04/01 11:43:59 REFERENCEID: null
2024/04/01 11:43:59 
2024/04/01 14:12:26 
INFO: 2024/04/01 14:12:26                - - - - Trace_Credittransfer - - - -   
INFO: 2024/04/01 14:12:26 Unique-ID: cc5274dfd2a7d49455f0b2b6fd4312b3
INFO: 2024/04/01 14:12:26 DECISIONDATE: 2024-04-01 14:12:26
INFO: 2024/04/01 14:12:26 RESPONSE: (Method Not Allowed - 404)
INFO: 2024/04/01 14:12:26 INSTRUCTION_ID: null
INFO: 2024/04/01 14:12:26 TRANSACTIONTYPE: null
INFO: 2024/04/01 14:12:26 STATUS: null
INFO: 2024/04/01 14:12:26 TRACE_ALERT: NETWORK_FINANCIAL_CRIME
INFO: 2024/04/01 14:12:26 TRACE_TYPE: null
INFO: 2024/04/01 14:12:26 ALERT_TYPE: null
INFO: 2024/04/01 14:12:26 FEEDBACK: null
INFO: 2024/04/01 14:12:26 REASONCODE: null
INFO: 2024/04/01 14:12:26 LOCALINSTRUMENT: null
INFO: 2024/04/01 14:12:26 REFERENCEID: null
2024/04/01 14:12:26 
2024/04/01 14:12:43 
INFO: 2024/04/01 14:12:43                - - - - Trace_Credittransfer - - - -   
INFO: 2024/04/01 14:12:43 Unique-ID: 57f3952d8faffe5a7901cc769d2ce099
INFO: 2024/04/01 14:12:43 DECISIONDATE: 2024-04-01 14:12:43
INFO: 2024/04/01 14:12:43 RESPONSE:  Success  
INFO: 2024/04/01 14:12:43 INSTRUCTION_ID: 20230908CAMZPHM2XXXB00000000002120
INFO: 2024/04/01 14:12:43 TRANSACTIONTYPE: SENDER
INFO: 2024/04/01 14:12:43 STATUS: SUCCESS
INFO: 2024/04/01 14:12:43 TRACE_ALERT: TRACE_FINANCIAL_CRIME
INFO: 2024/04/01 14:12:43 TRACE_TYPE: FRAUD
INFO: 2024/04/01 14:12:43 ALERT_TYPE: NETWORK_ALERT
INFO: 2024/04/01 14:12:43 FEEDBACK: ACTIONED_MULE
INFO: 2024/04/01 14:12:43 REASONCODE: NONE
INFO: 2024/04/01 14:12:43 LOCALINSTRUMENT: ICRT
INFO: 2024/04/01 14:12:43 REFERENCEID: IFT56-1694160071150
2024/04/01 14:12:43 
2024/04/01 14:12:43 
INFO: 2024/04/01 14:12:43                - - - - Trace_Credittransfer - - - -   
INFO: 2024/04/01 14:12:43 Unique-ID: 57f3952d8faffe5a7901cc769d2ce099
INFO: 2024/04/01 14:12:43 DECISIONDATE: 2024-04-01 14:12:43
INFO: 2024/04/01 14:12:43 RESPONSE:  Success  
INFO: 2024/04/01 14:12:43 INSTRUCTION_ID: 20231124CAMZPHM2XXXB00000000002773
INFO: 2024/04/01 14:12:43 TRANSACTIONTYPE: SENDER
INFO: 2024/04/01 14:12:43 STATUS: SUCCESS-ACTC
INFO: 2024/04/01 14:12:43 TRACE_ALERT: TRACE_FINANCIAL_CRIME
INFO: 2024/04/01 14:12:43 TRACE_TYPE: FRAUD
INFO: 2024/04/01 14:12:43 ALERT_TYPE: NETWORK_ALERT
INFO: 2024/04/01 14:12:43 FEEDBACK: ACTIONED_MULE
INFO: 2024/04/01 14:12:43 REASONCODE: NONE
INFO: 2024/04/01 14:12:43 LOCALINSTRUMENT: ICRT
INFO: 2024/04/01 14:12:43 REFERENCEID: IFT847-1687744873497
2024/04/01 14:12:43 
