2024/03/07 20:03:27 
INFO: 2024/03/07 20:03:27                - - - - Alert-Transaction - - - -   
INFO: 2024/03/07 20:03:27 Unique-ID: f11907be59638e47b1f974a8e8cc05ae
INFO: 2024/03/07 20:03:27 ALERTACCOUNT-REQUEST: e99a18c428cb38d5f260853678922e03
INFO: 2024/03/07 20:03:27 RESPONSE:  Success  
INFO: 2024/03/07 20:03:27 NETWORKALERTID: e99a18c428cb38d5f260853678922e03
INFO: 2024/03/07 20:03:27 ACCOUNTID: GB98MIDL07009312345678
INFO: 2024/03/07 20:03:27 NETWORKID: 2b588f38-d1bc-40bf-85fc-91397bc98465
INFO: 2024/03/07 20:03:27 OWNINGBANKID: DEUTDEFF
INFO: 2024/03/07 20:03:27 OWNINGBANKNAME: OwningBank
INFO: 2024/03/07 20:03:27 TIME: 2017-07-21 17:32:28.001 +0000 UTC
INFO: 2024/03/07 20:03:27 NAME: Charlié Döe
INFO: 2024/03/07 20:03:27 MULESCORE: 0.87
INFO: 2024/03/07 20:03:27 SOURCETRANSACTIONVALUE: 10034
INFO: 2024/03/07 20:03:27 ENDPOINTFLAG: true
INFO: 2024/03/07 20:03:27 NUMOUTBOUNDRELATIONSHIPS: 3
INFO: 2024/03/07 20:03:27 NUMINBOUNDRELATIONSHIPS: 7
INFO: 2024/03/07 20:03:27 NUMSCHEDULEDMANDATES: 2
INFO: 2024/03/07 20:03:27 FIRSTAPPEARANCE: 2017-07-21 17:32:28.001 +0000 UTC
INFO: 2024/03/07 20:03:27 MOSTRECENTAPPEARANCE: 2017-07-21 17:32:28.001 +0000 UTC
INFO: 2024/03/07 20:03:27 RECEIVESSALARY: true
INFO: 2024/03/07 20:03:27 DWELLTIME: 3 years 6 mons 4 days 12:30:05
INFO: 2024/03/07 20:03:27 NUMNETWORKS: 3
INFO: 2024/03/07 20:03:27 NUMTRACEDNETWORKS: 2
INFO: 2024/03/07 20:03:27 GENERATION: 4
INFO: 2024/03/07 20:03:27 TRACETYPE: FRAUD
INFO: 2024/03/07 20:03:27 TOTALSUSPICIOUSVALUEINBOUND: 10034
INFO: 2024/03/07 20:03:27 TOTALSUSPICIOUSVALUEOUTBOUND: 10034
INFO: 2024/03/07 20:03:27 TOTALVALUEINBOUND: 10034
INFO: 2024/03/07 20:03:27 TOTALVALUEOUTBOUND: 10034
INFO: 2024/03/07 20:03:27 GENERATIONS: []
INFO: 2024/03/07 20:03:27 MOSTRECENTFEEDBACK: ACTIONED_MULE
INFO: 2024/03/07 20:03:27 PARENTALERTID: e99a18c428cb38d5f260853678922e03
INFO: 2024/03/07 20:03:27 DECISIONDATE: 2017-07-21 17:32:28.001 +0000 UTC
INFO: 2024/03/07 20:03:27 NEXTPAGINATIONTOKEN: 
INFO: 2024/03/07 20:03:27 PREVIOUSPAGINATIONTOKEN: 
INFO: 2024/03/07 20:03:27 =========================================================================================
2024/03/07 20:03:27 
