2024/02/28 15:12:34 
2024/02/28 15:12:34                - - - - Alert-Transaction - - - -   
2024/02/28 15:12:34 Unique-ID: ee51a31e7967ff2173852546ad2b2b27
2024/02/28 15:12:34 ALERTACCOUNT-REQUEST: e99a18c428cb38d5f260853678922e03
2024/02/28 15:12:34 RESPONSE:  Success  
2024/02/28 15:12:34 NETWORKALERTID: e99a18c428cb38d5f260853678922e03
2024/02/28 15:12:34 ACCOUNTID: GB98MIDL07009312345678
2024/02/28 15:12:34 NETWORKID: 2b588f38-d1bc-40bf-85fc-91397bc98465
2024/02/28 15:12:34 OWNINGBANKID: DEUTDEFF
2024/02/28 15:12:34 OWNINGBANKNAME: OwningBank
2024/02/28 15:12:34 TIME: 2017-07-21 17:32:28.001 +0000 UTC
2024/02/28 15:12:34 NAME: Charlié Döe
2024/02/28 15:12:34 MULESCORE: 0.87
2024/02/28 15:12:34 SOURCETRANSACTIONVALUE: 10034
2024/02/28 15:12:34 ENDPOINTFLAG: true
2024/02/28 15:12:34 NUMOUTBOUNDRELATIONSHIPS: 3
2024/02/28 15:12:34 NUMINBOUNDRELATIONSHIPS: 7
2024/02/28 15:12:34 NUMSCHEDULEDMANDATES: 2
2024/02/28 15:12:34 FIRSTAPPEARANCE: 2017-07-21 17:32:28.001 +0000 UTC
2024/02/28 15:12:34 MOSTRECENTAPPEARANCE: 2017-07-21 17:32:28.001 +0000 UTC
2024/02/28 15:12:34 RECEIVESSALARY: true
2024/02/28 15:12:34 DWELLTIME: 3 years 6 mons 4 days 12:30:05
2024/02/28 15:12:34 NUMNETWORKS: 3
2024/02/28 15:12:34 NUMTRACEDNETWORKS: 2
2024/02/28 15:12:34 GENERATION: 4
2024/02/28 15:12:34 TRACETYPE: FRAUD
2024/02/28 15:12:34 TOTALSUSPICIOUSVALUEINBOUND: 10034
2024/02/28 15:12:34 TOTALSUSPICIOUSVALUEOUTBOUND: 10034
2024/02/28 15:12:34 TOTALVALUEINBOUND: 10034
2024/02/28 15:12:34 TOTALVALUEOUTBOUND: 10034
2024/02/28 15:12:34 GENERATIONS: []
2024/02/28 15:12:34 MOSTRECENTFEEDBACK: ACTIONED_MULE
2024/02/28 15:12:34 PARENTALERTID: e99a18c428cb38d5f260853678922e03
2024/02/28 15:12:34 DECISIONDATE: 2017-07-21 17:32:28.001 +0000 UTC
2024/02/28 15:12:34 NEXTPAGINATIONTOKEN: 
2024/02/28 15:12:34 PREVIOUSPAGINATIONTOKEN: 
2024/02/28 15:12:34 =========================================================================================
2024/02/28 15:12:54 
2024/02/28 15:12:54                - - - - Alert-Transaction - - - -   
2024/02/28 15:12:54 Unique-ID: c249f233ef8a4798b0f60901b55af698
2024/02/28 15:12:54 ALERTACCOUNT-REQUEST: e99a18c428cb38d5f260853678922e03
2024/02/28 15:12:54 RESPONSE:  Success  
2024/02/28 15:12:54 NETWORKALERTID: e99a18c428cb38d5f260853678922e03
2024/02/28 15:12:54 ACCOUNTID: GB98MIDL07009312345678
2024/02/28 15:12:54 NETWORKID: 2b588f38-d1bc-40bf-85fc-91397bc98465
2024/02/28 15:12:54 OWNINGBANKID: DEUTDEFF
2024/02/28 15:12:54 OWNINGBANKNAME: OwningBank
2024/02/28 15:12:54 TIME: 2017-07-21 17:32:28.001 +0000 UTC
2024/02/28 15:12:54 NAME: Charlié Döe
2024/02/28 15:12:54 MULESCORE: 0.87
2024/02/28 15:12:54 SOURCETRANSACTIONVALUE: 10034
2024/02/28 15:12:54 ENDPOINTFLAG: true
2024/02/28 15:12:54 NUMOUTBOUNDRELATIONSHIPS: 3
2024/02/28 15:12:54 NUMINBOUNDRELATIONSHIPS: 7
2024/02/28 15:12:54 NUMSCHEDULEDMANDATES: 2
2024/02/28 15:12:54 FIRSTAPPEARANCE: 2017-07-21 17:32:28.001 +0000 UTC
2024/02/28 15:12:54 MOSTRECENTAPPEARANCE: 2017-07-21 17:32:28.001 +0000 UTC
2024/02/28 15:12:54 RECEIVESSALARY: true
2024/02/28 15:12:54 DWELLTIME: 3 years 6 mons 4 days 12:30:05
2024/02/28 15:12:54 NUMNETWORKS: 3
2024/02/28 15:12:54 NUMTRACEDNETWORKS: 2
2024/02/28 15:12:54 GENERATION: 4
2024/02/28 15:12:54 TRACETYPE: FRAUD
2024/02/28 15:12:54 TOTALSUSPICIOUSVALUEINBOUND: 10034
2024/02/28 15:12:54 TOTALSUSPICIOUSVALUEOUTBOUND: 10034
2024/02/28 15:12:54 TOTALVALUEINBOUND: 10034
2024/02/28 15:12:54 TOTALVALUEOUTBOUND: 10034
2024/02/28 15:12:54 GENERATIONS: []
2024/02/28 15:12:54 MOSTRECENTFEEDBACK: ACTIONED_MULE
2024/02/28 15:12:54 PARENTALERTID: e99a18c428cb38d5f260853678922e03
2024/02/28 15:12:54 DECISIONDATE: 2017-07-21 17:32:28.001 +0000 UTC
2024/02/28 15:12:54 NEXTPAGINATIONTOKEN: 
2024/02/28 15:12:54 PREVIOUSPAGINATIONTOKEN: 
2024/02/28 15:12:54 =========================================================================================
2024/02/28 15:24:33 
2024/02/28 15:24:33                - - - - Alert-Transaction - - - -   
2024/02/28 15:24:33 Unique-ID: e8fd933a3b946148952fd1f968f9e84d
2024/02/28 15:24:33 ALERTACCOUNT-REQUEST: e99a18c428cb38d5f260853678922e03
2024/02/28 15:24:33 RESPONSE:  Success  
2024/02/28 15:24:33 NETWORKALERTID: e99a18c428cb38d5f260853678922e03
2024/02/28 15:24:33 ACCOUNTID: GB98MIDL07009312345678
2024/02/28 15:24:33 NETWORKID: 2b588f38-d1bc-40bf-85fc-91397bc98465
2024/02/28 15:24:33 OWNINGBANKID: DEUTDEFF
2024/02/28 15:24:33 OWNINGBANKNAME: OwningBank
2024/02/28 15:24:33 TIME: 2017-07-21 17:32:28.001 +0000 UTC
2024/02/28 15:24:33 NAME: Charlié Döe
2024/02/28 15:24:33 MULESCORE: 0.87
2024/02/28 15:24:33 SOURCETRANSACTIONVALUE: 10034
2024/02/28 15:24:33 ENDPOINTFLAG: true
2024/02/28 15:24:33 NUMOUTBOUNDRELATIONSHIPS: 3
2024/02/28 15:24:33 NUMINBOUNDRELATIONSHIPS: 7
2024/02/28 15:24:33 NUMSCHEDULEDMANDATES: 2
2024/02/28 15:24:33 FIRSTAPPEARANCE: 2017-07-21 17:32:28.001 +0000 UTC
2024/02/28 15:24:33 MOSTRECENTAPPEARANCE: 2017-07-21 17:32:28.001 +0000 UTC
2024/02/28 15:24:33 RECEIVESSALARY: true
2024/02/28 15:24:33 DWELLTIME: 3 years 6 mons 4 days 12:30:05
2024/02/28 15:24:33 NUMNETWORKS: 3
2024/02/28 15:24:33 NUMTRACEDNETWORKS: 2
2024/02/28 15:24:33 GENERATION: 4
2024/02/28 15:24:33 TRACETYPE: FRAUD
2024/02/28 15:24:33 TOTALSUSPICIOUSVALUEINBOUND: 10034
2024/02/28 15:24:33 TOTALSUSPICIOUSVALUEOUTBOUND: 10034
2024/02/28 15:24:33 TOTALVALUEINBOUND: 10034
2024/02/28 15:24:33 TOTALVALUEOUTBOUND: 10034
2024/02/28 15:24:33 GENERATIONS: []
2024/02/28 15:24:33 MOSTRECENTFEEDBACK: ACTIONED_MULE
2024/02/28 15:24:33 PARENTALERTID: e99a18c428cb38d5f260853678922e03
2024/02/28 15:24:33 DECISIONDATE: 2017-07-21 17:32:28.001 +0000 UTC
2024/02/28 15:24:33 NEXTPAGINATIONTOKEN: 
2024/02/28 15:24:33 PREVIOUSPAGINATIONTOKEN: 
2024/02/28 15:24:33 =========================================================================================
2024/02/28 15:24:49 
2024/02/28 15:24:49                - - - - Alert-Transaction - - - -   
2024/02/28 15:24:49 Unique-ID: 28153d1120b7a722cb1fe6e38091cb6f
2024/02/28 15:24:49 ALERTACCOUNT-REQUEST: e99a18c428cb38d5f260853678922e03
2024/02/28 15:24:49 RESPONSE:  Success  
2024/02/28 15:24:49 NETWORKALERTID: e99a18c428cb38d5f260853678922e03
2024/02/28 15:24:49 ACCOUNTID: GB98MIDL07009312345678
2024/02/28 15:24:49 NETWORKID: 2b588f38-d1bc-40bf-85fc-91397bc98465
2024/02/28 15:24:49 OWNINGBANKID: DEUTDEFF
2024/02/28 15:24:49 OWNINGBANKNAME: OwningBank
2024/02/28 15:24:49 TIME: 2017-07-21 17:32:28.001 +0000 UTC
2024/02/28 15:24:49 NAME: Charlié Döe
2024/02/28 15:24:49 MULESCORE: 0.87
2024/02/28 15:24:49 SOURCETRANSACTIONVALUE: 10034
2024/02/28 15:24:49 ENDPOINTFLAG: true
2024/02/28 15:24:49 NUMOUTBOUNDRELATIONSHIPS: 3
2024/02/28 15:24:49 NUMINBOUNDRELATIONSHIPS: 7
2024/02/28 15:24:49 NUMSCHEDULEDMANDATES: 2
2024/02/28 15:24:49 FIRSTAPPEARANCE: 2017-07-21 17:32:28.001 +0000 UTC
2024/02/28 15:24:49 MOSTRECENTAPPEARANCE: 2017-07-21 17:32:28.001 +0000 UTC
2024/02/28 15:24:49 RECEIVESSALARY: true
2024/02/28 15:24:49 DWELLTIME: 3 years 6 mons 4 days 12:30:05
2024/02/28 15:24:49 NUMNETWORKS: 3
2024/02/28 15:24:49 NUMTRACEDNETWORKS: 2
2024/02/28 15:24:49 GENERATION: 4
2024/02/28 15:24:49 TRACETYPE: FRAUD
2024/02/28 15:24:49 TOTALSUSPICIOUSVALUEINBOUND: 10034
2024/02/28 15:24:49 TOTALSUSPICIOUSVALUEOUTBOUND: 10034
2024/02/28 15:24:49 TOTALVALUEINBOUND: 10034
2024/02/28 15:24:49 TOTALVALUEOUTBOUND: 10034
2024/02/28 15:24:49 GENERATIONS: []
2024/02/28 15:24:49 MOSTRECENTFEEDBACK: ACTIONED_MULE
2024/02/28 15:24:49 PARENTALERTID: e99a18c428cb38d5f260853678922e03
2024/02/28 15:24:49 DECISIONDATE: 2017-07-21 17:32:28.001 +0000 UTC
2024/02/28 15:24:49 NEXTPAGINATIONTOKEN: 
2024/02/28 15:24:49 PREVIOUSPAGINATIONTOKEN: 
2024/02/28 15:24:49 =========================================================================================
2024/02/28 15:26:21 
2024/02/28 15:26:21                - - - - Alert-Transaction - - - -   
2024/02/28 15:26:21 Unique-ID: c677e2910197f000b6ce793b7e207b0a
2024/02/28 15:26:21 ALERTACCOUNT-REQUEST: e99a18c428cb38d5f260853678922e03
2024/02/28 15:26:21 RESPONSE:  Success  
2024/02/28 15:26:21 NETWORKALERTID: e99a18c428cb38d5f260853678922e03
2024/02/28 15:26:21 ACCOUNTID: GB98MIDL07009312345678
2024/02/28 15:26:21 NETWORKID: 2b588f38-d1bc-40bf-85fc-91397bc98465
2024/02/28 15:26:21 OWNINGBANKID: DEUTDEFF
2024/02/28 15:26:21 OWNINGBANKNAME: OwningBank
2024/02/28 15:26:21 TIME: 2017-07-21 17:32:28.001 +0000 UTC
2024/02/28 15:26:21 NAME: Charlié Döe
2024/02/28 15:26:21 MULESCORE: 0.87
2024/02/28 15:26:21 SOURCETRANSACTIONVALUE: 10034
2024/02/28 15:26:21 ENDPOINTFLAG: true
2024/02/28 15:26:21 NUMOUTBOUNDRELATIONSHIPS: 3
2024/02/28 15:26:21 NUMINBOUNDRELATIONSHIPS: 7
2024/02/28 15:26:21 NUMSCHEDULEDMANDATES: 2
2024/02/28 15:26:21 FIRSTAPPEARANCE: 2017-07-21 17:32:28.001 +0000 UTC
2024/02/28 15:26:21 MOSTRECENTAPPEARANCE: 2017-07-21 17:32:28.001 +0000 UTC
2024/02/28 15:26:21 RECEIVESSALARY: true
2024/02/28 15:26:21 DWELLTIME: 3 years 6 mons 4 days 12:30:05
2024/02/28 15:26:21 NUMNETWORKS: 3
2024/02/28 15:26:21 NUMTRACEDNETWORKS: 2
2024/02/28 15:26:21 GENERATION: 4
2024/02/28 15:26:21 TRACETYPE: FRAUD
2024/02/28 15:26:21 TOTALSUSPICIOUSVALUEINBOUND: 10034
2024/02/28 15:26:21 TOTALSUSPICIOUSVALUEOUTBOUND: 10034
2024/02/28 15:26:21 TOTALVALUEINBOUND: 10034
2024/02/28 15:26:21 TOTALVALUEOUTBOUND: 10034
2024/02/28 15:26:21 GENERATIONS: []
2024/02/28 15:26:21 MOSTRECENTFEEDBACK: ACTIONED_MULE
2024/02/28 15:26:21 PARENTALERTID: e99a18c428cb38d5f260853678922e03
2024/02/28 15:26:21 DECISIONDATE: 2017-07-21 17:32:28.001 +0000 UTC
2024/02/28 15:26:21 NEXTPAGINATIONTOKEN: 
2024/02/28 15:26:21 PREVIOUSPAGINATIONTOKEN: 
2024/02/28 15:26:21 =========================================================================================
2024/02/28 15:26:45 
2024/02/28 15:26:45                - - - - Alert-Transaction - - - -   
2024/02/28 15:26:45 Unique-ID: f4d1c2c8553376637a3da2bc00b1021a
2024/02/28 15:26:45 ALERTACCOUNT-REQUEST: e99a18c428cb38d5f260853678922e03
2024/02/28 15:26:45 RESPONSE:  Success  
2024/02/28 15:26:45 NETWORKALERTID: e99a18c428cb38d5f260853678922e03
2024/02/28 15:26:45 ACCOUNTID: GB98MIDL07009312345678
2024/02/28 15:26:45 NETWORKID: 2b588f38-d1bc-40bf-85fc-91397bc98465
2024/02/28 15:26:45 OWNINGBANKID: DEUTDEFF
2024/02/28 15:26:45 OWNINGBANKNAME: OwningBank
2024/02/28 15:26:45 TIME: 2017-07-21 17:32:28.001 +0000 UTC
2024/02/28 15:26:45 NAME: Charlié Döe
2024/02/28 15:26:45 MULESCORE: 0.87
2024/02/28 15:26:45 SOURCETRANSACTIONVALUE: 10034
2024/02/28 15:26:45 ENDPOINTFLAG: true
2024/02/28 15:26:45 NUMOUTBOUNDRELATIONSHIPS: 3
2024/02/28 15:26:45 NUMINBOUNDRELATIONSHIPS: 7
2024/02/28 15:26:45 NUMSCHEDULEDMANDATES: 2
2024/02/28 15:26:45 FIRSTAPPEARANCE: 2017-07-21 17:32:28.001 +0000 UTC
2024/02/28 15:26:45 MOSTRECENTAPPEARANCE: 2017-07-21 17:32:28.001 +0000 UTC
2024/02/28 15:26:45 RECEIVESSALARY: true
2024/02/28 15:26:45 DWELLTIME: 3 years 6 mons 4 days 12:30:05
2024/02/28 15:26:45 NUMNETWORKS: 3
2024/02/28 15:26:45 NUMTRACEDNETWORKS: 2
2024/02/28 15:26:45 GENERATION: 4
2024/02/28 15:26:45 TRACETYPE: FRAUD
2024/02/28 15:26:45 TOTALSUSPICIOUSVALUEINBOUND: 10034
2024/02/28 15:26:45 TOTALSUSPICIOUSVALUEOUTBOUND: 10034
2024/02/28 15:26:45 TOTALVALUEINBOUND: 10034
2024/02/28 15:26:45 TOTALVALUEOUTBOUND: 10034
2024/02/28 15:26:45 GENERATIONS: []
2024/02/28 15:26:45 MOSTRECENTFEEDBACK: ACTIONED_MULE
2024/02/28 15:26:45 PARENTALERTID: e99a18c428cb38d5f260853678922e03
2024/02/28 15:26:45 DECISIONDATE: 2017-07-21 17:32:28.001 +0000 UTC
2024/02/28 15:26:45 NEXTPAGINATIONTOKEN: 
2024/02/28 15:26:45 PREVIOUSPAGINATIONTOKEN: 
2024/02/28 15:26:45 =========================================================================================
2024/02/28 15:27:22 
2024/02/28 15:27:22                - - - - Alert-Transaction - - - -   
2024/02/28 15:27:22 Unique-ID: 47469a8a7be7c240b607a69fe401a006
2024/02/28 15:27:22 ALERTACCOUNT-REQUEST: e99a18c428cb38d5f260853678922e03
2024/02/28 15:27:22 RESPONSE:  Success  
2024/02/28 15:27:22 NETWORKALERTID: e99a18c428cb38d5f260853678922e03
2024/02/28 15:27:22 ACCOUNTID: GB98MIDL07009312345678
2024/02/28 15:27:22 NETWORKID: 2b588f38-d1bc-40bf-85fc-91397bc98465
2024/02/28 15:27:22 OWNINGBANKID: DEUTDEFF
2024/02/28 15:27:22 OWNINGBANKNAME: OwningBank
2024/02/28 15:27:22 TIME: 2017-07-21 17:32:28.001 +0000 UTC
2024/02/28 15:27:22 NAME: Charlié Döe
2024/02/28 15:27:22 MULESCORE: 0.87
2024/02/28 15:27:22 SOURCETRANSACTIONVALUE: 10034
2024/02/28 15:27:22 ENDPOINTFLAG: true
2024/02/28 15:27:22 NUMOUTBOUNDRELATIONSHIPS: 3
2024/02/28 15:27:22 NUMINBOUNDRELATIONSHIPS: 7
2024/02/28 15:27:22 NUMSCHEDULEDMANDATES: 2
2024/02/28 15:27:22 FIRSTAPPEARANCE: 2017-07-21 17:32:28.001 +0000 UTC
2024/02/28 15:27:22 MOSTRECENTAPPEARANCE: 2017-07-21 17:32:28.001 +0000 UTC
2024/02/28 15:27:22 RECEIVESSALARY: true
2024/02/28 15:27:22 DWELLTIME: 3 years 6 mons 4 days 12:30:05
2024/02/28 15:27:22 NUMNETWORKS: 3
2024/02/28 15:27:22 NUMTRACEDNETWORKS: 2
2024/02/28 15:27:22 GENERATION: 4
2024/02/28 15:27:22 TRACETYPE: FRAUD
2024/02/28 15:27:22 TOTALSUSPICIOUSVALUEINBOUND: 10034
2024/02/28 15:27:22 TOTALSUSPICIOUSVALUEOUTBOUND: 10034
2024/02/28 15:27:22 TOTALVALUEINBOUND: 10034
2024/02/28 15:27:22 TOTALVALUEOUTBOUND: 10034
2024/02/28 15:27:22 GENERATIONS: []
2024/02/28 15:27:22 MOSTRECENTFEEDBACK: ACTIONED_MULE
2024/02/28 15:27:22 PARENTALERTID: e99a18c428cb38d5f260853678922e03
2024/02/28 15:27:22 DECISIONDATE: 2017-07-21 17:32:28.001 +0000 UTC
2024/02/28 15:27:22 NEXTPAGINATIONTOKEN: 
2024/02/28 15:27:22 PREVIOUSPAGINATIONTOKEN: 
2024/02/28 15:27:22 =========================================================================================
