2024/02/23 22:27:14 
2024/02/23 22:27:14                - - - - Alert-Transaction - - - -   
2024/02/23 22:27:14 ID: a7e78488fdf8e63662cdccbd22ab711a
2024/02/23 22:27:14 ALERTACCOUNT-REQUEST: e99a18c428cb38d5f260853678922e03
2024/02/23 22:27:14 RESPONSE:  Success  
2024/02/23 22:27:14 NETWORKALERTID: e99a18c428cb38d5f260853678922e03
2024/02/23 22:27:14 ACCOUNTID: GB98MIDL07009312345678
2024/02/23 22:27:14 NETWORKID: 2b588f38-d1bc-40bf-85fc-91397bc98465
2024/02/23 22:27:14 OWNINGBANKID: DEUTDEFF
2024/02/23 22:27:14 OWNINGBANKNAME: OwningBank
2024/02/23 22:27:14 TIME: 2017-07-21 17:32:28.001 +0000 UTC
2024/02/23 22:27:14 NAME: Charlié Döe
2024/02/23 22:27:14 MULESCORE: 0.87
2024/02/23 22:27:14 SOURCETRANSACTIONVALUE: 10034
2024/02/23 22:27:14 ENDPOINTFLAG: true
2024/02/23 22:27:14 NUMOUTBOUNDRELATIONSHIPS: 3
2024/02/23 22:27:14 NUMINBOUNDRELATIONSHIPS: 7
2024/02/23 22:27:14 NUMSCHEDULEDMANDATES: 2
2024/02/23 22:27:14 FIRSTAPPEARANCE: 2017-07-21 17:32:28.001 +0000 UTC
2024/02/23 22:27:14 MOSTRECENTAPPEARANCE: 2017-07-21 17:32:28.001 +0000 UTC
2024/02/23 22:27:14 RECEIVESSALARY: true
2024/02/23 22:27:14 DWELLTIME: 3 years 6 mons 4 days 12:30:05
2024/02/23 22:27:14 NUMNETWORKS: 3
2024/02/23 22:27:14 NUMTRACEDNETWORKS: 2
2024/02/23 22:27:14 GENERATION: 4
2024/02/23 22:27:14 TRACETYPE: FRAUD
2024/02/23 22:27:14 TOTALSUSPICIOUSVALUEINBOUND: 10034
2024/02/23 22:27:14 TOTALSUSPICIOUSVALUEOUTBOUND: 10034
2024/02/23 22:27:14 TOTALVALUEINBOUND: 10034
2024/02/23 22:27:14 TOTALVALUEOUTBOUND: 10034
2024/02/23 22:27:14 GENERATIONS: []
2024/02/23 22:27:14 MOSTRECENTFEEDBACK: ACTIONED_MULE
2024/02/23 22:27:14 PARENTALERTID: e99a18c428cb38d5f260853678922e03
2024/02/23 22:27:14 DECISIONDATE: 2017-07-21 17:32:28.001 +0000 UTC
2024/02/23 22:27:14 NEXTPAGINATIONTOKEN: 
2024/02/23 22:27:14 PREVIOUSPAGINATIONTOKEN: 
2024/02/23 22:27:14 =========================================================================================
2024/02/23 22:30:31 
2024/02/23 22:30:31                - - - - Alert-Transaction - - - -   
2024/02/23 22:30:31 ID: 967c1490206bcd1153fc9eb4ab1e82de
2024/02/23 22:30:31 ALERTACCOUNT-REQUEST: e99a18c428cb38d5f260853678922e03
2024/02/23 22:30:31 RESPONSE:  Success  
2024/02/23 22:30:31 NETWORKALERTID: e99a18c428cb38d5f260853678922e03
2024/02/23 22:30:31 ACCOUNTID: GB98MIDL07009312345678
2024/02/23 22:30:31 NETWORKID: 2b588f38-d1bc-40bf-85fc-91397bc98465
2024/02/23 22:30:31 OWNINGBANKID: DEUTDEFF
2024/02/23 22:30:31 OWNINGBANKNAME: OwningBank
2024/02/23 22:30:31 TIME: 2017-07-21 17:32:28.001 +0000 UTC
2024/02/23 22:30:31 NAME: Charlié Döe
2024/02/23 22:30:31 MULESCORE: 0.87
2024/02/23 22:30:31 SOURCETRANSACTIONVALUE: 10034
2024/02/23 22:30:31 ENDPOINTFLAG: true
2024/02/23 22:30:31 NUMOUTBOUNDRELATIONSHIPS: 3
2024/02/23 22:30:31 NUMINBOUNDRELATIONSHIPS: 7
2024/02/23 22:30:31 NUMSCHEDULEDMANDATES: 2
2024/02/23 22:30:31 FIRSTAPPEARANCE: 2017-07-21 17:32:28.001 +0000 UTC
2024/02/23 22:30:31 MOSTRECENTAPPEARANCE: 2017-07-21 17:32:28.001 +0000 UTC
2024/02/23 22:30:31 RECEIVESSALARY: true
2024/02/23 22:30:31 DWELLTIME: 3 years 6 mons 4 days 12:30:05
2024/02/23 22:30:31 NUMNETWORKS: 3
2024/02/23 22:30:31 NUMTRACEDNETWORKS: 2
2024/02/23 22:30:31 GENERATION: 4
2024/02/23 22:30:31 TRACETYPE: FRAUD
2024/02/23 22:30:31 TOTALSUSPICIOUSVALUEINBOUND: 10034
2024/02/23 22:30:31 TOTALSUSPICIOUSVALUEOUTBOUND: 10034
2024/02/23 22:30:31 TOTALVALUEINBOUND: 10034
2024/02/23 22:30:31 TOTALVALUEOUTBOUND: 10034
2024/02/23 22:30:31 GENERATIONS: []
2024/02/23 22:30:31 MOSTRECENTFEEDBACK: ACTIONED_MULE
2024/02/23 22:30:31 PARENTALERTID: e99a18c428cb38d5f260853678922e03
2024/02/23 22:30:31 DECISIONDATE: 2017-07-21 17:32:28.001 +0000 UTC
2024/02/23 22:30:31 NEXTPAGINATIONTOKEN: 
2024/02/23 22:30:31 PREVIOUSPAGINATIONTOKEN: 
2024/02/23 22:30:31 =========================================================================================
