2024/02/27 18:38:39 
2024/02/27 18:38:39                - - - - Alert-Transaction - - - -   
2024/02/27 18:38:39 Unique-ID: 4a84b5430878654ad27c361a432ebc6d
2024/02/27 18:38:39 ALERTACCOUNT-REQUEST: e99a18c428cb38d5f260853678922e03
2024/02/27 18:38:39 RESPONSE:  Success  
2024/02/27 18:38:39 NETWORKALERTID: e99a18c428cb38d5f260853678922e03
2024/02/27 18:38:39 ACCOUNTID: GB98MIDL07009312345678
2024/02/27 18:38:39 NETWORKID: 2b588f38-d1bc-40bf-85fc-91397bc98465
2024/02/27 18:38:39 OWNINGBANKID: DEUTDEFF
2024/02/27 18:38:39 OWNINGBANKNAME: OwningBank
2024/02/27 18:38:39 TIME: 2017-07-21 17:32:28.001 +0000 UTC
2024/02/27 18:38:39 NAME: Charlié Döe
2024/02/27 18:38:39 MULESCORE: 0.87
2024/02/27 18:38:39 SOURCETRANSACTIONVALUE: 10034
2024/02/27 18:38:39 ENDPOINTFLAG: true
2024/02/27 18:38:39 NUMOUTBOUNDRELATIONSHIPS: 3
2024/02/27 18:38:39 NUMINBOUNDRELATIONSHIPS: 7
2024/02/27 18:38:39 NUMSCHEDULEDMANDATES: 2
2024/02/27 18:38:39 FIRSTAPPEARANCE: 2017-07-21 17:32:28.001 +0000 UTC
2024/02/27 18:38:39 MOSTRECENTAPPEARANCE: 2017-07-21 17:32:28.001 +0000 UTC
2024/02/27 18:38:39 RECEIVESSALARY: true
2024/02/27 18:38:39 DWELLTIME: 3 years 6 mons 4 days 12:30:05
2024/02/27 18:38:39 NUMNETWORKS: 3
2024/02/27 18:38:39 NUMTRACEDNETWORKS: 2
2024/02/27 18:38:39 GENERATION: 4
2024/02/27 18:38:39 TRACETYPE: FRAUD
2024/02/27 18:38:39 TOTALSUSPICIOUSVALUEINBOUND: 10034
2024/02/27 18:38:39 TOTALSUSPICIOUSVALUEOUTBOUND: 10034
2024/02/27 18:38:39 TOTALVALUEINBOUND: 10034
2024/02/27 18:38:39 TOTALVALUEOUTBOUND: 10034
2024/02/27 18:38:39 GENERATIONS: []
2024/02/27 18:38:39 MOSTRECENTFEEDBACK: ACTIONED_MULE
2024/02/27 18:38:39 PARENTALERTID: e99a18c428cb38d5f260853678922e03
2024/02/27 18:38:39 DECISIONDATE: 2017-07-21 17:32:28.001 +0000 UTC
2024/02/27 18:38:39 NEXTPAGINATIONTOKEN: 
2024/02/27 18:38:39 PREVIOUSPAGINATIONTOKEN: 
2024/02/27 18:38:39 =========================================================================================
2024/02/27 18:38:45 
2024/02/27 18:38:45                - - - - Alert-Transaction - - - -   
2024/02/27 18:38:45 Unique-ID: c3979f8856b33ace67d3102559d29c71
2024/02/27 18:38:45 ALERTACCOUNT-REQUEST: Error counting filtered transactions
2024/02/27 18:38:45 RESPONSE: (Bad Request - 400)
2024/02/27 18:38:45 NETWORKALERTID: null
2024/02/27 18:38:45 ACCOUNTID: null
2024/02/27 18:38:45 NETWORKID: null
2024/02/27 18:38:45 OWNINGBANKID: null
2024/02/27 18:38:45 OWNINGBANKNAME: null
2024/02/27 18:38:45 TIME: 2024-02-27 18:38:45.869584 +0800 PST m=+13523.901347459
2024/02/27 18:38:45 NAME: null
2024/02/27 18:38:45 MULESCORE: 0
2024/02/27 18:38:45 SOURCETRANSACTIONVALUE: 0
2024/02/27 18:38:45 ENDPOINTFLAG: false
2024/02/27 18:38:45 NUMOUTBOUNDRELATIONSHIPS: 0
2024/02/27 18:38:45 NUMINBOUNDRELATIONSHIPS: 0
2024/02/27 18:38:45 NUMSCHEDULEDMANDATES: 0
2024/02/27 18:38:45 FIRSTAPPEARANCE: 2024-02-27 18:38:45.869584 +0800 PST m=+13523.901347584
2024/02/27 18:38:45 MOSTRECENTAPPEARANCE: 2024-02-27 18:38:45.869585 +0800 PST m=+13523.901347792
2024/02/27 18:38:45 RECEIVESSALARY: false
2024/02/27 18:38:45 DWELLTIME: null
2024/02/27 18:38:45 NUMNETWORKS: 0
2024/02/27 18:38:45 NUMTRACEDNETWORKS: 0
2024/02/27 18:38:45 GENERATION: 0
2024/02/27 18:38:45 TRACETYPE: null
2024/02/27 18:38:45 TOTALSUSPICIOUSVALUEINBOUND: 0
2024/02/27 18:38:45 TOTALSUSPICIOUSVALUEOUTBOUND: 0
2024/02/27 18:38:45 TOTALVALUEINBOUND: 0
2024/02/27 18:38:45 TOTALVALUEOUTBOUND: 0
2024/02/27 18:38:45 GENERATIONS: [0]
2024/02/27 18:38:45 MOSTRECENTFEEDBACK: null
2024/02/27 18:38:45 PARENTALERTID: null
2024/02/27 18:38:45 DECISIONDATE: 2024-02-27 18:38:45.869585 +0800 PST m=+13523.901347876
2024/02/27 18:38:45 NEXTPAGINATIONTOKEN: null
2024/02/27 18:38:45 PREVIOUSPAGINATIONTOKEN: null
2024/02/27 18:38:45 =========================================================================================
2024/02/27 18:41:20 
2024/02/27 18:41:20                - - - - Alert-Transaction - - - -   
2024/02/27 18:41:20 Unique-ID: 6a03ca713b267a8edec85c2bbea67915
2024/02/27 18:41:20 ALERTACCOUNT-REQUEST: e99a18c428cb38d5f260853678922e03
2024/02/27 18:41:20 RESPONSE:  Success  
2024/02/27 18:41:20 NETWORKALERTID: e99a18c428cb38d5f260853678922e03
2024/02/27 18:41:20 ACCOUNTID: GB98MIDL07009312345678
2024/02/27 18:41:20 NETWORKID: 2b588f38-d1bc-40bf-85fc-91397bc98465
2024/02/27 18:41:20 OWNINGBANKID: DEUTDEFF
2024/02/27 18:41:20 OWNINGBANKNAME: OwningBank
2024/02/27 18:41:20 TIME: 2017-07-21 17:32:28.001 +0000 UTC
2024/02/27 18:41:20 NAME: Charlié Döe
2024/02/27 18:41:20 MULESCORE: 0.87
2024/02/27 18:41:20 SOURCETRANSACTIONVALUE: 10034
2024/02/27 18:41:20 ENDPOINTFLAG: true
2024/02/27 18:41:20 NUMOUTBOUNDRELATIONSHIPS: 3
2024/02/27 18:41:20 NUMINBOUNDRELATIONSHIPS: 7
2024/02/27 18:41:20 NUMSCHEDULEDMANDATES: 2
2024/02/27 18:41:20 FIRSTAPPEARANCE: 2017-07-21 17:32:28.001 +0000 UTC
2024/02/27 18:41:20 MOSTRECENTAPPEARANCE: 2017-07-21 17:32:28.001 +0000 UTC
2024/02/27 18:41:20 RECEIVESSALARY: true
2024/02/27 18:41:20 DWELLTIME: 3 years 6 mons 4 days 12:30:05
2024/02/27 18:41:20 NUMNETWORKS: 3
2024/02/27 18:41:20 NUMTRACEDNETWORKS: 2
2024/02/27 18:41:20 GENERATION: 4
2024/02/27 18:41:20 TRACETYPE: FRAUD
2024/02/27 18:41:20 TOTALSUSPICIOUSVALUEINBOUND: 10034
2024/02/27 18:41:20 TOTALSUSPICIOUSVALUEOUTBOUND: 10034
2024/02/27 18:41:20 TOTALVALUEINBOUND: 10034
2024/02/27 18:41:20 TOTALVALUEOUTBOUND: 10034
2024/02/27 18:41:20 GENERATIONS: []
2024/02/27 18:41:20 MOSTRECENTFEEDBACK: ACTIONED_MULE
2024/02/27 18:41:20 PARENTALERTID: e99a18c428cb38d5f260853678922e03
2024/02/27 18:41:20 DECISIONDATE: 2017-07-21 17:32:28.001 +0000 UTC
2024/02/27 18:41:20 NEXTPAGINATIONTOKEN: 
2024/02/27 18:41:20 PREVIOUSPAGINATIONTOKEN: 
2024/02/27 18:41:20 =========================================================================================
2024/02/27 18:42:10 
2024/02/27 18:42:10                - - - - Alert-Transaction - - - -   
2024/02/27 18:42:10 Unique-ID: 160f9f275fda37da8d93ed0a8ff30b95
2024/02/27 18:42:10 ALERTACCOUNT-REQUEST: e99a18c428cb38d5f260853678922e03
2024/02/27 18:42:10 RESPONSE:  Success  
2024/02/27 18:42:10 NETWORKALERTID: e99a18c428cb38d5f260853678922e03
2024/02/27 18:42:10 ACCOUNTID: GB98MIDL07009312345678
2024/02/27 18:42:10 NETWORKID: 2b588f38-d1bc-40bf-85fc-91397bc98465
2024/02/27 18:42:10 OWNINGBANKID: DEUTDEFF
2024/02/27 18:42:10 OWNINGBANKNAME: OwningBank
2024/02/27 18:42:10 TIME: 2017-07-21 17:32:28.001 +0000 UTC
2024/02/27 18:42:10 NAME: Charlié Döe
2024/02/27 18:42:10 MULESCORE: 0.87
2024/02/27 18:42:10 SOURCETRANSACTIONVALUE: 10034
2024/02/27 18:42:10 ENDPOINTFLAG: true
2024/02/27 18:42:10 NUMOUTBOUNDRELATIONSHIPS: 3
2024/02/27 18:42:10 NUMINBOUNDRELATIONSHIPS: 7
2024/02/27 18:42:10 NUMSCHEDULEDMANDATES: 2
2024/02/27 18:42:10 FIRSTAPPEARANCE: 2017-07-21 17:32:28.001 +0000 UTC
2024/02/27 18:42:10 MOSTRECENTAPPEARANCE: 2017-07-21 17:32:28.001 +0000 UTC
2024/02/27 18:42:10 RECEIVESSALARY: true
2024/02/27 18:42:10 DWELLTIME: 3 years 6 mons 4 days 12:30:05
2024/02/27 18:42:10 NUMNETWORKS: 3
2024/02/27 18:42:10 NUMTRACEDNETWORKS: 2
2024/02/27 18:42:10 GENERATION: 4
2024/02/27 18:42:10 TRACETYPE: FRAUD
2024/02/27 18:42:10 TOTALSUSPICIOUSVALUEINBOUND: 10034
2024/02/27 18:42:10 TOTALSUSPICIOUSVALUEOUTBOUND: 10034
2024/02/27 18:42:10 TOTALVALUEINBOUND: 10034
2024/02/27 18:42:10 TOTALVALUEOUTBOUND: 10034
2024/02/27 18:42:10 GENERATIONS: []
2024/02/27 18:42:10 MOSTRECENTFEEDBACK: ACTIONED_MULE
2024/02/27 18:42:10 PARENTALERTID: e99a18c428cb38d5f260853678922e03
2024/02/27 18:42:10 DECISIONDATE: 2017-07-21 17:32:28.001 +0000 UTC
2024/02/27 18:42:10 NEXTPAGINATIONTOKEN: 
2024/02/27 18:42:10 PREVIOUSPAGINATIONTOKEN: 
2024/02/27 18:42:10 =========================================================================================
2024/02/27 18:42:14 
2024/02/27 18:42:14                - - - - Alert-Transaction - - - -   
2024/02/27 18:42:14 Unique-ID: 80988d835b2923bedc9008074ff548f9
2024/02/27 18:42:14 ALERTACCOUNT-REQUEST: e99a18c428cb38d5f260853678922e03
2024/02/27 18:42:14 RESPONSE:  Success  
2024/02/27 18:42:14 NETWORKALERTID: e99a18c428cb38d5f260853678922e03
2024/02/27 18:42:14 ACCOUNTID: GB98MIDL07009312345678
2024/02/27 18:42:14 NETWORKID: 2b588f38-d1bc-40bf-85fc-91397bc98465
2024/02/27 18:42:14 OWNINGBANKID: DEUTDEFF
2024/02/27 18:42:14 OWNINGBANKNAME: OwningBank
2024/02/27 18:42:14 TIME: 2017-07-21 17:32:28.001 +0000 UTC
2024/02/27 18:42:14 NAME: Charlié Döe
2024/02/27 18:42:14 MULESCORE: 0.87
2024/02/27 18:42:14 SOURCETRANSACTIONVALUE: 10034
2024/02/27 18:42:14 ENDPOINTFLAG: true
2024/02/27 18:42:14 NUMOUTBOUNDRELATIONSHIPS: 3
2024/02/27 18:42:14 NUMINBOUNDRELATIONSHIPS: 7
2024/02/27 18:42:14 NUMSCHEDULEDMANDATES: 2
2024/02/27 18:42:14 FIRSTAPPEARANCE: 2017-07-21 17:32:28.001 +0000 UTC
2024/02/27 18:42:14 MOSTRECENTAPPEARANCE: 2017-07-21 17:32:28.001 +0000 UTC
2024/02/27 18:42:14 RECEIVESSALARY: true
2024/02/27 18:42:14 DWELLTIME: 3 years 6 mons 4 days 12:30:05
2024/02/27 18:42:14 NUMNETWORKS: 3
2024/02/27 18:42:14 NUMTRACEDNETWORKS: 2
2024/02/27 18:42:14 GENERATION: 4
2024/02/27 18:42:14 TRACETYPE: FRAUD
2024/02/27 18:42:14 TOTALSUSPICIOUSVALUEINBOUND: 10034
2024/02/27 18:42:14 TOTALSUSPICIOUSVALUEOUTBOUND: 10034
2024/02/27 18:42:14 TOTALVALUEINBOUND: 10034
2024/02/27 18:42:14 TOTALVALUEOUTBOUND: 10034
2024/02/27 18:42:14 GENERATIONS: []
2024/02/27 18:42:14 MOSTRECENTFEEDBACK: ACTIONED_MULE
2024/02/27 18:42:14 PARENTALERTID: e99a18c428cb38d5f260853678922e03
2024/02/27 18:42:14 DECISIONDATE: 2017-07-21 17:32:28.001 +0000 UTC
2024/02/27 18:42:14 NEXTPAGINATIONTOKEN: 
2024/02/27 18:42:14 PREVIOUSPAGINATIONTOKEN: 
2024/02/27 18:42:14 =========================================================================================
2024/02/27 18:42:23 
2024/02/27 18:42:23                - - - - Alert-Transaction - - - -   
2024/02/27 18:42:23 Unique-ID: 76885c1160330012eb0e19d3a3e98553
2024/02/27 18:42:23 ALERTACCOUNT-REQUEST: e99a18c428cb38d5f260853678922e03
2024/02/27 18:42:23 RESPONSE:  Success  
2024/02/27 18:42:23 NETWORKALERTID: e99a18c428cb38d5f260853678922e03
2024/02/27 18:42:23 ACCOUNTID: GB98MIDL07009312345678
2024/02/27 18:42:23 NETWORKID: 2b588f38-d1bc-40bf-85fc-91397bc98465
2024/02/27 18:42:23 OWNINGBANKID: DEUTDEFF
2024/02/27 18:42:23 OWNINGBANKNAME: OwningBank
2024/02/27 18:42:23 TIME: 2017-07-21 17:32:28.001 +0000 UTC
2024/02/27 18:42:23 NAME: Charlié Döe
2024/02/27 18:42:23 MULESCORE: 0.87
2024/02/27 18:42:23 SOURCETRANSACTIONVALUE: 10034
2024/02/27 18:42:23 ENDPOINTFLAG: true
2024/02/27 18:42:23 NUMOUTBOUNDRELATIONSHIPS: 3
2024/02/27 18:42:23 NUMINBOUNDRELATIONSHIPS: 7
2024/02/27 18:42:23 NUMSCHEDULEDMANDATES: 2
2024/02/27 18:42:23 FIRSTAPPEARANCE: 2017-07-21 17:32:28.001 +0000 UTC
2024/02/27 18:42:23 MOSTRECENTAPPEARANCE: 2017-07-21 17:32:28.001 +0000 UTC
2024/02/27 18:42:23 RECEIVESSALARY: true
2024/02/27 18:42:23 DWELLTIME: 3 years 6 mons 4 days 12:30:05
2024/02/27 18:42:23 NUMNETWORKS: 3
2024/02/27 18:42:23 NUMTRACEDNETWORKS: 2
2024/02/27 18:42:23 GENERATION: 4
2024/02/27 18:42:23 TRACETYPE: FRAUD
2024/02/27 18:42:23 TOTALSUSPICIOUSVALUEINBOUND: 10034
2024/02/27 18:42:23 TOTALSUSPICIOUSVALUEOUTBOUND: 10034
2024/02/27 18:42:23 TOTALVALUEINBOUND: 10034
2024/02/27 18:42:23 TOTALVALUEOUTBOUND: 10034
2024/02/27 18:42:23 GENERATIONS: []
2024/02/27 18:42:23 MOSTRECENTFEEDBACK: ACTIONED_MULE
2024/02/27 18:42:23 PARENTALERTID: e99a18c428cb38d5f260853678922e03
2024/02/27 18:42:23 DECISIONDATE: 2017-07-21 17:32:28.001 +0000 UTC
2024/02/27 18:42:23 NEXTPAGINATIONTOKEN: 
2024/02/27 18:42:23 PREVIOUSPAGINATIONTOKEN: 
2024/02/27 18:42:23 =========================================================================================
2024/02/27 18:42:27 
2024/02/27 18:42:27                - - - - Alert-Transaction - - - -   
2024/02/27 18:42:27 Unique-ID: 5a7c31764d601c26c0177a1de2e59ae4
2024/02/27 18:42:27 ALERTACCOUNT-REQUEST: e99a18c428cb38d5f260853678922e03
2024/02/27 18:42:27 RESPONSE:  Success  
2024/02/27 18:42:27 NETWORKALERTID: e99a18c428cb38d5f260853678922e03
2024/02/27 18:42:27 ACCOUNTID: GB98MIDL07009312345678
2024/02/27 18:42:27 NETWORKID: 2b588f38-d1bc-40bf-85fc-91397bc98465
2024/02/27 18:42:27 OWNINGBANKID: DEUTDEFF
2024/02/27 18:42:27 OWNINGBANKNAME: OwningBank
2024/02/27 18:42:27 TIME: 2017-07-21 17:32:28.001 +0000 UTC
2024/02/27 18:42:27 NAME: Charlié Döe
2024/02/27 18:42:27 MULESCORE: 0.87
2024/02/27 18:42:27 SOURCETRANSACTIONVALUE: 10034
2024/02/27 18:42:27 ENDPOINTFLAG: true
2024/02/27 18:42:27 NUMOUTBOUNDRELATIONSHIPS: 3
2024/02/27 18:42:27 NUMINBOUNDRELATIONSHIPS: 7
2024/02/27 18:42:27 NUMSCHEDULEDMANDATES: 2
2024/02/27 18:42:27 FIRSTAPPEARANCE: 2017-07-21 17:32:28.001 +0000 UTC
2024/02/27 18:42:27 MOSTRECENTAPPEARANCE: 2017-07-21 17:32:28.001 +0000 UTC
2024/02/27 18:42:27 RECEIVESSALARY: true
2024/02/27 18:42:27 DWELLTIME: 3 years 6 mons 4 days 12:30:05
2024/02/27 18:42:27 NUMNETWORKS: 3
2024/02/27 18:42:27 NUMTRACEDNETWORKS: 2
2024/02/27 18:42:27 GENERATION: 4
2024/02/27 18:42:27 TRACETYPE: FRAUD
2024/02/27 18:42:27 TOTALSUSPICIOUSVALUEINBOUND: 10034
2024/02/27 18:42:27 TOTALSUSPICIOUSVALUEOUTBOUND: 10034
2024/02/27 18:42:27 TOTALVALUEINBOUND: 10034
2024/02/27 18:42:27 TOTALVALUEOUTBOUND: 10034
2024/02/27 18:42:27 GENERATIONS: []
2024/02/27 18:42:27 MOSTRECENTFEEDBACK: ACTIONED_MULE
2024/02/27 18:42:27 PARENTALERTID: e99a18c428cb38d5f260853678922e03
2024/02/27 18:42:27 DECISIONDATE: 2017-07-21 17:32:28.001 +0000 UTC
2024/02/27 18:42:27 NEXTPAGINATIONTOKEN: 
2024/02/27 18:42:27 PREVIOUSPAGINATIONTOKEN: 
2024/02/27 18:42:27 =========================================================================================
2024/02/27 18:42:38 
2024/02/27 18:42:38                - - - - Alert-Transaction - - - -   
2024/02/27 18:42:38 Unique-ID: bf5c1083d420cd4507d0188d4c4aca20
2024/02/27 18:42:38 ALERTACCOUNT-REQUEST: e99a18c428cb38d5f260853678922e03
2024/02/27 18:42:38 RESPONSE:  Success  
2024/02/27 18:42:38 NETWORKALERTID: e99a18c428cb38d5f260853678922e03
2024/02/27 18:42:38 ACCOUNTID: GB98MIDL07009312345678
2024/02/27 18:42:38 NETWORKID: 2b588f38-d1bc-40bf-85fc-91397bc98465
2024/02/27 18:42:38 OWNINGBANKID: DEUTDEFF
2024/02/27 18:42:38 OWNINGBANKNAME: OwningBank
2024/02/27 18:42:38 TIME: 2017-07-21 17:32:28.001 +0000 UTC
2024/02/27 18:42:38 NAME: Charlié Döe
2024/02/27 18:42:38 MULESCORE: 0.87
2024/02/27 18:42:38 SOURCETRANSACTIONVALUE: 10034
2024/02/27 18:42:38 ENDPOINTFLAG: true
2024/02/27 18:42:38 NUMOUTBOUNDRELATIONSHIPS: 3
2024/02/27 18:42:38 NUMINBOUNDRELATIONSHIPS: 7
2024/02/27 18:42:38 NUMSCHEDULEDMANDATES: 2
2024/02/27 18:42:38 FIRSTAPPEARANCE: 2017-07-21 17:32:28.001 +0000 UTC
2024/02/27 18:42:38 MOSTRECENTAPPEARANCE: 2017-07-21 17:32:28.001 +0000 UTC
2024/02/27 18:42:38 RECEIVESSALARY: true
2024/02/27 18:42:38 DWELLTIME: 3 years 6 mons 4 days 12:30:05
2024/02/27 18:42:38 NUMNETWORKS: 3
2024/02/27 18:42:38 NUMTRACEDNETWORKS: 2
2024/02/27 18:42:38 GENERATION: 4
2024/02/27 18:42:38 TRACETYPE: FRAUD
2024/02/27 18:42:38 TOTALSUSPICIOUSVALUEINBOUND: 10034
2024/02/27 18:42:38 TOTALSUSPICIOUSVALUEOUTBOUND: 10034
2024/02/27 18:42:38 TOTALVALUEINBOUND: 10034
2024/02/27 18:42:38 TOTALVALUEOUTBOUND: 10034
2024/02/27 18:42:38 GENERATIONS: []
2024/02/27 18:42:38 MOSTRECENTFEEDBACK: ACTIONED_MULE
2024/02/27 18:42:38 PARENTALERTID: e99a18c428cb38d5f260853678922e03
2024/02/27 18:42:38 DECISIONDATE: 2017-07-21 17:32:28.001 +0000 UTC
2024/02/27 18:42:38 NEXTPAGINATIONTOKEN: 
2024/02/27 18:42:38 PREVIOUSPAGINATIONTOKEN: 
2024/02/27 18:42:38 =========================================================================================
2024/02/27 18:42:54 
2024/02/27 18:42:54                - - - - Alert-Transaction - - - -   
2024/02/27 18:42:54 Unique-ID: 65a7503551a822d15b1ac40c26d93c44
2024/02/27 18:42:54 ALERTACCOUNT-REQUEST: Error counting filtered transactions
2024/02/27 18:42:54 RESPONSE: (Bad Request - 400)
2024/02/27 18:42:54 NETWORKALERTID: null
2024/02/27 18:42:54 ACCOUNTID: null
2024/02/27 18:42:54 NETWORKID: null
2024/02/27 18:42:54 OWNINGBANKID: null
2024/02/27 18:42:54 OWNINGBANKNAME: null
2024/02/27 18:42:54 TIME: 2024-02-27 18:42:54.792612 +0800 PST m=+18.968969084
2024/02/27 18:42:54 NAME: null
2024/02/27 18:42:54 MULESCORE: 0
2024/02/27 18:42:54 SOURCETRANSACTIONVALUE: 0
2024/02/27 18:42:54 ENDPOINTFLAG: false
2024/02/27 18:42:54 NUMOUTBOUNDRELATIONSHIPS: 0
2024/02/27 18:42:54 NUMINBOUNDRELATIONSHIPS: 0
2024/02/27 18:42:54 NUMSCHEDULEDMANDATES: 0
2024/02/27 18:42:54 FIRSTAPPEARANCE: 2024-02-27 18:42:54.792612 +0800 PST m=+18.968969168
2024/02/27 18:42:54 MOSTRECENTAPPEARANCE: 2024-02-27 18:42:54.792612 +0800 PST m=+18.968969251
2024/02/27 18:42:54 RECEIVESSALARY: false
2024/02/27 18:42:54 DWELLTIME: null
2024/02/27 18:42:54 NUMNETWORKS: 0
2024/02/27 18:42:54 NUMTRACEDNETWORKS: 0
2024/02/27 18:42:54 GENERATION: 0
2024/02/27 18:42:54 TRACETYPE: null
2024/02/27 18:42:54 TOTALSUSPICIOUSVALUEINBOUND: 0
2024/02/27 18:42:54 TOTALSUSPICIOUSVALUEOUTBOUND: 0
2024/02/27 18:42:54 TOTALVALUEINBOUND: 0
2024/02/27 18:42:54 TOTALVALUEOUTBOUND: 0
2024/02/27 18:42:54 GENERATIONS: [0]
2024/02/27 18:42:54 MOSTRECENTFEEDBACK: null
2024/02/27 18:42:54 PARENTALERTID: null
2024/02/27 18:42:54 DECISIONDATE: 2024-02-27 18:42:54.792612 +0800 PST m=+18.968969334
2024/02/27 18:42:54 NEXTPAGINATIONTOKEN: null
2024/02/27 18:42:54 PREVIOUSPAGINATIONTOKEN: null
2024/02/27 18:42:54 =========================================================================================
2024/02/27 18:42:58 
2024/02/27 18:42:58                - - - - Alert-Transaction - - - -   
2024/02/27 18:42:58 Unique-ID: c5512ea9f0940af17ec19ae777d62e69
2024/02/27 18:42:58 ALERTACCOUNT-REQUEST: Error counting filtered transactions
2024/02/27 18:42:58 RESPONSE: (Bad Request - 400)
2024/02/27 18:42:58 NETWORKALERTID: null
2024/02/27 18:42:58 ACCOUNTID: null
2024/02/27 18:42:58 NETWORKID: null
2024/02/27 18:42:58 OWNINGBANKID: null
2024/02/27 18:42:58 OWNINGBANKNAME: null
2024/02/27 18:42:58 TIME: 2024-02-27 18:42:58.617014 +0800 PST m=+22.793534584
2024/02/27 18:42:58 NAME: null
2024/02/27 18:42:58 MULESCORE: 0
2024/02/27 18:42:58 SOURCETRANSACTIONVALUE: 0
2024/02/27 18:42:58 ENDPOINTFLAG: false
2024/02/27 18:42:58 NUMOUTBOUNDRELATIONSHIPS: 0
2024/02/27 18:42:58 NUMINBOUNDRELATIONSHIPS: 0
2024/02/27 18:42:58 NUMSCHEDULEDMANDATES: 0
2024/02/27 18:42:58 FIRSTAPPEARANCE: 2024-02-27 18:42:58.617014 +0800 PST m=+22.793534709
2024/02/27 18:42:58 MOSTRECENTAPPEARANCE: 2024-02-27 18:42:58.617014 +0800 PST m=+22.793534793
2024/02/27 18:42:58 RECEIVESSALARY: false
2024/02/27 18:42:58 DWELLTIME: null
2024/02/27 18:42:58 NUMNETWORKS: 0
2024/02/27 18:42:58 NUMTRACEDNETWORKS: 0
2024/02/27 18:42:58 GENERATION: 0
2024/02/27 18:42:58 TRACETYPE: null
2024/02/27 18:42:58 TOTALSUSPICIOUSVALUEINBOUND: 0
2024/02/27 18:42:58 TOTALSUSPICIOUSVALUEOUTBOUND: 0
2024/02/27 18:42:58 TOTALVALUEINBOUND: 0
2024/02/27 18:42:58 TOTALVALUEOUTBOUND: 0
2024/02/27 18:42:58 GENERATIONS: [0]
2024/02/27 18:42:58 MOSTRECENTFEEDBACK: null
2024/02/27 18:42:58 PARENTALERTID: null
2024/02/27 18:42:58 DECISIONDATE: 2024-02-27 18:42:58.617014 +0800 PST m=+22.793534876
2024/02/27 18:42:58 NEXTPAGINATIONTOKEN: null
2024/02/27 18:42:58 PREVIOUSPAGINATIONTOKEN: null
2024/02/27 18:42:58 =========================================================================================
2024/02/27 18:43:02 
2024/02/27 18:43:02                - - - - Alert-Transaction - - - -   
2024/02/27 18:43:02 Unique-ID: 9b425b374488d5389fe509def517be22
2024/02/27 18:43:02 ALERTACCOUNT-REQUEST: Error counting filtered transactions
2024/02/27 18:43:02 RESPONSE: (Bad Request - 400)
2024/02/27 18:43:02 NETWORKALERTID: null
2024/02/27 18:43:02 ACCOUNTID: null
2024/02/27 18:43:02 NETWORKID: null
2024/02/27 18:43:02 OWNINGBANKID: null
2024/02/27 18:43:02 OWNINGBANKNAME: null
2024/02/27 18:43:02 TIME: 2024-02-27 18:43:02.24999 +0800 PST m=+26.426666876
2024/02/27 18:43:02 NAME: null
2024/02/27 18:43:02 MULESCORE: 0
2024/02/27 18:43:02 SOURCETRANSACTIONVALUE: 0
2024/02/27 18:43:02 ENDPOINTFLAG: false
2024/02/27 18:43:02 NUMOUTBOUNDRELATIONSHIPS: 0
2024/02/27 18:43:02 NUMINBOUNDRELATIONSHIPS: 0
2024/02/27 18:43:02 NUMSCHEDULEDMANDATES: 0
2024/02/27 18:43:02 FIRSTAPPEARANCE: 2024-02-27 18:43:02.249991 +0800 PST m=+26.426667126
2024/02/27 18:43:02 MOSTRECENTAPPEARANCE: 2024-02-27 18:43:02.249991 +0800 PST m=+26.426667418
2024/02/27 18:43:02 RECEIVESSALARY: false
2024/02/27 18:43:02 DWELLTIME: null
2024/02/27 18:43:02 NUMNETWORKS: 0
2024/02/27 18:43:02 NUMTRACEDNETWORKS: 0
2024/02/27 18:43:02 GENERATION: 0
2024/02/27 18:43:02 TRACETYPE: null
2024/02/27 18:43:02 TOTALSUSPICIOUSVALUEINBOUND: 0
2024/02/27 18:43:02 TOTALSUSPICIOUSVALUEOUTBOUND: 0
2024/02/27 18:43:02 TOTALVALUEINBOUND: 0
2024/02/27 18:43:02 TOTALVALUEOUTBOUND: 0
2024/02/27 18:43:02 GENERATIONS: [0]
2024/02/27 18:43:02 MOSTRECENTFEEDBACK: null
2024/02/27 18:43:02 PARENTALERTID: null
2024/02/27 18:43:02 DECISIONDATE: 2024-02-27 18:43:02.249991 +0800 PST m=+26.426667584
2024/02/27 18:43:02 NEXTPAGINATIONTOKEN: null
2024/02/27 18:43:02 PREVIOUSPAGINATIONTOKEN: null
2024/02/27 18:43:02 =========================================================================================
2024/02/27 18:43:06 
2024/02/27 18:43:06                - - - - Alert-Transaction - - - -   
2024/02/27 18:43:06 Unique-ID: 4f2bb542b5e67f3523d49b2ffdf29932
2024/02/27 18:43:06 ALERTACCOUNT-REQUEST: Error counting filtered transactions
2024/02/27 18:43:06 RESPONSE: (Bad Request - 400)
2024/02/27 18:43:06 NETWORKALERTID: null
2024/02/27 18:43:06 ACCOUNTID: null
2024/02/27 18:43:06 NETWORKID: null
2024/02/27 18:43:06 OWNINGBANKID: null
2024/02/27 18:43:06 OWNINGBANKNAME: null
2024/02/27 18:43:06 TIME: 2024-02-27 18:43:06.129657 +0800 PST m=+30.306499126
2024/02/27 18:43:06 NAME: null
2024/02/27 18:43:06 MULESCORE: 0
2024/02/27 18:43:06 SOURCETRANSACTIONVALUE: 0
2024/02/27 18:43:06 ENDPOINTFLAG: false
2024/02/27 18:43:06 NUMOUTBOUNDRELATIONSHIPS: 0
2024/02/27 18:43:06 NUMINBOUNDRELATIONSHIPS: 0
2024/02/27 18:43:06 NUMSCHEDULEDMANDATES: 0
2024/02/27 18:43:06 FIRSTAPPEARANCE: 2024-02-27 18:43:06.129657 +0800 PST m=+30.306499251
2024/02/27 18:43:06 MOSTRECENTAPPEARANCE: 2024-02-27 18:43:06.129657 +0800 PST m=+30.306499334
2024/02/27 18:43:06 RECEIVESSALARY: false
2024/02/27 18:43:06 DWELLTIME: null
2024/02/27 18:43:06 NUMNETWORKS: 0
2024/02/27 18:43:06 NUMTRACEDNETWORKS: 0
2024/02/27 18:43:06 GENERATION: 0
2024/02/27 18:43:06 TRACETYPE: null
2024/02/27 18:43:06 TOTALSUSPICIOUSVALUEINBOUND: 0
2024/02/27 18:43:06 TOTALSUSPICIOUSVALUEOUTBOUND: 0
2024/02/27 18:43:06 TOTALVALUEINBOUND: 0
2024/02/27 18:43:06 TOTALVALUEOUTBOUND: 0
2024/02/27 18:43:06 GENERATIONS: [0]
2024/02/27 18:43:06 MOSTRECENTFEEDBACK: null
2024/02/27 18:43:06 PARENTALERTID: null
2024/02/27 18:43:06 DECISIONDATE: 2024-02-27 18:43:06.129657 +0800 PST m=+30.306499418
2024/02/27 18:43:06 NEXTPAGINATIONTOKEN: null
2024/02/27 18:43:06 PREVIOUSPAGINATIONTOKEN: null
2024/02/27 18:43:06 =========================================================================================
2024/02/27 18:43:32 
2024/02/27 18:43:32                - - - - Alert-Transaction - - - -   
2024/02/27 18:43:32 Unique-ID: ce5728d11f5d1183b72ec602c171ee51
2024/02/27 18:43:32 ALERTACCOUNT-REQUEST: Error counting filtered transactions
2024/02/27 18:43:32 RESPONSE: (Bad Request - 400)
2024/02/27 18:43:32 NETWORKALERTID: null
2024/02/27 18:43:32 ACCOUNTID: null
2024/02/27 18:43:32 NETWORKID: null
2024/02/27 18:43:32 OWNINGBANKID: null
2024/02/27 18:43:32 OWNINGBANKNAME: null
2024/02/27 18:43:32 TIME: 2024-02-27 18:43:32.446033 +0800 PST m=+6.552048001
2024/02/27 18:43:32 NAME: null
2024/02/27 18:43:32 MULESCORE: 0
2024/02/27 18:43:32 SOURCETRANSACTIONVALUE: 0
2024/02/27 18:43:32 ENDPOINTFLAG: false
2024/02/27 18:43:32 NUMOUTBOUNDRELATIONSHIPS: 0
2024/02/27 18:43:32 NUMINBOUNDRELATIONSHIPS: 0
2024/02/27 18:43:32 NUMSCHEDULEDMANDATES: 0
2024/02/27 18:43:32 FIRSTAPPEARANCE: 2024-02-27 18:43:32.446034 +0800 PST m=+6.552048126
2024/02/27 18:43:32 MOSTRECENTAPPEARANCE: 2024-02-27 18:43:32.446034 +0800 PST m=+6.552048251
2024/02/27 18:43:32 RECEIVESSALARY: false
2024/02/27 18:43:32 DWELLTIME: null
2024/02/27 18:43:32 NUMNETWORKS: 0
2024/02/27 18:43:32 NUMTRACEDNETWORKS: 0
2024/02/27 18:43:32 GENERATION: 0
2024/02/27 18:43:32 TRACETYPE: null
2024/02/27 18:43:32 TOTALSUSPICIOUSVALUEINBOUND: 0
2024/02/27 18:43:32 TOTALSUSPICIOUSVALUEOUTBOUND: 0
2024/02/27 18:43:32 TOTALVALUEINBOUND: 0
2024/02/27 18:43:32 TOTALVALUEOUTBOUND: 0
2024/02/27 18:43:32 GENERATIONS: [0]
2024/02/27 18:43:32 MOSTRECENTFEEDBACK: null
2024/02/27 18:43:32 PARENTALERTID: null
2024/02/27 18:43:32 DECISIONDATE: 2024-02-27 18:43:32.446034 +0800 PST m=+6.552048334
2024/02/27 18:43:32 NEXTPAGINATIONTOKEN: null
2024/02/27 18:43:32 PREVIOUSPAGINATIONTOKEN: null
2024/02/27 18:43:32 =========================================================================================
2024/02/27 18:44:04 
2024/02/27 18:44:04                - - - - Alert-Transaction - - - -   
2024/02/27 18:44:04 Unique-ID: da3fac0daa2df242d27f05d366f59062
2024/02/27 18:44:04 ALERTACCOUNT-REQUEST: The request contains a bad payload
2024/02/27 18:44:04 RESPONSE: (Bad Request - 400)
2024/02/27 18:44:04 NETWORKALERTID: null
2024/02/27 18:44:04 ACCOUNTID: null
2024/02/27 18:44:04 NETWORKID: null
2024/02/27 18:44:04 OWNINGBANKID: null
2024/02/27 18:44:04 OWNINGBANKNAME: null
2024/02/27 18:44:04 TIME: 2024-02-27 18:44:04.796099 +0800 PST m=+1.739734084
2024/02/27 18:44:04 NAME: null
2024/02/27 18:44:04 MULESCORE: 0
2024/02/27 18:44:04 SOURCETRANSACTIONVALUE: 0
2024/02/27 18:44:04 ENDPOINTFLAG: false
2024/02/27 18:44:04 NUMOUTBOUNDRELATIONSHIPS: 0
2024/02/27 18:44:04 NUMINBOUNDRELATIONSHIPS: 0
2024/02/27 18:44:04 NUMSCHEDULEDMANDATES: 0
2024/02/27 18:44:04 FIRSTAPPEARANCE: 2024-02-27 18:44:04.7961 +0800 PST m=+1.739734209
2024/02/27 18:44:04 MOSTRECENTAPPEARANCE: 2024-02-27 18:44:04.7961 +0800 PST m=+1.739734376
2024/02/27 18:44:04 RECEIVESSALARY: false
2024/02/27 18:44:04 DWELLTIME: null
2024/02/27 18:44:04 NUMNETWORKS: 0
2024/02/27 18:44:04 NUMTRACEDNETWORKS: 0
2024/02/27 18:44:04 GENERATION: 0
2024/02/27 18:44:04 TRACETYPE: null
2024/02/27 18:44:04 TOTALSUSPICIOUSVALUEINBOUND: 0
2024/02/27 18:44:04 TOTALSUSPICIOUSVALUEOUTBOUND: 0
2024/02/27 18:44:04 TOTALVALUEINBOUND: 0
2024/02/27 18:44:04 TOTALVALUEOUTBOUND: 0
2024/02/27 18:44:04 GENERATIONS: [0]
2024/02/27 18:44:04 MOSTRECENTFEEDBACK: null
2024/02/27 18:44:04 PARENTALERTID: null
2024/02/27 18:44:04 DECISIONDATE: 2024-02-27 18:44:04.7961 +0800 PST m=+1.739734459
2024/02/27 18:44:04 NEXTPAGINATIONTOKEN: null
2024/02/27 18:44:04 PREVIOUSPAGINATIONTOKEN: null
2024/02/27 18:44:04 =========================================================================================
2024/02/27 18:44:07 
2024/02/27 18:44:07                - - - - Alert-Transaction - - - -   
2024/02/27 18:44:07 Unique-ID: d7689249364127ad3f5756dfc79018ad
2024/02/27 18:44:07 ALERTACCOUNT-REQUEST: The request contains a bad payload
2024/02/27 18:44:07 RESPONSE: (Bad Request - 400)
2024/02/27 18:44:07 NETWORKALERTID: null
2024/02/27 18:44:07 ACCOUNTID: null
2024/02/27 18:44:07 NETWORKID: null
2024/02/27 18:44:07 OWNINGBANKID: null
2024/02/27 18:44:07 OWNINGBANKNAME: null
2024/02/27 18:44:07 TIME: 2024-02-27 18:44:07.172652 +0800 PST m=+4.116388001
2024/02/27 18:44:07 NAME: null
2024/02/27 18:44:07 MULESCORE: 0
2024/02/27 18:44:07 SOURCETRANSACTIONVALUE: 0
2024/02/27 18:44:07 ENDPOINTFLAG: false
2024/02/27 18:44:07 NUMOUTBOUNDRELATIONSHIPS: 0
2024/02/27 18:44:07 NUMINBOUNDRELATIONSHIPS: 0
2024/02/27 18:44:07 NUMSCHEDULEDMANDATES: 0
2024/02/27 18:44:07 FIRSTAPPEARANCE: 2024-02-27 18:44:07.172652 +0800 PST m=+4.116388084
2024/02/27 18:44:07 MOSTRECENTAPPEARANCE: 2024-02-27 18:44:07.172652 +0800 PST m=+4.116388251
2024/02/27 18:44:07 RECEIVESSALARY: false
2024/02/27 18:44:07 DWELLTIME: null
2024/02/27 18:44:07 NUMNETWORKS: 0
2024/02/27 18:44:07 NUMTRACEDNETWORKS: 0
2024/02/27 18:44:07 GENERATION: 0
2024/02/27 18:44:07 TRACETYPE: null
2024/02/27 18:44:07 TOTALSUSPICIOUSVALUEINBOUND: 0
2024/02/27 18:44:07 TOTALSUSPICIOUSVALUEOUTBOUND: 0
2024/02/27 18:44:07 TOTALVALUEINBOUND: 0
2024/02/27 18:44:07 TOTALVALUEOUTBOUND: 0
2024/02/27 18:44:07 GENERATIONS: [0]
2024/02/27 18:44:07 MOSTRECENTFEEDBACK: null
2024/02/27 18:44:07 PARENTALERTID: null
2024/02/27 18:44:07 DECISIONDATE: 2024-02-27 18:44:07.172652 +0800 PST m=+4.116388334
2024/02/27 18:44:07 NEXTPAGINATIONTOKEN: null
2024/02/27 18:44:07 PREVIOUSPAGINATIONTOKEN: null
2024/02/27 18:44:07 =========================================================================================
2024/02/27 18:44:10 
2024/02/27 18:44:10                - - - - Alert-Transaction - - - -   
2024/02/27 18:44:10 Unique-ID: 6162d19981c24d2fa2b9acae8ef496f4
2024/02/27 18:44:10 ALERTACCOUNT-REQUEST: The request contains a bad payload
2024/02/27 18:44:10 RESPONSE: (Bad Request - 400)
2024/02/27 18:44:10 NETWORKALERTID: null
2024/02/27 18:44:10 ACCOUNTID: null
2024/02/27 18:44:10 NETWORKID: null
2024/02/27 18:44:10 OWNINGBANKID: null
2024/02/27 18:44:10 OWNINGBANKNAME: null
2024/02/27 18:44:10 TIME: 2024-02-27 18:44:10.443466 +0800 PST m=+7.387342668
2024/02/27 18:44:10 NAME: null
2024/02/27 18:44:10 MULESCORE: 0
2024/02/27 18:44:10 SOURCETRANSACTIONVALUE: 0
2024/02/27 18:44:10 ENDPOINTFLAG: false
2024/02/27 18:44:10 NUMOUTBOUNDRELATIONSHIPS: 0
2024/02/27 18:44:10 NUMINBOUNDRELATIONSHIPS: 0
2024/02/27 18:44:10 NUMSCHEDULEDMANDATES: 0
2024/02/27 18:44:10 FIRSTAPPEARANCE: 2024-02-27 18:44:10.443467 +0800 PST m=+7.387342876
2024/02/27 18:44:10 MOSTRECENTAPPEARANCE: 2024-02-27 18:44:10.443467 +0800 PST m=+7.387342959
2024/02/27 18:44:10 RECEIVESSALARY: false
2024/02/27 18:44:10 DWELLTIME: null
2024/02/27 18:44:10 NUMNETWORKS: 0
2024/02/27 18:44:10 NUMTRACEDNETWORKS: 0
2024/02/27 18:44:10 GENERATION: 0
2024/02/27 18:44:10 TRACETYPE: null
2024/02/27 18:44:10 TOTALSUSPICIOUSVALUEINBOUND: 0
2024/02/27 18:44:10 TOTALSUSPICIOUSVALUEOUTBOUND: 0
2024/02/27 18:44:10 TOTALVALUEINBOUND: 0
2024/02/27 18:44:10 TOTALVALUEOUTBOUND: 0
2024/02/27 18:44:10 GENERATIONS: [0]
2024/02/27 18:44:10 MOSTRECENTFEEDBACK: null
2024/02/27 18:44:10 PARENTALERTID: null
2024/02/27 18:44:10 DECISIONDATE: 2024-02-27 18:44:10.443467 +0800 PST m=+7.387343043
2024/02/27 18:44:10 NEXTPAGINATIONTOKEN: null
2024/02/27 18:44:10 PREVIOUSPAGINATIONTOKEN: null
2024/02/27 18:44:10 =========================================================================================
2024/02/27 18:44:38 
2024/02/27 18:44:38                - - - - Alert-Transaction - - - -   
2024/02/27 18:44:38 Unique-ID: 7c927b2d965adcb3e62e601155966dc6
2024/02/27 18:44:38 ALERTACCOUNT-REQUEST: Limit exceeds the total number of filtered transactions
2024/02/27 18:44:38 RESPONSE: (Bad Request - 400)
2024/02/27 18:44:38 NETWORKALERTID: null
2024/02/27 18:44:38 ACCOUNTID: null
2024/02/27 18:44:38 NETWORKID: null
2024/02/27 18:44:38 OWNINGBANKID: null
2024/02/27 18:44:38 OWNINGBANKNAME: null
2024/02/27 18:44:38 TIME: 2024-02-27 18:44:38.167752 +0800 PST m=+0.217839793
2024/02/27 18:44:38 NAME: null
2024/02/27 18:44:38 MULESCORE: 0
2024/02/27 18:44:38 SOURCETRANSACTIONVALUE: 0
2024/02/27 18:44:38 ENDPOINTFLAG: false
2024/02/27 18:44:38 NUMOUTBOUNDRELATIONSHIPS: 0
2024/02/27 18:44:38 NUMINBOUNDRELATIONSHIPS: 0
2024/02/27 18:44:38 NUMSCHEDULEDMANDATES: 0
2024/02/27 18:44:38 FIRSTAPPEARANCE: 2024-02-27 18:44:38.167752 +0800 PST m=+0.217840001
2024/02/27 18:44:38 MOSTRECENTAPPEARANCE: 2024-02-27 18:44:38.167753 +0800 PST m=+0.217840168
2024/02/27 18:44:38 RECEIVESSALARY: false
2024/02/27 18:44:38 DWELLTIME: null
2024/02/27 18:44:38 NUMNETWORKS: 0
2024/02/27 18:44:38 NUMTRACEDNETWORKS: 0
2024/02/27 18:44:38 GENERATION: 0
2024/02/27 18:44:38 TRACETYPE: null
2024/02/27 18:44:38 TOTALSUSPICIOUSVALUEINBOUND: 0
2024/02/27 18:44:38 TOTALSUSPICIOUSVALUEOUTBOUND: 0
2024/02/27 18:44:38 TOTALVALUEINBOUND: 0
2024/02/27 18:44:38 TOTALVALUEOUTBOUND: 0
2024/02/27 18:44:38 GENERATIONS: [0]
2024/02/27 18:44:38 MOSTRECENTFEEDBACK: null
2024/02/27 18:44:38 PARENTALERTID: null
2024/02/27 18:44:38 DECISIONDATE: 2024-02-27 18:44:38.167753 +0800 PST m=+0.217840376
2024/02/27 18:44:38 NEXTPAGINATIONTOKEN: null
2024/02/27 18:44:38 PREVIOUSPAGINATIONTOKEN: null
2024/02/27 18:44:38 =========================================================================================
2024/02/27 18:51:03 
2024/02/27 18:51:03                - - - - Alert-Transaction - - - -   
2024/02/27 18:51:03 Unique-ID: 948b3cca07f86e7984e0c9f4fe48f647
2024/02/27 18:51:03 ALERTACCOUNT-REQUEST: 12345678
2024/02/27 18:51:03 RESPONSE:  Success  
2024/02/27 18:51:03 NETWORKALERTID: e99a18c428cb38d5f260853678922e90
2024/02/27 18:51:03 ACCOUNTID: GB98MIDL07009312345678
2024/02/27 18:51:03 NETWORKID: 2b588f38-d1bc-40bf-85fc-91397bc98411
2024/02/27 18:51:03 OWNINGBANKID: DEUTDEFF
2024/02/27 18:51:03 OWNINGBANKNAME: OwningBank
2024/02/27 18:51:03 TIME: 2017-07-21 17:32:28.001 +0000 UTC
2024/02/27 18:51:03 NAME: Charlié Döe
2024/02/27 18:51:03 MULESCORE: 0.87
2024/02/27 18:51:03 SOURCETRANSACTIONVALUE: 10034
2024/02/27 18:51:03 ENDPOINTFLAG: true
2024/02/27 18:51:03 NUMOUTBOUNDRELATIONSHIPS: 3
2024/02/27 18:51:03 NUMINBOUNDRELATIONSHIPS: 7
2024/02/27 18:51:03 NUMSCHEDULEDMANDATES: 2
2024/02/27 18:51:03 FIRSTAPPEARANCE: 2017-07-21 17:32:28.001 +0000 UTC
2024/02/27 18:51:03 MOSTRECENTAPPEARANCE: 2017-07-21 17:32:28.001 +0000 UTC
2024/02/27 18:51:03 RECEIVESSALARY: true
2024/02/27 18:51:03 DWELLTIME: 3 years 6 mons 4 days 12:30:05
2024/02/27 18:51:03 NUMNETWORKS: 3
2024/02/27 18:51:03 NUMTRACEDNETWORKS: 2
2024/02/27 18:51:03 GENERATION: 4
2024/02/27 18:51:03 TRACETYPE: FRAUD
2024/02/27 18:51:03 TOTALSUSPICIOUSVALUEINBOUND: 10034
2024/02/27 18:51:03 TOTALSUSPICIOUSVALUEOUTBOUND: 10034
2024/02/27 18:51:03 TOTALVALUEINBOUND: 10034
2024/02/27 18:51:03 TOTALVALUEOUTBOUND: 10034
2024/02/27 18:51:03 GENERATIONS: []
2024/02/27 18:51:03 MOSTRECENTFEEDBACK: ACTIONED_MULE
2024/02/27 18:51:03 PARENTALERTID: e99a18c428cb38d5f260853678922e22
2024/02/27 18:51:03 DECISIONDATE: 2017-07-21 17:32:28.001 +0000 UTC
2024/02/27 18:51:03 NEXTPAGINATIONTOKEN: 
2024/02/27 18:51:03 PREVIOUSPAGINATIONTOKEN: 
2024/02/27 18:51:03 =========================================================================================
2024/02/27 18:51:24 
2024/02/27 18:51:24                - - - - Alert-Transaction - - - -   
2024/02/27 18:51:24 Unique-ID: 25e5052d62ab99ef6997b6fc459e5a3d
2024/02/27 18:51:24 ALERTACCOUNT-REQUEST: Error counting filtered transactions
2024/02/27 18:51:24 RESPONSE: (Bad Request - 400)
2024/02/27 18:51:24 NETWORKALERTID: null
2024/02/27 18:51:24 ACCOUNTID: null
2024/02/27 18:51:24 NETWORKID: null
2024/02/27 18:51:24 OWNINGBANKID: null
2024/02/27 18:51:24 OWNINGBANKNAME: null
2024/02/27 18:51:24 TIME: 2024-02-27 18:51:24.979314 +0800 PST m=+1.495171834
2024/02/27 18:51:24 NAME: null
2024/02/27 18:51:24 MULESCORE: 0
2024/02/27 18:51:24 SOURCETRANSACTIONVALUE: 0
2024/02/27 18:51:24 ENDPOINTFLAG: false
2024/02/27 18:51:24 NUMOUTBOUNDRELATIONSHIPS: 0
2024/02/27 18:51:24 NUMINBOUNDRELATIONSHIPS: 0
2024/02/27 18:51:24 NUMSCHEDULEDMANDATES: 0
2024/02/27 18:51:24 FIRSTAPPEARANCE: 2024-02-27 18:51:24.979314 +0800 PST m=+1.495171918
2024/02/27 18:51:24 MOSTRECENTAPPEARANCE: 2024-02-27 18:51:24.979314 +0800 PST m=+1.495172126
2024/02/27 18:51:24 RECEIVESSALARY: false
2024/02/27 18:51:24 DWELLTIME: null
2024/02/27 18:51:24 NUMNETWORKS: 0
2024/02/27 18:51:24 NUMTRACEDNETWORKS: 0
2024/02/27 18:51:24 GENERATION: 0
2024/02/27 18:51:24 TRACETYPE: null
2024/02/27 18:51:24 TOTALSUSPICIOUSVALUEINBOUND: 0
2024/02/27 18:51:24 TOTALSUSPICIOUSVALUEOUTBOUND: 0
2024/02/27 18:51:24 TOTALVALUEINBOUND: 0
2024/02/27 18:51:24 TOTALVALUEOUTBOUND: 0
2024/02/27 18:51:24 GENERATIONS: [0]
2024/02/27 18:51:24 MOSTRECENTFEEDBACK: null
2024/02/27 18:51:24 PARENTALERTID: null
2024/02/27 18:51:24 DECISIONDATE: 2024-02-27 18:51:24.979314 +0800 PST m=+1.495172209
2024/02/27 18:51:24 NEXTPAGINATIONTOKEN: null
2024/02/27 18:51:24 PREVIOUSPAGINATIONTOKEN: null
2024/02/27 18:51:24 =========================================================================================
2024/02/27 18:51:52 
2024/02/27 18:51:52                - - - - Alert-Transaction - - - -   
2024/02/27 18:51:52 Unique-ID: 5411d916fc399ac56ce987d21796e132
2024/02/27 18:51:52 ALERTACCOUNT-REQUEST: 12345678
2024/02/27 18:51:52 RESPONSE:  Success  
2024/02/27 18:51:52 NETWORKALERTID: e99a18c428cb38d5f260853678922e90
2024/02/27 18:51:52 ACCOUNTID: GB98MIDL07009312345678
2024/02/27 18:51:52 NETWORKID: 2b588f38-d1bc-40bf-85fc-91397bc98411
2024/02/27 18:51:52 OWNINGBANKID: DEUTDEFF
2024/02/27 18:51:52 OWNINGBANKNAME: OwningBank
2024/02/27 18:51:52 TIME: 2017-07-21 17:32:28.001 +0000 UTC
2024/02/27 18:51:52 NAME: Charlié Döe
2024/02/27 18:51:52 MULESCORE: 0.87
2024/02/27 18:51:52 SOURCETRANSACTIONVALUE: 10034
2024/02/27 18:51:52 ENDPOINTFLAG: true
2024/02/27 18:51:52 NUMOUTBOUNDRELATIONSHIPS: 3
2024/02/27 18:51:52 NUMINBOUNDRELATIONSHIPS: 7
2024/02/27 18:51:52 NUMSCHEDULEDMANDATES: 2
2024/02/27 18:51:52 FIRSTAPPEARANCE: 2017-07-21 17:32:28.001 +0000 UTC
2024/02/27 18:51:52 MOSTRECENTAPPEARANCE: 2017-07-21 17:32:28.001 +0000 UTC
2024/02/27 18:51:52 RECEIVESSALARY: true
2024/02/27 18:51:52 DWELLTIME: 3 years 6 mons 4 days 12:30:05
2024/02/27 18:51:52 NUMNETWORKS: 3
2024/02/27 18:51:52 NUMTRACEDNETWORKS: 2
2024/02/27 18:51:52 GENERATION: 4
2024/02/27 18:51:52 TRACETYPE: FRAUD
2024/02/27 18:51:52 TOTALSUSPICIOUSVALUEINBOUND: 10034
2024/02/27 18:51:52 TOTALSUSPICIOUSVALUEOUTBOUND: 10034
2024/02/27 18:51:52 TOTALVALUEINBOUND: 10034
2024/02/27 18:51:52 TOTALVALUEOUTBOUND: 10034
2024/02/27 18:51:52 GENERATIONS: []
2024/02/27 18:51:52 MOSTRECENTFEEDBACK: ACTIONED_MULE
2024/02/27 18:51:52 PARENTALERTID: e99a18c428cb38d5f260853678922e22
2024/02/27 18:51:52 DECISIONDATE: 2017-07-21 17:32:28.001 +0000 UTC
2024/02/27 18:51:52 NEXTPAGINATIONTOKEN: 
2024/02/27 18:51:52 PREVIOUSPAGINATIONTOKEN: 
2024/02/27 18:51:52 =========================================================================================
2024/02/27 18:52:23 
2024/02/27 18:52:23                - - - - Alert-Transaction - - - -   
2024/02/27 18:52:23 Unique-ID: 523da43f801163d330fc216599e5070c
2024/02/27 18:52:23 ALERTACCOUNT-REQUEST: e99a18c428cb38d5f260853678922e03
2024/02/27 18:52:23 RESPONSE:  Success  
2024/02/27 18:52:23 NETWORKALERTID: e99a18c428cb38d5f260853678922e03
2024/02/27 18:52:23 ACCOUNTID: GB98MIDL07009312345678
2024/02/27 18:52:23 NETWORKID: 2b588f38-d1bc-40bf-85fc-91397bc98465
2024/02/27 18:52:23 OWNINGBANKID: DEUTDEFF
2024/02/27 18:52:23 OWNINGBANKNAME: OwningBank
2024/02/27 18:52:23 TIME: 2017-07-21 17:32:28.001 +0000 UTC
2024/02/27 18:52:23 NAME: Charlié Döe
2024/02/27 18:52:23 MULESCORE: 0.87
2024/02/27 18:52:23 SOURCETRANSACTIONVALUE: 10034
2024/02/27 18:52:23 ENDPOINTFLAG: true
2024/02/27 18:52:23 NUMOUTBOUNDRELATIONSHIPS: 3
2024/02/27 18:52:23 NUMINBOUNDRELATIONSHIPS: 7
2024/02/27 18:52:23 NUMSCHEDULEDMANDATES: 2
2024/02/27 18:52:23 FIRSTAPPEARANCE: 2017-07-21 17:32:28.001 +0000 UTC
2024/02/27 18:52:23 MOSTRECENTAPPEARANCE: 2017-07-21 17:32:28.001 +0000 UTC
2024/02/27 18:52:23 RECEIVESSALARY: true
2024/02/27 18:52:23 DWELLTIME: 3 years 6 mons 4 days 12:30:05
2024/02/27 18:52:23 NUMNETWORKS: 3
2024/02/27 18:52:23 NUMTRACEDNETWORKS: 2
2024/02/27 18:52:23 GENERATION: 4
2024/02/27 18:52:23 TRACETYPE: FRAUD
2024/02/27 18:52:23 TOTALSUSPICIOUSVALUEINBOUND: 10034
2024/02/27 18:52:23 TOTALSUSPICIOUSVALUEOUTBOUND: 10034
2024/02/27 18:52:23 TOTALVALUEINBOUND: 10034
2024/02/27 18:52:23 TOTALVALUEOUTBOUND: 10034
2024/02/27 18:52:23 GENERATIONS: []
2024/02/27 18:52:23 MOSTRECENTFEEDBACK: ACTIONED_MULE
2024/02/27 18:52:23 PARENTALERTID: e99a18c428cb38d5f260853678922e03
2024/02/27 18:52:23 DECISIONDATE: 2017-07-21 17:32:28.001 +0000 UTC
2024/02/27 18:52:23 NEXTPAGINATIONTOKEN: 
2024/02/27 18:52:23 PREVIOUSPAGINATIONTOKEN: 
2024/02/27 18:52:23 =========================================================================================
2024/02/27 18:52:29 
2024/02/27 18:52:29                - - - - Alert-Transaction - - - -   
2024/02/27 18:52:29 Unique-ID: 69deeafa53d34bc6b62cd25b88c8744b
2024/02/27 18:52:29 ALERTACCOUNT-REQUEST: e99a18c428cb38d5f260853678922e03
2024/02/27 18:52:29 RESPONSE:  Success  
2024/02/27 18:52:29 NETWORKALERTID: e99a18c428cb38d5f260853678922e03
2024/02/27 18:52:29 ACCOUNTID: GB98MIDL07009312345678
2024/02/27 18:52:29 NETWORKID: 2b588f38-d1bc-40bf-85fc-91397bc98465
2024/02/27 18:52:29 OWNINGBANKID: DEUTDEFF
2024/02/27 18:52:29 OWNINGBANKNAME: OwningBank
2024/02/27 18:52:29 TIME: 2017-07-21 17:32:28.001 +0000 UTC
2024/02/27 18:52:29 NAME: Charlié Döe
2024/02/27 18:52:29 MULESCORE: 0.87
2024/02/27 18:52:29 SOURCETRANSACTIONVALUE: 10034
2024/02/27 18:52:29 ENDPOINTFLAG: true
2024/02/27 18:52:29 NUMOUTBOUNDRELATIONSHIPS: 3
2024/02/27 18:52:29 NUMINBOUNDRELATIONSHIPS: 7
2024/02/27 18:52:29 NUMSCHEDULEDMANDATES: 2
2024/02/27 18:52:29 FIRSTAPPEARANCE: 2017-07-21 17:32:28.001 +0000 UTC
2024/02/27 18:52:29 MOSTRECENTAPPEARANCE: 2017-07-21 17:32:28.001 +0000 UTC
2024/02/27 18:52:29 RECEIVESSALARY: true
2024/02/27 18:52:29 DWELLTIME: 3 years 6 mons 4 days 12:30:05
2024/02/27 18:52:29 NUMNETWORKS: 3
2024/02/27 18:52:29 NUMTRACEDNETWORKS: 2
2024/02/27 18:52:29 GENERATION: 4
2024/02/27 18:52:29 TRACETYPE: FRAUD
2024/02/27 18:52:29 TOTALSUSPICIOUSVALUEINBOUND: 10034
2024/02/27 18:52:29 TOTALSUSPICIOUSVALUEOUTBOUND: 10034
2024/02/27 18:52:29 TOTALVALUEINBOUND: 10034
2024/02/27 18:52:29 TOTALVALUEOUTBOUND: 10034
2024/02/27 18:52:29 GENERATIONS: []
2024/02/27 18:52:29 MOSTRECENTFEEDBACK: ACTIONED_MULE
2024/02/27 18:52:29 PARENTALERTID: e99a18c428cb38d5f260853678922e03
2024/02/27 18:52:29 DECISIONDATE: 2017-07-21 17:32:28.001 +0000 UTC
2024/02/27 18:52:29 NEXTPAGINATIONTOKEN: 
2024/02/27 18:52:29 PREVIOUSPAGINATIONTOKEN: 
2024/02/27 18:52:29 =========================================================================================
2024/02/27 20:18:10 
2024/02/27 20:18:10                - - - - Alert-Transaction - - - -   
2024/02/27 20:18:10 Unique-ID: c2169a5b069f6c05050f4a795d292c5e
2024/02/27 20:18:10 ALERTACCOUNT-REQUEST: Error counting filtered transactions
2024/02/27 20:18:10 RESPONSE: (Bad Request - 400)
2024/02/27 20:18:10 NETWORKALERTID: null
2024/02/27 20:18:10 ACCOUNTID: null
2024/02/27 20:18:10 NETWORKID: null
2024/02/27 20:18:10 OWNINGBANKID: null
2024/02/27 20:18:10 OWNINGBANKNAME: null
2024/02/27 20:18:10 TIME: 2024-02-27 20:18:10.325441 +0800 PST m=+1.678453084
2024/02/27 20:18:10 NAME: null
2024/02/27 20:18:10 MULESCORE: 0
2024/02/27 20:18:10 SOURCETRANSACTIONVALUE: 0
2024/02/27 20:18:10 ENDPOINTFLAG: false
2024/02/27 20:18:10 NUMOUTBOUNDRELATIONSHIPS: 0
2024/02/27 20:18:10 NUMINBOUNDRELATIONSHIPS: 0
2024/02/27 20:18:10 NUMSCHEDULEDMANDATES: 0
2024/02/27 20:18:10 FIRSTAPPEARANCE: 2024-02-27 20:18:10.325441 +0800 PST m=+1.678453209
2024/02/27 20:18:10 MOSTRECENTAPPEARANCE: 2024-02-27 20:18:10.325441 +0800 PST m=+1.678453292
2024/02/27 20:18:10 RECEIVESSALARY: false
2024/02/27 20:18:10 DWELLTIME: null
2024/02/27 20:18:10 NUMNETWORKS: 0
2024/02/27 20:18:10 NUMTRACEDNETWORKS: 0
2024/02/27 20:18:10 GENERATION: 0
2024/02/27 20:18:10 TRACETYPE: null
2024/02/27 20:18:10 TOTALSUSPICIOUSVALUEINBOUND: 0
2024/02/27 20:18:10 TOTALSUSPICIOUSVALUEOUTBOUND: 0
2024/02/27 20:18:10 TOTALVALUEINBOUND: 0
2024/02/27 20:18:10 TOTALVALUEOUTBOUND: 0
2024/02/27 20:18:10 GENERATIONS: [0]
2024/02/27 20:18:10 MOSTRECENTFEEDBACK: null
2024/02/27 20:18:10 PARENTALERTID: null
2024/02/27 20:18:10 DECISIONDATE: 2024-02-27 20:18:10.325441 +0800 PST m=+1.678453417
2024/02/27 20:18:10 NEXTPAGINATIONTOKEN: null
2024/02/27 20:18:10 PREVIOUSPAGINATIONTOKEN: null
2024/02/27 20:18:10 =========================================================================================
2024/02/27 20:18:16 
2024/02/27 20:18:16                - - - - Alert-Transaction - - - -   
2024/02/27 20:18:16 Unique-ID: ac4c1e01846bd58cfa52fa227f5447e0
2024/02/27 20:18:16 ALERTACCOUNT-REQUEST: Error counting filtered transactions
2024/02/27 20:18:16 RESPONSE: (Bad Request - 400)
2024/02/27 20:18:16 NETWORKALERTID: null
2024/02/27 20:18:16 ACCOUNTID: null
2024/02/27 20:18:16 NETWORKID: null
2024/02/27 20:18:16 OWNINGBANKID: null
2024/02/27 20:18:16 OWNINGBANKNAME: null
2024/02/27 20:18:16 TIME: 2024-02-27 20:18:16.50011 +0800 PST m=+7.853357334
2024/02/27 20:18:16 NAME: null
2024/02/27 20:18:16 MULESCORE: 0
2024/02/27 20:18:16 SOURCETRANSACTIONVALUE: 0
2024/02/27 20:18:16 ENDPOINTFLAG: false
2024/02/27 20:18:16 NUMOUTBOUNDRELATIONSHIPS: 0
2024/02/27 20:18:16 NUMINBOUNDRELATIONSHIPS: 0
2024/02/27 20:18:16 NUMSCHEDULEDMANDATES: 0
2024/02/27 20:18:16 FIRSTAPPEARANCE: 2024-02-27 20:18:16.50011 +0800 PST m=+7.853357542
2024/02/27 20:18:16 MOSTRECENTAPPEARANCE: 2024-02-27 20:18:16.500111 +0800 PST m=+7.853357667
2024/02/27 20:18:16 RECEIVESSALARY: false
2024/02/27 20:18:16 DWELLTIME: null
2024/02/27 20:18:16 NUMNETWORKS: 0
2024/02/27 20:18:16 NUMTRACEDNETWORKS: 0
2024/02/27 20:18:16 GENERATION: 0
2024/02/27 20:18:16 TRACETYPE: null
2024/02/27 20:18:16 TOTALSUSPICIOUSVALUEINBOUND: 0
2024/02/27 20:18:16 TOTALSUSPICIOUSVALUEOUTBOUND: 0
2024/02/27 20:18:16 TOTALVALUEINBOUND: 0
2024/02/27 20:18:16 TOTALVALUEOUTBOUND: 0
2024/02/27 20:18:16 GENERATIONS: [0]
2024/02/27 20:18:16 MOSTRECENTFEEDBACK: null
2024/02/27 20:18:16 PARENTALERTID: null
2024/02/27 20:18:16 DECISIONDATE: 2024-02-27 20:18:16.500111 +0800 PST m=+7.853357834
2024/02/27 20:18:16 NEXTPAGINATIONTOKEN: null
2024/02/27 20:18:16 PREVIOUSPAGINATIONTOKEN: null
2024/02/27 20:18:16 =========================================================================================
2024/02/27 20:18:37 
2024/02/27 20:18:37                - - - - Alert-Transaction - - - -   
2024/02/27 20:18:37 Unique-ID: f848e3d816e72ca89b29ae2ce00e7ad0
2024/02/27 20:18:37 ALERTACCOUNT-REQUEST: Error counting filtered transactions
2024/02/27 20:18:37 RESPONSE: (Bad Request - 400)
2024/02/27 20:18:37 NETWORKALERTID: null
2024/02/27 20:18:37 ACCOUNTID: null
2024/02/27 20:18:37 NETWORKID: null
2024/02/27 20:18:37 OWNINGBANKID: null
2024/02/27 20:18:37 OWNINGBANKNAME: null
2024/02/27 20:18:37 TIME: 2024-02-27 20:18:37.266699 +0800 PST m=+1.684071001
2024/02/27 20:18:37 NAME: null
2024/02/27 20:18:37 MULESCORE: 0
2024/02/27 20:18:37 SOURCETRANSACTIONVALUE: 0
2024/02/27 20:18:37 ENDPOINTFLAG: false
2024/02/27 20:18:37 NUMOUTBOUNDRELATIONSHIPS: 0
2024/02/27 20:18:37 NUMINBOUNDRELATIONSHIPS: 0
2024/02/27 20:18:37 NUMSCHEDULEDMANDATES: 0
2024/02/27 20:18:37 FIRSTAPPEARANCE: 2024-02-27 20:18:37.266699 +0800 PST m=+1.684071167
2024/02/27 20:18:37 MOSTRECENTAPPEARANCE: 2024-02-27 20:18:37.2667 +0800 PST m=+1.684071334
2024/02/27 20:18:37 RECEIVESSALARY: false
2024/02/27 20:18:37 DWELLTIME: null
2024/02/27 20:18:37 NUMNETWORKS: 0
2024/02/27 20:18:37 NUMTRACEDNETWORKS: 0
2024/02/27 20:18:37 GENERATION: 0
2024/02/27 20:18:37 TRACETYPE: null
2024/02/27 20:18:37 TOTALSUSPICIOUSVALUEINBOUND: 0
2024/02/27 20:18:37 TOTALSUSPICIOUSVALUEOUTBOUND: 0
2024/02/27 20:18:37 TOTALVALUEINBOUND: 0
2024/02/27 20:18:37 TOTALVALUEOUTBOUND: 0
2024/02/27 20:18:37 GENERATIONS: [0]
2024/02/27 20:18:37 MOSTRECENTFEEDBACK: null
2024/02/27 20:18:37 PARENTALERTID: null
2024/02/27 20:18:37 DECISIONDATE: 2024-02-27 20:18:37.2667 +0800 PST m=+1.684071459
2024/02/27 20:18:37 NEXTPAGINATIONTOKEN: null
2024/02/27 20:18:37 PREVIOUSPAGINATIONTOKEN: null
2024/02/27 20:18:37 =========================================================================================
2024/02/27 20:18:41 
2024/02/27 20:18:41                - - - - Alert-Transaction - - - -   
2024/02/27 20:18:41 Unique-ID: 7abb4ca08a0ce999f707bc1e81c903e3
2024/02/27 20:18:41 ALERTACCOUNT-REQUEST: Error counting filtered transactions
2024/02/27 20:18:41 RESPONSE: (Bad Request - 400)
2024/02/27 20:18:41 NETWORKALERTID: null
2024/02/27 20:18:41 ACCOUNTID: null
2024/02/27 20:18:41 NETWORKID: null
2024/02/27 20:18:41 OWNINGBANKID: null
2024/02/27 20:18:41 OWNINGBANKNAME: null
2024/02/27 20:18:41 TIME: 2024-02-27 20:18:41.067041 +0800 PST m=+5.484557334
2024/02/27 20:18:41 NAME: null
2024/02/27 20:18:41 MULESCORE: 0
2024/02/27 20:18:41 SOURCETRANSACTIONVALUE: 0
2024/02/27 20:18:41 ENDPOINTFLAG: false
2024/02/27 20:18:41 NUMOUTBOUNDRELATIONSHIPS: 0
2024/02/27 20:18:41 NUMINBOUNDRELATIONSHIPS: 0
2024/02/27 20:18:41 NUMSCHEDULEDMANDATES: 0
2024/02/27 20:18:41 FIRSTAPPEARANCE: 2024-02-27 20:18:41.067041 +0800 PST m=+5.484557459
2024/02/27 20:18:41 MOSTRECENTAPPEARANCE: 2024-02-27 20:18:41.067041 +0800 PST m=+5.484557542
2024/02/27 20:18:41 RECEIVESSALARY: false
2024/02/27 20:18:41 DWELLTIME: null
2024/02/27 20:18:41 NUMNETWORKS: 0
2024/02/27 20:18:41 NUMTRACEDNETWORKS: 0
2024/02/27 20:18:41 GENERATION: 0
2024/02/27 20:18:41 TRACETYPE: null
2024/02/27 20:18:41 TOTALSUSPICIOUSVALUEINBOUND: 0
2024/02/27 20:18:41 TOTALSUSPICIOUSVALUEOUTBOUND: 0
2024/02/27 20:18:41 TOTALVALUEINBOUND: 0
2024/02/27 20:18:41 TOTALVALUEOUTBOUND: 0
2024/02/27 20:18:41 GENERATIONS: [0]
2024/02/27 20:18:41 MOSTRECENTFEEDBACK: null
2024/02/27 20:18:41 PARENTALERTID: null
2024/02/27 20:18:41 DECISIONDATE: 2024-02-27 20:18:41.067041 +0800 PST m=+5.484557626
2024/02/27 20:18:41 NEXTPAGINATIONTOKEN: null
2024/02/27 20:18:41 PREVIOUSPAGINATIONTOKEN: null
2024/02/27 20:18:41 =========================================================================================
2024/02/27 20:18:54 
2024/02/27 20:18:54                - - - - Alert-Transaction - - - -   
2024/02/27 20:18:54 Unique-ID: b2a54bc332aa1fe8302355d0ea25fbe1
2024/02/27 20:18:54 ALERTACCOUNT-REQUEST: Error counting filtered transactions
2024/02/27 20:18:54 RESPONSE: (Bad Request - 400)
2024/02/27 20:18:54 NETWORKALERTID: null
2024/02/27 20:18:54 ACCOUNTID: null
2024/02/27 20:18:54 NETWORKID: null
2024/02/27 20:18:54 OWNINGBANKID: null
2024/02/27 20:18:54 OWNINGBANKNAME: null
2024/02/27 20:18:54 TIME: 2024-02-27 20:18:54.163981 +0800 PST m=+1.357866418
2024/02/27 20:18:54 NAME: null
2024/02/27 20:18:54 MULESCORE: 0
2024/02/27 20:18:54 SOURCETRANSACTIONVALUE: 0
2024/02/27 20:18:54 ENDPOINTFLAG: false
2024/02/27 20:18:54 NUMOUTBOUNDRELATIONSHIPS: 0
2024/02/27 20:18:54 NUMINBOUNDRELATIONSHIPS: 0
2024/02/27 20:18:54 NUMSCHEDULEDMANDATES: 0
2024/02/27 20:18:54 FIRSTAPPEARANCE: 2024-02-27 20:18:54.163981 +0800 PST m=+1.357866543
2024/02/27 20:18:54 MOSTRECENTAPPEARANCE: 2024-02-27 20:18:54.163981 +0800 PST m=+1.357866626
2024/02/27 20:18:54 RECEIVESSALARY: false
2024/02/27 20:18:54 DWELLTIME: null
2024/02/27 20:18:54 NUMNETWORKS: 0
2024/02/27 20:18:54 NUMTRACEDNETWORKS: 0
2024/02/27 20:18:54 GENERATION: 0
2024/02/27 20:18:54 TRACETYPE: null
2024/02/27 20:18:54 TOTALSUSPICIOUSVALUEINBOUND: 0
2024/02/27 20:18:54 TOTALSUSPICIOUSVALUEOUTBOUND: 0
2024/02/27 20:18:54 TOTALVALUEINBOUND: 0
2024/02/27 20:18:54 TOTALVALUEOUTBOUND: 0
2024/02/27 20:18:54 GENERATIONS: [0]
2024/02/27 20:18:54 MOSTRECENTFEEDBACK: null
2024/02/27 20:18:54 PARENTALERTID: null
2024/02/27 20:18:54 DECISIONDATE: 2024-02-27 20:18:54.163981 +0800 PST m=+1.357866751
2024/02/27 20:18:54 NEXTPAGINATIONTOKEN: null
2024/02/27 20:18:54 PREVIOUSPAGINATIONTOKEN: null
2024/02/27 20:18:54 =========================================================================================
2024/02/27 20:18:57 
2024/02/27 20:18:57                - - - - Alert-Transaction - - - -   
2024/02/27 20:18:57 Unique-ID: b937bf1360868e9547746c1d4afc93f8
2024/02/27 20:18:57 ALERTACCOUNT-REQUEST: Error counting filtered transactions
2024/02/27 20:18:57 RESPONSE: (Bad Request - 400)
2024/02/27 20:18:57 NETWORKALERTID: null
2024/02/27 20:18:57 ACCOUNTID: null
2024/02/27 20:18:57 NETWORKID: null
2024/02/27 20:18:57 OWNINGBANKID: null
2024/02/27 20:18:57 OWNINGBANKNAME: null
2024/02/27 20:18:57 TIME: 2024-02-27 20:18:57.817176 +0800 PST m=+5.011200960
2024/02/27 20:18:57 NAME: null
2024/02/27 20:18:57 MULESCORE: 0
2024/02/27 20:18:57 SOURCETRANSACTIONVALUE: 0
2024/02/27 20:18:57 ENDPOINTFLAG: false
2024/02/27 20:18:57 NUMOUTBOUNDRELATIONSHIPS: 0
2024/02/27 20:18:57 NUMINBOUNDRELATIONSHIPS: 0
2024/02/27 20:18:57 NUMSCHEDULEDMANDATES: 0
2024/02/27 20:18:57 FIRSTAPPEARANCE: 2024-02-27 20:18:57.817176 +0800 PST m=+5.011201043
2024/02/27 20:18:57 MOSTRECENTAPPEARANCE: 2024-02-27 20:18:57.817176 +0800 PST m=+5.011201126
2024/02/27 20:18:57 RECEIVESSALARY: false
2024/02/27 20:18:57 DWELLTIME: null
2024/02/27 20:18:57 NUMNETWORKS: 0
2024/02/27 20:18:57 NUMTRACEDNETWORKS: 0
2024/02/27 20:18:57 GENERATION: 0
2024/02/27 20:18:57 TRACETYPE: null
2024/02/27 20:18:57 TOTALSUSPICIOUSVALUEINBOUND: 0
2024/02/27 20:18:57 TOTALSUSPICIOUSVALUEOUTBOUND: 0
2024/02/27 20:18:57 TOTALVALUEINBOUND: 0
2024/02/27 20:18:57 TOTALVALUEOUTBOUND: 0
2024/02/27 20:18:57 GENERATIONS: [0]
2024/02/27 20:18:57 MOSTRECENTFEEDBACK: null
2024/02/27 20:18:57 PARENTALERTID: null
2024/02/27 20:18:57 DECISIONDATE: 2024-02-27 20:18:57.817177 +0800 PST m=+5.011201210
2024/02/27 20:18:57 NEXTPAGINATIONTOKEN: null
2024/02/27 20:18:57 PREVIOUSPAGINATIONTOKEN: null
2024/02/27 20:18:57 =========================================================================================
2024/02/27 20:18:59 
2024/02/27 20:18:59                - - - - Alert-Transaction - - - -   
2024/02/27 20:18:59 Unique-ID: f7e83b23533991a6390b8316c1b10a97
2024/02/27 20:18:59 ALERTACCOUNT-REQUEST: Error counting filtered transactions
2024/02/27 20:18:59 RESPONSE: (Bad Request - 400)
2024/02/27 20:18:59 NETWORKALERTID: null
2024/02/27 20:18:59 ACCOUNTID: null
2024/02/27 20:18:59 NETWORKID: null
2024/02/27 20:18:59 OWNINGBANKID: null
2024/02/27 20:18:59 OWNINGBANKNAME: null
2024/02/27 20:18:59 TIME: 2024-02-27 20:18:59.778653 +0800 PST m=+6.972752460
2024/02/27 20:18:59 NAME: null
2024/02/27 20:18:59 MULESCORE: 0
2024/02/27 20:18:59 SOURCETRANSACTIONVALUE: 0
2024/02/27 20:18:59 ENDPOINTFLAG: false
2024/02/27 20:18:59 NUMOUTBOUNDRELATIONSHIPS: 0
2024/02/27 20:18:59 NUMINBOUNDRELATIONSHIPS: 0
2024/02/27 20:18:59 NUMSCHEDULEDMANDATES: 0
2024/02/27 20:18:59 FIRSTAPPEARANCE: 2024-02-27 20:18:59.778653 +0800 PST m=+6.972752585
2024/02/27 20:18:59 MOSTRECENTAPPEARANCE: 2024-02-27 20:18:59.778653 +0800 PST m=+6.972752668
2024/02/27 20:18:59 RECEIVESSALARY: false
2024/02/27 20:18:59 DWELLTIME: null
2024/02/27 20:18:59 NUMNETWORKS: 0
2024/02/27 20:18:59 NUMTRACEDNETWORKS: 0
2024/02/27 20:18:59 GENERATION: 0
2024/02/27 20:18:59 TRACETYPE: null
2024/02/27 20:18:59 TOTALSUSPICIOUSVALUEINBOUND: 0
2024/02/27 20:18:59 TOTALSUSPICIOUSVALUEOUTBOUND: 0
2024/02/27 20:18:59 TOTALVALUEINBOUND: 0
2024/02/27 20:18:59 TOTALVALUEOUTBOUND: 0
2024/02/27 20:18:59 GENERATIONS: [0]
2024/02/27 20:18:59 MOSTRECENTFEEDBACK: null
2024/02/27 20:18:59 PARENTALERTID: null
2024/02/27 20:18:59 DECISIONDATE: 2024-02-27 20:18:59.778654 +0800 PST m=+6.972752751
2024/02/27 20:18:59 NEXTPAGINATIONTOKEN: null
2024/02/27 20:18:59 PREVIOUSPAGINATIONTOKEN: null
2024/02/27 20:18:59 =========================================================================================
2024/02/27 20:19:26 
2024/02/27 20:19:26                - - - - Alert-Transaction - - - -   
2024/02/27 20:19:26 Unique-ID: 75e2c3553c6aace6ad3def6470da7132
2024/02/27 20:19:26 ALERTACCOUNT-REQUEST: e99a18c428cb38d5f260853678922e03
2024/02/27 20:19:26 RESPONSE:  Success  
2024/02/27 20:19:26 NETWORKALERTID: e99a18c428cb38d5f260853678922e03
2024/02/27 20:19:26 ACCOUNTID: GB98MIDL07009312345678
2024/02/27 20:19:26 NETWORKID: 2b588f38-d1bc-40bf-85fc-91397bc98465
2024/02/27 20:19:26 OWNINGBANKID: DEUTDEFF
2024/02/27 20:19:26 OWNINGBANKNAME: OwningBank
2024/02/27 20:19:26 TIME: 2017-07-21 17:32:28.001 +0000 UTC
2024/02/27 20:19:26 NAME: Charlié Döe
2024/02/27 20:19:26 MULESCORE: 0.87
2024/02/27 20:19:26 SOURCETRANSACTIONVALUE: 10034
2024/02/27 20:19:26 ENDPOINTFLAG: true
2024/02/27 20:19:26 NUMOUTBOUNDRELATIONSHIPS: 3
2024/02/27 20:19:26 NUMINBOUNDRELATIONSHIPS: 7
2024/02/27 20:19:26 NUMSCHEDULEDMANDATES: 2
2024/02/27 20:19:26 FIRSTAPPEARANCE: 2017-07-21 17:32:28.001 +0000 UTC
2024/02/27 20:19:26 MOSTRECENTAPPEARANCE: 2017-07-21 17:32:28.001 +0000 UTC
2024/02/27 20:19:26 RECEIVESSALARY: true
2024/02/27 20:19:26 DWELLTIME: 3 years 6 mons 4 days 12:30:05
2024/02/27 20:19:26 NUMNETWORKS: 3
2024/02/27 20:19:26 NUMTRACEDNETWORKS: 2
2024/02/27 20:19:26 GENERATION: 4
2024/02/27 20:19:26 TRACETYPE: FRAUD
2024/02/27 20:19:26 TOTALSUSPICIOUSVALUEINBOUND: 10034
2024/02/27 20:19:26 TOTALSUSPICIOUSVALUEOUTBOUND: 10034
2024/02/27 20:19:26 TOTALVALUEINBOUND: 10034
2024/02/27 20:19:26 TOTALVALUEOUTBOUND: 10034
2024/02/27 20:19:26 GENERATIONS: []
2024/02/27 20:19:26 MOSTRECENTFEEDBACK: ACTIONED_MULE
2024/02/27 20:19:26 PARENTALERTID: e99a18c428cb38d5f260853678922e03
2024/02/27 20:19:26 DECISIONDATE: 2017-07-21 17:32:28.001 +0000 UTC
2024/02/27 20:19:26 NEXTPAGINATIONTOKEN: 
2024/02/27 20:19:26 PREVIOUSPAGINATIONTOKEN: 
2024/02/27 20:19:26 =========================================================================================
2024/02/27 20:20:20 
2024/02/27 20:20:20                - - - - Alert-Transaction - - - -   
2024/02/27 20:20:20 Unique-ID: 76bb83e2ccc188122ed1769e80eddcce
2024/02/27 20:20:20 ALERTACCOUNT-REQUEST: e99a18c428cb38d5f260853678922e03
2024/02/27 20:20:20 RESPONSE:  Success  
2024/02/27 20:20:20 NETWORKALERTID: e99a18c428cb38d5f260853678922e03
2024/02/27 20:20:20 ACCOUNTID: GB98MIDL07009312345678
2024/02/27 20:20:20 NETWORKID: 2b588f38-d1bc-40bf-85fc-91397bc98465
2024/02/27 20:20:20 OWNINGBANKID: DEUTDEFF
2024/02/27 20:20:20 OWNINGBANKNAME: OwningBank
2024/02/27 20:20:20 TIME: 2017-07-21 17:32:28.001 +0000 UTC
2024/02/27 20:20:20 NAME: Charlié Döe
2024/02/27 20:20:20 MULESCORE: 0.87
2024/02/27 20:20:20 SOURCETRANSACTIONVALUE: 10034
2024/02/27 20:20:20 ENDPOINTFLAG: true
2024/02/27 20:20:20 NUMOUTBOUNDRELATIONSHIPS: 3
2024/02/27 20:20:20 NUMINBOUNDRELATIONSHIPS: 7
2024/02/27 20:20:20 NUMSCHEDULEDMANDATES: 2
2024/02/27 20:20:20 FIRSTAPPEARANCE: 2017-07-21 17:32:28.001 +0000 UTC
2024/02/27 20:20:20 MOSTRECENTAPPEARANCE: 2017-07-21 17:32:28.001 +0000 UTC
2024/02/27 20:20:20 RECEIVESSALARY: true
2024/02/27 20:20:20 DWELLTIME: 3 years 6 mons 4 days 12:30:05
2024/02/27 20:20:20 NUMNETWORKS: 3
2024/02/27 20:20:20 NUMTRACEDNETWORKS: 2
2024/02/27 20:20:20 GENERATION: 4
2024/02/27 20:20:20 TRACETYPE: FRAUD
2024/02/27 20:20:20 TOTALSUSPICIOUSVALUEINBOUND: 10034
2024/02/27 20:20:20 TOTALSUSPICIOUSVALUEOUTBOUND: 10034
2024/02/27 20:20:20 TOTALVALUEINBOUND: 10034
2024/02/27 20:20:20 TOTALVALUEOUTBOUND: 10034
2024/02/27 20:20:20 GENERATIONS: []
2024/02/27 20:20:20 MOSTRECENTFEEDBACK: ACTIONED_MULE
2024/02/27 20:20:20 PARENTALERTID: e99a18c428cb38d5f260853678922e03
2024/02/27 20:20:20 DECISIONDATE: 2017-07-21 17:32:28.001 +0000 UTC
2024/02/27 20:20:20 NEXTPAGINATIONTOKEN: 
2024/02/27 20:20:20 PREVIOUSPAGINATIONTOKEN: 
2024/02/27 20:20:20 =========================================================================================
2024/02/27 20:20:39 
2024/02/27 20:20:39                - - - - Alert-Transaction - - - -   
2024/02/27 20:20:39 Unique-ID: 771cbaeebad96de0000db221323c776b
2024/02/27 20:20:39 ALERTACCOUNT-REQUEST: Error counting filtered transactions
2024/02/27 20:20:39 RESPONSE: (Bad Request - 400)
2024/02/27 20:20:39 NETWORKALERTID: null
2024/02/27 20:20:39 ACCOUNTID: null
2024/02/27 20:20:39 NETWORKID: null
2024/02/27 20:20:39 OWNINGBANKID: null
2024/02/27 20:20:39 OWNINGBANKNAME: null
2024/02/27 20:20:39 TIME: 2024-02-27 20:20:39.075346 +0800 PST m=+0.050461042
2024/02/27 20:20:39 NAME: null
2024/02/27 20:20:39 MULESCORE: 0
2024/02/27 20:20:39 SOURCETRANSACTIONVALUE: 0
2024/02/27 20:20:39 ENDPOINTFLAG: false
2024/02/27 20:20:39 NUMOUTBOUNDRELATIONSHIPS: 0
2024/02/27 20:20:39 NUMINBOUNDRELATIONSHIPS: 0
2024/02/27 20:20:39 NUMSCHEDULEDMANDATES: 0
2024/02/27 20:20:39 FIRSTAPPEARANCE: 2024-02-27 20:20:39.075346 +0800 PST m=+0.050461209
2024/02/27 20:20:39 MOSTRECENTAPPEARANCE: 2024-02-27 20:20:39.075347 +0800 PST m=+0.050461376
2024/02/27 20:20:39 RECEIVESSALARY: false
2024/02/27 20:20:39 DWELLTIME: null
2024/02/27 20:20:39 NUMNETWORKS: 0
2024/02/27 20:20:39 NUMTRACEDNETWORKS: 0
2024/02/27 20:20:39 GENERATION: 0
2024/02/27 20:20:39 TRACETYPE: null
2024/02/27 20:20:39 TOTALSUSPICIOUSVALUEINBOUND: 0
2024/02/27 20:20:39 TOTALSUSPICIOUSVALUEOUTBOUND: 0
2024/02/27 20:20:39 TOTALVALUEINBOUND: 0
2024/02/27 20:20:39 TOTALVALUEOUTBOUND: 0
2024/02/27 20:20:39 GENERATIONS: [0]
2024/02/27 20:20:39 MOSTRECENTFEEDBACK: null
2024/02/27 20:20:39 PARENTALERTID: null
2024/02/27 20:20:39 DECISIONDATE: 2024-02-27 20:20:39.075347 +0800 PST m=+0.050461501
2024/02/27 20:20:39 NEXTPAGINATIONTOKEN: null
2024/02/27 20:20:39 PREVIOUSPAGINATIONTOKEN: null
2024/02/27 20:20:39 =========================================================================================
2024/02/27 20:20:40 
2024/02/27 20:20:40                - - - - Alert-Transaction - - - -   
2024/02/27 20:20:40 Unique-ID: 01a92bb52583fae7c35d93a1e8955dde
2024/02/27 20:20:40 ALERTACCOUNT-REQUEST: Error counting filtered transactions
2024/02/27 20:20:40 RESPONSE: (Bad Request - 400)
2024/02/27 20:20:40 NETWORKALERTID: null
2024/02/27 20:20:40 ACCOUNTID: null
2024/02/27 20:20:40 NETWORKID: null
2024/02/27 20:20:40 OWNINGBANKID: null
2024/02/27 20:20:40 OWNINGBANKNAME: null
2024/02/27 20:20:40 TIME: 2024-02-27 20:20:40.450919 +0800 PST m=+1.426086042
2024/02/27 20:20:40 NAME: null
2024/02/27 20:20:40 MULESCORE: 0
2024/02/27 20:20:40 SOURCETRANSACTIONVALUE: 0
2024/02/27 20:20:40 ENDPOINTFLAG: false
2024/02/27 20:20:40 NUMOUTBOUNDRELATIONSHIPS: 0
2024/02/27 20:20:40 NUMINBOUNDRELATIONSHIPS: 0
2024/02/27 20:20:40 NUMSCHEDULEDMANDATES: 0
2024/02/27 20:20:40 FIRSTAPPEARANCE: 2024-02-27 20:20:40.450919 +0800 PST m=+1.426086126
2024/02/27 20:20:40 MOSTRECENTAPPEARANCE: 2024-02-27 20:20:40.450919 +0800 PST m=+1.426086251
2024/02/27 20:20:40 RECEIVESSALARY: false
2024/02/27 20:20:40 DWELLTIME: null
2024/02/27 20:20:40 NUMNETWORKS: 0
2024/02/27 20:20:40 NUMTRACEDNETWORKS: 0
2024/02/27 20:20:40 GENERATION: 0
2024/02/27 20:20:40 TRACETYPE: null
2024/02/27 20:20:40 TOTALSUSPICIOUSVALUEINBOUND: 0
2024/02/27 20:20:40 TOTALSUSPICIOUSVALUEOUTBOUND: 0
2024/02/27 20:20:40 TOTALVALUEINBOUND: 0
2024/02/27 20:20:40 TOTALVALUEOUTBOUND: 0
2024/02/27 20:20:40 GENERATIONS: [0]
2024/02/27 20:20:40 MOSTRECENTFEEDBACK: null
2024/02/27 20:20:40 PARENTALERTID: null
2024/02/27 20:20:40 DECISIONDATE: 2024-02-27 20:20:40.450919 +0800 PST m=+1.426086334
2024/02/27 20:20:40 NEXTPAGINATIONTOKEN: null
2024/02/27 20:20:40 PREVIOUSPAGINATIONTOKEN: null
2024/02/27 20:20:40 =========================================================================================
2024/02/27 20:20:54 
2024/02/27 20:20:54                - - - - Alert-Transaction - - - -   
2024/02/27 20:20:54 Unique-ID: d4f4d2bfb2af67e2890d6bf907bdd794
2024/02/27 20:20:54 ALERTACCOUNT-REQUEST: Error counting filtered transactions
2024/02/27 20:20:54 RESPONSE: (Bad Request - 400)
2024/02/27 20:20:54 NETWORKALERTID: null
2024/02/27 20:20:54 ACCOUNTID: null
2024/02/27 20:20:54 NETWORKID: null
2024/02/27 20:20:54 OWNINGBANKID: null
2024/02/27 20:20:54 OWNINGBANKNAME: null
2024/02/27 20:20:54 TIME: 2024-02-27 20:20:54.44751 +0800 PST m=+1.204307918
2024/02/27 20:20:54 NAME: null
2024/02/27 20:20:54 MULESCORE: 0
2024/02/27 20:20:54 SOURCETRANSACTIONVALUE: 0
2024/02/27 20:20:54 ENDPOINTFLAG: false
2024/02/27 20:20:54 NUMOUTBOUNDRELATIONSHIPS: 0
2024/02/27 20:20:54 NUMINBOUNDRELATIONSHIPS: 0
2024/02/27 20:20:54 NUMSCHEDULEDMANDATES: 0
2024/02/27 20:20:54 FIRSTAPPEARANCE: 2024-02-27 20:20:54.44751 +0800 PST m=+1.204308043
2024/02/27 20:20:54 MOSTRECENTAPPEARANCE: 2024-02-27 20:20:54.44751 +0800 PST m=+1.204308126
2024/02/27 20:20:54 RECEIVESSALARY: false
2024/02/27 20:20:54 DWELLTIME: null
2024/02/27 20:20:54 NUMNETWORKS: 0
2024/02/27 20:20:54 NUMTRACEDNETWORKS: 0
2024/02/27 20:20:54 GENERATION: 0
2024/02/27 20:20:54 TRACETYPE: null
2024/02/27 20:20:54 TOTALSUSPICIOUSVALUEINBOUND: 0
2024/02/27 20:20:54 TOTALSUSPICIOUSVALUEOUTBOUND: 0
2024/02/27 20:20:54 TOTALVALUEINBOUND: 0
2024/02/27 20:20:54 TOTALVALUEOUTBOUND: 0
2024/02/27 20:20:54 GENERATIONS: [0]
2024/02/27 20:20:54 MOSTRECENTFEEDBACK: null
2024/02/27 20:20:54 PARENTALERTID: null
2024/02/27 20:20:54 DECISIONDATE: 2024-02-27 20:20:54.447511 +0800 PST m=+1.204308210
2024/02/27 20:20:54 NEXTPAGINATIONTOKEN: null
2024/02/27 20:20:54 PREVIOUSPAGINATIONTOKEN: null
2024/02/27 20:20:54 =========================================================================================
2024/02/27 20:20:56 
2024/02/27 20:20:56                - - - - Alert-Transaction - - - -   
2024/02/27 20:20:56 Unique-ID: 4d215d8a8c35ee5554a87dbe7fd5cf79
2024/02/27 20:20:56 ALERTACCOUNT-REQUEST: Error counting filtered transactions
2024/02/27 20:20:56 RESPONSE: (Bad Request - 400)
2024/02/27 20:20:56 NETWORKALERTID: null
2024/02/27 20:20:56 ACCOUNTID: null
2024/02/27 20:20:56 NETWORKID: null
2024/02/27 20:20:56 OWNINGBANKID: null
2024/02/27 20:20:56 OWNINGBANKNAME: null
2024/02/27 20:20:56 TIME: 2024-02-27 20:20:56.182496 +0800 PST m=+2.939359960
2024/02/27 20:20:56 NAME: null
2024/02/27 20:20:56 MULESCORE: 0
2024/02/27 20:20:56 SOURCETRANSACTIONVALUE: 0
2024/02/27 20:20:56 ENDPOINTFLAG: false
2024/02/27 20:20:56 NUMOUTBOUNDRELATIONSHIPS: 0
2024/02/27 20:20:56 NUMINBOUNDRELATIONSHIPS: 0
2024/02/27 20:20:56 NUMSCHEDULEDMANDATES: 0
2024/02/27 20:20:56 FIRSTAPPEARANCE: 2024-02-27 20:20:56.182496 +0800 PST m=+2.939360085
2024/02/27 20:20:56 MOSTRECENTAPPEARANCE: 2024-02-27 20:20:56.182497 +0800 PST m=+2.939360168
2024/02/27 20:20:56 RECEIVESSALARY: false
2024/02/27 20:20:56 DWELLTIME: null
2024/02/27 20:20:56 NUMNETWORKS: 0
2024/02/27 20:20:56 NUMTRACEDNETWORKS: 0
2024/02/27 20:20:56 GENERATION: 0
2024/02/27 20:20:56 TRACETYPE: null
2024/02/27 20:20:56 TOTALSUSPICIOUSVALUEINBOUND: 0
2024/02/27 20:20:56 TOTALSUSPICIOUSVALUEOUTBOUND: 0
2024/02/27 20:20:56 TOTALVALUEINBOUND: 0
2024/02/27 20:20:56 TOTALVALUEOUTBOUND: 0
2024/02/27 20:20:56 GENERATIONS: [0]
2024/02/27 20:20:56 MOSTRECENTFEEDBACK: null
2024/02/27 20:20:56 PARENTALERTID: null
2024/02/27 20:20:56 DECISIONDATE: 2024-02-27 20:20:56.182497 +0800 PST m=+2.939360251
2024/02/27 20:20:56 NEXTPAGINATIONTOKEN: null
2024/02/27 20:20:56 PREVIOUSPAGINATIONTOKEN: null
2024/02/27 20:20:56 =========================================================================================
2024/02/27 20:21:21 
2024/02/27 20:21:21                - - - - Alert-Transaction - - - -   
2024/02/27 20:21:21 Unique-ID: 2f39722a3b893a92e31fa379d7b0132c
2024/02/27 20:21:21 ALERTACCOUNT-REQUEST: e99a18c428cb38d5f260853678922e03
2024/02/27 20:21:21 RESPONSE:  Success  
2024/02/27 20:21:21 NETWORKALERTID: e99a18c428cb38d5f260853678922e03
2024/02/27 20:21:21 ACCOUNTID: GB98MIDL07009312345678
2024/02/27 20:21:21 NETWORKID: 2b588f38-d1bc-40bf-85fc-91397bc98465
2024/02/27 20:21:21 OWNINGBANKID: DEUTDEFF
2024/02/27 20:21:21 OWNINGBANKNAME: OwningBank
2024/02/27 20:21:21 TIME: 2017-07-21 17:32:28.001 +0000 UTC
2024/02/27 20:21:21 NAME: Charlié Döe
2024/02/27 20:21:21 MULESCORE: 0.87
2024/02/27 20:21:21 SOURCETRANSACTIONVALUE: 10034
2024/02/27 20:21:21 ENDPOINTFLAG: true
2024/02/27 20:21:21 NUMOUTBOUNDRELATIONSHIPS: 3
2024/02/27 20:21:21 NUMINBOUNDRELATIONSHIPS: 7
2024/02/27 20:21:21 NUMSCHEDULEDMANDATES: 2
2024/02/27 20:21:21 FIRSTAPPEARANCE: 2017-07-21 17:32:28.001 +0000 UTC
2024/02/27 20:21:21 MOSTRECENTAPPEARANCE: 2017-07-21 17:32:28.001 +0000 UTC
2024/02/27 20:21:21 RECEIVESSALARY: true
2024/02/27 20:21:21 DWELLTIME: 3 years 6 mons 4 days 12:30:05
2024/02/27 20:21:21 NUMNETWORKS: 3
2024/02/27 20:21:21 NUMTRACEDNETWORKS: 2
2024/02/27 20:21:21 GENERATION: 4
2024/02/27 20:21:21 TRACETYPE: FRAUD
2024/02/27 20:21:21 TOTALSUSPICIOUSVALUEINBOUND: 10034
2024/02/27 20:21:21 TOTALSUSPICIOUSVALUEOUTBOUND: 10034
2024/02/27 20:21:21 TOTALVALUEINBOUND: 10034
2024/02/27 20:21:21 TOTALVALUEOUTBOUND: 10034
2024/02/27 20:21:21 GENERATIONS: []
2024/02/27 20:21:21 MOSTRECENTFEEDBACK: ACTIONED_MULE
2024/02/27 20:21:21 PARENTALERTID: e99a18c428cb38d5f260853678922e03
2024/02/27 20:21:21 DECISIONDATE: 2017-07-21 17:32:28.001 +0000 UTC
2024/02/27 20:21:21 NEXTPAGINATIONTOKEN: 
2024/02/27 20:21:21 PREVIOUSPAGINATIONTOKEN: 
2024/02/27 20:21:21 =========================================================================================
