2024/02/21 16:05:36 
2024/02/21 16:05:36                - - - - Alert-Transaction - - - -   
2024/02/21 16:05:36 FEEDBACK: e99a18c428cb38d5f260853678922e03
2024/02/21 16:05:36 RESPONSE:  Success  
2024/02/21 16:05:36 NETWORKALERTID: e99a18c428cb38d5f260853678922e03
2024/02/21 16:05:36 ACCOUNTID: GB98MIDL07009312345678
2024/02/21 16:05:36 NETWORKID: 2b588f38-d1bc-40bf-85fc-91397bc98465
2024/02/21 16:05:36 OWNINGBANKID: DEUTDEFF
2024/02/21 16:05:36 OWNINGBANKNAME: OwningBank
2024/02/21 16:05:36 TIME: 2017-07-21 17:32:28.001 +0000 UTC
2024/02/21 16:05:36 NAME: Charlié Döe
2024/02/21 16:05:36 MULESCORE: 0.87
2024/02/21 16:05:36 SOURCETRANSACTIONVALUE: 10034
2024/02/21 16:05:36 ENDPOINTFLAG: true
2024/02/21 16:05:36 NUMOUTBOUNDRELATIONSHIPS: 3
2024/02/21 16:05:36 NUMINBOUNDRELATIONSHIPS: 7
2024/02/21 16:05:36 NUMSCHEDULEDMANDATES: 2
2024/02/21 16:05:36 FIRSTAPPEARANCE: 2017-07-21 17:32:28.001 +0000 UTC
2024/02/21 16:05:36 MOSTRECENTAPPEARANCE: 2017-07-21 17:32:28.001 +0000 UTC
2024/02/21 16:05:36 RECEIVESSALARY: true
2024/02/21 16:05:36 DWELLTIME: 3 years 6 mons 4 days 12:30:05
2024/02/21 16:05:36 NUMNETWORKS: 3
2024/02/21 16:05:36 NUMTRACEDNETWORKS: 2
2024/02/21 16:05:36 GENERATION: 4
2024/02/21 16:05:36 TRACETYPE: FRAUD
2024/02/21 16:05:36 TOTALSUSPICIOUSVALUEINBOUND: 10034
2024/02/21 16:05:36 TOTALSUSPICIOUSVALUEOUTBOUND: 10034
2024/02/21 16:05:36 TOTALVALUEINBOUND: 10034
2024/02/21 16:05:36 TOTALVALUEOUTBOUND: 10034
2024/02/21 16:05:36 GENERATIONS: []
2024/02/21 16:05:36 MOSTRECENTFEEDBACK: ACTIONED_MULE
2024/02/21 16:05:36 PARENTALERTID: e99a18c428cb38d5f260853678922e03
2024/02/21 16:05:36 DECISIONDATE: 2017-07-21 17:32:28.001 +0000 UTC
2024/02/21 16:05:36 NEXTPAGINATIONTOKEN: 
2024/02/21 16:05:36 PREVIOUSPAGINATIONTOKEN: 
2024/02/21 16:05:36 =========================================================================================
